<?xml version="1.0" encoding="UTF-8"?>
<coverage generated="1780116651086" clover="3.2.0">
  <project timestamp="1780116651087" name="All files">
    <metrics statements="2040" coveredstatements="276" conditionals="1139" coveredconditionals="162" methods="366" coveredmethods="71" elements="3545" coveredelements="509" complexity="0" loc="2040" ncloc="2040" packages="9" files="39" classes="39"/>
    <package name="config">
      <metrics statements="105" coveredstatements="25" conditionals="110" coveredconditionals="42" methods="15" coveredmethods="1"/>
      <file name="database.js" path="/home/khchoi/external-projects/kita-ax/src/config/database.js">
        <metrics statements="22" coveredstatements="6" conditionals="41" coveredconditionals="36" methods="3" coveredmethods="0"/>
        <line num="6" count="1" type="stmt"/>
        <line num="9" count="1" type="stmt"/>
        <line num="85" count="1" type="cond" truecount="1" falsecount="1"/>
        <line num="86" count="1" type="stmt"/>
        <line num="89" count="1" type="stmt"/>
        <line num="98" count="0" type="stmt"/>
        <line num="99" count="0" type="stmt"/>
        <line num="100" count="0" type="stmt"/>
        <line num="101" count="0" type="stmt"/>
        <line num="103" count="0" type="stmt"/>
        <line num="104" count="0" type="stmt"/>
        <line num="110" count="0" type="stmt"/>
        <line num="111" count="0" type="stmt"/>
        <line num="112" count="0" type="stmt"/>
        <line num="113" count="0" type="stmt"/>
        <line num="115" count="0" type="stmt"/>
        <line num="116" count="0" type="stmt"/>
        <line num="122" count="0" type="stmt"/>
        <line num="123" count="0" type="stmt"/>
        <line num="124" count="0" type="stmt"/>
        <line num="126" count="0" type="stmt"/>
        <line num="130" count="1" type="stmt"/>
      </file>
      <file name="logger.js" path="/home/khchoi/external-projects/kita-ax/src/config/logger.js">
        <metrics statements="13" coveredstatements="11" conditionals="4" coveredconditionals="2" methods="1" coveredmethods="0"/>
        <line num="1" count="2" type="stmt"/>
        <line num="2" count="2" type="stmt"/>
        <line num="3" count="2" type="stmt"/>
        <line num="5" count="2" type="stmt"/>
        <line num="7" count="2" type="stmt"/>
        <line num="15" count="2" type="stmt"/>
        <line num="23" count="2" type="stmt"/>
        <line num="25" count="2" type="stmt"/>
        <line num="32" count="2" type="stmt"/>
        <line num="37" count="0" type="stmt"/>
        <line num="38" count="0" type="stmt"/>
        <line num="62" count="2" type="stmt"/>
        <line num="87" count="2" type="stmt"/>
      </file>
      <file name="passport.js" path="/home/khchoi/external-projects/kita-ax/src/config/passport.js">
        <metrics statements="33" coveredstatements="0" conditionals="24" coveredconditionals="0" methods="4" coveredmethods="0"/>
        <line num="6" count="0" type="stmt"/>
        <line num="7" count="0" type="stmt"/>
        <line num="8" count="0" type="stmt"/>
        <line num="9" count="0" type="stmt"/>
        <line num="10" count="0" type="stmt"/>
        <line num="12" count="0" type="cond" truecount="0" falsecount="2"/>
        <line num="15" count="0" type="stmt"/>
        <line num="16" count="0" type="stmt"/>
        <line num="20" count="0" type="stmt"/>
        <line num="21" count="0" type="stmt"/>
        <line num="22" count="0" type="stmt"/>
        <line num="23" count="0" type="stmt"/>
        <line num="25" count="0" type="stmt"/>
        <line num="30" count="0" type="cond" truecount="0" falsecount="4"/>
        <line num="31" count="0" type="stmt"/>
        <line num="40" count="0" type="stmt"/>
        <line num="41" count="0" type="stmt"/>
        <line num="53" count="0" type="stmt"/>
        <line num="64" count="0" type="stmt"/>
        <line num="66" count="0" type="stmt"/>
        <line num="74" count="0" type="cond" truecount="0" falsecount="4"/>
        <line num="75" count="0" type="stmt"/>
        <line num="84" count="0" type="stmt"/>
        <line num="86" count="0" type="stmt"/>
        <line num="87" count="0" type="cond" truecount="0" falsecount="4"/>
        <line num="88" count="0" type="stmt"/>
        <line num="91" count="0" type="cond" truecount="0" falsecount="2"/>
        <line num="92" count="0" type="stmt"/>
        <line num="95" count="0" type="stmt"/>
        <line num="107" count="0" type="stmt"/>
        <line num="118" count="0" type="stmt"/>
        <line num="120" count="0" type="stmt"/>
        <line num="127" count="0" type="stmt"/>
      </file>
      <file name="sentry.js" path="/home/khchoi/external-projects/kita-ax/src/config/sentry.js">
        <metrics statements="21" coveredstatements="8" conditionals="26" coveredconditionals="4" methods="4" coveredmethods="1"/>
        <line num="1" count="23" type="stmt"/>
        <line num="2" count="23" type="stmt"/>
        <line num="5" count="23" type="stmt"/>
        <line num="7" count="23" type="cond" truecount="3" falsecount="1"/>
        <line num="8" count="0" type="stmt"/>
        <line num="9" count="0" type="stmt"/>
        <line num="12" count="23" type="cond" truecount="1" falsecount="1"/>
        <line num="13" count="23" type="stmt"/>
        <line num="16" count="0" type="stmt"/>
        <line num="32" count="0" type="cond" truecount="0" falsecount="2"/>
        <line num="33" count="0" type="stmt"/>
        <line num="36" count="0" type="cond" truecount="0" falsecount="2"/>
        <line num="37" count="0" type="stmt"/>
        <line num="38" count="0" type="cond" truecount="0" falsecount="4"/>
        <line num="39" count="0" type="stmt"/>
        <line num="43" count="0" type="stmt"/>
        <line num="47" count="0" type="stmt"/>
        <line num="50" count="23" type="stmt"/>
        <line num="52" count="23" type="stmt"/>
        <line num="55" count="0" type="stmt"/>
        <line num="59" count="0" type="stmt"/>
      </file>
      <file name="session.js" path="/home/khchoi/external-projects/kita-ax/src/config/session.js">
        <metrics statements="16" coveredstatements="0" conditionals="15" coveredconditionals="0" methods="3" coveredmethods="0"/>
        <line num="1" count="0" type="stmt"/>
        <line num="2" count="0" type="stmt"/>
        <line num="3" count="0" type="stmt"/>
        <line num="5" count="0" type="stmt"/>
        <line num="20" count="0" type="cond" truecount="0" falsecount="5"/>
        <line num="21" count="0" type="stmt"/>
        <line num="22" count="0" type="stmt"/>
        <line num="23" count="0" type="stmt"/>
        <line num="27" count="0" type="stmt"/>
        <line num="34" count="0" type="stmt"/>
        <line num="35" count="0" type="stmt"/>
        <line num="38" count="0" type="stmt"/>
        <line num="39" count="0" type="stmt"/>
        <line num="40" count="0" type="stmt"/>
        <line num="42" count="0" type="stmt"/>
        <line num="47" count="0" type="stmt"/>
      </file>
    </package>
    <package name="database">
      <metrics statements="103" coveredstatements="0" conditionals="40" coveredconditionals="0" methods="12" coveredmethods="0"/>
      <file name="create-migration.js" path="/home/khchoi/external-projects/kita-ax/src/database/create-migration.js">
        <metrics statements="41" coveredstatements="0" conditionals="8" coveredconditionals="0" methods="2" coveredmethods="0"/>
        <line num="14" count="0" type="stmt"/>
        <line num="15" count="0" type="stmt"/>
        <line num="18" count="0" type="stmt"/>
        <line num="19" count="0" type="stmt"/>
        <line num="20" count="0" type="stmt"/>
        <line num="21" count="0" type="stmt"/>
        <line num="22" count="0" type="stmt"/>
        <line num="23" count="0" type="stmt"/>
        <line num="24" count="0" type="stmt"/>
        <line num="26" count="0" type="stmt"/>
        <line num="30" count="0" type="stmt"/>
        <line num="31" count="0" type="stmt"/>
        <line num="32" count="0" type="stmt"/>
        <line num="34" count="0" type="stmt"/>
        <line num="35" count="0" type="stmt"/>
        <line num="37" count="0" type="stmt"/>
        <line num="48" count="0" type="stmt"/>
        <line num="58" count="0" type="stmt"/>
        <line num="59" count="0" type="cond" truecount="0" falsecount="2"/>
        <line num="60" count="0" type="stmt"/>
        <line num="64" count="0" type="stmt"/>
        <line num="65" count="0" type="cond" truecount="0" falsecount="2"/>
        <line num="66" count="0" type="stmt"/>
        <line num="70" count="0" type="stmt"/>
        <line num="71" count="0" type="stmt"/>
        <line num="73" count="0" type="stmt"/>
        <line num="74" count="0" type="stmt"/>
        <line num="75" count="0" type="stmt"/>
        <line num="76" count="0" type="stmt"/>
        <line num="79" count="0" type="stmt"/>
        <line num="81" count="0" type="cond" truecount="0" falsecount="2"/>
        <line num="82" count="0" type="stmt"/>
        <line num="83" count="0" type="stmt"/>
        <line num="84" count="0" type="stmt"/>
        <line num="88" count="0" type="cond" truecount="0" falsecount="2"/>
        <line num="89" count="0" type="stmt"/>
        <line num="90" count="0" type="stmt"/>
        <line num="93" count="0" type="stmt"/>
        <line num="94" count="0" type="stmt"/>
        <line num="96" count="0" type="stmt"/>
        <line num="97" count="0" type="stmt"/>
      </file>
      <file name="migrate.js" path="/home/khchoi/external-projects/kita-ax/src/database/migrate.js">
        <metrics statements="62" coveredstatements="0" conditionals="32" coveredconditionals="0" methods="10" coveredmethods="0"/>
        <line num="13" count="0" type="stmt"/>
        <line num="14" count="0" type="stmt"/>
        <line num="15" count="0" type="stmt"/>
        <line num="16" count="0" type="stmt"/>
        <line num="17" count="0" type="stmt"/>
        <line num="19" count="0" type="stmt"/>
        <line num="30" count="0" type="stmt"/>
        <line num="37" count="0" type="stmt"/>
        <line num="38" count="0" type="stmt"/>
        <line num="42" count="0" type="stmt"/>
        <line num="46" count="0" type="stmt"/>
        <line num="49" count="0" type="stmt"/>
        <line num="50" count="0" type="stmt"/>
        <line num="53" count="0" type="stmt"/>
        <line num="54" count="0" type="cond" truecount="0" falsecount="2"/>
        <line num="55" count="0" type="stmt"/>
        <line num="57" count="0" type="stmt"/>
        <line num="58" count="0" type="stmt"/>
        <line num="70" count="0" type="cond" truecount="0" falsecount="2"/>
        <line num="73" count="0" type="stmt"/>
        <line num="74" count="0" type="stmt"/>
        <line num="75" count="0" type="stmt"/>
        <line num="76" count="0" type="stmt"/>
        <line num="78" count="0" type="stmt"/>
        <line num="80" count="0" type="cond" truecount="0" falsecount="2"/>
        <line num="81" count="0" type="stmt"/>
        <line num="82" count="0" type="stmt"/>
        <line num="83" count="0" type="cond" truecount="0" falsecount="2"/>
        <line num="84" count="0" type="stmt"/>
        <line num="86" count="0" type="stmt"/>
        <line num="87" count="0" type="stmt"/>
        <line num="89" count="0" type="cond" truecount="0" falsecount="2"/>
        <line num="90" count="0" type="stmt"/>
        <line num="91" count="0" type="stmt"/>
        <line num="92" count="0" type="cond" truecount="0" falsecount="2"/>
        <line num="93" count="0" type="stmt"/>
        <line num="95" count="0" type="stmt"/>
        <line num="96" count="0" type="stmt"/>
        <line num="98" count="0" type="cond" truecount="0" falsecount="2"/>
        <line num="99" count="0" type="stmt"/>
        <line num="100" count="0" type="stmt"/>
        <line num="102" count="0" type="stmt"/>
        <line num="103" count="0" type="stmt"/>
        <line num="105" count="0" type="cond" truecount="0" falsecount="2"/>
        <line num="106" count="0" type="stmt"/>
        <line num="107" count="0" type="stmt"/>
        <line num="108" count="0" type="stmt"/>
        <line num="111" count="0" type="cond" truecount="0" falsecount="2"/>
        <line num="112" count="0" type="stmt"/>
        <line num="113" count="0" type="stmt"/>
        <line num="114" count="0" type="cond" truecount="0" falsecount="2"/>
        <line num="115" count="0" type="stmt"/>
        <line num="117" count="0" type="stmt"/>
        <line num="120" count="0" type="stmt"/>
        <line num="121" count="0" type="stmt"/>
        <line num="122" count="0" type="stmt"/>
        <line num="125" count="0" type="stmt"/>
        <line num="126" count="0" type="stmt"/>
        <line num="128" count="0" type="stmt"/>
        <line num="129" count="0" type="cond" truecount="0" falsecount="2"/>
        <line num="130" count="0" type="stmt"/>
        <line num="134" count="0" type="stmt"/>
      </file>
    </package>
    <package name="middleware">
      <metrics statements="176" coveredstatements="64" conditionals="79" coveredconditionals="37" methods="32" coveredmethods="15"/>
      <file name="auth.js" path="/home/khchoi/external-projects/kita-ax/src/middleware/auth.js">
        <metrics statements="20" coveredstatements="20" conditionals="26" coveredconditionals="26" methods="4" coveredmethods="4"/>
        <line num="6" count="6" type="cond" truecount="4" falsecount="0"/>
        <line num="8" count="5" type="cond" truecount="4" falsecount="0"/>
        <line num="10" count="4" type="stmt"/>
        <line num="17" count="1" type="stmt"/>
        <line num="21" count="1" type="stmt"/>
        <line num="28" count="1" type="stmt"/>
        <line num="32" count="4" type="cond" truecount="4" falsecount="0"/>
        <line num="33" count="3" type="cond" truecount="4" falsecount="0"/>
        <line num="35" count="2" type="stmt"/>
        <line num="41" count="1" type="stmt"/>
        <line num="44" count="1" type="stmt"/>
        <line num="48" count="3" type="cond" truecount="4" falsecount="0"/>
        <line num="49" count="1" type="stmt"/>
        <line num="57" count="3" type="stmt"/>
        <line num="62" count="4" type="cond" truecount="2" falsecount="0"/>
        <line num="63" count="2" type="cond" truecount="4" falsecount="0"/>
        <line num="64" count="1" type="stmt"/>
        <line num="69" count="1" type="stmt"/>
        <line num="72" count="2" type="stmt"/>
        <line num="75" count="1" type="stmt"/>
      </file>
      <file name="correlationId.js" path="/home/khchoi/external-projects/kita-ax/src/middleware/correlationId.js">
        <metrics statements="6" coveredstatements="0" conditionals="2" coveredconditionals="0" methods="1" coveredmethods="0"/>
        <line num="1" count="0" type="stmt"/>
        <line num="4" count="0" type="cond" truecount="0" falsecount="2"/>
        <line num="5" count="0" type="stmt"/>
        <line num="6" count="0" type="stmt"/>
        <line num="7" count="0" type="stmt"/>
        <line num="10" count="0" type="stmt"/>
      </file>
      <file name="oauth.js" path="/home/khchoi/external-projects/kita-ax/src/middleware/oauth.js">
        <metrics statements="20" coveredstatements="0" conditionals="6" coveredconditionals="0" methods="2" coveredmethods="0"/>
        <line num="5" count="0" type="stmt"/>
        <line num="6" count="0" type="stmt"/>
        <line num="9" count="0" type="stmt"/>
        <line num="10" count="0" type="stmt"/>
        <line num="13" count="0" type="stmt"/>
        <line num="14" count="0" type="stmt"/>
        <line num="18" count="0" type="cond" truecount="0" falsecount="2"/>
        <line num="19" count="0" type="stmt"/>
        <line num="23" count="0" type="stmt"/>
        <line num="24" count="0" type="stmt"/>
        <line num="25" count="0" type="stmt"/>
        <line num="26" count="0" type="stmt"/>
        <line num="27" count="0" type="stmt"/>
        <line num="29" count="0" type="stmt"/>
        <line num="30" count="0" type="cond" truecount="0" falsecount="2"/>
        <line num="31" count="0" type="stmt"/>
        <line num="32" count="0" type="stmt"/>
        <line num="36" count="0" type="cond" truecount="0" falsecount="2"/>
        <line num="37" count="0" type="stmt"/>
        <line num="41" count="0" type="stmt"/>
      </file>
      <file name="performanceLogger.js" path="/home/khchoi/external-projects/kita-ax/src/middleware/performanceLogger.js">
        <metrics statements="13" coveredstatements="0" conditionals="4" coveredconditionals="0" methods="2" coveredmethods="0"/>
        <line num="1" count="0" type="stmt"/>
        <line num="4" count="0" type="stmt"/>
        <line num="6" count="0" type="stmt"/>
        <line num="7" count="0" type="stmt"/>
        <line num="8" count="0" type="stmt"/>
        <line num="9" count="0" type="stmt"/>
        <line num="11" count="0" type="stmt"/>
        <line num="20" count="0" type="cond" truecount="0" falsecount="2"/>
        <line num="21" count="0" type="stmt"/>
        <line num="22" count="0" type="cond" truecount="0" falsecount="2"/>
        <line num="23" count="0" type="stmt"/>
        <line num="27" count="0" type="stmt"/>
        <line num="30" count="0" type="stmt"/>
      </file>
      <file name="preferences.js" path="/home/khchoi/external-projects/kita-ax/src/middleware/preferences.js">
        <metrics statements="13" coveredstatements="0" conditionals="6" coveredconditionals="0" methods="1" coveredmethods="0"/>
        <line num="6" count="0" type="stmt"/>
        <line num="8" count="0" type="stmt"/>
        <line num="10" count="0" type="cond" truecount="0" falsecount="4"/>
        <line num="11" count="0" type="stmt"/>
        <line num="12" count="0" type="stmt"/>
        <line num="15" count="0" type="cond" truecount="0" falsecount="2"/>
        <line num="18" count="0" type="stmt"/>
        <line num="19" count="0" type="stmt"/>
        <line num="20" count="0" type="stmt"/>
        <line num="21" count="0" type="stmt"/>
        <line num="23" count="0" type="stmt"/>
        <line num="28" count="0" type="stmt"/>
        <line num="31" count="0" type="stmt"/>
      </file>
      <file name="requestLogger.js" path="/home/khchoi/external-projects/kita-ax/src/middleware/requestLogger.js">
        <metrics statements="20" coveredstatements="0" conditionals="4" coveredconditionals="0" methods="4" coveredmethods="0"/>
        <line num="1" count="0" type="stmt"/>
        <line num="4" count="0" type="stmt"/>
        <line num="6" count="0" type="stmt"/>
        <line num="8" count="0" type="stmt"/>
        <line num="9" count="0" type="stmt"/>
        <line num="11" count="0" type="stmt"/>
        <line num="12" count="0" type="stmt"/>
        <line num="13" count="0" type="stmt"/>
        <line num="14" count="0" type="stmt"/>
        <line num="17" count="0" type="stmt"/>
        <line num="18" count="0" type="stmt"/>
        <line num="19" count="0" type="cond" truecount="0" falsecount="2"/>
        <line num="20" count="0" type="stmt"/>
        <line num="21" count="0" type="stmt"/>
        <line num="24" count="0" type="stmt"/>
        <line num="25" count="0" type="stmt"/>
        <line num="26" count="0" type="cond" truecount="0" falsecount="2"/>
        <line num="27" count="0" type="stmt"/>
        <line num="31" count="0" type="stmt"/>
        <line num="34" count="0" type="stmt"/>
      </file>
      <file name="security.js" path="/home/khchoi/external-projects/kita-ax/src/middleware/security.js">
        <metrics statements="14" coveredstatements="0" conditionals="12" coveredconditionals="0" methods="2" coveredmethods="0"/>
        <line num="6" count="0" type="stmt"/>
        <line num="7" count="0" type="stmt"/>
        <line num="8" count="0" type="stmt"/>
        <line num="9" count="0" type="stmt"/>
        <line num="10" count="0" type="stmt"/>
        <line num="13" count="0" type="stmt"/>
        <line num="23" count="0" type="stmt"/>
        <line num="49" count="0" type="cond" truecount="0" falsecount="2"/>
        <line num="51" count="0" type="cond" truecount="0" falsecount="2"/>
        <line num="52" count="0" type="stmt"/>
        <line num="62" count="0" type="cond" truecount="0" falsecount="2"/>
        <line num="63" count="0" type="stmt"/>
        <line num="72" count="0" type="stmt"/>
        <line num="80" count="0" type="stmt"/>
      </file>
      <file name="upload.js" path="/home/khchoi/external-projects/kita-ax/src/middleware/upload.js">
        <metrics statements="23" coveredstatements="0" conditionals="6" coveredconditionals="0" methods="3" coveredmethods="0"/>
        <line num="6" count="0" type="stmt"/>
        <line num="7" count="0" type="stmt"/>
        <line num="8" count="0" type="stmt"/>
        <line num="11" count="0" type="stmt"/>
        <line num="12" count="0" type="cond" truecount="0" falsecount="2"/>
        <line num="13" count="0" type="stmt"/>
        <line num="17" count="0" type="stmt"/>
        <line num="19" count="0" type="stmt"/>
        <line num="23" count="0" type="stmt"/>
        <line num="24" count="0" type="stmt"/>
        <line num="25" count="0" type="stmt"/>
        <line num="26" count="0" type="stmt"/>
        <line num="31" count="0" type="stmt"/>
        <line num="32" count="0" type="stmt"/>
        <line num="43" count="0" type="stmt"/>
        <line num="45" count="0" type="stmt"/>
        <line num="46" count="0" type="stmt"/>
        <line num="47" count="0" type="stmt"/>
        <line num="49" count="0" type="cond" truecount="0" falsecount="4"/>
        <line num="50" count="0" type="stmt"/>
        <line num="52" count="0" type="stmt"/>
        <line num="57" count="0" type="stmt"/>
        <line num="65" count="0" type="stmt"/>
      </file>
      <file name="validation.js" path="/home/khchoi/external-projects/kita-ax/src/middleware/validation.js">
        <metrics statements="47" coveredstatements="44" conditionals="13" coveredconditionals="11" methods="13" coveredmethods="11"/>
        <line num="1" count="1" type="stmt"/>
        <line num="2" count="1" type="stmt"/>
        <line num="3" count="1" type="stmt"/>
        <line num="7" count="8" type="stmt"/>
        <line num="8" count="8" type="stmt"/>
        <line num="10" count="8" type="stmt"/>
        <line num="11" count="13" type="stmt"/>
        <line num="12" count="13" type="stmt"/>
        <line num="14" count="13" type="stmt"/>
        <line num="15" count="13" type="stmt"/>
        <line num="18" count="8" type="stmt"/>
        <line num="23" count="2" type="stmt"/>
        <line num="24" count="5" type="cond" truecount="2" falsecount="0"/>
        <line num="27" count="5" type="stmt"/>
        <line num="28" count="5" type="cond" truecount="2" falsecount="0"/>
        <line num="29" count="3" type="stmt"/>
        <line num="31" count="5" type="cond" truecount="2" falsecount="0"/>
        <line num="32" count="2" type="stmt"/>
        <line num="34" count="5" type="cond" truecount="1" falsecount="1"/>
        <line num="35" count="0" type="stmt"/>
        <line num="39" count="5" type="stmt"/>
        <line num="44" count="5" type="cond" truecount="2" falsecount="0"/>
        <line num="45" count="3" type="stmt"/>
        <line num="47" count="3" type="stmt"/>
        <line num="54" count="3" type="stmt"/>
        <line num="60" count="3" type="stmt"/>
        <line num="68" count="2" type="stmt"/>
        <line num="69" count="2" type="stmt"/>
        <line num="75" count="1" type="stmt"/>
        <line num="80" count="1" type="stmt"/>
        <line num="85" count="0" type="stmt"/>
        <line num="90" count="0" type="stmt"/>
        <line num="94" count="1" type="stmt"/>
        <line num="96" count="5" type="stmt"/>
        <line num="97" count="5" type="stmt"/>
        <line num="101" count="6" type="stmt"/>
        <line num="102" count="6" type="stmt"/>
        <line num="103" count="4" type="stmt"/>
        <line num="105" count="2" type="stmt"/>
        <line num="110" count="4" type="stmt"/>
        <line num="111" count="4" type="stmt"/>
        <line num="115" count="4" type="stmt"/>
        <line num="116" count="4" type="stmt"/>
        <line num="120" count="4" type="stmt"/>
        <line num="121" count="4" type="stmt"/>
        <line num="122" count="4" type="cond" truecount="2" falsecount="0"/>
        <line num="126" count="1" type="stmt"/>
      </file>
    </package>
    <package name="models">
      <metrics statements="33" coveredstatements="0" conditionals="0" coveredconditionals="0" methods="0" coveredmethods="0"/>
      <file name="index.js" path="/home/khchoi/external-projects/kita-ax/src/models/index.js">
        <metrics statements="23" coveredstatements="0" conditionals="0" coveredconditionals="0" methods="0" coveredmethods="0"/>
        <line num="6" count="0" type="stmt"/>
        <line num="7" count="0" type="stmt"/>
        <line num="10" count="0" type="stmt"/>
        <line num="76" count="0" type="stmt"/>
        <line num="151" count="0" type="stmt"/>
        <line num="191" count="0" type="stmt"/>
        <line num="239" count="0" type="stmt"/>
        <line num="283" count="0" type="stmt"/>
        <line num="338" count="0" type="stmt"/>
        <line num="387" count="0" type="stmt"/>
        <line num="442" count="0" type="stmt"/>
        <line num="524" count="0" type="stmt"/>
        <line num="562" count="0" type="stmt"/>
        <line num="563" count="0" type="stmt"/>
        <line num="566" count="0" type="stmt"/>
        <line num="567" count="0" type="stmt"/>
        <line num="570" count="0" type="stmt"/>
        <line num="571" count="0" type="stmt"/>
        <line num="574" count="0" type="stmt"/>
        <line num="575" count="0" type="stmt"/>
        <line num="578" count="0" type="stmt"/>
        <line num="579" count="0" type="stmt"/>
        <line num="581" count="0" type="stmt"/>
      </file>
      <file name="mockData.js" path="/home/khchoi/external-projects/kita-ax/src/models/mockData.js">
        <metrics statements="10" coveredstatements="0" conditionals="0" coveredconditionals="0" methods="0" coveredmethods="0"/>
        <line num="4" count="0" type="stmt"/>
        <line num="43" count="0" type="stmt"/>
        <line num="82" count="0" type="stmt"/>
        <line num="103" count="0" type="stmt"/>
        <line num="127" count="0" type="stmt"/>
        <line num="151" count="0" type="stmt"/>
        <line num="208" count="0" type="stmt"/>
        <line num="235" count="0" type="stmt"/>
        <line num="252" count="0" type="stmt"/>
        <line num="279" count="0" type="stmt"/>
      </file>
    </package>
    <package name="routes">
      <metrics statements="898" coveredstatements="0" conditionals="432" coveredconditionals="0" methods="153" coveredmethods="0"/>
      <file name="admin.js" path="/home/khchoi/external-projects/kita-ax/src/routes/admin.js">
        <metrics statements="314" coveredstatements="0" conditionals="191" coveredconditionals="0" methods="49" coveredmethods="0"/>
        <line num="1" count="0" type="stmt"/>
        <line num="2" count="0" type="stmt"/>
        <line num="3" count="0" type="stmt"/>
        <line num="4" count="0" type="stmt"/>
        <line num="5" count="0" type="stmt"/>
        <line num="6" count="0" type="stmt"/>
        <line num="9" count="0" type="stmt"/>
        <line num="10" count="0" type="stmt"/>
        <line num="11" count="0" type="stmt"/>
        <line num="12" count="0" type="stmt"/>
        <line num="13" count="0" type="stmt"/>
        <line num="14" count="0" type="stmt"/>
        <line num="17" count="0" type="stmt"/>
        <line num="18" count="0" type="stmt"/>
        <line num="21" count="0" type="stmt"/>
        <line num="25" count="0" type="cond" truecount="0" falsecount="2"/>
        <line num="26" count="0" type="stmt"/>
        <line num="31" count="0" type="stmt"/>
        <line num="46" count="0" type="stmt"/>
        <line num="47" count="0" type="stmt"/>
        <line num="49" count="0" type="stmt"/>
        <line num="56" count="0" type="stmt"/>
        <line num="61" count="0" type="stmt"/>
        <line num="68" count="0" type="cond" truecount="0" falsecount="2"/>
        <line num="69" count="0" type="cond" truecount="0" falsecount="2"/>
        <line num="71" count="0" type="stmt"/>
        <line num="84" count="0" type="stmt"/>
        <line num="85" count="0" type="stmt"/>
        <line num="86" count="0" type="stmt"/>
        <line num="88" count="0" type="stmt"/>
        <line num="99" count="0" type="stmt"/>
        <line num="100" count="0" type="cond" truecount="0" falsecount="2"/>
        <line num="101" count="0" type="cond" truecount="0" falsecount="2"/>
        <line num="103" count="0" type="stmt"/>
        <line num="116" count="0" type="stmt"/>
        <line num="117" count="0" type="cond" truecount="0" falsecount="2"/>
        <line num="119" count="0" type="stmt"/>
        <line num="128" count="0" type="stmt"/>
        <line num="129" count="0" type="stmt"/>
        <line num="130" count="0" type="stmt"/>
        <line num="132" count="0" type="cond" truecount="0" falsecount="5"/>
        <line num="133" count="0" type="stmt"/>
        <line num="136" count="0" type="stmt"/>
        <line num="144" count="0" type="stmt"/>
        <line num="155" count="0" type="stmt"/>
        <line num="157" count="0" type="stmt"/>
        <line num="168" count="0" type="stmt"/>
        <line num="172" count="0" type="stmt"/>
        <line num="173" count="0" type="stmt"/>
        <line num="174" count="0" type="cond" truecount="0" falsecount="2"/>
        <line num="176" count="0" type="stmt"/>
        <line num="186" count="0" type="stmt"/>
        <line num="187" count="0" type="stmt"/>
        <line num="188" count="0" type="stmt"/>
        <line num="190" count="0" type="stmt"/>
        <line num="196" count="0" type="stmt"/>
        <line num="206" count="0" type="stmt"/>
        <line num="208" count="0" type="stmt"/>
        <line num="212" count="0" type="stmt"/>
        <line num="213" count="0" type="stmt"/>
        <line num="214" count="0" type="cond" truecount="0" falsecount="2"/>
        <line num="215" count="0" type="stmt"/>
        <line num="218" count="0" type="stmt"/>
        <line num="220" count="0" type="stmt"/>
        <line num="230" count="0" type="stmt"/>
        <line num="232" count="0" type="stmt"/>
        <line num="238" count="0" type="stmt"/>
        <line num="239" count="0" type="stmt"/>
        <line num="240" count="0" type="stmt"/>
        <line num="242" count="0" type="stmt"/>
        <line num="252" count="0" type="stmt"/>
        <line num="253" count="0" type="cond" truecount="0" falsecount="2"/>
        <line num="254" count="0" type="cond" truecount="0" falsecount="2"/>
        <line num="256" count="0" type="stmt"/>
        <line num="269" count="0" type="stmt"/>
        <line num="270" count="0" type="cond" truecount="0" falsecount="2"/>
        <line num="272" count="0" type="stmt"/>
        <line num="281" count="0" type="stmt"/>
        <line num="282" count="0" type="stmt"/>
        <line num="283" count="0" type="stmt"/>
        <line num="285" count="0" type="cond" truecount="0" falsecount="5"/>
        <line num="286" count="0" type="stmt"/>
        <line num="289" count="0" type="stmt"/>
        <line num="297" count="0" type="stmt"/>
        <line num="308" count="0" type="stmt"/>
        <line num="310" count="0" type="stmt"/>
        <line num="314" count="0" type="stmt"/>
        <line num="315" count="0" type="stmt"/>
        <line num="316" count="0" type="cond" truecount="0" falsecount="2"/>
        <line num="318" count="0" type="stmt"/>
        <line num="328" count="0" type="stmt"/>
        <line num="329" count="0" type="stmt"/>
        <line num="330" count="0" type="stmt"/>
        <line num="332" count="0" type="stmt"/>
        <line num="338" count="0" type="stmt"/>
        <line num="348" count="0" type="stmt"/>
        <line num="350" count="0" type="stmt"/>
        <line num="354" count="0" type="stmt"/>
        <line num="355" count="0" type="stmt"/>
        <line num="356" count="0" type="stmt"/>
        <line num="359" count="0" type="cond" truecount="0" falsecount="4"/>
        <line num="360" count="0" type="stmt"/>
        <line num="363" count="0" type="stmt"/>
        <line num="365" count="0" type="stmt"/>
        <line num="375" count="0" type="stmt"/>
        <line num="377" count="0" type="stmt"/>
        <line num="381" count="0" type="stmt"/>
        <line num="382" count="0" type="stmt"/>
        <line num="383" count="0" type="cond" truecount="0" falsecount="2"/>
        <line num="384" count="0" type="stmt"/>
        <line num="387" count="0" type="stmt"/>
        <line num="390" count="0" type="cond" truecount="0" falsecount="4"/>
        <line num="391" count="0" type="stmt"/>
        <line num="395" count="0" type="stmt"/>
        <line num="406" count="0" type="stmt"/>
        <line num="417" count="0" type="stmt"/>
        <line num="419" count="0" type="cond" truecount="0" falsecount="4"/>
        <line num="420" count="0" type="stmt"/>
        <line num="422" count="0" type="stmt"/>
        <line num="426" count="0" type="stmt"/>
        <line num="427" count="0" type="stmt"/>
        <line num="428" count="0" type="stmt"/>
        <line num="430" count="0" type="cond" truecount="0" falsecount="4"/>
        <line num="431" count="0" type="stmt"/>
        <line num="435" count="0" type="stmt"/>
        <line num="437" count="0" type="stmt"/>
        <line num="448" count="0" type="stmt"/>
        <line num="449" count="0" type="cond" truecount="0" falsecount="2"/>
        <line num="450" count="0" type="stmt"/>
        <line num="453" count="0" type="stmt"/>
        <line num="454" count="0" type="stmt"/>
        <line num="456" count="0" type="stmt"/>
        <line num="462" count="0" type="stmt"/>
        <line num="463" count="0" type="stmt"/>
        <line num="464" count="0" type="cond" truecount="0" falsecount="2"/>
        <line num="466" count="0" type="stmt"/>
        <line num="471" count="0" type="cond" truecount="0" falsecount="2"/>
        <line num="472" count="0" type="cond" truecount="0" falsecount="2"/>
        <line num="474" count="0" type="stmt"/>
        <line num="489" count="0" type="stmt"/>
        <line num="490" count="0" type="cond" truecount="0" falsecount="2"/>
        <line num="492" count="0" type="stmt"/>
        <line num="501" count="0" type="stmt"/>
        <line num="502" count="0" type="stmt"/>
        <line num="503" count="0" type="stmt"/>
        <line num="505" count="0" type="cond" truecount="0" falsecount="4"/>
        <line num="506" count="0" type="stmt"/>
        <line num="509" count="0" type="cond" truecount="0" falsecount="2"/>
        <line num="510" count="0" type="stmt"/>
        <line num="513" count="0" type="stmt"/>
        <line num="520" count="0" type="stmt"/>
        <line num="530" count="0" type="stmt"/>
        <line num="532" count="0" type="stmt"/>
        <line num="536" count="0" type="stmt"/>
        <line num="537" count="0" type="stmt"/>
        <line num="538" count="0" type="cond" truecount="0" falsecount="2"/>
        <line num="540" count="0" type="stmt"/>
        <line num="550" count="0" type="stmt"/>
        <line num="551" count="0" type="stmt"/>
        <line num="552" count="0" type="stmt"/>
        <line num="554" count="0" type="cond" truecount="0" falsecount="2"/>
        <line num="555" count="0" type="stmt"/>
        <line num="558" count="0" type="stmt"/>
        <line num="564" count="0" type="stmt"/>
        <line num="574" count="0" type="stmt"/>
        <line num="576" count="0" type="stmt"/>
        <line num="580" count="0" type="stmt"/>
        <line num="581" count="0" type="stmt"/>
        <line num="582" count="0" type="stmt"/>
        <line num="584" count="0" type="stmt"/>
        <line num="594" count="0" type="stmt"/>
        <line num="596" count="0" type="stmt"/>
        <line num="602" count="0" type="stmt"/>
        <line num="603" count="0" type="cond" truecount="0" falsecount="2"/>
        <line num="605" count="0" type="stmt"/>
        <line num="614" count="0" type="stmt"/>
        <line num="615" count="0" type="stmt"/>
        <line num="616" count="0" type="stmt"/>
        <line num="618" count="0" type="cond" truecount="0" falsecount="5"/>
        <line num="619" count="0" type="stmt"/>
        <line num="622" count="0" type="stmt"/>
        <line num="630" count="0" type="stmt"/>
        <line num="640" count="0" type="stmt"/>
        <line num="642" count="0" type="stmt"/>
        <line num="646" count="0" type="stmt"/>
        <line num="647" count="0" type="stmt"/>
        <line num="648" count="0" type="cond" truecount="0" falsecount="2"/>
        <line num="650" count="0" type="stmt"/>
        <line num="660" count="0" type="stmt"/>
        <line num="661" count="0" type="stmt"/>
        <line num="662" count="0" type="stmt"/>
        <line num="664" count="0" type="stmt"/>
        <line num="670" count="0" type="stmt"/>
        <line num="680" count="0" type="stmt"/>
        <line num="682" count="0" type="stmt"/>
        <line num="686" count="0" type="stmt"/>
        <line num="687" count="0" type="stmt"/>
        <line num="688" count="0" type="stmt"/>
        <line num="690" count="0" type="stmt"/>
        <line num="700" count="0" type="stmt"/>
        <line num="702" count="0" type="stmt"/>
        <line num="706" count="0" type="stmt"/>
        <line num="707" count="0" type="stmt"/>
        <line num="708" count="0" type="stmt"/>
        <line num="709" count="0" type="stmt"/>
        <line num="711" count="0" type="stmt"/>
        <line num="715" count="0" type="stmt"/>
        <line num="716" count="0" type="stmt"/>
        <line num="717" count="0" type="stmt"/>
        <line num="718" count="0" type="stmt"/>
        <line num="720" count="0" type="stmt"/>
        <line num="726" count="0" type="stmt"/>
        <line num="727" count="0" type="stmt"/>
        <line num="728" count="0" type="stmt"/>
        <line num="730" count="0" type="stmt"/>
        <line num="741" count="0" type="stmt"/>
        <line num="742" count="0" type="cond" truecount="0" falsecount="2"/>
        <line num="744" count="0" type="stmt"/>
        <line num="758" count="0" type="stmt"/>
        <line num="759" count="0" type="stmt"/>
        <line num="760" count="0" type="stmt"/>
        <line num="761" count="0" type="cond" truecount="0" falsecount="2"/>
        <line num="763" count="0" type="stmt"/>
        <line num="768" count="0" type="cond" truecount="0" falsecount="2"/>
        <line num="769" count="0" type="cond" truecount="0" falsecount="2"/>
        <line num="771" count="0" type="stmt"/>
        <line num="783" count="0" type="stmt"/>
        <line num="784" count="0" type="cond" truecount="0" falsecount="2"/>
        <line num="786" count="0" type="stmt"/>
        <line num="795" count="0" type="stmt"/>
        <line num="796" count="0" type="stmt"/>
        <line num="797" count="0" type="stmt"/>
        <line num="799" count="0" type="cond" truecount="0" falsecount="4"/>
        <line num="800" count="0" type="stmt"/>
        <line num="803" count="0" type="stmt"/>
        <line num="810" count="0" type="stmt"/>
        <line num="820" count="0" type="stmt"/>
        <line num="822" count="0" type="stmt"/>
        <line num="826" count="0" type="stmt"/>
        <line num="827" count="0" type="stmt"/>
        <line num="828" count="0" type="cond" truecount="0" falsecount="2"/>
        <line num="830" count="0" type="stmt"/>
        <line num="840" count="0" type="stmt"/>
        <line num="841" count="0" type="stmt"/>
        <line num="842" count="0" type="stmt"/>
        <line num="844" count="0" type="stmt"/>
        <line num="850" count="0" type="stmt"/>
        <line num="852" count="0" type="stmt"/>
        <line num="856" count="0" type="stmt"/>
        <line num="857" count="0" type="stmt"/>
        <line num="858" count="0" type="stmt"/>
        <line num="860" count="0" type="stmt"/>
        <line num="870" count="0" type="stmt"/>
        <line num="872" count="0" type="stmt"/>
        <line num="876" count="0" type="stmt"/>
        <line num="877" count="0" type="stmt"/>
        <line num="878" count="0" type="stmt"/>
        <line num="879" count="0" type="stmt"/>
        <line num="881" count="0" type="stmt"/>
        <line num="885" count="0" type="stmt"/>
        <line num="886" count="0" type="stmt"/>
        <line num="887" count="0" type="stmt"/>
        <line num="888" count="0" type="stmt"/>
        <line num="890" count="0" type="stmt"/>
        <line num="894" count="0" type="stmt"/>
        <line num="895" count="0" type="stmt"/>
        <line num="896" count="0" type="stmt"/>
        <line num="898" count="0" type="stmt"/>
        <line num="908" count="0" type="stmt"/>
        <line num="910" count="0" type="stmt"/>
        <line num="916" count="0" type="stmt"/>
        <line num="917" count="0" type="stmt"/>
        <line num="918" count="0" type="stmt"/>
        <line num="919" count="0" type="cond" truecount="0" falsecount="2"/>
        <line num="920" count="0" type="cond" truecount="0" falsecount="2"/>
        <line num="922" count="0" type="stmt"/>
        <line num="923" count="0" type="stmt"/>
        <line num="925" count="0" type="stmt"/>
        <line num="938" count="0" type="stmt"/>
        <line num="939" count="0" type="stmt"/>
        <line num="940" count="0" type="stmt"/>
        <line num="941" count="0" type="stmt"/>
        <line num="943" count="0" type="stmt"/>
        <line num="944" count="0" type="cond" truecount="0" falsecount="2"/>
        <line num="945" count="0" type="cond" truecount="0" falsecount="2"/>
        <line num="946" count="0" type="cond" truecount="0" falsecount="2"/>
        <line num="947" count="0" type="cond" truecount="0" falsecount="2"/>
        <line num="948" count="0" type="cond" truecount="0" falsecount="2"/>
        <line num="950" count="0" type="stmt"/>
        <line num="952" count="0" type="stmt"/>
        <line num="963" count="0" type="stmt"/>
        <line num="965" count="0" type="stmt"/>
        <line num="969" count="0" type="stmt"/>
        <line num="970" count="0" type="stmt"/>
        <line num="971" count="0" type="stmt"/>
        <line num="978" count="0" type="stmt"/>
        <line num="980" count="0" type="stmt"/>
        <line num="981" count="0" type="cond" truecount="0" falsecount="4"/>
        <line num="982" count="0" type="cond" truecount="0" falsecount="4"/>
        <line num="983" count="0" type="cond" truecount="0" falsecount="4"/>
        <line num="984" count="0" type="cond" truecount="0" falsecount="4"/>
        <line num="985" count="0" type="cond" truecount="0" falsecount="2"/>
        <line num="987" count="0" type="stmt"/>
        <line num="989" count="0" type="stmt"/>
        <line num="999" count="0" type="stmt"/>
        <line num="1001" count="0" type="stmt"/>
        <line num="1005" count="0" type="stmt"/>
        <line num="1006" count="0" type="stmt"/>
        <line num="1007" count="0" type="stmt"/>
        <line num="1008" count="0" type="stmt"/>
        <line num="1010" count="0" type="stmt"/>
        <line num="1020" count="0" type="stmt"/>
        <line num="1022" count="0" type="stmt"/>
        <line num="1026" count="0" type="stmt"/>
      </file>
      <file name="api-v1.js" path="/home/khchoi/external-projects/kita-ax/src/routes/api-v1.js">
        <metrics statements="252" coveredstatements="0" conditionals="55" coveredconditionals="0" methods="49" coveredmethods="0"/>
        <line num="1" count="0" type="stmt"/>
        <line num="2" count="0" type="stmt"/>
        <line num="3" count="0" type="stmt"/>
        <line num="4" count="0" type="stmt"/>
        <line num="5" count="0" type="stmt"/>
        <line num="8" count="0" type="stmt"/>
        <line num="9" count="0" type="stmt"/>
        <line num="10" count="0" type="stmt"/>
        <line num="11" count="0" type="stmt"/>
        <line num="12" count="0" type="stmt"/>
        <line num="13" count="0" type="stmt"/>
        <line num="14" count="0" type="stmt"/>
        <line num="17" count="0" type="stmt"/>
        <line num="18" count="0" type="stmt"/>
        <line num="21" count="0" type="stmt"/>
        <line num="22" count="0" type="stmt"/>
        <line num="27" count="0" type="stmt"/>
        <line num="28" count="0" type="stmt"/>
        <line num="29" count="0" type="stmt"/>
        <line num="31" count="0" type="stmt"/>
        <line num="42" count="0" type="stmt"/>
        <line num="44" count="0" type="stmt"/>
        <line num="56" count="0" type="stmt"/>
        <line num="60" count="0" type="stmt"/>
        <line num="61" count="0" type="stmt"/>
        <line num="62" count="0" type="stmt"/>
        <line num="63" count="0" type="stmt"/>
        <line num="72" count="0" type="stmt"/>
        <line num="76" count="0" type="stmt"/>
        <line num="77" count="0" type="stmt"/>
        <line num="78" count="0" type="stmt"/>
        <line num="80" count="0" type="stmt"/>
        <line num="88" count="0" type="stmt"/>
        <line num="96" count="0" type="stmt"/>
        <line num="100" count="0" type="stmt"/>
        <line num="101" count="0" type="stmt"/>
        <line num="102" count="0" type="stmt"/>
        <line num="104" count="0" type="stmt"/>
        <line num="110" count="0" type="stmt"/>
        <line num="118" count="0" type="stmt"/>
        <line num="122" count="0" type="stmt"/>
        <line num="123" count="0" type="stmt"/>
        <line num="124" count="0" type="stmt"/>
        <line num="125" count="0" type="stmt"/>
        <line num="127" count="0" type="stmt"/>
        <line num="133" count="0" type="stmt"/>
        <line num="134" count="0" type="stmt"/>
        <line num="135" count="0" type="stmt"/>
        <line num="137" count="0" type="stmt"/>
        <line num="147" count="0" type="stmt"/>
        <line num="149" count="0" type="stmt"/>
        <line num="162" count="0" type="stmt"/>
        <line num="166" count="0" type="stmt"/>
        <line num="167" count="0" type="stmt"/>
        <line num="168" count="0" type="stmt"/>
        <line num="169" count="0" type="stmt"/>
        <line num="180" count="0" type="stmt"/>
        <line num="184" count="0" type="stmt"/>
        <line num="185" count="0" type="stmt"/>
        <line num="186" count="0" type="stmt"/>
        <line num="188" count="0" type="stmt"/>
        <line num="196" count="0" type="stmt"/>
        <line num="204" count="0" type="stmt"/>
        <line num="208" count="0" type="stmt"/>
        <line num="209" count="0" type="stmt"/>
        <line num="210" count="0" type="stmt"/>
        <line num="212" count="0" type="stmt"/>
        <line num="218" count="0" type="stmt"/>
        <line num="225" count="0" type="stmt"/>
        <line num="229" count="0" type="stmt"/>
        <line num="230" count="0" type="stmt"/>
        <line num="231" count="0" type="stmt"/>
        <line num="232" count="0" type="stmt"/>
        <line num="234" count="0" type="stmt"/>
        <line num="240" count="0" type="stmt"/>
        <line num="241" count="0" type="stmt"/>
        <line num="242" count="0" type="stmt"/>
        <line num="244" count="0" type="stmt"/>
        <line num="246" count="0" type="stmt"/>
        <line num="254" count="0" type="stmt"/>
        <line num="258" count="0" type="stmt"/>
        <line num="259" count="0" type="stmt"/>
        <line num="260" count="0" type="stmt"/>
        <line num="261" count="0" type="stmt"/>
        <line num="269" count="0" type="stmt"/>
        <line num="273" count="0" type="stmt"/>
        <line num="274" count="0" type="stmt"/>
        <line num="275" count="0" type="stmt"/>
        <line num="277" count="0" type="stmt"/>
        <line num="284" count="0" type="stmt"/>
        <line num="292" count="0" type="stmt"/>
        <line num="296" count="0" type="stmt"/>
        <line num="297" count="0" type="stmt"/>
        <line num="298" count="0" type="stmt"/>
        <line num="300" count="0" type="stmt"/>
        <line num="306" count="0" type="stmt"/>
        <line num="314" count="0" type="stmt"/>
        <line num="318" count="0" type="stmt"/>
        <line num="319" count="0" type="stmt"/>
        <line num="320" count="0" type="stmt"/>
        <line num="321" count="0" type="stmt"/>
        <line num="323" count="0" type="stmt"/>
        <line num="329" count="0" type="stmt"/>
        <line num="330" count="0" type="stmt"/>
        <line num="331" count="0" type="stmt"/>
        <line num="333" count="0" type="stmt"/>
        <line num="339" count="0" type="stmt"/>
        <line num="348" count="0" type="stmt"/>
        <line num="352" count="0" type="stmt"/>
        <line num="353" count="0" type="stmt"/>
        <line num="354" count="0" type="stmt"/>
        <line num="355" count="0" type="stmt"/>
        <line num="364" count="0" type="stmt"/>
        <line num="368" count="0" type="stmt"/>
        <line num="369" count="0" type="stmt"/>
        <line num="370" count="0" type="stmt"/>
        <line num="372" count="0" type="stmt"/>
        <line num="380" count="0" type="stmt"/>
        <line num="389" count="0" type="stmt"/>
        <line num="393" count="0" type="stmt"/>
        <line num="394" count="0" type="stmt"/>
        <line num="395" count="0" type="stmt"/>
        <line num="397" count="0" type="stmt"/>
        <line num="403" count="0" type="stmt"/>
        <line num="412" count="0" type="stmt"/>
        <line num="416" count="0" type="stmt"/>
        <line num="417" count="0" type="stmt"/>
        <line num="418" count="0" type="stmt"/>
        <line num="419" count="0" type="stmt"/>
        <line num="421" count="0" type="stmt"/>
        <line num="425" count="0" type="stmt"/>
        <line num="426" count="0" type="stmt"/>
        <line num="427" count="0" type="stmt"/>
        <line num="428" count="0" type="stmt"/>
        <line num="430" count="0" type="stmt"/>
        <line num="434" count="0" type="stmt"/>
        <line num="435" count="0" type="stmt"/>
        <line num="436" count="0" type="stmt"/>
        <line num="437" count="0" type="stmt"/>
        <line num="439" count="0" type="stmt"/>
        <line num="445" count="0" type="stmt"/>
        <line num="446" count="0" type="stmt"/>
        <line num="447" count="0" type="stmt"/>
        <line num="449" count="0" type="stmt"/>
        <line num="460" count="0" type="stmt"/>
        <line num="462" count="0" type="stmt"/>
        <line num="477" count="0" type="stmt"/>
        <line num="483" count="0" type="stmt"/>
        <line num="484" count="0" type="stmt"/>
        <line num="485" count="0" type="stmt"/>
        <line num="487" count="0" type="stmt"/>
        <line num="492" count="0" type="stmt"/>
        <line num="501" count="0" type="stmt"/>
        <line num="505" count="0" type="stmt"/>
        <line num="506" count="0" type="stmt"/>
        <line num="507" count="0" type="stmt"/>
        <line num="508" count="0" type="stmt"/>
        <line num="517" count="0" type="stmt"/>
        <line num="521" count="0" type="stmt"/>
        <line num="522" count="0" type="stmt"/>
        <line num="523" count="0" type="stmt"/>
        <line num="525" count="0" type="stmt"/>
        <line num="532" count="0" type="stmt"/>
        <line num="541" count="0" type="stmt"/>
        <line num="545" count="0" type="stmt"/>
        <line num="546" count="0" type="stmt"/>
        <line num="547" count="0" type="stmt"/>
        <line num="549" count="0" type="stmt"/>
        <line num="555" count="0" type="stmt"/>
        <line num="563" count="0" type="stmt"/>
        <line num="567" count="0" type="stmt"/>
        <line num="568" count="0" type="stmt"/>
        <line num="569" count="0" type="stmt"/>
        <line num="570" count="0" type="stmt"/>
        <line num="572" count="0" type="stmt"/>
        <line num="576" count="0" type="stmt"/>
        <line num="577" count="0" type="stmt"/>
        <line num="578" count="0" type="stmt"/>
        <line num="579" count="0" type="stmt"/>
        <line num="581" count="0" type="stmt"/>
        <line num="585" count="0" type="stmt"/>
        <line num="586" count="0" type="stmt"/>
        <line num="587" count="0" type="stmt"/>
        <line num="588" count="0" type="stmt"/>
        <line num="590" count="0" type="stmt"/>
        <line num="594" count="0" type="stmt"/>
        <line num="595" count="0" type="stmt"/>
        <line num="596" count="0" type="stmt"/>
        <line num="597" count="0" type="stmt"/>
        <line num="599" count="0" type="stmt"/>
        <line num="605" count="0" type="stmt"/>
        <line num="606" count="0" type="stmt"/>
        <line num="607" count="0" type="stmt"/>
        <line num="612" count="0" type="stmt"/>
        <line num="615" count="0" type="stmt"/>
        <line num="618" count="0" type="stmt"/>
        <line num="624" count="0" type="stmt"/>
        <line num="631" count="0" type="stmt"/>
        <line num="635" count="0" type="stmt"/>
        <line num="636" count="0" type="stmt"/>
        <line num="637" count="0" type="stmt"/>
        <line num="639" count="0" type="stmt"/>
        <line num="646" count="0" type="stmt"/>
        <line num="652" count="0" type="stmt"/>
        <line num="653" count="0" type="stmt"/>
        <line num="654" count="0" type="stmt"/>
        <line num="655" count="0" type="stmt"/>
        <line num="657" count="0" type="stmt"/>
        <line num="659" count="0" type="stmt"/>
        <line num="663" count="0" type="stmt"/>
        <line num="664" count="0" type="stmt"/>
        <line num="665" count="0" type="stmt"/>
        <line num="666" count="0" type="stmt"/>
        <line num="668" count="0" type="stmt"/>
        <line num="669" count="0" type="cond" truecount="0" falsecount="2"/>
        <line num="670" count="0" type="cond" truecount="0" falsecount="2"/>
        <line num="671" count="0" type="cond" truecount="0" falsecount="2"/>
        <line num="672" count="0" type="cond" truecount="0" falsecount="2"/>
        <line num="673" count="0" type="cond" truecount="0" falsecount="2"/>
        <line num="674" count="0" type="cond" truecount="0" falsecount="2"/>
        <line num="675" count="0" type="cond" truecount="0" falsecount="2"/>
        <line num="676" count="0" type="cond" truecount="0" falsecount="2"/>
        <line num="677" count="0" type="cond" truecount="0" falsecount="2"/>
        <line num="679" count="0" type="stmt"/>
        <line num="681" count="0" type="stmt"/>
        <line num="683" count="0" type="stmt"/>
        <line num="687" count="0" type="stmt"/>
        <line num="688" count="0" type="stmt"/>
        <line num="689" count="0" type="stmt"/>
        <line num="690" count="0" type="stmt"/>
        <line num="692" count="0" type="stmt"/>
        <line num="694" count="0" type="stmt"/>
        <line num="700" count="0" type="stmt"/>
        <line num="701" count="0" type="stmt"/>
        <line num="702" count="0" type="cond" truecount="0" falsecount="2"/>
        <line num="704" count="0" type="stmt"/>
        <line num="711" count="0" type="stmt"/>
        <line num="716" count="0" type="stmt"/>
        <line num="720" count="0" type="stmt"/>
        <line num="721" count="0" type="stmt"/>
        <line num="722" count="0" type="stmt"/>
        <line num="724" count="0" type="cond" truecount="0" falsecount="5"/>
        <line num="725" count="0" type="stmt"/>
        <line num="730" count="0" type="stmt"/>
        <line num="736" count="0" type="stmt"/>
        <line num="742" count="0" type="stmt"/>
        <line num="748" count="0" type="stmt"/>
        <line num="749" count="0" type="stmt"/>
        <line num="753" count="0" type="stmt"/>
        <line num="754" count="0" type="stmt"/>
        <line num="755" count="0" type="cond" truecount="0" falsecount="2"/>
        <line num="760" count="0" type="stmt"/>
      </file>
      <file name="api.js" path="/home/khchoi/external-projects/kita-ax/src/routes/api.js">
        <metrics statements="152" coveredstatements="0" conditionals="105" coveredconditionals="0" methods="40" coveredmethods="0"/>
        <line num="1" count="0" type="stmt"/>
        <line num="2" count="0" type="stmt"/>
        <line num="3" count="0" type="stmt"/>
        <line num="4" count="0" type="stmt"/>
        <line num="5" count="0" type="stmt"/>
        <line num="8" count="0" type="stmt"/>
        <line num="9" count="0" type="stmt"/>
        <line num="13" count="0" type="stmt"/>
        <line num="14" count="0" type="stmt"/>
        <line num="16" count="0" type="stmt"/>
        <line num="26" count="0" type="stmt"/>
        <line num="33" count="0" type="stmt"/>
        <line num="34" count="0" type="stmt"/>
        <line num="35" count="0" type="cond" truecount="0" falsecount="2"/>
        <line num="36" count="0" type="stmt"/>
        <line num="38" count="0" type="stmt"/>
        <line num="41" count="0" type="stmt"/>
        <line num="42" count="0" type="stmt"/>
        <line num="43" count="0" type="cond" truecount="0" falsecount="4"/>
        <line num="44" count="0" type="stmt"/>
        <line num="47" count="0" type="stmt"/>
        <line num="57" count="0" type="stmt"/>
        <line num="58" count="0" type="stmt"/>
        <line num="61" count="0" type="stmt"/>
        <line num="62" count="0" type="stmt"/>
        <line num="63" count="0" type="cond" truecount="0" falsecount="2"/>
        <line num="64" count="0" type="stmt"/>
        <line num="67" count="0" type="stmt"/>
        <line num="68" count="0" type="cond" truecount="0" falsecount="2"/>
        <line num="69" count="0" type="cond" truecount="0" falsecount="2"/>
        <line num="70" count="0" type="cond" truecount="0" falsecount="2"/>
        <line num="72" count="0" type="stmt"/>
        <line num="75" count="0" type="stmt"/>
        <line num="76" count="0" type="stmt"/>
        <line num="77" count="0" type="cond" truecount="0" falsecount="2"/>
        <line num="78" count="0" type="stmt"/>
        <line num="81" count="0" type="stmt"/>
        <line num="82" count="0" type="stmt"/>
        <line num="87" count="0" type="stmt"/>
        <line num="88" count="0" type="stmt"/>
        <line num="90" count="0" type="stmt"/>
        <line num="100" count="0" type="stmt"/>
        <line num="107" count="0" type="stmt"/>
        <line num="108" count="0" type="stmt"/>
        <line num="109" count="0" type="cond" truecount="0" falsecount="2"/>
        <line num="110" count="0" type="stmt"/>
        <line num="112" count="0" type="stmt"/>
        <line num="115" count="0" type="stmt"/>
        <line num="116" count="0" type="stmt"/>
        <line num="117" count="0" type="cond" truecount="0" falsecount="5"/>
        <line num="118" count="0" type="stmt"/>
        <line num="121" count="0" type="stmt"/>
        <line num="131" count="0" type="stmt"/>
        <line num="132" count="0" type="stmt"/>
        <line num="135" count="0" type="stmt"/>
        <line num="136" count="0" type="stmt"/>
        <line num="137" count="0" type="cond" truecount="0" falsecount="2"/>
        <line num="138" count="0" type="stmt"/>
        <line num="141" count="0" type="stmt"/>
        <line num="142" count="0" type="cond" truecount="0" falsecount="2"/>
        <line num="143" count="0" type="cond" truecount="0" falsecount="2"/>
        <line num="144" count="0" type="cond" truecount="0" falsecount="2"/>
        <line num="146" count="0" type="stmt"/>
        <line num="149" count="0" type="stmt"/>
        <line num="150" count="0" type="stmt"/>
        <line num="151" count="0" type="cond" truecount="0" falsecount="2"/>
        <line num="152" count="0" type="stmt"/>
        <line num="155" count="0" type="stmt"/>
        <line num="156" count="0" type="stmt"/>
        <line num="161" count="0" type="stmt"/>
        <line num="162" count="0" type="stmt"/>
        <line num="164" count="0" type="stmt"/>
        <line num="171" count="0" type="stmt"/>
        <line num="177" count="0" type="stmt"/>
        <line num="178" count="0" type="stmt"/>
        <line num="179" count="0" type="cond" truecount="0" falsecount="2"/>
        <line num="180" count="0" type="stmt"/>
        <line num="182" count="0" type="stmt"/>
        <line num="185" count="0" type="stmt"/>
        <line num="186" count="0" type="stmt"/>
        <line num="187" count="0" type="cond" truecount="0" falsecount="5"/>
        <line num="188" count="0" type="stmt"/>
        <line num="191" count="0" type="stmt"/>
        <line num="198" count="0" type="stmt"/>
        <line num="199" count="0" type="stmt"/>
        <line num="204" count="0" type="stmt"/>
        <line num="205" count="0" type="stmt"/>
        <line num="207" count="0" type="stmt"/>
        <line num="215" count="0" type="stmt"/>
        <line num="221" count="0" type="stmt"/>
        <line num="222" count="0" type="stmt"/>
        <line num="223" count="0" type="cond" truecount="0" falsecount="2"/>
        <line num="224" count="0" type="stmt"/>
        <line num="226" count="0" type="stmt"/>
        <line num="229" count="0" type="stmt"/>
        <line num="230" count="0" type="stmt"/>
        <line num="231" count="0" type="cond" truecount="0" falsecount="6"/>
        <line num="232" count="0" type="stmt"/>
        <line num="235" count="0" type="stmt"/>
        <line num="243" count="0" type="stmt"/>
        <line num="244" count="0" type="stmt"/>
        <line num="249" count="0" type="stmt"/>
        <line num="250" count="0" type="stmt"/>
        <line num="252" count="0" type="stmt"/>
        <line num="260" count="0" type="stmt"/>
        <line num="266" count="0" type="stmt"/>
        <line num="267" count="0" type="stmt"/>
        <line num="268" count="0" type="cond" truecount="0" falsecount="2"/>
        <line num="269" count="0" type="stmt"/>
        <line num="271" count="0" type="stmt"/>
        <line num="274" count="0" type="stmt"/>
        <line num="275" count="0" type="stmt"/>
        <line num="276" count="0" type="cond" truecount="0" falsecount="5"/>
        <line num="277" count="0" type="stmt"/>
        <line num="280" count="0" type="stmt"/>
        <line num="288" count="0" type="stmt"/>
        <line num="289" count="0" type="stmt"/>
        <line num="294" count="0" type="stmt"/>
        <line num="295" count="0" type="stmt"/>
        <line num="297" count="0" type="stmt"/>
        <line num="307" count="0" type="stmt"/>
        <line num="316" count="0" type="stmt"/>
        <line num="317" count="0" type="stmt"/>
        <line num="319" count="0" type="stmt"/>
        <line num="327" count="0" type="stmt"/>
        <line num="333" count="0" type="stmt"/>
        <line num="334" count="0" type="stmt"/>
        <line num="335" count="0" type="cond" truecount="0" falsecount="2"/>
        <line num="336" count="0" type="stmt"/>
        <line num="338" count="0" type="stmt"/>
        <line num="341" count="0" type="stmt"/>
        <line num="342" count="0" type="stmt"/>
        <line num="343" count="0" type="cond" truecount="0" falsecount="4"/>
        <line num="344" count="0" type="stmt"/>
        <line num="347" count="0" type="stmt"/>
        <line num="356" count="0" type="stmt"/>
        <line num="357" count="0" type="stmt"/>
        <line num="362" count="0" type="stmt"/>
        <line num="363" count="0" type="stmt"/>
        <line num="371" count="0" type="stmt"/>
        <line num="372" count="0" type="stmt"/>
        <line num="374" count="0" type="stmt"/>
        <line num="382" count="0" type="stmt"/>
        <line num="390" count="0" type="stmt"/>
        <line num="391" count="0" type="stmt"/>
        <line num="395" count="0" type="stmt"/>
        <line num="402" count="0" type="stmt"/>
        <line num="403" count="0" type="stmt"/>
        <line num="409" count="0" type="stmt"/>
        <line num="417" count="0" type="stmt"/>
        <line num="418" count="0" type="stmt"/>
        <line num="425" count="0" type="stmt"/>
      </file>
      <file name="auth.js" path="/home/khchoi/external-projects/kita-ax/src/routes/auth.js">
        <metrics statements="180" coveredstatements="0" conditionals="81" coveredconditionals="0" methods="15" coveredmethods="0"/>
        <line num="5" count="0" type="stmt"/>
        <line num="6" count="0" type="stmt"/>
        <line num="7" count="0" type="stmt"/>
        <line num="8" count="0" type="stmt"/>
        <line num="9" count="0" type="stmt"/>
        <line num="10" count="0" type="stmt"/>
        <line num="11" count="0" type="stmt"/>
        <line num="12" count="0" type="stmt"/>
        <line num="13" count="0" type="stmt"/>
        <line num="14" count="0" type="stmt"/>
        <line num="15" count="0" type="stmt"/>
        <line num="18" count="0" type="cond" truecount="0" falsecount="2"/>
        <line num="21" count="0" type="stmt"/>
        <line num="22" count="0" type="stmt"/>
        <line num="23" count="0" type="stmt"/>
        <line num="33" count="0" type="stmt"/>
        <line num="34" count="0" type="stmt"/>
        <line num="35" count="0" type="stmt"/>
        <line num="38" count="0" type="cond" truecount="0" falsecount="4"/>
        <line num="39" count="0" type="stmt"/>
        <line num="46" count="0" type="stmt"/>
        <line num="48" count="0" type="cond" truecount="0" falsecount="2"/>
        <line num="49" count="0" type="stmt"/>
        <line num="55" count="0" type="stmt"/>
        <line num="61" count="0" type="stmt"/>
        <line num="69" count="0" type="stmt"/>
        <line num="70" count="0" type="stmt"/>
        <line num="72" count="0" type="stmt"/>
        <line num="79" count="0" type="cond" truecount="0" falsecount="2"/>
        <line num="80" count="0" type="stmt"/>
        <line num="87" count="0" type="stmt"/>
        <line num="94" count="0" type="stmt"/>
        <line num="101" count="0" type="stmt"/>
        <line num="102" count="0" type="stmt"/>
        <line num="104" count="0" type="stmt"/>
        <line num="108" count="0" type="cond" truecount="0" falsecount="2"/>
        <line num="110" count="0" type="stmt"/>
        <line num="111" count="0" type="stmt"/>
        <line num="112" count="0" type="stmt"/>
        <line num="113" count="0" type="stmt"/>
        <line num="114" count="0" type="stmt"/>
        <line num="115" count="0" type="cond" truecount="0" falsecount="2"/>
        <line num="117" count="0" type="stmt"/>
        <line num="118" count="0" type="cond" truecount="0" falsecount="2"/>
        <line num="119" count="0" type="stmt"/>
        <line num="120" count="0" type="stmt"/>
        <line num="126" count="0" type="cond" truecount="0" falsecount="2"/>
        <line num="127" count="0" type="stmt"/>
        <line num="133" count="0" type="stmt"/>
        <line num="139" count="0" type="stmt"/>
        <line num="140" count="0" type="stmt"/>
        <line num="141" count="0" type="stmt"/>
        <line num="142" count="0" type="stmt"/>
        <line num="143" count="0" type="cond" truecount="0" falsecount="2"/>
        <line num="145" count="0" type="stmt"/>
        <line num="146" count="0" type="cond" truecount="0" falsecount="2"/>
        <line num="147" count="0" type="stmt"/>
        <line num="152" count="0" type="stmt"/>
        <line num="158" count="0" type="stmt"/>
        <line num="163" count="0" type="stmt"/>
        <line num="168" count="0" type="stmt"/>
        <line num="175" count="0" type="cond" truecount="0" falsecount="2"/>
        <line num="176" count="0" type="stmt"/>
        <line num="183" count="0" type="cond" truecount="0" falsecount="2"/>
        <line num="184" count="0" type="stmt"/>
        <line num="188" count="0" type="stmt"/>
        <line num="192" count="0" type="stmt"/>
        <line num="200" count="0" type="stmt"/>
        <line num="201" count="0" type="stmt"/>
        <line num="202" count="0" type="stmt"/>
        <line num="203" count="0" type="cond" truecount="0" falsecount="2"/>
        <line num="204" count="0" type="stmt"/>
        <line num="208" count="0" type="stmt"/>
        <line num="214" count="0" type="stmt"/>
        <line num="217" count="0" type="stmt"/>
        <line num="220" count="0" type="stmt"/>
        <line num="222" count="0" type="stmt"/>
        <line num="224" count="0" type="cond" truecount="0" falsecount="2"/>
        <line num="225" count="0" type="stmt"/>
        <line num="230" count="0" type="stmt"/>
        <line num="236" count="0" type="stmt"/>
        <line num="237" count="0" type="stmt"/>
        <line num="248" count="0" type="stmt"/>
        <line num="250" count="0" type="stmt"/>
        <line num="253" count="0" type="stmt"/>
        <line num="255" count="0" type="stmt"/>
        <line num="258" count="0" type="stmt"/>
        <line num="259" count="0" type="cond" truecount="0" falsecount="2"/>
        <line num="260" count="0" type="stmt"/>
        <line num="263" count="0" type="stmt"/>
        <line num="265" count="0" type="cond" truecount="0" falsecount="2"/>
        <line num="266" count="0" type="stmt"/>
        <line num="267" count="0" type="cond" truecount="0" falsecount="2"/>
        <line num="268" count="0" type="stmt"/>
        <line num="271" count="0" type="stmt"/>
        <line num="273" count="0" type="stmt"/>
        <line num="278" count="0" type="stmt"/>
        <line num="279" count="0" type="cond" truecount="0" falsecount="2"/>
        <line num="280" count="0" type="stmt"/>
        <line num="283" count="0" type="stmt"/>
        <line num="284" count="0" type="stmt"/>
        <line num="285" count="0" type="stmt"/>
        <line num="287" count="0" type="cond" truecount="0" falsecount="2"/>
        <line num="288" count="0" type="stmt"/>
        <line num="298" count="0" type="stmt"/>
        <line num="301" count="0" type="stmt"/>
        <line num="303" count="0" type="stmt"/>
        <line num="310" count="0" type="stmt"/>
        <line num="311" count="0" type="cond" truecount="0" falsecount="2"/>
        <line num="312" count="0" type="stmt"/>
        <line num="315" count="0" type="stmt"/>
        <line num="323" count="0" type="stmt"/>
        <line num="324" count="0" type="stmt"/>
        <line num="325" count="0" type="cond" truecount="0" falsecount="2"/>
        <line num="326" count="0" type="stmt"/>
        <line num="329" count="0" type="stmt"/>
        <line num="331" count="0" type="cond" truecount="0" falsecount="2"/>
        <line num="332" count="0" type="stmt"/>
        <line num="336" count="0" type="stmt"/>
        <line num="338" count="0" type="cond" truecount="0" falsecount="2"/>
        <line num="339" count="0" type="stmt"/>
        <line num="342" count="0" type="stmt"/>
        <line num="343" count="0" type="stmt"/>
        <line num="346" count="0" type="cond" truecount="0" falsecount="2"/>
        <line num="347" count="0" type="stmt"/>
        <line num="348" count="0" type="cond" truecount="0" falsecount="2"/>
        <line num="349" count="0" type="stmt"/>
        <line num="350" count="0" type="stmt"/>
        <line num="353" count="0" type="cond" truecount="0" falsecount="2"/>
        <line num="354" count="0" type="stmt"/>
        <line num="363" count="0" type="stmt"/>
        <line num="370" count="0" type="stmt"/>
        <line num="371" count="0" type="stmt"/>
        <line num="372" count="0" type="stmt"/>
        <line num="373" count="0" type="stmt"/>
        <line num="374" count="0" type="stmt"/>
        <line num="375" count="0" type="stmt"/>
        <line num="378" count="0" type="stmt"/>
        <line num="387" count="0" type="stmt"/>
        <line num="388" count="0" type="cond" truecount="0" falsecount="2"/>
        <line num="389" count="0" type="stmt"/>
        <line num="390" count="0" type="stmt"/>
        <line num="393" count="0" type="cond" truecount="0" falsecount="2"/>
        <line num="394" count="0" type="stmt"/>
        <line num="400" count="0" type="stmt"/>
        <line num="404" count="0" type="stmt"/>
        <line num="405" count="0" type="stmt"/>
        <line num="410" count="0" type="stmt"/>
        <line num="411" count="0" type="stmt"/>
        <line num="412" count="0" type="stmt"/>
        <line num="414" count="0" type="stmt"/>
        <line num="422" count="0" type="stmt"/>
        <line num="423" count="0" type="stmt"/>
        <line num="428" count="0" type="stmt"/>
        <line num="429" count="0" type="stmt"/>
        <line num="430" count="0" type="stmt"/>
        <line num="432" count="0" type="cond" truecount="0" falsecount="5"/>
        <line num="433" count="0" type="stmt"/>
        <line num="440" count="0" type="cond" truecount="0" falsecount="2"/>
        <line num="441" count="0" type="stmt"/>
        <line num="448" count="0" type="stmt"/>
        <line num="449" count="0" type="stmt"/>
        <line num="452" count="0" type="stmt"/>
        <line num="453" count="0" type="stmt"/>
        <line num="456" count="0" type="stmt"/>
        <line num="464" count="0" type="cond" truecount="0" falsecount="2"/>
        <line num="465" count="0" type="stmt"/>
        <line num="471" count="0" type="stmt"/>
        <line num="474" count="0" type="stmt"/>
        <line num="475" count="0" type="stmt"/>
        <line num="480" count="0" type="stmt"/>
        <line num="481" count="0" type="stmt"/>
        <line num="483" count="0" type="stmt"/>
        <line num="486" count="0" type="stmt"/>
        <line num="494" count="0" type="cond" truecount="0" falsecount="2"/>
        <line num="495" count="0" type="stmt"/>
        <line num="501" count="0" type="stmt"/>
        <line num="504" count="0" type="stmt"/>
        <line num="505" count="0" type="stmt"/>
        <line num="509" count="0" type="stmt"/>
      </file>
    </package>
    <package name="schemas">
      <metrics statements="63" coveredstatements="15" conditionals="61" coveredconditionals="0" methods="14" coveredmethods="0"/>
      <file name="serializers.js" path="/home/khchoi/external-projects/kita-ax/src/schemas/serializers.js">
        <metrics statements="15" coveredstatements="0" conditionals="10" coveredconditionals="0" methods="13" coveredmethods="0"/>
        <line num="3" count="0" type="stmt"/>
        <line num="4" count="0" type="stmt"/>
        <line num="14" count="0" type="stmt"/>
        <line num="24" count="0" type="stmt"/>
        <line num="31" count="0" type="stmt"/>
        <line num="39" count="0" type="stmt"/>
        <line num="47" count="0" type="stmt"/>
        <line num="57" count="0" type="stmt"/>
        <line num="66" count="0" type="stmt"/>
        <line num="74" count="0" type="stmt"/>
        <line num="83" count="0" type="stmt"/>
        <line num="95" count="0" type="cond" truecount="0" falsecount="1"/>
        <line num="101" count="0" type="cond" truecount="0" falsecount="1"/>
        <line num="110" count="0" type="stmt"/>
        <line num="121" count="0" type="stmt"/>
      </file>
      <file name="validation.js" path="/home/khchoi/external-projects/kita-ax/src/schemas/validation.js">
        <metrics statements="33" coveredstatements="0" conditionals="51" coveredconditionals="0" methods="1" coveredmethods="0"/>
        <line num="3" count="0" type="stmt"/>
        <line num="90" count="0" type="stmt"/>
        <line num="92" count="0" type="stmt"/>
        <line num="93" count="0" type="stmt"/>
        <line num="95" count="0" type="cond" truecount="0" falsecount="6"/>
        <line num="96" count="0" type="stmt"/>
        <line num="97" count="0" type="stmt"/>
        <line num="100" count="0" type="cond" truecount="0" falsecount="4"/>
        <line num="102" count="0" type="cond" truecount="0" falsecount="4"/>
        <line num="103" count="0" type="stmt"/>
        <line num="104" count="0" type="stmt"/>
        <line num="107" count="0" type="cond" truecount="0" falsecount="4"/>
        <line num="108" count="0" type="stmt"/>
        <line num="109" count="0" type="stmt"/>
        <line num="112" count="0" type="cond" truecount="0" falsecount="4"/>
        <line num="113" count="0" type="stmt"/>
        <line num="114" count="0" type="stmt"/>
        <line num="117" count="0" type="cond" truecount="0" falsecount="4"/>
        <line num="118" count="0" type="stmt"/>
        <line num="121" count="0" type="cond" truecount="0" falsecount="4"/>
        <line num="122" count="0" type="stmt"/>
        <line num="125" count="0" type="cond" truecount="0" falsecount="4"/>
        <line num="126" count="0" type="stmt"/>
        <line num="129" count="0" type="cond" truecount="0" falsecount="4"/>
        <line num="130" count="0" type="stmt"/>
        <line num="133" count="0" type="cond" truecount="0" falsecount="4"/>
        <line num="134" count="0" type="stmt"/>
        <line num="137" count="0" type="cond" truecount="0" falsecount="4"/>
        <line num="138" count="0" type="stmt"/>
        <line num="141" count="0" type="cond" truecount="0" falsecount="5"/>
        <line num="142" count="0" type="stmt"/>
        <line num="146" count="0" type="stmt"/>
        <line num="152" count="0" type="stmt"/>
      </file>
      <file name="validationSchemas.js" path="/home/khchoi/external-projects/kita-ax/src/schemas/validationSchemas.js">
        <metrics statements="15" coveredstatements="15" conditionals="0" coveredconditionals="0" methods="0" coveredmethods="0"/>
        <line num="1" count="2" type="stmt"/>
        <line num="4" count="2" type="stmt"/>
        <line num="23" count="2" type="stmt"/>
        <line num="34" count="2" type="stmt"/>
        <line num="44" count="2" type="stmt"/>
        <line num="59" count="2" type="stmt"/>
        <line num="82" count="2" type="stmt"/>
        <line num="101" count="2" type="stmt"/>
        <line num="126" count="2" type="stmt"/>
        <line num="150" count="2" type="stmt"/>
        <line num="176" count="2" type="stmt"/>
        <line num="195" count="2" type="stmt"/>
        <line num="205" count="2" type="stmt"/>
        <line num="227" count="2" type="stmt"/>
        <line num="236" count="2" type="stmt"/>
      </file>
    </package>
    <package name="scripts">
      <metrics statements="90" coveredstatements="0" conditionals="6" coveredconditionals="0" methods="7" coveredmethods="0"/>
      <file name="seed-database.js" path="/home/khchoi/external-projects/kita-ax/src/scripts/seed-database.js">
        <metrics statements="90" coveredstatements="0" conditionals="6" coveredconditionals="0" methods="7" coveredmethods="0"/>
        <line num="8" count="0" type="stmt"/>
        <line num="9" count="0" type="stmt"/>
        <line num="10" count="0" type="stmt"/>
        <line num="11" count="0" type="stmt"/>
        <line num="12" count="0" type="stmt"/>
        <line num="13" count="0" type="stmt"/>
        <line num="14" count="0" type="stmt"/>
        <line num="15" count="0" type="stmt"/>
        <line num="16" count="0" type="stmt"/>
        <line num="19" count="0" type="stmt"/>
        <line num="22" count="0" type="stmt"/>
        <line num="23" count="0" type="stmt"/>
        <line num="26" count="0" type="stmt"/>
        <line num="27" count="0" type="stmt"/>
        <line num="29" count="0" type="stmt"/>
        <line num="30" count="0" type="stmt"/>
        <line num="33" count="0" type="stmt"/>
        <line num="34" count="0" type="stmt"/>
        <line num="35" count="0" type="stmt"/>
        <line num="38" count="0" type="stmt"/>
        <line num="39" count="0" type="stmt"/>
[...]
        <line num="114" count="2" type="stmt"/>
        <line num="121" count="2" type="stmt"/>
        <line num="125" count="3" type="stmt"/>
      </file>
      <file name="oauthService.js" path="/home/khchoi/external-projects/kita-ax/src/services/oauthService.js">
        <metrics statements="37" coveredstatements="0" conditionals="18" coveredconditionals="0" methods="6" coveredmethods="0"/>
        <line num="5" count="0" type="stmt"/>
        <line num="12" count="0" type="stmt"/>
        <line num="16" count="0" type="cond" truecount="0" falsecount="2"/>
        <line num="17" count="0" type="stmt"/>
        <line num="18" count="0" type="stmt"/>
        <line num="19" count="0" type="stmt"/>
        <line num="20" count="0" type="cond" truecount="0" falsecount="2"/>
        <line num="21" count="0" type="cond" truecount="0" falsecount="2"/>
        <line num="22" count="0" type="stmt"/>
        <line num="23" count="0" type="stmt"/>
        <line num="26" count="0" type="stmt"/>
        <line num="42" count="0" type="stmt"/>
        <line num="51" count="0" type="stmt"/>
        <line num="62" count="0" type="stmt"/>
        <line num="66" count="0" type="cond" truecount="0" falsecount="4"/>
        <line num="67" count="0" type="stmt"/>
        <line num="71" count="0" type="stmt"/>
        <line num="87" count="0" type="stmt"/>
        <line num="91" count="0" type="stmt"/>
        <line num="99" count="0" type="stmt"/>
        <line num="101" count="0" type="cond" truecount="0" falsecount="2"/>
        <line num="103" count="0" type="stmt"/>
        <line num="107" count="0" type="cond" truecount="0" falsecount="2"/>
        <line num="108" count="0" type="stmt"/>
        <line num="112" count="0" type="stmt"/>
        <line num="114" count="0" type="stmt"/>
        <line num="122" count="0" type="stmt"/>
        <line num="126" count="0" type="cond" truecount="0" falsecount="2"/>
        <line num="128" count="0" type="stmt"/>
        <line num="135" count="0" type="stmt"/>
        <line num="137" count="0" type="stmt"/>
        <line num="145" count="0" type="cond" truecount="0" falsecount="2"/>
        <line num="146" count="0" type="stmt"/>
        <line num="156" count="0" type="stmt"/>
        <line num="167" count="0" type="stmt"/>
        <line num="174" count="0" type="stmt"/>
        <line num="178" count="0" type="stmt"/>
      </file>
      <file name="policyService.js" path="/home/khchoi/external-projects/kita-ax/src/services/policyService.js">
        <metrics statements="44" coveredstatements="0" conditionals="25" coveredconditionals="0" methods="10" coveredmethods="0"/>
        <line num="5" count="0" type="stmt"/>
        <line num="6" count="0" type="stmt"/>
        <line num="13" count="0" type="stmt"/>
        <line num="14" count="0" type="cond" truecount="0" falsecount="2"/>
        <line num="15" count="0" type="cond" truecount="0" falsecount="2"/>
        <line num="17" count="0" type="stmt"/>
        <line num="27" count="0" type="stmt"/>
        <line num="31" count="0" type="cond" truecount="0" falsecount="2"/>
        <line num="32" count="0" type="stmt"/>
        <line num="35" count="0" type="stmt"/>
        <line num="42" count="0" type="stmt"/>
        <line num="46" count="0" type="cond" truecount="0" falsecount="2"/>
        <line num="47" count="0" type="stmt"/>
        <line num="50" count="0" type="stmt"/>
        <line num="57" count="0" type="stmt"/>
        <line num="70" count="0" type="stmt"/>
        <line num="71" count="0" type="cond" truecount="0" falsecount="2"/>
        <line num="72" count="0" type="stmt"/>
        <line num="75" count="0" type="cond" truecount="0" falsecount="2"/>
        <line num="76" count="0" type="cond" truecount="0" falsecount="2"/>
        <line num="77" count="0" type="cond" truecount="0" falsecount="2"/>
        <line num="78" count="0" type="cond" truecount="0" falsecount="2"/>
        <line num="80" count="0" type="stmt"/>
        <line num="82" count="0" type="stmt"/>
        <line num="89" count="0" type="stmt"/>
        <line num="90" count="0" type="cond" truecount="0" falsecount="2"/>
        <line num="91" count="0" type="stmt"/>
        <line num="94" count="0" type="stmt"/>
        <line num="95" count="0" type="stmt"/>
        <line num="102" count="0" type="stmt"/>
        <line num="112" count="0" type="stmt"/>
        <line num="113" count="0" type="cond" truecount="0" falsecount="2"/>
        <line num="114" count="0" type="stmt"/>
        <line num="117" count="0" type="stmt"/>
        <line num="118" count="0" type="stmt"/>
        <line num="120" count="0" type="stmt"/>
        <line num="127" count="0" type="stmt"/>
        <line num="128" count="0" type="cond" truecount="0" falsecount="2"/>
        <line num="129" count="0" type="stmt"/>
        <line num="132" count="0" type="stmt"/>
        <line num="133" count="0" type="stmt"/>
        <line num="135" count="0" type="stmt"/>
        <line num="142" count="0" type="stmt"/>
        <line num="149" count="0" type="stmt"/>
      </file>
      <file name="preferencesService.js" path="/home/khchoi/external-projects/kita-ax/src/services/preferencesService.js">
        <metrics statements="51" coveredstatements="0" conditionals="43" coveredconditionals="0" methods="10" coveredmethods="0"/>
        <line num="5" count="0" type="stmt"/>
        <line num="12" count="0" type="stmt"/>
        <line num="16" count="0" type="cond" truecount="0" falsecount="2"/>
        <line num="17" count="0" type="stmt"/>
        <line num="35" count="0" type="stmt"/>
        <line num="42" count="0" type="stmt"/>
        <line num="46" count="0" type="cond" truecount="0" falsecount="2"/>
        <line num="47" count="0" type="stmt"/>
        <line num="55" count="0" type="cond" truecount="0" falsecount="4"/>
        <line num="56" count="0" type="stmt"/>
        <line num="60" count="0" type="cond" truecount="0" falsecount="4"/>
        <line num="61" count="0" type="stmt"/>
        <line num="65" count="0" type="cond" truecount="0" falsecount="5"/>
        <line num="66" count="0" type="stmt"/>
        <line num="70" count="0" type="cond" truecount="0" falsecount="4"/>
        <line num="71" count="0" type="stmt"/>
        <line num="75" count="0" type="stmt"/>
        <line num="88" count="0" type="stmt"/>
        <line num="89" count="0" type="cond" truecount="0" falsecount="2"/>
        <line num="90" count="0" type="stmt"/>
        <line num="94" count="0" type="stmt"/>
        <line num="95" count="0" type="stmt"/>
        <line num="102" count="0" type="stmt"/>
        <line num="109" count="0" type="stmt"/>
        <line num="113" count="0" type="cond" truecount="0" falsecount="2"/>
        <line num="114" count="0" type="stmt"/>
        <line num="130" count="0" type="stmt"/>
        <line num="137" count="0" type="stmt"/>
        <line num="138" count="0" type="cond" truecount="0" falsecount="2"/>
        <line num="145" count="0" type="cond" truecount="0" falsecount="4"/>
        <line num="146" count="0" type="stmt"/>
        <line num="149" count="0" type="stmt"/>
        <line num="150" count="0" type="stmt"/>
        <line num="151" count="0" type="cond" truecount="0" falsecount="2"/>
        <line num="152" count="0" type="stmt"/>
        <line num="155" count="0" type="stmt"/>
        <line num="164" count="0" type="stmt"/>
        <line num="165" count="0" type="stmt"/>
        <line num="178" count="0" type="stmt"/>
        <line num="180" count="0" type="cond" truecount="0" falsecount="2"/>
        <line num="181" count="0" type="stmt"/>
        <line num="183" count="0" type="cond" truecount="0" falsecount="2"/>
        <line num="184" count="0" type="stmt"/>
        <line num="186" count="0" type="cond" truecount="0" falsecount="2"/>
        <line num="187" count="0" type="stmt"/>
        <line num="189" count="0" type="cond" truecount="0" falsecount="2"/>
        <line num="190" count="0" type="stmt"/>
        <line num="192" count="0" type="cond" truecount="0" falsecount="2"/>
        <line num="193" count="0" type="stmt"/>
        <line num="196" count="0" type="stmt"/>
        <line num="200" count="0" type="stmt"/>
      </file>
      <file name="roleService.js" path="/home/khchoi/external-projects/kita-ax/src/services/roleService.js">
        <metrics statements="45" coveredstatements="0" conditionals="25" coveredconditionals="0" methods="10" coveredmethods="0"/>
        <line num="5" count="0" type="stmt"/>
        <line num="6" count="0" type="stmt"/>
        <line num="13" count="0" type="stmt"/>
        <line num="23" count="0" type="stmt"/>
        <line num="27" count="0" type="cond" truecount="0" falsecount="2"/>
        <line num="28" count="0" type="stmt"/>
        <line num="31" count="0" type="stmt"/>
        <line num="38" count="0" type="stmt"/>
        <line num="42" count="0" type="cond" truecount="0" falsecount="2"/>
        <line num="43" count="0" type="stmt"/>
        <line num="46" count="0" type="stmt"/>
        <line num="54" count="0" type="stmt"/>
        <line num="55" count="0" type="cond" truecount="0" falsecount="2"/>
        <line num="56" count="0" type="stmt"/>
        <line num="59" count="0" type="stmt"/>
        <line num="71" count="0" type="stmt"/>
        <line num="72" count="0" type="cond" truecount="0" falsecount="2"/>
        <line num="73" count="0" type="stmt"/>
        <line num="76" count="0" type="cond" truecount="0" falsecount="2"/>
        <line num="77" count="0" type="cond" truecount="0" falsecount="2"/>
        <line num="79" count="0" type="stmt"/>
        <line num="81" count="0" type="stmt"/>
        <line num="88" count="0" type="stmt"/>
        <line num="89" count="0" type="cond" truecount="0" falsecount="2"/>
        <line num="90" count="0" type="stmt"/>
        <line num="93" count="0" type="stmt"/>
        <line num="94" count="0" type="stmt"/>
        <line num="101" count="0" type="stmt"/>
        <line num="105" count="0" type="cond" truecount="0" falsecount="2"/>
        <line num="106" count="0" type="stmt"/>
        <line num="109" count="0" type="cond" truecount="0" falsecount="2"/>
        <line num="116" count="0" type="stmt"/>
        <line num="117" count="0" type="cond" truecount="0" falsecount="2"/>
        <line num="118" count="0" type="stmt"/>
        <line num="121" count="0" type="cond" truecount="0" falsecount="2"/>
        <line num="122" count="0" type="stmt"/>
        <line num="123" count="0" type="stmt"/>
        <line num="126" count="0" type="stmt"/>
        <line num="133" count="0" type="stmt"/>
        <line num="134" count="0" type="cond" truecount="0" falsecount="2"/>
        <line num="135" count="0" type="stmt"/>
        <line num="138" count="0" type="stmt"/>
        <line num="139" count="0" type="stmt"/>
        <line num="141" count="0" type="stmt"/>
        <line num="145" count="0" type="stmt"/>
      </file>
      <file name="twoFactorService.js" path="/home/khchoi/external-projects/kita-ax/src/services/twoFactorService.js">
        <metrics statements="40" coveredstatements="30" conditionals="16" coveredconditionals="10" methods="8" coveredmethods="5"/>
        <line num="6" count="1" type="stmt"/>
        <line num="7" count="1" type="stmt"/>
        <line num="8" count="1" type="stmt"/>
        <line num="9" count="1" type="stmt"/>
        <line num="10" count="1" type="stmt"/>
        <line num="20" count="4" type="stmt"/>
        <line num="27" count="4" type="stmt"/>
        <line num="28" count="4" type="stmt"/>
        <line num="29" count="32" type="stmt"/>
        <line num="33" count="4" type="stmt"/>
        <line num="35" count="4" type="stmt"/>
        <line num="50" count="6" type="cond" truecount="4" falsecount="0"/>
        <line num="52" count="2" type="stmt"/>
        <line num="53" count="2" type="stmt"/>
        <line num="60" count="0" type="stmt"/>
        <line num="61" count="0" type="stmt"/>
        <line num="71" count="4" type="stmt"/>
        <line num="72" count="4" type="stmt"/>
        <line num="73" count="5" type="stmt"/>
        <line num="74" count="5" type="stmt"/>
        <line num="76" count="4" type="stmt"/>
        <line num="86" count="4" type="cond" truecount="4" falsecount="0"/>
        <line num="87" count="1" type="stmt"/>
        <line num="90" count="3" type="stmt"/>
        <line num="91" count="3" type="stmt"/>
        <line num="92" count="3" type="stmt"/>
        <line num="94" count="3" type="cond" truecount="2" falsecount="0"/>
        <line num="96" count="3" type="stmt"/>
        <line num="97" count="2" type="stmt"/>
        <line num="98" count="2" type="stmt"/>
        <line num="102" count="1" type="stmt"/>
        <line num="113" count="0" type="stmt"/>
        <line num="114" count="0" type="cond" truecount="0" falsecount="2"/>
        <line num="116" count="0" type="stmt"/>
        <line num="129" count="0" type="stmt"/>
        <line num="130" count="0" type="cond" truecount="0" falsecount="2"/>
        <line num="132" count="0" type="stmt"/>
        <line num="145" count="0" type="stmt"/>
        <line num="146" count="0" type="cond" truecount="0" falsecount="2"/>
        <line num="150" count="1" type="stmt"/>
      </file>
      <file name="userService.js" path="/home/khchoi/external-projects/kita-ax/src/services/userService.js">
        <metrics statements="59" coveredstatements="49" conditionals="40" coveredconditionals="27" methods="10" coveredmethods="9"/>
        <line num="5" count="1" type="stmt"/>
        <line num="6" count="1" type="stmt"/>
        <line num="7" count="1" type="stmt"/>
        <line num="14" count="4" type="stmt"/>
        <line num="15" count="4" type="stmt"/>
        <line num="17" count="4" type="stmt"/>
        <line num="19" count="4" type="cond" truecount="2" falsecount="0"/>
        <line num="20" count="4" type="cond" truecount="1" falsecount="1"/>
        <line num="22" count="4" type="cond" truecount="2" falsecount="0"/>
        <line num="23" count="1" type="stmt"/>
        <line num="29" count="4" type="cond" truecount="2" falsecount="2"/>
        <line num="31" count="4" type="stmt"/>
        <line num="39" count="4" type="stmt"/>
        <line num="56" count="7" type="stmt"/>
        <line num="61" count="7" type="cond" truecount="2" falsecount="0"/>
        <line num="62" count="1" type="stmt"/>
        <line num="65" count="6" type="stmt"/>
        <line num="72" count="3" type="stmt"/>
        <line num="76" count="3" type="cond" truecount="2" falsecount="0"/>
        <line num="77" count="1" type="stmt"/>
        <line num="80" count="2" type="stmt"/>
        <line num="88" count="3" type="stmt"/>
        <line num="89" count="3" type="cond" truecount="1" falsecount="1"/>
        <line num="90" count="0" type="stmt"/>
        <line num="94" count="3" type="stmt"/>
        <line num="96" count="3" type="stmt"/>
        <line num="105" count="3" type="stmt"/>
        <line num="112" count="2" type="stmt"/>
        <line num="113" count="2" type="cond" truecount="2" falsecount="0"/>
        <line num="114" count="1" type="stmt"/>
        <line num="117" count="1" type="cond" truecount="1" falsecount="1"/>
        <line num="118" count="1" type="cond" truecount="1" falsecount="1"/>
        <line num="119" count="1" type="cond" truecount="1" falsecount="1"/>
        <line num="121" count="1" type="stmt"/>
        <line num="123" count="1" type="stmt"/>
        <line num="130" count="0" type="stmt"/>
        <line num="131" count="0" type="cond" truecount="0" falsecount="2"/>
        <line num="132" count="0" type="stmt"/>
        <line num="136" count="0" type="stmt"/>
        <line num="137" count="0" type="cond" truecount="0" falsecount="2"/>
        <line num="138" count="0" type="stmt"/>
        <line num="142" count="0" type="stmt"/>
        <line num="143" count="0" type="stmt"/>
        <line num="145" count="0" type="stmt"/>
        <line num="152" count="3" type="stmt"/>
        <line num="153" count="3" type="cond" truecount="2" falsecount="0"/>
        <line num="154" count="1" type="stmt"/>
        <line num="157" count="2" type="stmt"/>
        <line num="164" count="2" type="stmt"/>
        <line num="165" count="2" type="cond" truecount="2" falsecount="0"/>
        <line num="166" count="1" type="stmt"/>
        <line num="169" count="1" type="stmt"/>
        <line num="170" count="1" type="stmt"/>
        <line num="177" count="2" type="stmt"/>
        <line num="178" count="2" type="cond" truecount="2" falsecount="0"/>
        <line num="179" count="1" type="stmt"/>
        <line num="180" count="1" type="stmt"/>
        <line num="188" count="2" type="stmt"/>
        <line num="194" count="1" type="stmt"/>
      </file>
    </package>
    <package name="utils">
      <metrics statements="46" coveredstatements="0" conditionals="66" coveredconditionals="0" methods="9" coveredmethods="0"/>
      <file name="pagination.js" path="/home/khchoi/external-projects/kita-ax/src/utils/pagination.js">
        <metrics statements="46" coveredstatements="0" conditionals="66" coveredconditionals="0" methods="9" coveredmethods="0"/>
        <line num="4" count="0" type="cond" truecount="0" falsecount="2"/>
        <line num="5" count="0" type="cond" truecount="0" falsecount="2"/>
        <line num="7" count="0" type="stmt"/>
        <line num="8" count="0" type="stmt"/>
        <line num="9" count="0" type="stmt"/>
        <line num="10" count="0" type="stmt"/>
        <line num="12" count="0" type="stmt"/>
        <line num="26" count="0" type="stmt"/>
        <line num="27" count="0" type="stmt"/>
        <line num="28" count="0" type="cond" truecount="0" falsecount="5"/>
        <line num="30" count="0" type="stmt"/>
        <line num="32" count="0" type="cond" truecount="0" falsecount="2"/>
        <line num="33" count="0" type="cond" truecount="0" falsecount="2"/>
        <line num="34" count="0" type="stmt"/>
        <line num="36" count="0" type="cond" truecount="0" falsecount="2"/>
        <line num="37" count="0" type="stmt"/>
        <line num="40" count="0" type="stmt"/>
        <line num="45" count="0" type="cond" truecount="0" falsecount="4"/>
        <line num="47" count="0" type="stmt"/>
        <line num="48" count="0" type="stmt"/>
        <line num="49" count="0" type="stmt"/>
        <line num="50" count="0" type="stmt"/>
        <line num="51" count="0" type="cond" truecount="0" falsecount="4"/>
        <line num="52" count="0" type="stmt"/>
        <line num="58" count="0" type="cond" truecount="0" falsecount="2"/>
        <line num="60" count="0" type="stmt"/>
        <line num="61" count="0" type="stmt"/>
        <line num="62" count="0" type="stmt"/>
        <line num="64" count="0" type="cond" truecount="0" falsecount="4"/>
        <line num="65" count="0" type="cond" truecount="0" falsecount="4"/>
        <line num="67" count="0" type="cond" truecount="0" falsecount="2"/>
        <line num="68" count="0" type="cond" truecount="0" falsecount="2"/>
        <line num="73" count="0" type="cond" truecount="0" falsecount="4"/>
        <line num="74" count="0" type="cond" truecount="0" falsecount="4"/>
        <line num="75" count="0" type="stmt"/>
        <line num="78" count="0" type="stmt"/>
        <line num="90" count="0" type="stmt"/>
        <line num="92" count="0" type="stmt"/>
        <line num="94" count="0" type="cond" truecount="0" falsecount="2"/>
        <line num="95" count="0" type="stmt"/>
        <line num="98" count="0" type="cond" truecount="0" falsecount="4"/>
        <line num="99" count="0" type="stmt"/>
        <line num="102" count="0" type="cond" truecount="0" falsecount="2"/>
        <line num="103" count="0" type="stmt"/>
        <line num="106" count="0" type="stmt"/>
        <line num="109" count="0" type="stmt"/>
      </file>
    </package>
  </project>
</coverage>
