{"/home/khchoi/external-projects/kita-ax/src/config/database.js": {"path":"/home/khchoi/external-projects/kita-ax/src/config/database.js","statementMap":{"0":{"start":{"line":6,"column":22},"end":{"line":6,"column":42}},"1":{"start":{"line":9,"column":15},"end":{"line":83,"column":1}},"2":{"start":{"line":85,"column":12},"end":{"line":85,"column":49}},"3":{"start":{"line":86,"column":17},"end":{"line":86,"column":28}},"4":{"start":{"line":89,"column":18},"end":{"line":94,"column":1}},"5":{"start":{"line":98,"column":2},"end":{"line":105,"column":3}},"6":{"start":{"line":99,"column":4},"end":{"line":99,"column":35}},"7":{"start":{"line":100,"column":4},"end":{"line":100,"column":66}},"8":{"start":{"line":101,"column":4},"end":{"line":101,"column":16}},"9":{"start":{"line":103,"column":4},"end":{"line":103,"column":73}},"10":{"start":{"line":104,"column":4},"end":{"line":104,"column":17}},"11":{"start":{"line":110,"column":2},"end":{"line":117,"column":3}},"12":{"start":{"line":111,"column":4},"end":{"line":111,"column":36}},"13":{"start":{"line":112,"column":4},"end":{"line":112,"column":56}},"14":{"start":{"line":113,"column":4},"end":{"line":113,"column":16}},"15":{"start":{"line":115,"column":4},"end":{"line":115,"column":71}},"16":{"start":{"line":116,"column":4},"end":{"line":116,"column":17}},"17":{"start":{"line":122,"column":2},"end":{"line":127,"column":3}},"18":{"start":{"line":123,"column":4},"end":{"line":123,"column":28}},"19":{"start":{"line":124,"column":4},"end":{"line":124,"column":46}},"20":{"start":{"line":126,"column":4},"end":{"line":126,"column":71}},"21":{"start":{"line":130,"column":0},"end":{"line":136,"column":2}}},"fnMap":{"0":{"name":"testConnection","decl":{"start":{"line":97,"column":15},"end":{"line":97,"column":29}},"loc":{"start":{"line":97,"column":32},"end":{"line":106,"column":1}},"line":97},"1":{"name":"syncDatabase","decl":{"start":{"line":109,"column":15},"end":{"line":109,"column":27}},"loc":{"start":{"line":109,"column":43},"end":{"line":118,"column":1}},"line":109},"2":{"name":"closeConnection","decl":{"start":{"line":121,"column":15},"end":{"line":121,"column":30}},"loc":{"start":{"line":121,"column":33},"end":{"line":128,"column":1}},"line":121}},"branchMap":{"0":{"loc":{"start":{"line":11,"column":14},"end":{"line":11,"column":43}},"type":"binary-expr","locations":[{"start":{"line":11,"column":14},"end":{"line":11,"column":33}},{"start":{"line":11,"column":37},"end":{"line":11,"column":43}}],"line":11},"1":{"loc":{"start":{"line":12,"column":14},"end":{"line":12,"column":51}},"type":"binary-expr","locations":[{"start":{"line":12,"column":14},"end":{"line":12,"column":37}},{"start":{"line":12,"column":41},"end":{"line":12,"column":51}}],"line":12},"2":{"loc":{"start":{"line":13,"column":14},"end":{"line":13,"column":49}},"type":"binary-expr","locations":[{"start":{"line":13,"column":14},"end":{"line":13,"column":33}},{"start":{"line":13,"column":37},"end":{"line":13,"column":49}}],"line":13},"3":{"loc":{"start":{"line":14,"column":10},"end":{"line":14,"column":44}},"type":"binary-expr","locations":[{"start":{"line":14,"column":10},"end":{"line":14,"column":29}},{"start":{"line":14,"column":33},"end":{"line":14,"column":44}}],"line":14},"4":{"loc":{"start":{"line":15,"column":10},"end":{"line":15,"column":37}},"type":"binary-expr","locations":[{"start":{"line":15,"column":10},"end":{"line":15,"column":29}},{"start":{"line":15,"column":33},"end":{"line":15,"column":37}}],"line":15},"5":{"loc":{"start":{"line":17,"column":13},"end":{"line":17,"column":73}},"type":"cond-expr","locations":[{"start":{"line":17,"column":54},"end":{"line":17,"column":65}},{"start":{"line":17,"column":68},"end":{"line":17,"column":73}}],"line":17},"6":{"loc":{"start":{"line":30,"column":14},"end":{"line":30,"column":43}},"type":"binary-expr","locations":[{"start":{"line":30,"column":14},"end":{"line":30,"column":33}},{"start":{"line":30,"column":37},"end":{"line":30,"column":43}}],"line":30},"7":{"loc":{"start":{"line":31,"column":14},"end":{"line":31,"column":51}},"type":"binary-expr","locations":[{"start":{"line":31,"column":14},"end":{"line":31,"column":37}},{"start":{"line":31,"column":41},"end":{"line":31,"column":51}}],"line":31},"8":{"loc":{"start":{"line":32,"column":14},"end":{"line":32,"column":54}},"type":"binary-expr","locations":[{"start":{"line":32,"column":14},"end":{"line":32,"column":33}},{"start":{"line":32,"column":37},"end":{"line":32,"column":54}}],"line":32},"9":{"loc":{"start":{"line":33,"column":10},"end":{"line":33,"column":44}},"type":"binary-expr","locations":[{"start":{"line":33,"column":10},"end":{"line":33,"column":29}},{"start":{"line":33,"column":33},"end":{"line":33,"column":44}}],"line":33},"10":{"loc":{"start":{"line":34,"column":10},"end":{"line":34,"column":37}},"type":"binary-expr","locations":[{"start":{"line":34,"column":10},"end":{"line":34,"column":29}},{"start":{"line":34,"column":33},"end":{"line":34,"column":37}}],"line":34},"11":{"loc":{"start":{"line":45,"column":14},"end":{"line":45,"column":43}},"type":"binary-expr","locations":[{"start":{"line":45,"column":14},"end":{"line":45,"column":33}},{"start":{"line":45,"column":37},"end":{"line":45,"column":43}}],"line":45},"12":{"loc":{"start":{"line":46,"column":14},"end":{"line":46,"column":60}},"type":"binary-expr","locations":[{"start":{"line":46,"column":14},"end":{"line":46,"column":37}},{"start":{"line":46,"column":41},"end":{"line":46,"column":60}}],"line":46},"13":{"loc":{"start":{"line":47,"column":14},"end":{"line":47,"column":49}},"type":"binary-expr","locations":[{"start":{"line":47,"column":14},"end":{"line":47,"column":33}},{"start":{"line":47,"column":37},"end":{"line":47,"column":49}}],"line":47},"14":{"loc":{"start":{"line":48,"column":10},"end":{"line":48,"column":44}},"type":"binary-expr","locations":[{"start":{"line":48,"column":10},"end":{"line":48,"column":29}},{"start":{"line":48,"column":33},"end":{"line":48,"column":44}}],"line":48},"15":{"loc":{"start":{"line":49,"column":10},"end":{"line":49,"column":37}},"type":"binary-expr","locations":[{"start":{"line":49,"column":10},"end":{"line":49,"column":29}},{"start":{"line":49,"column":33},"end":{"line":49,"column":37}}],"line":49},"16":{"loc":{"start":{"line":51,"column":13},"end":{"line":51,"column":65}},"type":"cond-expr","locations":[{"start":{"line":51,"column":46},"end":{"line":51,"column":57}},{"start":{"line":51,"column":60},"end":{"line":51,"column":65}}],"line":51},"17":{"loc":{"start":{"line":68,"column":10},"end":{"line":68,"column":37}},"type":"binary-expr","locations":[{"start":{"line":68,"column":10},"end":{"line":68,"column":29}},{"start":{"line":68,"column":33},"end":{"line":68,"column":37}}],"line":68},"18":{"loc":{"start":{"line":81,"column":9},"end":{"line":81,"column":78}},"type":"cond-expr","locations":[{"start":{"line":81,"column":41},"end":{"line":81,"column":70}},{"start":{"line":81,"column":73},"end":{"line":81,"column":78}}],"line":81},"19":{"loc":{"start":{"line":85,"column":12},"end":{"line":85,"column":49}},"type":"binary-expr","locations":[{"start":{"line":85,"column":12},"end":{"line":85,"column":32}},{"start":{"line":85,"column":36},"end":{"line":85,"column":49}}],"line":85},"20":{"loc":{"start":{"line":109,"column":28},"end":{"line":109,"column":41}},"type":"default-arg","locations":[{"start":{"line":109,"column":36},"end":{"line":109,"column":41}}],"line":109}},"s":{"0":1,"1":1,"2":1,"3":1,"4":1,"5":0,"6":0,"7":0,"8":0,"9":0,"10":0,"11":0,"12":0,"13":0,"14":0,"15":0,"16":0,"17":0,"18":0,"19":0,"20":0,"21":1},"f":{"0":0,"1":0,"2":0},"b":{"0":[1,1],"1":[1,1],"2":[1,1],"3":[1,1],"4":[1,1],"5":[0,1],"6":[1,1],"7":[1,1],"8":[1,1],"9":[1,1],"10":[1,1],"11":[1,1],"12":[1,1],"13":[1,1],"14":[1,1],"15":[1,1],"16":[0,1],"17":[1,1],"18":[0,1],"19":[1,0],"20":[0]},"_coverageSchema":"1a1c01bbd47fc00a2c39e90264f33305004495a9","hash":"577f56340ff178c538096a2f4d509b2aae74bdb5"}
,"/home/khchoi/external-projects/kita-ax/src/config/logger.js": {"path":"/home/khchoi/external-projects/kita-ax/src/config/logger.js","statementMap":{"0":{"start":{"line":1,"column":16},"end":{"line":1,"column":34}},"1":{"start":{"line":2,"column":24},"end":{"line":2,"column":60}},"2":{"start":{"line":3,"column":13},"end":{"line":3,"column":28}},"3":{"start":{"line":5,"column":16},"end":{"line":5,"column":50}},"4":{"start":{"line":7,"column":15},"end":{"line":13,"column":1}},"5":{"start":{"line":15,"column":15},"end":{"line":21,"column":1}},"6":{"start":{"line":23,"column":0},"end":{"line":23,"column":26}},"7":{"start":{"line":25,"column":15},"end":{"line":30,"column":1}},"8":{"start":{"line":32,"column":19},"end":{"line":60,"column":1}},"9":{"start":{"line":37,"column":55},"end":{"line":37,"column":59}},"10":{"start":{"line":38,"column":8},"end":{"line":40,"column":11}},"11":{"start":{"line":62,"column":15},"end":{"line":85,"column":2}},"12":{"start":{"line":87,"column":0},"end":{"line":87,"column":24}}},"fnMap":{"0":{"name":"(anonymous_0)","decl":{"start":{"line":36,"column":28},"end":{"line":36,"column":29}},"loc":{"start":{"line":36,"column":38},"end":{"line":41,"column":7}},"line":36}},"branchMap":{"0":{"loc":{"start":{"line":39,"column":10},"end":{"line":39,"column":71}},"type":"cond-expr","locations":[{"start":{"line":39,"column":37},"end":{"line":39,"column":66}},{"start":{"line":39,"column":69},"end":{"line":39,"column":71}}],"line":39},"1":{"loc":{"start":{"line":63,"column":9},"end":{"line":63,"column":40}},"type":"binary-expr","locations":[{"start":{"line":63,"column":9},"end":{"line":63,"column":30}},{"start":{"line":63,"column":34},"end":{"line":63,"column":40}}],"line":63}},"s":{"0":2,"1":2,"2":2,"3":2,"4":2,"5":2,"6":2,"7":2,"8":2,"9":0,"10":0,"11":2,"12":2},"f":{"0":0},"b":{"0":[0,0],"1":[2,2]},"_coverageSchema":"1a1c01bbd47fc00a2c39e90264f33305004495a9","hash":"4db79465b0e83ab3f6788c6aee030352dc34ff60"}
,"/home/khchoi/external-projects/kita-ax/src/config/passport.js": {"path":"/home/khchoi/external-projects/kita-ax/src/config/passport.js","statementMap":{"0":{"start":{"line":6,"column":17},"end":{"line":6,"column":36}},"1":{"start":{"line":7,"column":23},"end":{"line":7,"column":66}},"2":{"start":{"line":8,"column":23},"end":{"line":8,"column":58}},"3":{"start":{"line":9,"column":17},"end":{"line":9,"column":37}},"4":{"start":{"line":10,"column":21},"end":{"line":10,"column":56}},"5":{"start":{"line":12,"column":18},"end":{"line":12,"column":89}},"6":{"start":{"line":15,"column":0},"end":{"line":17,"column":3}},"7":{"start":{"line":16,"column":2},"end":{"line":16,"column":22}},"8":{"start":{"line":20,"column":0},"end":{"line":27,"column":3}},"9":{"start":{"line":21,"column":2},"end":{"line":26,"column":3}},"10":{"start":{"line":22,"column":17},"end":{"line":22,"column":40}},"11":{"start":{"line":23,"column":4},"end":{"line":23,"column":21}},"12":{"start":{"line":25,"column":4},"end":{"line":25,"column":14}},"13":{"start":{"line":30,"column":0},"end":{"line":71,"column":1}},"14":{"start":{"line":31,"column":2},"end":{"line":70,"column":4}},"15":{"start":{"line":40,"column":8},"end":{"line":67,"column":9}},"16":{"start":{"line":41,"column":25},"end":{"line":50,"column":11}},"17":{"start":{"line":53,"column":10},"end":{"line":62,"column":13}},"18":{"start":{"line":64,"column":10},"end":{"line":64,"column":34}},"19":{"start":{"line":66,"column":10},"end":{"line":66,"column":20}},"20":{"start":{"line":74,"column":0},"end":{"line":125,"column":1}},"21":{"start":{"line":75,"column":2},"end":{"line":124,"column":4}},"22":{"start":{"line":84,"column":8},"end":{"line":121,"column":9}},"23":{"start":{"line":86,"column":22},"end":{"line":86,"column":48}},"24":{"start":{"line":87,"column":10},"end":{"line":89,"column":11}},"25":{"start":{"line":88,"column":12},"end":{"line":88,"column":34}},"26":{"start":{"line":91,"column":10},"end":{"line":93,"column":11}},"27":{"start":{"line":92,"column":12},"end":{"line":92,"column":71}},"28":{"start":{"line":95,"column":25},"end":{"line":104,"column":11}},"29":{"start":{"line":107,"column":10},"end":{"line":116,"column":13}},"30":{"start":{"line":118,"column":10},"end":{"line":118,"column":34}},"31":{"start":{"line":120,"column":10},"end":{"line":120,"column":20}},"32":{"start":{"line":127,"column":0},"end":{"line":127,"column":26}}},"fnMap":{"0":{"name":"(anonymous_0)","decl":{"start":{"line":15,"column":23},"end":{"line":15,"column":24}},"loc":{"start":{"line":15,"column":39},"end":{"line":17,"column":1}},"line":15},"1":{"name":"(anonymous_1)","decl":{"start":{"line":20,"column":25},"end":{"line":20,"column":26}},"loc":{"start":{"line":20,"column":45},"end":{"line":27,"column":1}},"line":20},"2":{"name":"(anonymous_2)","decl":{"start":{"line":39,"column":6},"end":{"line":39,"column":7}},"loc":{"start":{"line":39,"column":58},"end":{"line":68,"column":7}},"line":39},"3":{"name":"(anonymous_3)","decl":{"start":{"line":83,"column":6},"end":{"line":83,"column":7}},"loc":{"start":{"line":83,"column":58},"end":{"line":122,"column":7}},"line":83}},"branchMap":{"0":{"loc":{"start":{"line":12,"column":18},"end":{"line":12,"column":89}},"type":"binary-expr","locations":[{"start":{"line":12,"column":18},"end":{"line":12,"column":47}},{"start":{"line":12,"column":51},"end":{"line":12,"column":89}}],"line":12},"1":{"loc":{"start":{"line":30,"column":0},"end":{"line":71,"column":1}},"type":"if","locations":[{"start":{"line":30,"column":0},"end":{"line":71,"column":1}},{"start":{},"end":{}}],"line":30},"2":{"loc":{"start":{"line":30,"column":4},"end":{"line":30,"column":68}},"type":"binary-expr","locations":[{"start":{"line":30,"column":4},"end":{"line":30,"column":32}},{"start":{"line":30,"column":36},"end":{"line":30,"column":68}}],"line":30},"3":{"loc":{"start":{"line":36,"column":21},"end":{"line":36,"column":79}},"type":"binary-expr","locations":[{"start":{"line":36,"column":21},"end":{"line":36,"column":52}},{"start":{"line":36,"column":56},"end":{"line":36,"column":79}}],"line":36},"4":{"loc":{"start":{"line":74,"column":0},"end":{"line":125,"column":1}},"type":"if","locations":[{"start":{"line":74,"column":0},"end":{"line":125,"column":1}},{"start":{},"end":{}}],"line":74},"5":{"loc":{"start":{"line":74,"column":4},"end":{"line":74,"column":68}},"type":"binary-expr","locations":[{"start":{"line":74,"column":4},"end":{"line":74,"column":32}},{"start":{"line":74,"column":36},"end":{"line":74,"column":68}}],"line":74},"6":{"loc":{"start":{"line":80,"column":21},"end":{"line":80,"column":79}},"type":"binary-expr","locations":[{"start":{"line":80,"column":21},"end":{"line":80,"column":52}},{"start":{"line":80,"column":56},"end":{"line":80,"column":79}}],"line":80},"7":{"loc":{"start":{"line":87,"column":10},"end":{"line":89,"column":11}},"type":"if","locations":[{"start":{"line":87,"column":10},"end":{"line":89,"column":11}},{"start":{},"end":{}}],"line":87},"8":{"loc":{"start":{"line":87,"column":14},"end":{"line":87,"column":37}},"type":"binary-expr","locations":[{"start":{"line":87,"column":14},"end":{"line":87,"column":20}},{"start":{"line":87,"column":24},"end":{"line":87,"column":37}}],"line":87},"9":{"loc":{"start":{"line":91,"column":10},"end":{"line":93,"column":11}},"type":"if","locations":[{"start":{"line":91,"column":10},"end":{"line":93,"column":11}},{"start":{},"end":{}}],"line":91},"10":{"loc":{"start":{"line":100,"column":20},"end":{"line":100,"column":59}},"type":"binary-expr","locations":[{"start":{"line":100,"column":20},"end":{"line":100,"column":39}},{"start":{"line":100,"column":43},"end":{"line":100,"column":59}}],"line":100},"11":{"loc":{"start":{"line":111,"column":18},"end":{"line":111,"column":57}},"type":"binary-expr","locations":[{"start":{"line":111,"column":18},"end":{"line":111,"column":37}},{"start":{"line":111,"column":41},"end":{"line":111,"column":57}}],"line":111}},"s":{"0":0,"1":0,"2":0,"3":0,"4":0,"5":0,"6":0,"7":0,"8":0,"9":0,"10":0,"11":0,"12":0,"13":0,"14":0,"15":0,"16":0,"17":0,"18":0,"19":0,"20":0,"21":0,"22":0,"23":0,"24":0,"25":0,"26":0,"27":0,"28":0,"29":0,"30":0,"31":0,"32":0},"f":{"0":0,"1":0,"2":0,"3":0},"b":{"0":[0,0],"1":[0,0],"2":[0,0],"3":[0,0],"4":[0,0],"5":[0,0],"6":[0,0],"7":[0,0],"8":[0,0],"9":[0,0],"10":[0,0],"11":[0,0]}}
,"/home/khchoi/external-projects/kita-ax/src/config/sentry.js": {"path":"/home/khchoi/external-projects/kita-ax/src/config/sentry.js","statementMap":{"0":{"start":{"line":1,"column":15},"end":{"line":1,"column":38}},"1":{"start":{"line":2,"column":37},"end":{"line":2,"column":70}},"2":{"start":{"line":5,"column":20},"end":{"line":5,"column":42}},"3":{"start":{"line":7,"column":2},"end":{"line":10,"column":3}},"4":{"start":{"line":8,"column":4},"end":{"line":8,"column":76}},"5":{"start":{"line":9,"column":4},"end":{"line":9,"column":16}},"6":{"start":{"line":12,"column":2},"end":{"line":14,"column":3}},"7":{"start":{"line":13,"column":4},"end":{"line":13,"column":16}},"8":{"start":{"line":16,"column":2},"end":{"line":45,"column":5}},"9":{"start":{"line":32,"column":6},"end":{"line":34,"column":7}},"10":{"start":{"line":33,"column":8},"end":{"line":33,"column":21}},"11":{"start":{"line":36,"column":6},"end":{"line":41,"column":7}},"12":{"start":{"line":37,"column":22},"end":{"line":37,"column":44}},"13":{"start":{"line":38,"column":8},"end":{"line":40,"column":9}},"14":{"start":{"line":39,"column":10},"end":{"line":39,"column":23}},"15":{"start":{"line":43,"column":6},"end":{"line":43,"column":19}},"16":{"start":{"line":47,"column":2},"end":{"line":47,"column":16}},"17":{"start":{"line":50,"column":15},"end":{"line":50,"column":33}},"18":{"start":{"line":52,"column":0},"end":{"line":60,"column":2}},"19":{"start":{"line":55,"column":29},"end":{"line":58,"column":3}},"20":{"start":{"line":59,"column":31},"end":{"line":59,"column":61}}},"fnMap":{"0":{"name":"initializeSentry","decl":{"start":{"line":4,"column":9},"end":{"line":4,"column":25}},"loc":{"start":{"line":4,"column":28},"end":{"line":48,"column":1}},"line":4},"1":{"name":"(anonymous_1)","decl":{"start":{"line":31,"column":4},"end":{"line":31,"column":5}},"loc":{"start":{"line":31,"column":28},"end":{"line":44,"column":5}},"line":31},"2":{"name":"(anonymous_2)","decl":{"start":{"line":55,"column":23},"end":{"line":55,"column":24}},"loc":{"start":{"line":55,"column":29},"end":{"line":58,"column":3}},"line":55},"3":{"name":"(anonymous_3)","decl":{"start":{"line":59,"column":25},"end":{"line":59,"column":26}},"loc":{"start":{"line":59,"column":31},"end":{"line":59,"column":61}},"line":59}},"branchMap":{"0":{"loc":{"start":{"line":7,"column":2},"end":{"line":10,"column":3}},"type":"if","locations":[{"start":{"line":7,"column":2},"end":{"line":10,"column":3}},{"start":{},"end":{}}],"line":7},"1":{"loc":{"start":{"line":7,"column":6},"end":{"line":7,"column":57}},"type":"binary-expr","locations":[{"start":{"line":7,"column":6},"end":{"line":7,"column":16}},{"start":{"line":7,"column":20},"end":{"line":7,"column":57}}],"line":7},"2":{"loc":{"start":{"line":12,"column":2},"end":{"line":14,"column":3}},"type":"if","locations":[{"start":{"line":12,"column":2},"end":{"line":14,"column":3}},{"start":{},"end":{}}],"line":12},"3":{"loc":{"start":{"line":18,"column":17},"end":{"line":18,"column":54}},"type":"binary-expr","locations":[{"start":{"line":18,"column":17},"end":{"line":18,"column":37}},{"start":{"line":18,"column":41},"end":{"line":18,"column":54}}],"line":18},"4":{"loc":{"start":{"line":25,"column":22},"end":{"line":25,"column":114}},"type":"binary-expr","locations":[{"start":{"line":25,"column":22},"end":{"line":25,"column":59}},{"start":{"line":25,"column":64},"end":{"line":25,"column":113}}],"line":25},"5":{"loc":{"start":{"line":25,"column":64},"end":{"line":25,"column":113}},"type":"cond-expr","locations":[{"start":{"line":25,"column":104},"end":{"line":25,"column":107}},{"start":{"line":25,"column":110},"end":{"line":25,"column":113}}],"line":25},"6":{"loc":{"start":{"line":26,"column":24},"end":{"line":26,"column":70}},"type":"binary-expr","locations":[{"start":{"line":26,"column":24},"end":{"line":26,"column":63}},{"start":{"line":26,"column":67},"end":{"line":26,"column":70}}],"line":26},"7":{"loc":{"start":{"line":29,"column":16},"end":{"line":29,"column":60}},"type":"binary-expr","locations":[{"start":{"line":29,"column":16},"end":{"line":29,"column":36}},{"start":{"line":29,"column":40},"end":{"line":29,"column":60}}],"line":29},"8":{"loc":{"start":{"line":30,"column":13},"end":{"line":30,"column":49}},"type":"binary-expr","locations":[{"start":{"line":30,"column":13},"end":{"line":30,"column":36}},{"start":{"line":30,"column":40},"end":{"line":30,"column":49}}],"line":30},"9":{"loc":{"start":{"line":32,"column":6},"end":{"line":34,"column":7}},"type":"if","locations":[{"start":{"line":32,"column":6},"end":{"line":34,"column":7}},{"start":{},"end":{}}],"line":32},"10":{"loc":{"start":{"line":36,"column":6},"end":{"line":41,"column":7}},"type":"if","locations":[{"start":{"line":36,"column":6},"end":{"line":41,"column":7}},{"start":{},"end":{}}],"line":36},"11":{"loc":{"start":{"line":38,"column":8},"end":{"line":40,"column":9}},"type":"if","locations":[{"start":{"line":38,"column":8},"end":{"line":40,"column":9}},{"start":{},"end":{}}],"line":38},"12":{"loc":{"start":{"line":38,"column":12},"end":{"line":38,"column":75}},"type":"binary-expr","locations":[{"start":{"line":38,"column":12},"end":{"line":38,"column":40}},{"start":{"line":38,"column":44},"end":{"line":38,"column":75}}],"line":38}},"s":{"0":23,"1":23,"2":23,"3":23,"4":0,"5":0,"6":23,"7":23,"8":0,"9":0,"10":0,"11":0,"12":0,"13":0,"14":0,"15":0,"16":0,"17":23,"18":23,"19":0,"20":0},"f":{"0":23,"1":0,"2":0,"3":0},"b":{"0":[0,23],"1":[23,23],"2":[23,0],"3":[0,0],"4":[0,0],"5":[0,0],"6":[0,0],"7":[0,0],"8":[0,0],"9":[0,0],"10":[0,0],"11":[0,0],"12":[0,0]},"_coverageSchema":"1a1c01bbd47fc00a2c39e90264f33305004495a9","hash":"33ec821b47b3089958fa52723e87316153028445"}
,"/home/khchoi/external-projects/kita-ax/src/config/session.js": {"path":"/home/khchoi/external-projects/kita-ax/src/config/session.js","statementMap":{"0":{"start":{"line":1,"column":16},"end":{"line":1,"column":42}},"1":{"start":{"line":2,"column":19},"end":{"line":2,"column":51}},"2":{"start":{"line":3,"column":25},"end":{"line":3,"column":41}},"3":{"start":{"line":5,"column":22},"end":{"line":17,"column":1}},"4":{"start":{"line":20,"column":0},"end":{"line":45,"column":1}},"5":{"start":{"line":21,"column":2},"end":{"line":44,"column":7}},"6":{"start":{"line":22,"column":4},"end":{"line":43,"column":5}},"7":{"start":{"line":23,"column":26},"end":{"line":32,"column":8}},"8":{"start":{"line":27,"column":42},"end":{"line":27,"column":69}},"9":{"start":{"line":34,"column":6},"end":{"line":36,"column":9}},"10":{"start":{"line":35,"column":8},"end":{"line":35,"column":54}},"11":{"start":{"line":38,"column":6},"end":{"line":38,"column":34}},"12":{"start":{"line":39,"column":6},"end":{"line":39,"column":57}},"13":{"start":{"line":40,"column":6},"end":{"line":40,"column":68}},"14":{"start":{"line":42,"column":6},"end":{"line":42,"column":88}},"15":{"start":{"line":47,"column":0},"end":{"line":47,"column":40}}},"fnMap":{"0":{"name":"(anonymous_0)","decl":{"start":{"line":21,"column":3},"end":{"line":21,"column":4}},"loc":{"start":{"line":21,"column":15},"end":{"line":44,"column":3}},"line":21},"1":{"name":"(anonymous_1)","decl":{"start":{"line":27,"column":29},"end":{"line":27,"column":30}},"loc":{"start":{"line":27,"column":42},"end":{"line":27,"column":69}},"line":27},"2":{"name":"(anonymous_2)","decl":{"start":{"line":34,"column":30},"end":{"line":34,"column":31}},"loc":{"start":{"line":34,"column":39},"end":{"line":36,"column":7}},"line":34}},"branchMap":{"0":{"loc":{"start":{"line":6,"column":10},"end":{"line":6,"column":90}},"type":"binary-expr","locations":[{"start":{"line":6,"column":10},"end":{"line":6,"column":36}},{"start":{"line":6,"column":40},"end":{"line":6,"column":90}}],"line":6},"1":{"loc":{"start":{"line":14,"column":12},"end":{"line":14,"column":50}},"type":"binary-expr","locations":[{"start":{"line":14,"column":12},"end":{"line":14,"column":37}},{"start":{"line":14,"column":41},"end":{"line":14,"column":50}}],"line":14},"2":{"loc":{"start":{"line":20,"column":0},"end":{"line":45,"column":1}},"type":"if","locations":[{"start":{"line":20,"column":0},"end":{"line":45,"column":1}},{"start":{},"end":{}}],"line":20},"3":{"loc":{"start":{"line":20,"column":4},"end":{"line":20,"column":111}},"type":"binary-expr","locations":[{"start":{"line":20,"column":4},"end":{"line":20,"column":41}},{"start":{"line":20,"column":46},"end":{"line":20,"column":68}},{"start":{"line":20,"column":72},"end":{"line":20,"column":110}}],"line":20},"4":{"loc":{"start":{"line":25,"column":16},"end":{"line":25,"column":53}},"type":"binary-expr","locations":[{"start":{"line":25,"column":16},"end":{"line":25,"column":38}},{"start":{"line":25,"column":42},"end":{"line":25,"column":53}}],"line":25},"5":{"loc":{"start":{"line":26,"column":16},"end":{"line":26,"column":56}},"type":"binary-expr","locations":[{"start":{"line":26,"column":16},"end":{"line":26,"column":48}},{"start":{"line":26,"column":52},"end":{"line":26,"column":56}}],"line":26},"6":{"loc":{"start":{"line":30,"column":12},"end":{"line":30,"column":47}},"type":"binary-expr","locations":[{"start":{"line":30,"column":12},"end":{"line":30,"column":42}},{"start":{"line":30,"column":46},"end":{"line":30,"column":47}}],"line":30}},"s":{"0":0,"1":0,"2":0,"3":0,"4":0,"5":0,"6":0,"7":0,"8":0,"9":0,"10":0,"11":0,"12":0,"13":0,"14":0,"15":0},"f":{"0":0,"1":0,"2":0},"b":{"0":[0,0],"1":[0,0],"2":[0,0],"3":[0,0,0],"4":[0,0],"5":[0,0],"6":[0,0]}}
,"/home/khchoi/external-projects/kita-ax/src/database/create-migration.js": {"path":"/home/khchoi/external-projects/kita-ax/src/database/create-migration.js","statementMap":{"0":{"start":{"line":14,"column":11},"end":{"line":14,"column":24}},"1":{"start":{"line":15,"column":13},"end":{"line":15,"column":28}},"2":{"start":{"line":18,"column":14},"end":{"line":18,"column":24}},"3":{"start":{"line":19,"column":15},"end":{"line":19,"column":32}},"4":{"start":{"line":20,"column":16},"end":{"line":20,"column":59}},"5":{"start":{"line":21,"column":14},"end":{"line":21,"column":52}},"6":{"start":{"line":22,"column":16},"end":{"line":22,"column":55}},"7":{"start":{"line":23,"column":18},"end":{"line":23,"column":59}},"8":{"start":{"line":24,"column":18},"end":{"line":24,"column":59}},"9":{"start":{"line":26,"column":2},"end":{"line":26,"column":61}},"10":{"start":{"line":30,"column":20},"end":{"line":30,"column":39}},"11":{"start":{"line":31,"column":28},"end":{"line":31,"column":63}},"12":{"start":{"line":32,"column":27},"end":{"line":32,"column":67}},"13":{"start":{"line":34,"column":24},"end":{"line":34,"column":77}},"14":{"start":{"line":35,"column":23},"end":{"line":35,"column":74}},"15":{"start":{"line":37,"column":28},"end":{"line":46,"column":1}},"16":{"start":{"line":48,"column":27},"end":{"line":55,"column":1}},"17":{"start":{"line":58,"column":24},"end":{"line":58,"column":58}},"18":{"start":{"line":59,"column":2},"end":{"line":61,"column":3}},"19":{"start":{"line":60,"column":4},"end":{"line":60,"column":53}},"20":{"start":{"line":64,"column":23},"end":{"line":64,"column":56}},"21":{"start":{"line":65,"column":2},"end":{"line":67,"column":3}},"22":{"start":{"line":66,"column":4},"end":{"line":66,"column":52}},"23":{"start":{"line":70,"column":2},"end":{"line":70,"column":53}},"24":{"start":{"line":71,"column":2},"end":{"line":71,"column":51}},"25":{"start":{"line":73,"column":2},"end":{"line":73,"column":46}},"26":{"start":{"line":74,"column":2},"end":{"line":74,"column":76}},"27":{"start":{"line":75,"column":2},"end":{"line":75,"column":74}},"28":{"start":{"line":76,"column":2},"end":{"line":76,"column":63}},"29":{"start":{"line":79,"column":22},"end":{"line":79,"column":37}},"30":{"start":{"line":81,"column":0},"end":{"line":85,"column":1}},"31":{"start":{"line":82,"column":2},"end":{"line":82,"column":68}},"32":{"start":{"line":83,"column":2},"end":{"line":83,"column":77}},"33":{"start":{"line":84,"column":2},"end":{"line":84,"column":18}},"34":{"start":{"line":88,"column":0},"end":{"line":91,"column":1}},"35":{"start":{"line":89,"column":2},"end":{"line":89,"column":109}},"36":{"start":{"line":90,"column":2},"end":{"line":90,"column":18}},"37":{"start":{"line":93,"column":0},"end":{"line":98,"column":1}},"38":{"start":{"line":94,"column":2},"end":{"line":94,"column":37}},"39":{"start":{"line":96,"column":2},"end":{"line":96,"column":60}},"40":{"start":{"line":97,"column":2},"end":{"line":97,"column":18}}},"fnMap":{"0":{"name":"generateTimestamp","decl":{"start":{"line":17,"column":9},"end":{"line":17,"column":26}},"loc":{"start":{"line":17,"column":29},"end":{"line":27,"column":1}},"line":17},"1":{"name":"createMigrationFile","decl":{"start":{"line":29,"column":9},"end":{"line":29,"column":28}},"loc":{"start":{"line":29,"column":44},"end":{"line":77,"column":1}},"line":29}},"branchMap":{"0":{"loc":{"start":{"line":59,"column":2},"end":{"line":61,"column":3}},"type":"if","locations":[{"start":{"line":59,"column":2},"end":{"line":61,"column":3}},{"start":{},"end":{}}],"line":59},"1":{"loc":{"start":{"line":65,"column":2},"end":{"line":67,"column":3}},"type":"if","locations":[{"start":{"line":65,"column":2},"end":{"line":67,"column":3}},{"start":{},"end":{}}],"line":65},"2":{"loc":{"start":{"line":81,"column":0},"end":{"line":85,"column":1}},"type":"if","locations":[{"start":{"line":81,"column":0},"end":{"line":85,"column":1}},{"start":{},"end":{}}],"line":81},"3":{"loc":{"start":{"line":88,"column":0},"end":{"line":91,"column":1}},"type":"if","locations":[{"start":{"line":88,"column":0},"end":{"line":91,"column":1}},{"start":{},"end":{}}],"line":88}},"s":{"0":0,"1":0,"2":0,"3":0,"4":0,"5":0,"6":0,"7":0,"8":0,"9":0,"10":0,"11":0,"12":0,"13":0,"14":0,"15":0,"16":0,"17":0,"18":0,"19":0,"20":0,"21":0,"22":0,"23":0,"24":0,"25":0,"26":0,"27":0,"28":0,"29":0,"30":0,"31":0,"32":0,"33":0,"34":0,"35":0,"36":0,"37":0,"38":0,"39":0,"40":0},"f":{"0":0,"1":0},"b":{"0":[0,0],"1":[0,0],"2":[0,0],"3":[0,0]}}
,"/home/khchoi/external-projects/kita-ax/src/database/migrate.js": {"path":"/home/khchoi/external-projects/kita-ax/src/database/migrate.js","statementMap":{"0":{"start":{"line":13,"column":0},"end":{"line":13,"column":27}},"1":{"start":{"line":14,"column":36},"end":{"line":14,"column":52}},"2":{"start":{"line":15,"column":22},"end":{"line":15,"column":42}},"3":{"start":{"line":16,"column":13},"end":{"line":16,"column":28}},"4":{"start":{"line":17,"column":11},"end":{"line":17,"column":24}},"5":{"start":{"line":19,"column":18},"end":{"line":27,"column":1}},"6":{"start":{"line":30,"column":20},"end":{"line":35,"column":4}},"7":{"start":{"line":37,"column":2},"end":{"line":37,"column":33}},"8":{"start":{"line":38,"column":2},"end":{"line":38,"column":19}},"9":{"start":{"line":42,"column":2},"end":{"line":66,"column":5}},"10":{"start":{"line":46,"column":8},"end":{"line":60,"column":10}},"11":{"start":{"line":49,"column":24},"end":{"line":49,"column":56}},"12":{"start":{"line":50,"column":12},"end":{"line":50,"column":47}},"13":{"start":{"line":53,"column":33},"end":{"line":53,"column":108}},"14":{"start":{"line":54,"column":12},"end":{"line":56,"column":13}},"15":{"start":{"line":55,"column":14},"end":{"line":55,"column":79}},"16":{"start":{"line":57,"column":24},"end":{"line":57,"column":61}},"17":{"start":{"line":58,"column":12},"end":{"line":58,"column":47}},"18":{"start":{"line":70,"column":14},"end":{"line":70,"column":37}},"19":{"start":{"line":73,"column":2},"end":{"line":131,"column":3}},"20":{"start":{"line":74,"column":4},"end":{"line":74,"column":104}},"21":{"start":{"line":75,"column":4},"end":{"line":75,"column":41}},"22":{"start":{"line":76,"column":4},"end":{"line":76,"column":54}},"23":{"start":{"line":78,"column":18},"end":{"line":78,"column":46}},"24":{"start":{"line":80,"column":4},"end":{"line":123,"column":5}},"25":{"start":{"line":81,"column":6},"end":{"line":81,"column":51}},"26":{"start":{"line":82,"column":25},"end":{"line":82,"column":41}},"27":{"start":{"line":83,"column":6},"end":{"line":88,"column":7}},"28":{"start":{"line":84,"column":8},"end":{"line":84,"column":47}},"29":{"start":{"line":86,"column":8},"end":{"line":86,"column":68}},"30":{"start":{"line":87,"column":8},"end":{"line":87,"column":62}},"31":{"start":{"line":87,"column":32},"end":{"line":87,"column":60}},"32":{"start":{"line":89,"column":11},"end":{"line":123,"column":5}},"33":{"start":{"line":90,"column":6},"end":{"line":90,"column":52}},"34":{"start":{"line":91,"column":25},"end":{"line":91,"column":43}},"35":{"start":{"line":92,"column":6},"end":{"line":97,"column":7}},"36":{"start":{"line":93,"column":8},"end":{"line":93,"column":51}},"37":{"start":{"line":95,"column":8},"end":{"line":95,"column":48}},"38":{"start":{"line":96,"column":8},"end":{"line":96,"column":62}},"39":{"start":{"line":96,"column":32},"end":{"line":96,"column":60}},"40":{"start":{"line":98,"column":11},"end":{"line":123,"column":5}},"41":{"start":{"line":99,"column":22},"end":{"line":99,"column":43}},"42":{"start":{"line":100,"column":22},"end":{"line":100,"column":44}},"43":{"start":{"line":102,"column":6},"end":{"line":102,"column":39}},"44":{"start":{"line":103,"column":6},"end":{"line":103,"column":41}},"45":{"start":{"line":105,"column":6},"end":{"line":109,"column":7}},"46":{"start":{"line":106,"column":8},"end":{"line":106,"column":32}},"47":{"start":{"line":107,"column":8},"end":{"line":107,"column":61}},"48":{"start":{"line":107,"column":29},"end":{"line":107,"column":59}},"49":{"start":{"line":108,"column":8},"end":{"line":108,"column":22}},"50":{"start":{"line":111,"column":6},"end":{"line":118,"column":7}},"51":{"start":{"line":112,"column":8},"end":{"line":112,"column":32}},"52":{"start":{"line":113,"column":8},"end":{"line":113,"column":61}},"53":{"start":{"line":113,"column":29},"end":{"line":113,"column":59}},"54":{"start":{"line":114,"column":13},"end":{"line":118,"column":7}},"55":{"start":{"line":115,"column":8},"end":{"line":115,"column":47}},"56":{"start":{"line":117,"column":8},"end":{"line":117,"column":44}},"57":{"start":{"line":120,"column":6},"end":{"line":120,"column":47}},"58":{"start":{"line":121,"column":6},"end":{"line":121,"column":63}},"59":{"start":{"line":122,"column":6},"end":{"line":122,"column":22}},"60":{"start":{"line":125,"column":4},"end":{"line":125,"column":28}},"61":{"start":{"line":126,"column":4},"end":{"line":126,"column":20}},"62":{"start":{"line":128,"column":4},"end":{"line":128,"column":55}},"63":{"start":{"line":129,"column":4},"end":{"line":129,"column":43}},"64":{"start":{"line":129,"column":19},"end":{"line":129,"column":43}},"65":{"start":{"line":130,"column":4},"end":{"line":130,"column":20}},"66":{"start":{"line":134,"column":0},"end":{"line":134,"column":16}}},"fnMap":{"0":{"name":"createConnection","decl":{"start":{"line":29,"column":15},"end":{"line":29,"column":31}},"loc":{"start":{"line":29,"column":34},"end":{"line":39,"column":1}},"line":29},"1":{"name":"getMigrator","decl":{"start":{"line":41,"column":15},"end":{"line":41,"column":26}},"loc":{"start":{"line":41,"column":38},"end":{"line":67,"column":1}},"line":41},"2":{"name":"(anonymous_2)","decl":{"start":{"line":45,"column":15},"end":{"line":45,"column":16}},"loc":{"start":{"line":45,"column":53},"end":{"line":61,"column":7}},"line":45},"3":{"name":"(anonymous_3)","decl":{"start":{"line":48,"column":14},"end":{"line":48,"column":15}},"loc":{"start":{"line":48,"column":26},"end":{"line":51,"column":11}},"line":48},"4":{"name":"(anonymous_4)","decl":{"start":{"line":52,"column":16},"end":{"line":52,"column":17}},"loc":{"start":{"line":52,"column":28},"end":{"line":59,"column":11}},"line":52},"5":{"name":"runMigrations","decl":{"start":{"line":69,"column":15},"end":{"line":69,"column":28}},"loc":{"start":{"line":69,"column":31},"end":{"line":132,"column":1}},"line":69},"6":{"name":"(anonymous_6)","decl":{"start":{"line":87,"column":27},"end":{"line":87,"column":28}},"loc":{"start":{"line":87,"column":32},"end":{"line":87,"column":60}},"line":87},"7":{"name":"(anonymous_7)","decl":{"start":{"line":96,"column":27},"end":{"line":96,"column":28}},"loc":{"start":{"line":96,"column":32},"end":{"line":96,"column":60}},"line":96},"8":{"name":"(anonymous_8)","decl":{"start":{"line":107,"column":24},"end":{"line":107,"column":25}},"loc":{"start":{"line":107,"column":29},"end":{"line":107,"column":59}},"line":107},"9":{"name":"(anonymous_9)","decl":{"start":{"line":113,"column":24},"end":{"line":113,"column":25}},"loc":{"start":{"line":113,"column":29},"end":{"line":113,"column":59}},"line":113}},"branchMap":{"0":{"loc":{"start":{"line":20,"column":12},"end":{"line":20,"column":47}},"type":"binary-expr","locations":[{"start":{"line":20,"column":12},"end":{"line":20,"column":31}},{"start":{"line":20,"column":35},"end":{"line":20,"column":47}}],"line":20},"1":{"loc":{"start":{"line":21,"column":12},"end":{"line":21,"column":41}},"type":"binary-expr","locations":[{"start":{"line":21,"column":12},"end":{"line":21,"column":31}},{"start":{"line":21,"column":35},"end":{"line":21,"column":41}}],"line":21},"2":{"loc":{"start":{"line":22,"column":12},"end":{"line":22,"column":49}},"type":"binary-expr","locations":[{"start":{"line":22,"column":12},"end":{"line":22,"column":35}},{"start":{"line":22,"column":39},"end":{"line":22,"column":49}}],"line":22},"3":{"loc":{"start":{"line":23,"column":8},"end":{"line":23,"column":42}},"type":"binary-expr","locations":[{"start":{"line":23,"column":8},"end":{"line":23,"column":27}},{"start":{"line":23,"column":31},"end":{"line":23,"column":42}}],"line":23},"4":{"loc":{"start":{"line":24,"column":8},"end":{"line":24,"column":35}},"type":"binary-expr","locations":[{"start":{"line":24,"column":8},"end":{"line":24,"column":27}},{"start":{"line":24,"column":31},"end":{"line":24,"column":35}}],"line":24},"5":{"loc":{"start":{"line":54,"column":12},"end":{"line":56,"column":13}},"type":"if","locations":[{"start":{"line":54,"column":12},"end":{"line":56,"column":13}},{"start":{},"end":{}}],"line":54},"6":{"loc":{"start":{"line":70,"column":14},"end":{"line":70,"column":37}},"type":"binary-expr","locations":[{"start":{"line":70,"column":14},"end":{"line":70,"column":29}},{"start":{"line":70,"column":33},"end":{"line":70,"column":37}}],"line":70},"7":{"loc":{"start":{"line":80,"column":4},"end":{"line":123,"column":5}},"type":"if","locations":[{"start":{"line":80,"column":4},"end":{"line":123,"column":5}},{"start":{"line":89,"column":11},"end":{"line":123,"column":5}}],"line":80},"8":{"loc":{"start":{"line":83,"column":6},"end":{"line":88,"column":7}},"type":"if","locations":[{"start":{"line":83,"column":6},"end":{"line":88,"column":7}},{"start":{"line":85,"column":13},"end":{"line":88,"column":7}}],"line":83},"9":{"loc":{"start":{"line":89,"column":11},"end":{"line":123,"column":5}},"type":"if","locations":[{"start":{"line":89,"column":11},"end":{"line":123,"column":5}},{"start":{"line":98,"column":11},"end":{"line":123,"column":5}}],"line":89},"10":{"loc":{"start":{"line":92,"column":6},"end":{"line":97,"column":7}},"type":"if","locations":[{"start":{"line":92,"column":6},"end":{"line":97,"column":7}},{"start":{"line":94,"column":13},"end":{"line":97,"column":7}}],"line":92},"11":{"loc":{"start":{"line":98,"column":11},"end":{"line":123,"column":5}},"type":"if","locations":[{"start":{"line":98,"column":11},"end":{"line":123,"column":5}},{"start":{"line":119,"column":11},"end":{"line":123,"column":5}}],"line":98},"12":{"loc":{"start":{"line":105,"column":6},"end":{"line":109,"column":7}},"type":"if","locations":[{"start":{"line":105,"column":6},"end":{"line":109,"column":7}},{"start":{},"end":{}}],"line":105},"13":{"loc":{"start":{"line":111,"column":6},"end":{"line":118,"column":7}},"type":"if","locations":[{"start":{"line":111,"column":6},"end":{"line":118,"column":7}},{"start":{"line":114,"column":13},"end":{"line":118,"column":7}}],"line":111},"14":{"loc":{"start":{"line":114,"column":13},"end":{"line":118,"column":7}},"type":"if","locations":[{"start":{"line":114,"column":13},"end":{"line":118,"column":7}},{"start":{"line":116,"column":13},"end":{"line":118,"column":7}}],"line":114},"15":{"loc":{"start":{"line":129,"column":4},"end":{"line":129,"column":43}},"type":"if","locations":[{"start":{"line":129,"column":4},"end":{"line":129,"column":43}},{"start":{},"end":{}}],"line":129}},"s":{"0":0,"1":0,"2":0,"3":0,"4":0,"5":0,"6":0,"7":0,"8":0,"9":0,"10":0,"11":0,"12":0,"13":0,"14":0,"15":0,"16":0,"17":0,"18":0,"19":0,"20":0,"21":0,"22":0,"23":0,"24":0,"25":0,"26":0,"27":0,"28":0,"29":0,"30":0,"31":0,"32":0,"33":0,"34":0,"35":0,"36":0,"37":0,"38":0,"39":0,"40":0,"41":0,"42":0,"43":0,"44":0,"45":0,"46":0,"47":0,"48":0,"49":0,"50":0,"51":0,"52":0,"53":0,"54":0,"55":0,"56":0,"57":0,"58":0,"59":0,"60":0,"61":0,"62":0,"63":0,"64":0,"65":0,"66":0},"f":{"0":0,"1":0,"2":0,"3":0,"4":0,"5":0,"6":0,"7":0,"8":0,"9":0},"b":{"0":[0,0],"1":[0,0],"2":[0,0],"3":[0,0],"4":[0,0],"5":[0,0],"6":[0,0],"7":[0,0],"8":[0,0],"9":[0,0],"10":[0,0],"11":[0,0],"12":[0,0],"13":[0,0],"14":[0,0],"15":[0,0]}}
,"/home/khchoi/external-projects/kita-ax/src/middleware/auth.js": {"path":"/home/khchoi/external-projects/kita-ax/src/middleware/auth.js","statementMap":{"0":{"start":{"line":6,"column":2},"end":{"line":18,"column":3}},"1":{"start":{"line":8,"column":4},"end":{"line":14,"column":5}},"2":{"start":{"line":10,"column":6},"end":{"line":13,"column":9}},"3":{"start":{"line":17,"column":4},"end":{"line":17,"column":82}},"4":{"start":{"line":21,"column":2},"end":{"line":26,"column":4}},"5":{"start":{"line":28,"column":2},"end":{"line":28,"column":9}},"6":{"start":{"line":32,"column":2},"end":{"line":42,"column":3}},"7":{"start":{"line":33,"column":4},"end":{"line":39,"column":5}},"8":{"start":{"line":35,"column":6},"end":{"line":38,"column":9}},"9":{"start":{"line":41,"column":4},"end":{"line":41,"column":57}},"10":{"start":{"line":44,"column":2},"end":{"line":44,"column":9}},"11":{"start":{"line":48,"column":2},"end":{"line":55,"column":3}},"12":{"start":{"line":49,"column":4},"end":{"line":54,"column":6}},"13":{"start":{"line":57,"column":2},"end":{"line":57,"column":9}},"14":{"start":{"line":62,"column":2},"end":{"line":70,"column":3}},"15":{"start":{"line":63,"column":4},"end":{"line":68,"column":5}},"16":{"start":{"line":64,"column":6},"end":{"line":67,"column":9}},"17":{"start":{"line":69,"column":4},"end":{"line":69,"column":44}},"18":{"start":{"line":72,"column":2},"end":{"line":72,"column":9}},"19":{"start":{"line":75,"column":0},"end":{"line":80,"column":2}}},"fnMap":{"0":{"name":"requireAuth","decl":{"start":{"line":5,"column":9},"end":{"line":5,"column":20}},"loc":{"start":{"line":5,"column":37},"end":{"line":29,"column":1}},"line":5},"1":{"name":"requireAdmin","decl":{"start":{"line":31,"column":9},"end":{"line":31,"column":21}},"loc":{"start":{"line":31,"column":38},"end":{"line":45,"column":1}},"line":31},"2":{"name":"optionalAuth","decl":{"start":{"line":47,"column":9},"end":{"line":47,"column":21}},"loc":{"start":{"line":47,"column":38},"end":{"line":58,"column":1}},"line":47},"3":{"name":"requireTwoFactor","decl":{"start":{"line":60,"column":9},"end":{"line":60,"column":25}},"loc":{"start":{"line":60,"column":42},"end":{"line":73,"column":1}},"line":60}},"branchMap":{"0":{"loc":{"start":{"line":6,"column":2},"end":{"line":18,"column":3}},"type":"if","locations":[{"start":{"line":6,"column":2},"end":{"line":18,"column":3}},{"start":{},"end":{}}],"line":6},"1":{"loc":{"start":{"line":6,"column":6},"end":{"line":6,"column":41}},"type":"binary-expr","locations":[{"start":{"line":6,"column":6},"end":{"line":6,"column":18}},{"start":{"line":6,"column":22},"end":{"line":6,"column":41}}],"line":6},"2":{"loc":{"start":{"line":8,"column":4},"end":{"line":14,"column":5}},"type":"if","locations":[{"start":{"line":8,"column":4},"end":{"line":14,"column":5}},{"start":{},"end":{}}],"line":8},"3":{"loc":{"start":{"line":8,"column":8},"end":{"line":9,"column":36}},"type":"binary-expr","locations":[{"start":{"line":8,"column":8},"end":{"line":8,"column":65}},{"start":{"line":9,"column":8},"end":{"line":9,"column":36}}],"line":8},"4":{"loc":{"start":{"line":32,"column":2},"end":{"line":42,"column":3}},"type":"if","locations":[{"start":{"line":32,"column":2},"end":{"line":42,"column":3}},{"start":{},"end":{}}],"line":32},"5":{"loc":{"start":{"line":32,"column":6},"end":{"line":32,"column":44}},"type":"binary-expr","locations":[{"start":{"line":32,"column":6},"end":{"line":32,"column":15}},{"start":{"line":32,"column":19},"end":{"line":32,"column":44}}],"line":32},"6":{"loc":{"start":{"line":33,"column":4},"end":{"line":39,"column":5}},"type":"if","locations":[{"start":{"line":33,"column":4},"end":{"line":39,"column":5}},{"start":{},"end":{}}],"line":33},"7":{"loc":{"start":{"line":33,"column":8},"end":{"line":34,"column":36}},"type":"binary-expr","locations":[{"start":{"line":33,"column":8},"end":{"line":33,"column":65}},{"start":{"line":34,"column":8},"end":{"line":34,"column":36}}],"line":33},"8":{"loc":{"start":{"line":48,"column":2},"end":{"line":55,"column":3}},"type":"if","locations":[{"start":{"line":48,"column":2},"end":{"line":55,"column":3}},{"start":{},"end":{}}],"line":48},"9":{"loc":{"start":{"line":48,"column":6},"end":{"line":48,"column":39}},"type":"binary-expr","locations":[{"start":{"line":48,"column":6},"end":{"line":48,"column":17}},{"start":{"line":48,"column":21},"end":{"line":48,"column":39}}],"line":48},"10":{"loc":{"start":{"line":62,"column":2},"end":{"line":70,"column":3}},"type":"if","locations":[{"start":{"line":62,"column":2},"end":{"line":70,"column":3}},{"start":{},"end":{}}],"line":62},"11":{"loc":{"start":{"line":63,"column":4},"end":{"line":68,"column":5}},"type":"if","locations":[{"start":{"line":63,"column":4},"end":{"line":68,"column":5}},{"start":{},"end":{}}],"line":63},"12":{"loc":{"start":{"line":63,"column":8},"end":{"line":63,"column":97}},"type":"binary-expr","locations":[{"start":{"line":63,"column":8},"end":{"line":63,"column":36}},{"start":{"line":63,"column":40},"end":{"line":63,"column":97}}],"line":63}},"s":{"0":6,"1":5,"2":4,"3":1,"4":1,"5":1,"6":4,"7":3,"8":2,"9":1,"10":1,"11":3,"12":1,"13":3,"14":4,"15":2,"16":1,"17":1,"18":2,"19":1},"f":{"0":6,"1":4,"2":3,"3":4},"b":{"0":[5,1],"1":[6,2],"2":[4,1],"3":[5,2],"4":[3,1],"5":[4,3],"6":[2,1],"7":[3,1],"8":[1,2],"9":[3,2],"10":[2,2],"11":[1,1],"12":[2,1]},"_coverageSchema":"1a1c01bbd47fc00a2c39e90264f33305004495a9","hash":"20ec88a12f4cd57631bb99b54ab76bd74c7f9759"}
,"/home/khchoi/external-projects/kita-ax/src/middleware/correlationId.js": {"path":"/home/khchoi/external-projects/kita-ax/src/middleware/correlationId.js","statementMap":{"0":{"start":{"line":1,"column":23},"end":{"line":1,"column":38}},"1":{"start":{"line":4,"column":24},"end":{"line":4,"column":67}},"2":{"start":{"line":5,"column":2},"end":{"line":5,"column":36}},"3":{"start":{"line":6,"column":2},"end":{"line":6,"column":51}},"4":{"start":{"line":7,"column":2},"end":{"line":7,"column":9}},"5":{"start":{"line":10,"column":0},"end":{"line":10,"column":41}}},"fnMap":{"0":{"name":"correlationIdMiddleware","decl":{"start":{"line":3,"column":9},"end":{"line":3,"column":32}},"loc":{"start":{"line":3,"column":49},"end":{"line":8,"column":1}},"line":3}},"branchMap":{"0":{"loc":{"start":{"line":4,"column":24},"end":{"line":4,"column":67}},"type":"binary-expr","locations":[{"start":{"line":4,"column":24},"end":{"line":4,"column":55}},{"start":{"line":4,"column":59},"end":{"line":4,"column":67}}],"line":4}},"s":{"0":0,"1":0,"2":0,"3":0,"4":0,"5":0},"f":{"0":0},"b":{"0":[0,0]}}
,"/home/khchoi/external-projects/kita-ax/src/middleware/oauth.js": {"path":"/home/khchoi/external-projects/kita-ax/src/middleware/oauth.js","statementMap":{"0":{"start":{"line":5,"column":17},"end":{"line":5,"column":36}},"1":{"start":{"line":6,"column":0},"end":{"line":6,"column":30}},"2":{"start":{"line":9,"column":19},"end":{"line":9,"column":83}},"3":{"start":{"line":10,"column":19},"end":{"line":10,"column":77}},"4":{"start":{"line":13,"column":23},"end":{"line":13,"column":110}},"5":{"start":{"line":14,"column":23},"end":{"line":14,"column":110}},"6":{"start":{"line":18,"column":2},"end":{"line":20,"column":3}},"7":{"start":{"line":19,"column":4},"end":{"line":19,"column":53}},"8":{"start":{"line":23,"column":2},"end":{"line":23,"column":35}},"9":{"start":{"line":24,"column":2},"end":{"line":24,"column":37}},"10":{"start":{"line":25,"column":2},"end":{"line":25,"column":35}},"11":{"start":{"line":26,"column":2},"end":{"line":26,"column":43}},"12":{"start":{"line":27,"column":2},"end":{"line":27,"column":36}},"13":{"start":{"line":29,"column":2},"end":{"line":38,"column":5}},"14":{"start":{"line":30,"column":4},"end":{"line":33,"column":5}},"15":{"start":{"line":31,"column":6},"end":{"line":31,"column":48}},"16":{"start":{"line":32,"column":6},"end":{"line":32,"column":57}},"17":{"start":{"line":36,"column":21},"end":{"line":36,"column":58}},"18":{"start":{"line":37,"column":4},"end":{"line":37,"column":27}},"19":{"start":{"line":41,"column":0},"end":{"line":47,"column":2}}},"fnMap":{"0":{"name":"oauthCallback","decl":{"start":{"line":17,"column":9},"end":{"line":17,"column":22}},"loc":{"start":{"line":17,"column":33},"end":{"line":39,"column":1}},"line":17},"1":{"name":"(anonymous_1)","decl":{"start":{"line":29,"column":19},"end":{"line":29,"column":20}},"loc":{"start":{"line":29,"column":28},"end":{"line":38,"column":3}},"line":29}},"branchMap":{"0":{"loc":{"start":{"line":18,"column":2},"end":{"line":20,"column":3}},"type":"if","locations":[{"start":{"line":18,"column":2},"end":{"line":20,"column":3}},{"start":{},"end":{}}],"line":18},"1":{"loc":{"start":{"line":30,"column":4},"end":{"line":33,"column":5}},"type":"if","locations":[{"start":{"line":30,"column":4},"end":{"line":33,"column":5}},{"start":{},"end":{}}],"line":30},"2":{"loc":{"start":{"line":36,"column":21},"end":{"line":36,"column":58}},"type":"binary-expr","locations":[{"start":{"line":36,"column":21},"end":{"line":36,"column":36}},{"start":{"line":36,"column":40},"end":{"line":36,"column":58}}],"line":36}},"s":{"0":0,"1":0,"2":0,"3":0,"4":0,"5":0,"6":0,"7":0,"8":0,"9":0,"10":0,"11":0,"12":0,"13":0,"14":0,"15":0,"16":0,"17":0,"18":0,"19":0},"f":{"0":0,"1":0},"b":{"0":[0,0],"1":[0,0],"2":[0,0]}}
,"/home/khchoi/external-projects/kita-ax/src/middleware/performanceLogger.js": {"path":"/home/khchoi/external-projects/kita-ax/src/middleware/performanceLogger.js","statementMap":{"0":{"start":{"line":1,"column":23},"end":{"line":1,"column":60}},"1":{"start":{"line":4,"column":20},"end":{"line":4,"column":43}},"2":{"start":{"line":6,"column":2},"end":{"line":25,"column":5}},"3":{"start":{"line":7,"column":20},"end":{"line":7,"column":43}},"4":{"start":{"line":8,"column":23},"end":{"line":8,"column":42}},"5":{"start":{"line":9,"column":23},"end":{"line":9,"column":51}},"6":{"start":{"line":11,"column":28},"end":{"line":18,"column":5}},"7":{"start":{"line":20,"column":4},"end":{"line":24,"column":5}},"8":{"start":{"line":21,"column":6},"end":{"line":21,"column":68}},"9":{"start":{"line":22,"column":11},"end":{"line":24,"column":5}},"10":{"start":{"line":23,"column":6},"end":{"line":23,"column":65}},"11":{"start":{"line":27,"column":2},"end":{"line":27,"column":9}},"12":{"start":{"line":30,"column":0},"end":{"line":30,"column":45}}},"fnMap":{"0":{"name":"performanceLoggerMiddleware","decl":{"start":{"line":3,"column":9},"end":{"line":3,"column":36}},"loc":{"start":{"line":3,"column":53},"end":{"line":28,"column":1}},"line":3},"1":{"name":"(anonymous_1)","decl":{"start":{"line":6,"column":19},"end":{"line":6,"column":20}},"loc":{"start":{"line":6,"column":25},"end":{"line":25,"column":3}},"line":6}},"branchMap":{"0":{"loc":{"start":{"line":20,"column":4},"end":{"line":24,"column":5}},"type":"if","locations":[{"start":{"line":20,"column":4},"end":{"line":24,"column":5}},{"start":{"line":22,"column":11},"end":{"line":24,"column":5}}],"line":20},"1":{"loc":{"start":{"line":22,"column":11},"end":{"line":24,"column":5}},"type":"if","locations":[{"start":{"line":22,"column":11},"end":{"line":24,"column":5}},{"start":{},"end":{}}],"line":22}},"s":{"0":0,"1":0,"2":0,"3":0,"4":0,"5":0,"6":0,"7":0,"8":0,"9":0,"10":0,"11":0,"12":0},"f":{"0":0,"1":0},"b":{"0":[0,0],"1":[0,0]}}
,"/home/khchoi/external-projects/kita-ax/src/middleware/preferences.js": {"path":"/home/khchoi/external-projects/kita-ax/src/middleware/preferences.js","statementMap":{"0":{"start":{"line":6,"column":27},"end":{"line":6,"column":68}},"1":{"start":{"line":8,"column":30},"end":{"line":29,"column":1}},"2":{"start":{"line":10,"column":2},"end":{"line":26,"column":3}},"3":{"start":{"line":11,"column":4},"end":{"line":25,"column":5}},"4":{"start":{"line":12,"column":26},"end":{"line":12,"column":100}},"5":{"start":{"line":15,"column":6},"end":{"line":15,"column":62}},"6":{"start":{"line":18,"column":6},"end":{"line":18,"column":51}},"7":{"start":{"line":19,"column":6},"end":{"line":19,"column":57}},"8":{"start":{"line":20,"column":6},"end":{"line":20,"column":57}},"9":{"start":{"line":21,"column":6},"end":{"line":21,"column":51}},"10":{"start":{"line":23,"column":6},"end":{"line":23,"column":68}},"11":{"start":{"line":28,"column":2},"end":{"line":28,"column":9}},"12":{"start":{"line":31,"column":0},"end":{"line":31,"column":39}}},"fnMap":{"0":{"name":"(anonymous_0)","decl":{"start":{"line":8,"column":30},"end":{"line":8,"column":31}},"loc":{"start":{"line":8,"column":56},"end":{"line":29,"column":1}},"line":8}},"branchMap":{"0":{"loc":{"start":{"line":10,"column":2},"end":{"line":26,"column":3}},"type":"if","locations":[{"start":{"line":10,"column":2},"end":{"line":26,"column":3}},{"start":{},"end":{}}],"line":10},"1":{"loc":{"start":{"line":10,"column":6},"end":{"line":10,"column":36}},"type":"binary-expr","locations":[{"start":{"line":10,"column":6},"end":{"line":10,"column":14}},{"start":{"line":10,"column":18},"end":{"line":10,"column":36}}],"line":10},"2":{"loc":{"start":{"line":15,"column":24},"end":{"line":15,"column":61}},"type":"binary-expr","locations":[{"start":{"line":15,"column":24},"end":{"line":15,"column":46}},{"start":{"line":15,"column":50},"end":{"line":15,"column":61}}],"line":15}},"s":{"0":0,"1":0,"2":0,"3":0,"4":0,"5":0,"6":0,"7":0,"8":0,"9":0,"10":0,"11":0,"12":0},"f":{"0":0},"b":{"0":[0,0],"1":[0,0],"2":[0,0]}}
,"/home/khchoi/external-projects/kita-ax/src/middleware/requestLogger.js": {"path":"/home/khchoi/external-projects/kita-ax/src/middleware/requestLogger.js","statementMap":{"0":{"start":{"line":1,"column":23},"end":{"line":1,"column":60}},"1":{"start":{"line":4,"column":20},"end":{"line":4,"column":30}},"2":{"start":{"line":6,"column":2},"end":{"line":6,"column":36}},"3":{"start":{"line":8,"column":23},"end":{"line":8,"column":31}},"4":{"start":{"line":9,"column":23},"end":{"line":9,"column":31}},"5":{"start":{"line":11,"column":2},"end":{"line":15,"column":4}},"6":{"start":{"line":12,"column":21},"end":{"line":12,"column":43}},"7":{"start":{"line":13,"column":4},"end":{"line":13,"column":97}},"8":{"start":{"line":14,"column":4},"end":{"line":14,"column":41}},"9":{"start":{"line":17,"column":2},"end":{"line":22,"column":4}},"10":{"start":{"line":18,"column":21},"end":{"line":18,"column":43}},"11":{"start":{"line":19,"column":21},"end":{"line":19,"column":63}},"12":{"start":{"line":20,"column":4},"end":{"line":20,"column":68}},"13":{"start":{"line":21,"column":4},"end":{"line":21,"column":41}},"14":{"start":{"line":24,"column":2},"end":{"line":29,"column":5}},"15":{"start":{"line":25,"column":21},"end":{"line":25,"column":43}},"16":{"start":{"line":26,"column":4},"end":{"line":28,"column":5}},"17":{"start":{"line":27,"column":6},"end":{"line":27,"column":56}},"18":{"start":{"line":31,"column":2},"end":{"line":31,"column":9}},"19":{"start":{"line":34,"column":0},"end":{"line":34,"column":41}}},"fnMap":{"0":{"name":"requestLoggerMiddleware","decl":{"start":{"line":3,"column":9},"end":{"line":3,"column":32}},"loc":{"start":{"line":3,"column":49},"end":{"line":32,"column":1}},"line":3},"1":{"name":"(anonymous_1)","decl":{"start":{"line":11,"column":13},"end":{"line":11,"column":14}},"loc":{"start":{"line":11,"column":29},"end":{"line":15,"column":3}},"line":11},"2":{"name":"(anonymous_2)","decl":{"start":{"line":17,"column":13},"end":{"line":17,"column":14}},"loc":{"start":{"line":17,"column":29},"end":{"line":22,"column":3}},"line":17},"3":{"name":"(anonymous_3)","decl":{"start":{"line":24,"column":19},"end":{"line":24,"column":20}},"loc":{"start":{"line":24,"column":25},"end":{"line":29,"column":3}},"line":24}},"branchMap":{"0":{"loc":{"start":{"line":19,"column":21},"end":{"line":19,"column":63}},"type":"cond-expr","locations":[{"start":{"line":19,"column":48},"end":{"line":19,"column":59}},{"start":{"line":19,"column":62},"end":{"line":19,"column":63}}],"line":19},"1":{"loc":{"start":{"line":26,"column":4},"end":{"line":28,"column":5}},"type":"if","locations":[{"start":{"line":26,"column":4},"end":{"line":28,"column":5}},{"start":{},"end":{}}],"line":26}},"s":{"0":0,"1":0,"2":0,"3":0,"4":0,"5":0,"6":0,"7":0,"8":0,"9":0,"10":0,"11":0,"12":0,"13":0,"14":0,"15":0,"16":0,"17":0,"18":0,"19":0},"f":{"0":0,"1":0,"2":0,"3":0},"b":{"0":[0,0],"1":[0,0]}}
,"/home/khchoi/external-projects/kita-ax/src/middleware/security.js": {"path":"/home/khchoi/external-projects/kita-ax/src/middleware/security.js","statementMap":{"0":{"start":{"line":6,"column":13},"end":{"line":6,"column":28}},"1":{"start":{"line":7,"column":15},"end":{"line":7,"column":32}},"2":{"start":{"line":8,"column":18},"end":{"line":8,"column":47}},"3":{"start":{"line":9,"column":13},"end":{"line":9,"column":29}},"4":{"start":{"line":10,"column":21},"end":{"line":10,"column":45}},"5":{"start":{"line":13,"column":20},"end":{"line":20,"column":1}},"6":{"start":{"line":23,"column":21},"end":{"line":46,"column":1}},"7":{"start":{"line":49,"column":19},"end":{"line":49,"column":88}},"8":{"start":{"line":51,"column":16},"end":{"line":59,"column":6}},"9":{"start":{"line":52,"column":24},"end":{"line":52,"column":30}},"10":{"start":{"line":62,"column":21},"end":{"line":69,"column":6}},"11":{"start":{"line":63,"column":24},"end":{"line":63,"column":30}},"12":{"start":{"line":72,"column":23},"end":{"line":78,"column":2}},"13":{"start":{"line":80,"column":0},"end":{"line":89,"column":2}}},"fnMap":{"0":{"name":"(anonymous_0)","decl":{"start":{"line":52,"column":4},"end":{"line":52,"column":5}},"loc":{"start":{"line":52,"column":24},"end":{"line":52,"column":30}},"line":52},"1":{"name":"(anonymous_1)","decl":{"start":{"line":63,"column":4},"end":{"line":63,"column":5}},"loc":{"start":{"line":63,"column":24},"end":{"line":63,"column":30}},"line":63}},"branchMap":{"0":{"loc":{"start":{"line":14,"column":11},"end":{"line":14,"column":41}},"type":"binary-expr","locations":[{"start":{"line":14,"column":11},"end":{"line":14,"column":35}},{"start":{"line":14,"column":39},"end":{"line":14,"column":41}}],"line":14},"1":{"loc":{"start":{"line":49,"column":19},"end":{"line":49,"column":88}},"type":"binary-expr","locations":[{"start":{"line":49,"column":19},"end":{"line":49,"column":50}},{"start":{"line":49,"column":54},"end":{"line":49,"column":88}}],"line":49},"2":{"loc":{"start":{"line":51,"column":16},"end":{"line":59,"column":6}},"type":"cond-expr","locations":[{"start":{"line":52,"column":4},"end":{"line":52,"column":30}},{"start":{"line":53,"column":4},"end":{"line":59,"column":6}}],"line":51},"3":{"loc":{"start":{"line":54,"column":16},"end":{"line":54,"column":76}},"type":"binary-expr","locations":[{"start":{"line":54,"column":16},"end":{"line":54,"column":58}},{"start":{"line":54,"column":62},"end":{"line":54,"column":76}}],"line":54},"4":{"loc":{"start":{"line":55,"column":11},"end":{"line":55,"column":63}},"type":"binary-expr","locations":[{"start":{"line":55,"column":11},"end":{"line":55,"column":56}},{"start":{"line":55,"column":60},"end":{"line":55,"column":63}}],"line":55},"5":{"loc":{"start":{"line":62,"column":21},"end":{"line":69,"column":6}},"type":"cond-expr","locations":[{"start":{"line":63,"column":4},"end":{"line":63,"column":30}},{"start":{"line":64,"column":4},"end":{"line":69,"column":6}}],"line":62}},"s":{"0":0,"1":0,"2":0,"3":0,"4":0,"5":0,"6":0,"7":0,"8":0,"9":0,"10":0,"11":0,"12":0,"13":0},"f":{"0":0,"1":0},"b":{"0":[0,0],"1":[0,0],"2":[0,0],"3":[0,0],"4":[0,0],"5":[0,0]}}
,"/home/khchoi/external-projects/kita-ax/src/middleware/upload.js": {"path":"/home/khchoi/external-projects/kita-ax/src/middleware/upload.js","statementMap":{"0":{"start":{"line":6,"column":15},"end":{"line":6,"column":32}},"1":{"start":{"line":7,"column":13},"end":{"line":7,"column":28}},"2":{"start":{"line":8,"column":11},"end":{"line":8,"column":24}},"3":{"start":{"line":11,"column":19},"end":{"line":11,"column":60}},"4":{"start":{"line":12,"column":0},"end":{"line":14,"column":1}},"5":{"start":{"line":13,"column":2},"end":{"line":13,"column":48}},"6":{"start":{"line":17,"column":16},"end":{"line":28,"column":2}},"7":{"start":{"line":19,"column":4},"end":{"line":19,"column":25}},"8":{"start":{"line":23,"column":25},"end":{"line":23,"column":75}},"9":{"start":{"line":24,"column":16},"end":{"line":24,"column":47}},"10":{"start":{"line":25,"column":17},"end":{"line":25,"column":54}},"11":{"start":{"line":26,"column":4},"end":{"line":26,"column":46}},"12":{"start":{"line":31,"column":19},"end":{"line":54,"column":1}},"13":{"start":{"line":32,"column":23},"end":{"line":41,"column":3}},"14":{"start":{"line":43,"column":28},"end":{"line":43,"column":95}},"15":{"start":{"line":45,"column":14},"end":{"line":45,"column":59}},"16":{"start":{"line":46,"column":17},"end":{"line":46,"column":53}},"17":{"start":{"line":47,"column":16},"end":{"line":47,"column":47}},"18":{"start":{"line":49,"column":2},"end":{"line":53,"column":3}},"19":{"start":{"line":50,"column":4},"end":{"line":50,"column":19}},"20":{"start":{"line":52,"column":4},"end":{"line":52,"column":91}},"21":{"start":{"line":57,"column":15},"end":{"line":63,"column":2}},"22":{"start":{"line":65,"column":0},"end":{"line":65,"column":40}}},"fnMap":{"0":{"name":"(anonymous_0)","decl":{"start":{"line":18,"column":15},"end":{"line":18,"column":16}},"loc":{"start":{"line":18,"column":34},"end":{"line":20,"column":3}},"line":18},"1":{"name":"(anonymous_1)","decl":{"start":{"line":21,"column":12},"end":{"line":21,"column":13}},"loc":{"start":{"line":21,"column":31},"end":{"line":27,"column":3}},"line":21},"2":{"name":"(anonymous_2)","decl":{"start":{"line":31,"column":19},"end":{"line":31,"column":20}},"loc":{"start":{"line":31,"column":38},"end":{"line":54,"column":1}},"line":31}},"branchMap":{"0":{"loc":{"start":{"line":12,"column":0},"end":{"line":14,"column":1}},"type":"if","locations":[{"start":{"line":12,"column":0},"end":{"line":14,"column":1}},{"start":{},"end":{}}],"line":12},"1":{"loc":{"start":{"line":49,"column":2},"end":{"line":53,"column":3}},"type":"if","locations":[{"start":{"line":49,"column":2},"end":{"line":53,"column":3}},{"start":{"line":51,"column":9},"end":{"line":53,"column":3}}],"line":49},"2":{"loc":{"start":{"line":49,"column":6},"end":{"line":49,"column":21}},"type":"binary-expr","locations":[{"start":{"line":49,"column":6},"end":{"line":49,"column":12}},{"start":{"line":49,"column":16},"end":{"line":49,"column":21}}],"line":49}},"s":{"0":0,"1":0,"2":0,"3":0,"4":0,"5":0,"6":0,"7":0,"8":0,"9":0,"10":0,"11":0,"12":0,"13":0,"14":0,"15":0,"16":0,"17":0,"18":0,"19":0,"20":0,"21":0,"22":0},"f":{"0":0,"1":0,"2":0},"b":{"0":[0,0],"1":[0,0],"2":[0,0]}}
,"/home/khchoi/external-projects/kita-ax/src/middleware/validation.js": {"path":"/home/khchoi/external-projects/kita-ax/src/middleware/validation.js","statementMap":{"0":{"start":{"line":1,"column":12},"end":{"line":1,"column":26}},"1":{"start":{"line":2,"column":23},"end":{"line":2,"column":60}},"2":{"start":{"line":3,"column":29},"end":{"line":3,"column":72}},"3":{"start":{"line":7,"column":17},"end":{"line":7,"column":19}},"4":{"start":{"line":8,"column":19},"end":{"line":8,"column":21}},"5":{"start":{"line":10,"column":2},"end":{"line":16,"column":5}},"6":{"start":{"line":11,"column":18},"end":{"line":11,"column":39}},"7":{"start":{"line":12,"column":20},"end":{"line":12,"column":34}},"8":{"start":{"line":14,"column":4},"end":{"line":14,"column":28}},"9":{"start":{"line":15,"column":4},"end":{"line":15,"column":42}},"10":{"start":{"line":18,"column":2},"end":{"line":18,"column":30}},"11":{"start":{"line":23,"column":2},"end":{"line":70,"column":4}},"12":{"start":{"line":24,"column":56},"end":{"line":24,"column":63}},"13":{"start":{"line":27,"column":25},"end":{"line":27,"column":27}},"14":{"start":{"line":28,"column":4},"end":{"line":30,"column":5}},"15":{"start":{"line":29,"column":6},"end":{"line":29,"column":58}},"16":{"start":{"line":31,"column":4},"end":{"line":33,"column":5}},"17":{"start":{"line":32,"column":6},"end":{"line":32,"column":59}},"18":{"start":{"line":34,"column":4},"end":{"line":36,"column":5}},"19":{"start":{"line":35,"column":6},"end":{"line":35,"column":60}},"20":{"start":{"line":39,"column":29},"end":{"line":42,"column":6}},"21":{"start":{"line":44,"column":4},"end":{"line":65,"column":5}},"22":{"start":{"line":45,"column":35},"end":{"line":45,"column":72}},"23":{"start":{"line":47,"column":6},"end":{"line":52,"column":9}},"24":{"start":{"line":54,"column":6},"end":{"line":58,"column":8}},"25":{"start":{"line":60,"column":6},"end":{"line":64,"column":9}},"26":{"start":{"line":68,"column":4},"end":{"line":68,"column":30}},"27":{"start":{"line":69,"column":4},"end":{"line":69,"column":11}},"28":{"start":{"line":75,"column":2},"end":{"line":75,"column":78}},"29":{"start":{"line":80,"column":2},"end":{"line":80,"column":78}},"30":{"start":{"line":85,"column":2},"end":{"line":85,"column":78}},"31":{"start":{"line":90,"column":2},"end":{"line":90,"column":76}},"32":{"start":{"line":94,"column":19},"end":{"line":124,"column":1}},"33":{"start":{"line":96,"column":23},"end":{"line":96,"column":51}},"34":{"start":{"line":97,"column":4},"end":{"line":97,"column":34}},"35":{"start":{"line":101,"column":4},"end":{"line":106,"column":5}},"36":{"start":{"line":102,"column":6},"end":{"line":102,"column":21}},"37":{"start":{"line":103,"column":6},"end":{"line":103,"column":18}},"38":{"start":{"line":105,"column":6},"end":{"line":105,"column":19}},"39":{"start":{"line":110,"column":22},"end":{"line":110,"column":87}},"40":{"start":{"line":111,"column":4},"end":{"line":111,"column":33}},"41":{"start":{"line":115,"column":23},"end":{"line":115,"column":44}},"42":{"start":{"line":116,"column":4},"end":{"line":116,"column":34}},"43":{"start":{"line":120,"column":23},"end":{"line":120,"column":41}},"44":{"start":{"line":121,"column":26},"end":{"line":121,"column":55}},"45":{"start":{"line":122,"column":4},"end":{"line":122,"column":63}},"46":{"start":{"line":126,"column":0},"end":{"line":134,"column":2}}},"fnMap":{"0":{"name":"formatValidationErrors","decl":{"start":{"line":6,"column":9},"end":{"line":6,"column":31}},"loc":{"start":{"line":6,"column":41},"end":{"line":19,"column":1}},"line":6},"1":{"name":"(anonymous_1)","decl":{"start":{"line":10,"column":18},"end":{"line":10,"column":19}},"loc":{"start":{"line":10,"column":30},"end":{"line":16,"column":3}},"line":10},"2":{"name":"validateRequest","decl":{"start":{"line":22,"column":9},"end":{"line":22,"column":24}},"loc":{"start":{"line":22,"column":47},"end":{"line":71,"column":1}},"line":22},"3":{"name":"(anonymous_3)","decl":{"start":{"line":23,"column":9},"end":{"line":23,"column":10}},"loc":{"start":{"line":23,"column":29},"end":{"line":70,"column":3}},"line":23},"4":{"name":"validateBody","decl":{"start":{"line":74,"column":9},"end":{"line":74,"column":21}},"loc":{"start":{"line":74,"column":30},"end":{"line":76,"column":1}},"line":74},"5":{"name":"validateQuery","decl":{"start":{"line":79,"column":9},"end":{"line":79,"column":22}},"loc":{"start":{"line":79,"column":31},"end":{"line":81,"column":1}},"line":79},"6":{"name":"validateParams","decl":{"start":{"line":84,"column":9},"end":{"line":84,"column":23}},"loc":{"start":{"line":84,"column":32},"end":{"line":86,"column":1}},"line":84},"7":{"name":"validateAll","decl":{"start":{"line":89,"column":9},"end":{"line":89,"column":20}},"loc":{"start":{"line":89,"column":29},"end":{"line":91,"column":1}},"line":89},"8":{"name":"(anonymous_8)","decl":{"start":{"line":95,"column":9},"end":{"line":95,"column":10}},"loc":{"start":{"line":95,"column":20},"end":{"line":98,"column":3}},"line":95},"9":{"name":"(anonymous_9)","decl":{"start":{"line":100,"column":7},"end":{"line":100,"column":8}},"loc":{"start":{"line":100,"column":18},"end":{"line":107,"column":3}},"line":100},"10":{"name":"(anonymous_10)","decl":{"start":{"line":109,"column":8},"end":{"line":109,"column":9}},"loc":{"start":{"line":109,"column":19},"end":{"line":112,"column":3}},"line":109},"11":{"name":"(anonymous_11)","decl":{"start":{"line":114,"column":9},"end":{"line":114,"column":10}},"loc":{"start":{"line":114,"column":20},"end":{"line":117,"column":3}},"line":114},"12":{"name":"(anonymous_12)","decl":{"start":{"line":119,"column":14},"end":{"line":119,"column":15}},"loc":{"start":{"line":119,"column":25},"end":{"line":123,"column":3}},"line":119}},"branchMap":{"0":{"loc":{"start":{"line":22,"column":33},"end":{"line":22,"column":45}},"type":"default-arg","locations":[{"start":{"line":22,"column":43},"end":{"line":22,"column":45}}],"line":22},"1":{"loc":{"start":{"line":24,"column":12},"end":{"line":24,"column":30}},"type":"default-arg","locations":[{"start":{"line":24,"column":25},"end":{"line":24,"column":30}}],"line":24},"2":{"loc":{"start":{"line":24,"column":32},"end":{"line":24,"column":51}},"type":"default-arg","locations":[{"start":{"line":24,"column":47},"end":{"line":24,"column":51}}],"line":24},"3":{"loc":{"start":{"line":28,"column":4},"end":{"line":30,"column":5}},"type":"if","locations":[{"start":{"line":28,"column":4},"end":{"line":30,"column":5}},{"start":{},"end":{}}],"line":28},"4":{"loc":{"start":{"line":31,"column":4},"end":{"line":33,"column":5}},"type":"if","locations":[{"start":{"line":31,"column":4},"end":{"line":33,"column":5}},{"start":{},"end":{}}],"line":31},"5":{"loc":{"start":{"line":34,"column":4},"end":{"line":36,"column":5}},"type":"if","locations":[{"start":{"line":34,"column":4},"end":{"line":36,"column":5}},{"start":{},"end":{}}],"line":34},"6":{"loc":{"start":{"line":44,"column":4},"end":{"line":65,"column":5}},"type":"if","locations":[{"start":{"line":44,"column":4},"end":{"line":65,"column":5}},{"start":{},"end":{}}],"line":44},"7":{"loc":{"start":{"line":122,"column":11},"end":{"line":122,"column":62}},"type":"binary-expr","locations":[{"start":{"line":122,"column":11},"end":{"line":122,"column":33}},{"start":{"line":122,"column":37},"end":{"line":122,"column":62}}],"line":122}},"s":{"0":1,"1":1,"2":1,"3":8,"4":8,"5":8,"6":13,"7":13,"8":13,"9":13,"10":8,"11":2,"12":5,"13":5,"14":5,"15":3,"16":5,"17":2,"18":5,"19":0,"20":5,"21":5,"22":3,"23":3,"24":3,"25":3,"26":2,"27":2,"28":1,"29":1,"30":0,"31":0,"32":1,"33":5,"34":5,"35":6,"36":6,"37":4,"38":2,"39":4,"40":4,"41":4,"42":4,"43":4,"44":4,"45":4,"46":1},"f":{"0":8,"1":13,"2":2,"3":5,"4":1,"5":1,"6":0,"7":0,"8":5,"9":6,"10":4,"11":4,"12":4},"b":{"0":[0],"1":[5],"2":[5],"3":[3,2],"4":[2,3],"5":[0,5],"6":[3,2],"7":[4,2]},"_coverageSchema":"1a1c01bbd47fc00a2c39e90264f33305004495a9","hash":"0d47b2b5bb6abc9b70bf326548d5060ccd277577"}
,"/home/khchoi/external-projects/kita-ax/src/models/index.js": {"path":"/home/khchoi/external-projects/kita-ax/src/models/index.js","statementMap":{"0":{"start":{"line":6,"column":22},"end":{"line":6,"column":42}},"1":{"start":{"line":7,"column":22},"end":{"line":7,"column":51}},"2":{"start":{"line":10,"column":13},"end":{"line":73,"column":2}},"3":{"start":{"line":76,"column":17},"end":{"line":148,"column":2}},"4":{"start":{"line":151,"column":13},"end":{"line":188,"column":2}},"5":{"start":{"line":191,"column":17},"end":{"line":236,"column":2}},"6":{"start":{"line":239,"column":15},"end":{"line":280,"column":2}},"7":{"start":{"line":283,"column":17},"end":{"line":335,"column":2}},"8":{"start":{"line":338,"column":14},"end":{"line":384,"column":2}},"9":{"start":{"line":387,"column":21},"end":{"line":439,"column":2}},"10":{"start":{"line":442,"column":24},"end":{"line":521,"column":2}},"11":{"start":{"line":524,"column":20},"end":{"line":558,"column":2}},"12":{"start":{"line":562,"column":0},"end":{"line":562,"column":68}},"13":{"start":{"line":563,"column":0},"end":{"line":563,"column":70}},"14":{"start":{"line":566,"column":0},"end":{"line":566,"column":67}},"15":{"start":{"line":567,"column":0},"end":{"line":567,"column":69}},"16":{"start":{"line":570,"column":0},"end":{"line":570,"column":72}},"17":{"start":{"line":571,"column":0},"end":{"line":571,"column":74}},"18":{"start":{"line":574,"column":0},"end":{"line":574,"column":74}},"19":{"start":{"line":575,"column":0},"end":{"line":575,"column":77}},"20":{"start":{"line":578,"column":0},"end":{"line":578,"column":52}},"21":{"start":{"line":579,"column":0},"end":{"line":579,"column":54}},"22":{"start":{"line":581,"column":0},"end":{"line":592,"column":2}}},"fnMap":{},"branchMap":{},"s":{"0":0,"1":0,"2":0,"3":0,"4":0,"5":0,"6":0,"7":0,"8":0,"9":0,"10":0,"11":0,"12":0,"13":0,"14":0,"15":0,"16":0,"17":0,"18":0,"19":0,"20":0,"21":0,"22":0},"f":{},"b":{}}
,"/home/khchoi/external-projects/kita-ax/src/models/mockData.js": {"path":"/home/khchoi/external-projects/kita-ax/src/models/mockData.js","statementMap":{"0":{"start":{"line":4,"column":18},"end":{"line":41,"column":1}},"1":{"start":{"line":43,"column":22},"end":{"line":80,"column":1}},"2":{"start":{"line":82,"column":18},"end":{"line":101,"column":1}},"3":{"start":{"line":103,"column":22},"end":{"line":125,"column":1}},"4":{"start":{"line":127,"column":21},"end":{"line":149,"column":1}},"5":{"start":{"line":151,"column":22},"end":{"line":206,"column":1}},"6":{"start":{"line":208,"column":19},"end":{"line":233,"column":1}},"7":{"start":{"line":235,"column":24},"end":{"line":250,"column":1}},"8":{"start":{"line":252,"column":19},"end":{"line":277,"column":1}},"9":{"start":{"line":279,"column":0},"end":{"line":289,"column":2}}},"fnMap":{},"branchMap":{},"s":{"0":0,"1":0,"2":0,"3":0,"4":0,"5":0,"6":0,"7":0,"8":0,"9":0},"f":{},"b":{}}
,"/home/khchoi/external-projects/kita-ax/src/routes/admin.js": {"path":"/home/khchoi/external-projects/kita-ax/src/routes/admin.js","statementMap":{"0":{"start":{"line":1,"column":16},"end":{"line":1,"column":34}},"1":{"start":{"line":2,"column":15},"end":{"line":2,"column":31}},"2":{"start":{"line":3,"column":11},"end":{"line":3,"column":24}},"3":{"start":{"line":4,"column":13},"end":{"line":4,"column":28}},"4":{"start":{"line":5,"column":38},"end":{"line":5,"column":67}},"5":{"start":{"line":6,"column":19},"end":{"line":6,"column":50}},"6":{"start":{"line":9,"column":20},"end":{"line":9,"column":54}},"7":{"start":{"line":10,"column":24},"end":{"line":10,"column":62}},"8":{"start":{"line":11,"column":20},"end":{"line":11,"column":54}},"9":{"start":{"line":12,"column":22},"end":{"line":12,"column":58}},"10":{"start":{"line":13,"column":24},"end":{"line":13,"column":62}},"11":{"start":{"line":14,"column":21},"end":{"line":14,"column":56}},"12":{"start":{"line":17,"column":0},"end":{"line":17,"column":24}},"13":{"start":{"line":18,"column":0},"end":{"line":18,"column":25}},"14":{"start":{"line":21,"column":21},"end":{"line":21,"column":94}},"15":{"start":{"line":21,"column":27},"end":{"line":21,"column":94}},"16":{"start":{"line":21,"column":47},"end":{"line":21,"column":94}},"17":{"start":{"line":25,"column":14},"end":{"line":25,"column":50}},"18":{"start":{"line":26,"column":2},"end":{"line":26,"column":76}},"19":{"start":{"line":31,"column":2},"end":{"line":41,"column":4}},"20":{"start":{"line":46,"column":0},"end":{"line":80,"column":4}},"21":{"start":{"line":47,"column":19},"end":{"line":47,"column":36}},"22":{"start":{"line":49,"column":56},"end":{"line":54,"column":4}},"23":{"start":{"line":56,"column":18},"end":{"line":66,"column":3}},"24":{"start":{"line":61,"column":41},"end":{"line":65,"column":5}},"25":{"start":{"line":68,"column":23},"end":{"line":68,"column":48}},"26":{"start":{"line":69,"column":21},"end":{"line":69,"column":44}},"27":{"start":{"line":71,"column":2},"end":{"line":79,"column":5}},"28":{"start":{"line":84,"column":0},"end":{"line":114,"column":4}},"29":{"start":{"line":85,"column":51},"end":{"line":85,"column":75}},"30":{"start":{"line":86,"column":19},"end":{"line":86,"column":36}},"31":{"start":{"line":88,"column":17},"end":{"line":97,"column":4}},"32":{"start":{"line":99,"column":23},"end":{"line":99,"column":79}},"33":{"start":{"line":100,"column":23},"end":{"line":100,"column":48}},"34":{"start":{"line":101,"column":21},"end":{"line":101,"column":44}},"35":{"start":{"line":103,"column":2},"end":{"line":113,"column":5}},"36":{"start":{"line":116,"column":0},"end":{"line":126,"column":3}},"37":{"start":{"line":117,"column":21},"end":{"line":117,"column":44}},"38":{"start":{"line":119,"column":2},"end":{"line":125,"column":5}},"39":{"start":{"line":128,"column":0},"end":{"line":170,"column":4}},"40":{"start":{"line":129,"column":2},"end":{"line":169,"column":3}},"41":{"start":{"line":130,"column":46},"end":{"line":130,"column":54}},"42":{"start":{"line":132,"column":4},"end":{"line":134,"column":5}},"43":{"start":{"line":133,"column":6},"end":{"line":133,"column":95}},"44":{"start":{"line":136,"column":4},"end":{"line":142,"column":7}},"45":{"start":{"line":144,"column":4},"end":{"line":153,"column":7}},"46":{"start":{"line":155,"column":4},"end":{"line":155,"column":80}},"47":{"start":{"line":157,"column":4},"end":{"line":166,"column":7}},"48":{"start":{"line":168,"column":4},"end":{"line":168,"column":57}},"49":{"start":{"line":172,"column":0},"end":{"line":184,"column":4}},"50":{"start":{"line":173,"column":19},"end":{"line":173,"column":82}},"51":{"start":{"line":174,"column":21},"end":{"line":174,"column":44}},"52":{"start":{"line":176,"column":2},"end":{"line":183,"column":5}},"53":{"start":{"line":186,"column":0},"end":{"line":210,"column":4}},"54":{"start":{"line":187,"column":2},"end":{"line":209,"column":3}},"55":{"start":{"line":188,"column":36},"end":{"line":188,"column":44}},"56":{"start":{"line":190,"column":4},"end":{"line":194,"column":6}},"57":{"start":{"line":196,"column":4},"end":{"line":204,"column":7}},"58":{"start":{"line":206,"column":4},"end":{"line":206,"column":71}},"59":{"start":{"line":208,"column":4},"end":{"line":208,"column":75}},"60":{"start":{"line":212,"column":0},"end":{"line":234,"column":4}},"61":{"start":{"line":213,"column":2},"end":{"line":233,"column":3}},"62":{"start":{"line":214,"column":4},"end":{"line":216,"column":5}},"63":{"start":{"line":215,"column":6},"end":{"line":215,"column":83}},"64":{"start":{"line":218,"column":4},"end":{"line":218,"column":67}},"65":{"start":{"line":220,"column":4},"end":{"line":228,"column":7}},"66":{"start":{"line":230,"column":4},"end":{"line":230,"column":71}},"67":{"start":{"line":232,"column":4},"end":{"line":232,"column":53}},"68":{"start":{"line":238,"column":0},"end":{"line":267,"column":4}},"69":{"start":{"line":239,"column":53},"end":{"line":239,"column":77}},"70":{"start":{"line":240,"column":19},"end":{"line":240,"column":36}},"71":{"start":{"line":242,"column":17},"end":{"line":250,"column":4}},"72":{"start":{"line":252,"column":23},"end":{"line":252,"column":81}},"73":{"start":{"line":253,"column":23},"end":{"line":253,"column":48}},"74":{"start":{"line":254,"column":21},"end":{"line":254,"column":44}},"75":{"start":{"line":256,"column":2},"end":{"line":266,"column":5}},"76":{"start":{"line":269,"column":0},"end":{"line":279,"column":3}},"77":{"sta
[...]
{"line":187,"column":3}},"loc":{"start":{"line":187,"column":43},"end":{"line":191,"column":3}},"line":187}},"branchMap":{"0":{"loc":{"start":{"line":13,"column":29},"end":{"line":13,"column":37}},"type":"default-arg","locations":[{"start":{"line":13,"column":36},"end":{"line":13,"column":37}}],"line":13},"1":{"loc":{"start":{"line":13,"column":39},"end":{"line":13,"column":52}},"type":"default-arg","locations":[{"start":{"line":13,"column":50},"end":{"line":13,"column":52}}],"line":13},"2":{"loc":{"start":{"line":13,"column":76},"end":{"line":13,"column":92}},"type":"default-arg","locations":[{"start":{"line":13,"column":85},"end":{"line":13,"column":92}}],"line":13},"3":{"loc":{"start":{"line":13,"column":94},"end":{"line":13,"column":111}},"type":"default-arg","locations":[{"start":{"line":13,"column":106},"end":{"line":13,"column":111}}],"line":13},"4":{"loc":{"start":{"line":19,"column":4},"end":{"line":19,"column":38}},"type":"if","locations":[{"start":{"line":19,"column":4},"end":{"line":19,"column":38}},{"start":{},"end":{}}],"line":19},"5":{"loc":{"start":{"line":20,"column":4},"end":{"line":20,"column":32}},"type":"if","locations":[{"start":{"line":20,"column":4},"end":{"line":20,"column":32}},{"start":{},"end":{}}],"line":20},"6":{"loc":{"start":{"line":22,"column":4},"end":{"line":27,"column":5}},"type":"if","locations":[{"start":{"line":22,"column":4},"end":{"line":27,"column":5}},{"start":{},"end":{}}],"line":22},"7":{"loc":{"start":{"line":29,"column":20},"end":{"line":29,"column":37}},"type":"binary-expr","locations":[{"start":{"line":29,"column":20},"end":{"line":29,"column":26}},{"start":{"line":29,"column":30},"end":{"line":29,"column":37}}],"line":29},"8":{"loc":{"start":{"line":29,"column":39},"end":{"line":29,"column":76}},"type":"cond-expr","locations":[{"start":{"line":29,"column":62},"end":{"line":29,"column":68}},{"start":{"line":29,"column":71},"end":{"line":29,"column":76}}],"line":29},"9":{"loc":{"start":{"line":61,"column":4},"end":{"line":63,"column":5}},"type":"if","locations":[{"start":{"line":61,"column":4},"end":{"line":63,"column":5}},{"start":{},"end":{}}],"line":61},"10":{"loc":{"start":{"line":76,"column":4},"end":{"line":78,"column":5}},"type":"if","locations":[{"start":{"line":76,"column":4},"end":{"line":78,"column":5}},{"start":{},"end":{}}],"line":76},"11":{"loc":{"start":{"line":86,"column":45},"end":{"line":86,"column":60}},"type":"default-arg","locations":[{"start":{"line":86,"column":52},"end":{"line":86,"column":60}}],"line":86},"12":{"loc":{"start":{"line":86,"column":72},"end":{"line":86,"column":89}},"type":"default-arg","locations":[{"start":{"line":86,"column":81},"end":{"line":86,"column":89}}],"line":86},"13":{"loc":{"start":{"line":89,"column":4},"end":{"line":91,"column":5}},"type":"if","locations":[{"start":{"line":89,"column":4},"end":{"line":91,"column":5}},{"start":{},"end":{}}],"line":89},"14":{"loc":{"start":{"line":113,"column":4},"end":{"line":115,"column":5}},"type":"if","locations":[{"start":{"line":113,"column":4},"end":{"line":115,"column":5}},{"start":{},"end":{}}],"line":113},"15":{"loc":{"start":{"line":117,"column":4},"end":{"line":117,"column":34}},"type":"if","locations":[{"start":{"line":117,"column":4},"end":{"line":117,"column":34}},{"start":{},"end":{}}],"line":117},"16":{"loc":{"start":{"line":118,"column":4},"end":{"line":118,"column":31}},"type":"if","locations":[{"start":{"line":118,"column":4},"end":{"line":118,"column":31}},{"start":{},"end":{}}],"line":118},"17":{"loc":{"start":{"line":119,"column":4},"end":{"line":119,"column":37}},"type":"if","locations":[{"start":{"line":119,"column":4},"end":{"line":119,"column":37}},{"start":{},"end":{}}],"line":119},"18":{"loc":{"start":{"line":131,"column":4},"end":{"line":133,"column":5}},"type":"if","locations":[{"start":{"line":131,"column":4},"end":{"line":133,"column":5}},{"start":{},"end":{}}],"line":131},"19":{"loc":{"start":{"line":137,"column":4},"end":{"line":139,"column":5}},"type":"if","locations":[{"start":{"line":137,"column":4},"end":{"line":139,"column":5}},{"start":{},"end":{}}],"line":137},"20":{"loc":{"start":{"line":153,"column":4},"end":{"line":155,"column":5}},"type":"if","locations":[{"start":{"line":153,"column":4},"end":{"line":155,"column":5}},{"start":{},"end":{}}],"line":153},"21":{"loc":{"start":{"line":165,"column":4},"end":{"line":167,"column":5}},"type":"if","locations":[{"start":{"line":165,"column":4},"end":{"line":167,"column":5}},{"start":{},"end":{}}],"line":165},"22":{"loc":{"start":{"line":178,"column":4},"end":{"line":181,"column":5}},"type":"if","locations":[{"start":{"line":178,"column":4},"end":{"line":181,"column":5}},{"start":{},"end":{}}],"line":178}},"s":{"0":1,"1":1,"2":1,"3":4,"4":4,"5":4,"6":4,"7":1,"8":4,"9":0,"10":4,"11":1,"12":4,"13":4,"14":4,"15":7,"16":7,"17":1,"18":6,"19":3,"20":3,"21":1,"22":2,"23":3,"24":3,"25":0,"26":3,"27":3,"28":3,"29":2,"30":2,"31":1,"32":1,"33":0,"34":1,"35":1,"36":1,"37":1,"38":1,"39":1,"40":0,"41":0,"42":0,"43":0,"44":0,"45":0,"46":0,"47":0,"48":0,"49":3,"50":3,"51":1,"52":2,"53":2,"54":2,"55":1,"56":1,"57":1,"58":2,"59":2,"60":1,"61":1,"62":2,"63":1},"f":{"0":4,"1":7,"2":3,"3":3,"4":2,"5":0,"6":3,"7":2,"8":2,"9":2},"b":{"0":[0],"1":[0],"2":[4],"3":[4],"4":[1,3],"5":[0,4],"6":[1,3],"7":[4,0],"8":[0,4],"9":[1,6],"10":[1,2],"11":[2],"12":[3],"13":[0,3],"14":[1,1],"15":[0,1],"16":[1,0],"17":[1,0],"18":[0,0],"19":[0,0],"20":[1,2],"21":[1,1],"22":[1,1]},"_coverageSchema":"1a1c01bbd47fc00a2c39e90264f33305004495a9","hash":"655d28b02ce11e27b224a57ebd15b48ff8b131a8"}
,"/home/khchoi/external-projects/kita-ax/src/utils/pagination.js": {"path":"/home/khchoi/external-projects/kita-ax/src/utils/pagination.js","statementMap":{"0":{"start":{"line":4,"column":18},"end":{"line":4,"column":50}},"1":{"start":{"line":5,"column":15},"end":{"line":5,"column":67}},"2":{"start":{"line":7,"column":16},"end":{"line":7,"column":28}},"3":{"start":{"line":8,"column":21},"end":{"line":8,"column":44}},"4":{"start":{"line":9,"column":21},"end":{"line":9,"column":41}},"5":{"start":{"line":10,"column":19},"end":{"line":10,"column":53}},"6":{"start":{"line":12,"column":2},"end":{"line":22,"column":4}},"7":{"start":{"line":26,"column":2},"end":{"line":41,"column":5}},"8":{"start":{"line":27,"column":4},"end":{"line":39,"column":5}},"9":{"start":{"line":28,"column":6},"end":{"line":28,"column":74}},"10":{"start":{"line":28,"column":65},"end":{"line":28,"column":74}},"11":{"start":{"line":30,"column":24},"end":{"line":30,"column":33}},"12":{"start":{"line":32,"column":6},"end":{"line":38,"column":7}},"13":{"start":{"line":33,"column":8},"end":{"line":35,"column":9}},"14":{"start":{"line":34,"column":10},"end":{"line":34,"column":23}},"15":{"start":{"line":36,"column":13},"end":{"line":38,"column":7}},"16":{"start":{"line":37,"column":8},"end":{"line":37,"column":21}},"17":{"start":{"line":40,"column":4},"end":{"line":40,"column":16}},"18":{"start":{"line":45,"column":2},"end":{"line":45,"column":51}},"19":{"start":{"line":45,"column":38},"end":{"line":45,"column":51}},"20":{"start":{"line":47,"column":21},"end":{"line":47,"column":40}},"21":{"start":{"line":48,"column":2},"end":{"line":54,"column":5}},"22":{"start":{"line":49,"column":4},"end":{"line":53,"column":7}},"23":{"start":{"line":50,"column":20},"end":{"line":50,"column":31}},"24":{"start":{"line":51,"column":6},"end":{"line":51,"column":62}},"25":{"start":{"line":51,"column":49},"end":{"line":51,"column":62}},"26":{"start":{"line":52,"column":6},"end":{"line":52,"column":62}},"27":{"start":{"line":58,"column":2},"end":{"line":58,"column":28}},"28":{"start":{"line":58,"column":15},"end":{"line":58,"column":28}},"29":{"start":{"line":60,"column":17},"end":{"line":76,"column":4}},"30":{"start":{"line":61,"column":19},"end":{"line":61,"column":28}},"31":{"start":{"line":62,"column":19},"end":{"line":62,"column":28}},"32":{"start":{"line":64,"column":4},"end":{"line":64,"column":58}},"33":{"start":{"line":64,"column":49},"end":{"line":64,"column":58}},"34":{"start":{"line":65,"column":4},"end":{"line":65,"column":59}},"35":{"start":{"line":65,"column":49},"end":{"line":65,"column":59}},"36":{"start":{"line":67,"column":4},"end":{"line":71,"column":5}},"37":{"start":{"line":68,"column":6},"end":{"line":70,"column":39}},"38":{"start":{"line":73,"column":4},"end":{"line":73,"column":61}},"39":{"start":{"line":73,"column":25},"end":{"line":73,"column":61}},"40":{"start":{"line":74,"column":4},"end":{"line":74,"column":61}},"41":{"start":{"line":74,"column":25},"end":{"line":74,"column":61}},"42":{"start":{"line":75,"column":4},"end":{"line":75,"column":13}},"43":{"start":{"line":78,"column":2},"end":{"line":78,"column":16}},"44":{"start":{"line":90,"column":6},"end":{"line":90,"column":13}},"45":{"start":{"line":92,"column":15},"end":{"line":92,"column":20}},"46":{"start":{"line":94,"column":2},"end":{"line":96,"column":3}},"47":{"start":{"line":95,"column":4},"end":{"line":95,"column":37}},"48":{"start":{"line":98,"column":2},"end":{"line":100,"column":3}},"49":{"start":{"line":99,"column":4},"end":{"line":99,"column":49}},"50":{"start":{"line":102,"column":2},"end":{"line":104,"column":3}},"51":{"start":{"line":103,"column":4},"end":{"line":103,"column":45}},"52":{"start":{"line":106,"column":2},"end":{"line":106,"column":42}},"53":{"start":{"line":109,"column":0},"end":{"line":115,"column":2}}},"fnMap":{"0":{"name":"paginate","decl":{"start":{"line":3,"column":9},"end":{"line":3,"column":17}},"loc":{"start":{"line":3,"column":50},"end":{"line":23,"column":1}},"line":3},"1":{"name":"filter","decl":{"start":{"line":25,"column":9},"end":{"line":25,"column":15}},"loc":{"start":{"line":25,"column":37},"end":{"line":42,"column":1}},"line":25},"2":{"name":"(anonymous_2)","decl":{"start":{"line":26,"column":22},"end":{"line":26,"column":23}},"loc":{"start":{"line":26,"column":30},"end":{"line":41,"column":3}},"line":26},"3":{"name":"search","decl":{"start":{"line":44,"column":9},"end":{"line":44,"column":15}},"loc":{"start":{"line":44,"column":49},"end":{"line":55,"column":1}},"line":44},"4":{"name":"(anonymous_4)","decl":{"start":{"line":48,"column":22},"end":{"line":48,"column":23}},"loc":{"start":{"line":48,"column":30},"end":{"line":54,"column":3}},"line":48},"5":{"name":"(anonymous_5)","decl":{"start":{"line":49,"column":29},"end":{"line":49,"column":30}},"loc":{"start":{"line":49,"column":38},"end":{"line":53,"column":5}},"line":49},"6":{"name":"sort","decl":{"start":{"line":57,"column":9},"end":{"line":57,"column":13}},"loc":{"start":{"line":57,"column":48},"end":{"line":79,"column":1}},"line":57},"7":{"name":"(anonymous_7)","decl":{"start":{"line":60,"column":33},"end":{"line":60,"column":34}},"loc":{"start":{"line":60,"column":43},"end":{"line":76,"column":3}},"line":60},"8":{"name":"applyFilters","decl":{"start":{"line":81,"column":9},"end":{"line":81,"column":21}},"loc":{"start":{"line":81,"column":43},"end":{"line":107,"column":1}},"line":81}},"branchMap":{"0":{"loc":{"start":{"line":3,"column":25},"end":{"line":3,"column":33}},"type":"default-arg","locations":[{"start":{"line":3,"column":32},"end":{"line":3,"column":33}}],"line":3},"1":{"loc":{"start":{"line":3,"column":35},"end":{"line":3,"column":48}},"type":"default-arg","locations":[{"start":{"line":3,"column":46},"end":{"line":3,"column":48}}],"line":3},"2":{"loc":{"start":{"line":4,"column":30},"end":{"line":4,"column":49}},"type":"binary-expr","locations":[{"start":{"line":4,"column":30},"end":{"line":4,"column":44}},{"start":{"line":4,"column":48},"end":{"line":4,"column":49}}],"line":4},"3":{"loc":{"start":{"line":5,"column":41},"end":{"line":5,"column":65}},"type":"binary-expr","locations":[{"start":{"line":5,"column":41},"end":{"line":5,"column":59}},{"start":{"line":5,"column":63},"end":{"line":5,"column":65}}],"line":5},"4":{"loc":{"start":{"line":25,"column":23},"end":{"line":25,"column":35}},"type":"default-arg","locations":[{"start":{"line":25,"column":33},"end":{"line":25,"column":35}}],"line":25},"5":{"loc":{"start":{"line":28,"column":6},"end":{"line":28,"column":74}},"type":"if","locations":[{"start":{"line":28,"column":6},"end":{"line":28,"column":74}},{"start":{},"end":{}}],"line":28},"6":{"loc":{"start":{"line":28,"column":10},"end":{"line":28,"column":63}},"type":"binary-expr","locations":[{"start":{"line":28,"column":10},"end":{"line":28,"column":29}},{"start":{"line":28,"column":33},"end":{"line":28,"column":47}},{"start":{"line":28,"column":51},"end":{"line":28,"column":63}}],"line":28},"7":{"loc":{"start":{"line":32,"column":6},"end":{"line":38,"column":7}},"type":"if","locations":[{"start":{"line":32,"column":6},"end":{"line":38,"column":7}},{"start":{"line":36,"column":13},"end":{"line":38,"column":7}}],"line":32},"8":{"loc":{"start":{"line":33,"column":8},"end":{"line":35,"column":9}},"type":"if","locations":[{"start":{"line":33,"column":8},"end":{"line":35,"column":9}},{"start":{},"end":{}}],"line":33},"9":{"loc":{"start":{"line":36,"column":13},"end":{"line":38,"column":7}},"type":"if","locations":[{"start":{"line":36,"column":13},"end":{"line":38,"column":7}},{"start":{},"end":{}}],"line":36},"10":{"loc":{"start":{"line":44,"column":30},"end":{"line":44,"column":47}},"type":"default-arg","locations":[{"start":{"line":44,"column":45},"end":{"line":44,"column":47}}],"line":44},"11":{"loc":{"start":{"line":45,"column":2},"end":{"line":45,"column":51}},"type":"if","locations":[{"start":{"line":45,"column":2},"end":{"line":45,"column":51}},{"start":{},"end":{}}],"line":45},"12":{"loc":{"start":{"line":45,"column":6},"end":{"line":45,"column":36}},"type":"binary-expr","locations":[{"start":{"line":45,"column":6},"end":{"line":45,"column":12}},{"start":{"line":45,"column":16},"end":{"line":45,"column":36}}],"line":45},"13":{"loc":{"start":{"line":51,"column":6},"end":{"line":51,"column":62}},"type":"if","locations":[{"start":{"line":51,"column":6},"end":{"line":51,"column":62}},{"start":{},"end":{}}],"line":51},"14":{"loc":{"start":{"line":51,"column":10},"end":{"line":51,"column":47}},"type":"binary-expr","locations":[{"start":{"line":51,"column":10},"end":{"line":51,"column":24}},{"start":{"line":51,"column":28},"end":{"line":51,"column":47}}],"line":51},"15":{"loc":{"start":{"line":57,"column":29},"end":{"line":57,"column":46}},"type":"default-arg","locations":[{"start":{"line":57,"column":41},"end":{"line":57,"column":46}}],"line":57},"16":{"loc":{"start":{"line":58,"column":2},"end":{"line":58,"column":28}},"type":"if","locations":[{"start":{"line":58,"column":2},"end":{"line":58,"column":28}},{"start":{},"end":{}}],"line":58},"17":{"loc":{"start":{"line":64,"column":4},"end":{"line":64,"column":58}},"type":"if","locations":[{"start":{"line":64,"column":4},"end":{"line":64,"column":58}},{"start":{},"end":{}}],"line":64},"18":{"loc":{"start":{"line":64,"column":8},"end":{"line":64,"column":47}},"type":"binary-expr","locations":[{"start":{"line":64,"column":8},"end":{"line":64,"column":23}},{"start":{"line":64,"column":27},"end":{"line":64,"column":47}}],"line":64},"19":{"loc":{"start":{"line":65,"column":4},"end":{"line":65,"column":59}},"type":"if","locations":[{"start":{"line":65,"column":4},"end":{"line":65,"column":59}},{"start":{},"end":{}}],"line":65},"20":{"loc":{"start":{"line":65,"column":8},"end":{"line":65,"column":47}},"type":"binary-expr","locations":[{"start":{"line":65,"column":8},"end":{"line":65,"column":23}},{"start":{"line":65,"column":27},"end":{"line":65,"column":47}}],"line":65},"21":{"loc":{"start":{"line":67,"column":4},"end":{"line":71,"column":5}},"type":"if","locations":[{"start":{"line":67,"column":4},"end":{"line":71,"column":5}},{"start":{},"end":{}}],"line":67},"22":{"loc":{"start":{"line":68,"column":13},"end":{"line":70,"column":38}},"type":"cond-expr","locations":[{"start":{"line":69,"column":10},"end":{"line":69,"column":38}},{"start":{"line":70,"column":10},"end":{"line":70,"column":38}}],"line":68},"23":{"loc":{"start":{"line":73,"column":4},"end":{"line":73,"column":61}},"type":"if","locations":[{"start":{"line":73,"column":4},"end":{"line":73,"column":61}},{"start":{},"end":{}}],"line":73},"24":{"loc":{"start":{"line":73,"column":32},"end":{"line":73,"column":60}},"type":"cond-expr","locations":[{"start":{"line":73,"column":54},"end":{"line":73,"column":56}},{"start":{"line":73,"column":59},"end":{"line":73,"column":60}}],"line":73},"25":{"loc":{"start":{"line":74,"column":4},"end":{"line":74,"column":61}},"type":"if","locations":[{"start":{"line":74,"column":4},"end":{"line":74,"column":61}},{"start":{},"end":{}}],"line":74},"26":{"loc":{"start":{"line":74,"column":32},"end":{"line":74,"column":60}},"type":"cond-expr","locations":[{"start":{"line":74,"column":54},"end":{"line":74,"column":55}},{"start":{"line":74,"column":58},"end":{"line":74,"column":60}}],"line":74},"27":{"loc":{"start":{"line":81,"column":29},"end":{"line":81,"column":41}},"type":"default-arg","locations":[{"start":{"line":81,"column":39},"end":{"line":81,"column":41}}],"line":81},"28":{"loc":{"start":{"line":83,"column":4},"end":{"line":83,"column":16}},"type":"default-arg","locations":[{"start":{"line":83,"column":14},"end":{"line":83,"column":16}}],"line":83},"29":{"loc":{"start":{"line":84,"column":4},"end":{"line":84,"column":14}},"type":"default-arg","locations":[{"start":{"line":84,"column":12},"end":{"line":84,"column":14}}],"line":84},"30":{"loc":{"start":{"line":85,"column":4},"end":{"line":85,"column":21}},"type":"default-arg","locations":[{"start":{"line":85,"column":19},"end":{"line":85,"column":21}}],"line":85},"31":{"loc":{"start":{"line":86,"column":4},"end":{"line":86,"column":15}},"type":"default-arg","locations":[{"start":{"line":86,"column":13},"end":{"line":86,"column":15}}],"line":86},"32":{"loc":{"start":{"line":87,"column":4},"end":{"line":87,"column":21}},"type":"default-arg","locations":[{"start":{"line":87,"column":16},"end":{"line":87,"column":21}}],"line":87},"33":{"loc":{"start":{"line":88,"column":4},"end":{"line":88,"column":12}},"type":"default-arg","locations":[{"start":{"line":88,"column":11},"end":{"line":88,"column":12}}],"line":88},"34":{"loc":{"start":{"line":89,"column":4},"end":{"line":89,"column":17}},"type":"default-arg","locations":[{"start":{"line":89,"column":15},"end":{"line":89,"column":17}}],"line":89},"35":{"loc":{"start":{"line":94,"column":2},"end":{"line":96,"column":3}},"type":"if","locations":[{"start":{"line":94,"column":2},"end":{"line":96,"column":3}},{"start":{},"end":{}}],"line":94},"36":{"loc":{"start":{"line":98,"column":2},"end":{"line":100,"column":3}},"type":"if","locations":[{"start":{"line":98,"column":2},"end":{"line":100,"column":3}},{"start":{},"end":{}}],"line":98},"37":{"loc":{"start":{"line":98,"column":6},"end":{"line":98,"column":38}},"type":"binary-expr","locations":[{"start":{"line":98,"column":6},"end":{"line":98,"column":11}},{"start":{"line":98,"column":15},"end":{"line":98,"column":38}}],"line":98},"38":{"loc":{"start":{"line":102,"column":2},"end":{"line":104,"column":3}},"type":"if","locations":[{"start":{"line":102,"column":2},"end":{"line":104,"column":3}},{"start":{},"end":{}}],"line":102}},"s":{"0":0,"1":0,"2":0,"3":0,"4":0,"5":0,"6":0,"7":0,"8":0,"9":0,"10":0,"11":0,"12":0,"13":0,"14":0,"15":0,"16":0,"17":0,"18":0,"19":0,"20":0,"21":0,"22":0,"23":0,"24":0,"25":0,"26":0,"27":0,"28":0,"29":0,"30":0,"31":0,"32":0,"33":0,"34":0,"35":0,"36":0,"37":0,"38":0,"39":0,"40":0,"41":0,"42":0,"43":0,"44":0,"45":0,"46":0,"47":0,"48":0,"49":0,"50":0,"51":0,"52":0,"53":0},"f":{"0":0,"1":0,"2":0,"3":0,"4":0,"5":0,"6":0,"7":0,"8":0},"b":{"0":[0],"1":[0],"2":[0,0],"3":[0,0],"4":[0],"5":[0,0],"6":[0,0,0],"7":[0,0],"8":[0,0],"9":[0,0],"10":[0],"11":[0,0],"12":[0,0],"13":[0,0],"14":[0,0],"15":[0],"16":[0,0],"17":[0,0],"18":[0,0],"19":[0,0],"20":[0,0],"21":[0,0],"22":[0,0],"23":[0,0],"24":[0,0],"25":[0,0],"26":[0,0],"27":[0],"28":[0],"29":[0],"30":[0],"31":[0],"32":[0],"33":[0],"34":[0],"35":[0,0],"36":[0,0],"37":[0,0],"38":[0,0]}}
}
