{"/home/khchoi/external-projects/kita-ax/src/config/database.js": {"path":"/home/khchoi/external-projects/kita-ax/src/config/database.js","statementMap":{"0":{"start":{"line":6,"column":22},"end":{"line":6,"column":42}},"1":{"start":{"line":9,"column":15},"end":{"line":64,"column":1}},"2":{"start":{"line":66,"column":12},"end":{"line":66,"column":49}},"3":{"start":{"line":67,"column":17},"end":{"line":67,"column":28}},"4":{"start":{"line":70,"column":18},"end":{"line":75,"column":1}},"5":{"start":{"line":79,"column":2},"end":{"line":86,"column":3}},"6":{"start":{"line":80,"column":4},"end":{"line":80,"column":35}},"7":{"start":{"line":81,"column":4},"end":{"line":81,"column":66}},"8":{"start":{"line":82,"column":4},"end":{"line":82,"column":16}},"9":{"start":{"line":84,"column":4},"end":{"line":84,"column":73}},"10":{"start":{"line":85,"column":4},"end":{"line":85,"column":17}},"11":{"start":{"line":91,"column":2},"end":{"line":98,"column":3}},"12":{"start":{"line":92,"column":4},"end":{"line":92,"column":36}},"13":{"start":{"line":93,"column":4},"end":{"line":93,"column":56}},"14":{"start":{"line":94,"column":4},"end":{"line":94,"column":16}},"15":{"start":{"line":96,"column":4},"end":{"line":96,"column":71}},"16":{"start":{"line":97,"column":4},"end":{"line":97,"column":17}},"17":{"start":{"line":103,"column":2},"end":{"line":108,"column":3}},"18":{"start":{"line":104,"column":4},"end":{"line":104,"column":28}},"19":{"start":{"line":105,"column":4},"end":{"line":105,"column":46}},"20":{"start":{"line":107,"column":4},"end":{"line":107,"column":71}},"21":{"start":{"line":111,"column":0},"end":{"line":117,"column":2}}},"fnMap":{"0":{"name":"testConnection","decl":{"start":{"line":78,"column":15},"end":{"line":78,"column":29}},"loc":{"start":{"line":78,"column":32},"end":{"line":87,"column":1}},"line":78},"1":{"name":"syncDatabase","decl":{"start":{"line":90,"column":15},"end":{"line":90,"column":27}},"loc":{"start":{"line":90,"column":43},"end":{"line":99,"column":1}},"line":90},"2":{"name":"closeConnection","decl":{"start":{"line":102,"column":15},"end":{"line":102,"column":30}},"loc":{"start":{"line":102,"column":33},"end":{"line":109,"column":1}},"line":102}},"branchMap":{"0":{"loc":{"start":{"line":11,"column":14},"end":{"line":11,"column":43}},"type":"binary-expr","locations":[{"start":{"line":11,"column":14},"end":{"line":11,"column":33}},{"start":{"line":11,"column":37},"end":{"line":11,"column":43}}],"line":11},"1":{"loc":{"start":{"line":12,"column":14},"end":{"line":12,"column":51}},"type":"binary-expr","locations":[{"start":{"line":12,"column":14},"end":{"line":12,"column":37}},{"start":{"line":12,"column":41},"end":{"line":12,"column":51}}],"line":12},"2":{"loc":{"start":{"line":13,"column":14},"end":{"line":13,"column":49}},"type":"binary-expr","locations":[{"start":{"line":13,"column":14},"end":{"line":13,"column":33}},{"start":{"line":13,"column":37},"end":{"line":13,"column":49}}],"line":13},"3":{"loc":{"start":{"line":14,"column":10},"end":{"line":14,"column":44}},"type":"binary-expr","locations":[{"start":{"line":14,"column":10},"end":{"line":14,"column":29}},{"start":{"line":14,"column":33},"end":{"line":14,"column":44}}],"line":14},"4":{"loc":{"start":{"line":15,"column":10},"end":{"line":15,"column":37}},"type":"binary-expr","locations":[{"start":{"line":15,"column":10},"end":{"line":15,"column":29}},{"start":{"line":15,"column":33},"end":{"line":15,"column":37}}],"line":15},"5":{"loc":{"start":{"line":17,"column":13},"end":{"line":17,"column":73}},"type":"cond-expr","locations":[{"start":{"line":17,"column":54},"end":{"line":17,"column":65}},{"start":{"line":17,"column":68},"end":{"line":17,"column":73}}],"line":17},"6":{"loc":{"start":{"line":30,"column":14},"end":{"line":30,"column":43}},"type":"binary-expr","locations":[{"start":{"line":30,"column":14},"end":{"line":30,"column":33}},{"start":{"line":30,"column":37},"end":{"line":30,"column":43}}],"line":30},"7":{"loc":{"start":{"line":31,"column":14},"end":{"line":31,"column":51}},"type":"binary-expr","locations":[{"start":{"line":31,"column":14},"end":{"line":31,"column":37}},{"start":{"line":31,"column":41},"end":{"line":31,"column":51}}],"line":31},"8":{"loc":{"start":{"line":32,"column":14},"end":{"line":32,"column":54}},"type":"binary-expr","locations":[{"start":{"line":32,"column":14},"end":{"line":32,"column":33}},{"start":{"line":32,"column":37},"end":{"line":32,"column":54}}],"line":32},"9":{"loc":{"start":{"line":33,"column":10},"end":{"line":33,"column":44}},"type":"binary-expr","locations":[{"start":{"line":33,"column":10},"end":{"line":33,"column":29}},{"start":{"line":33,"column":33},"end":{"line":33,"column":44}}],"line":33},"10":{"loc":{"start":{"line":34,"column":10},"end":{"line":34,"column":37}},"type":"binary-expr","locations":[{"start":{"line":34,"column":10},"end":{"line":34,"column":29}},{"start":{"line":34,"column":33},"end":{"line":34,"column":37}}],"line":34},"11":{"loc":{"start":{"line":49,"column":10},"end":{"line":49,"column":37}},"type":"binary-expr","locations":[{"start":{"line":49,"column":10},"end":{"line":49,"column":29}},{"start":{"line":49,"column":33},"end":{"line":49,"column":37}}],"line":49},"12":{"loc":{"start":{"line":62,"column":9},"end":{"line":62,"column":78}},"type":"cond-expr","locations":[{"start":{"line":62,"column":41},"end":{"line":62,"column":70}},{"start":{"line":62,"column":73},"end":{"line":62,"column":78}}],"line":62},"13":{"loc":{"start":{"line":66,"column":12},"end":{"line":66,"column":49}},"type":"binary-expr","locations":[{"start":{"line":66,"column":12},"end":{"line":66,"column":32}},{"start":{"line":66,"column":36},"end":{"line":66,"column":49}}],"line":66},"14":{"loc":{"start":{"line":90,"column":28},"end":{"line":90,"column":41}},"type":"default-arg","locations":[{"start":{"line":90,"column":36},"end":{"line":90,"column":41}}],"line":90}},"s":{"0":0,"1":0,"2":0,"3":0,"4":0,"5":0,"6":0,"7":0,"8":0,"9":0,"10":0,"11":0,"12":0,"13":0,"14":0,"15":0,"16":0,"17":0,"18":0,"19":0,"20":0,"21":0},"f":{"0":0,"1":0,"2":0},"b":{"0":[0,0],"1":[0,0],"2":[0,0],"3":[0,0],"4":[0,0],"5":[0,0],"6":[0,0],"7":[0,0],"8":[0,0],"9":[0,0],"10":[0,0],"11":[0,0],"12":[0,0],"13":[0,0],"14":[0]}}
,"/home/khchoi/external-projects/kita-ax/src/config/session.js": {"path":"/home/khchoi/external-projects/kita-ax/src/config/session.js","statementMap":{"0":{"start":{"line":1,"column":16},"end":{"line":1,"column":42}},"1":{"start":{"line":2,"column":19},"end":{"line":2,"column":51}},"2":{"start":{"line":3,"column":25},"end":{"line":3,"column":41}},"3":{"start":{"line":6,"column":22},"end":{"line":18,"column":1}},"4":{"start":{"line":21,"column":0},"end":{"line":38,"column":1}},"5":{"start":{"line":22,"column":22},"end":{"line":31,"column":4}},"6":{"start":{"line":29,"column":38},"end":{"line":29,"column":65}},"7":{"start":{"line":33,"column":2},"end":{"line":35,"column":5}},"8":{"start":{"line":34,"column":4},"end":{"line":34,"column":78}},"9":{"start":{"line":37,"column":2},"end":{"line":37,"column":64}},"10":{"start":{"line":40,"column":0},"end":{"line":40,"column":40}}},"fnMap":{"0":{"name":"(anonymous_0)","decl":{"start":{"line":29,"column":25},"end":{"line":29,"column":26}},"loc":{"start":{"line":29,"column":38},"end":{"line":29,"column":65}},"line":29},"1":{"name":"(anonymous_1)","decl":{"start":{"line":33,"column":30},"end":{"line":33,"column":31}},"loc":{"start":{"line":33,"column":37},"end":{"line":35,"column":3}},"line":33}},"branchMap":{"0":{"loc":{"start":{"line":7,"column":10},"end":{"line":7,"column":71}},"type":"binary-expr","locations":[{"start":{"line":7,"column":10},"end":{"line":7,"column":36}},{"start":{"line":7,"column":40},"end":{"line":7,"column":71}}],"line":7},"1":{"loc":{"start":{"line":15,"column":12},"end":{"line":15,"column":52}},"type":"binary-expr","locations":[{"start":{"line":15,"column":12},"end":{"line":15,"column":37}},{"start":{"line":15,"column":41},"end":{"line":15,"column":52}}],"line":15},"2":{"loc":{"start":{"line":21,"column":0},"end":{"line":38,"column":1}},"type":"if","locations":[{"start":{"line":21,"column":0},"end":{"line":38,"column":1}},{"start":{},"end":{}}],"line":21},"3":{"loc":{"start":{"line":21,"column":4},"end":{"line":21,"column":111}},"type":"binary-expr","locations":[{"start":{"line":21,"column":4},"end":{"line":21,"column":41}},{"start":{"line":21,"column":46},"end":{"line":21,"column":68}},{"start":{"line":21,"column":72},"end":{"line":21,"column":110}}],"line":21},"4":{"loc":{"start":{"line":23,"column":10},"end":{"line":23,"column":47}},"type":"binary-expr","locations":[{"start":{"line":23,"column":10},"end":{"line":23,"column":32}},{"start":{"line":23,"column":36},"end":{"line":23,"column":47}}],"line":23},"5":{"loc":{"start":{"line":24,"column":10},"end":{"line":24,"column":40}},"type":"binary-expr","locations":[{"start":{"line":24,"column":10},"end":{"line":24,"column":32}},{"start":{"line":24,"column":36},"end":{"line":24,"column":40}}],"line":24},"6":{"loc":{"start":{"line":26,"column":8},"end":{"line":26,"column":33}},"type":"binary-expr","locations":[{"start":{"line":26,"column":8},"end":{"line":26,"column":28}},{"start":{"line":26,"column":32},"end":{"line":26,"column":33}}],"line":26}},"s":{"0":1,"1":1,"2":1,"3":1,"4":1,"5":0,"6":0,"7":0,"8":0,"9":0,"10":1},"f":{"0":0,"1":0},"b":{"0":[1,0],"1":[1,0],"2":[0,1],"3":[1,1,1],"4":[0,0],"5":[0,0],"6":[0,0]},"_coverageSchema":"1a1c01bbd47fc00a2c39e90264f33305004495a9","hash":"7e61e15638bf880cde28df87b811e44c760db6f5"}
,"/home/khchoi/external-projects/kita-ax/src/middleware/auth.js": {"path":"/home/khchoi/external-projects/kita-ax/src/middleware/auth.js","statementMap":{"0":{"start":{"line":6,"column":2},"end":{"line":18,"column":3}},"1":{"start":{"line":8,"column":4},"end":{"line":14,"column":5}},"2":{"start":{"line":10,"column":6},"end":{"line":13,"column":9}},"3":{"start":{"line":17,"column":4},"end":{"line":17,"column":82}},"4":{"start":{"line":21,"column":2},"end":{"line":26,"column":4}},"5":{"start":{"line":28,"column":2},"end":{"line":28,"column":9}},"6":{"start":{"line":32,"column":2},"end":{"line":42,"column":3}},"7":{"start":{"line":33,"column":4},"end":{"line":39,"column":5}},"8":{"start":{"line":35,"column":6},"end":{"line":38,"column":9}},"9":{"start":{"line":41,"column":4},"end":{"line":41,"column":57}},"10":{"start":{"line":44,"column":2},"end":{"line":44,"column":9}},"11":{"start":{"line":48,"column":2},"end":{"line":55,"column":3}},"12":{"start":{"line":49,"column":4},"end":{"line":54,"column":6}},"13":{"start":{"line":57,"column":2},"end":{"line":57,"column":9}},"14":{"start":{"line":60,"column":0},"end":{"line":64,"column":2}}},"fnMap":{"0":{"name":"requireAuth","decl":{"start":{"line":5,"column":9},"end":{"line":5,"column":20}},"loc":{"start":{"line":5,"column":37},"end":{"line":29,"column":1}},"line":5},"1":{"name":"requireAdmin","decl":{"start":{"line":31,"column":9},"end":{"line":31,"column":21}},"loc":{"start":{"line":31,"column":38},"end":{"line":45,"column":1}},"line":31},"2":{"name":"optionalAuth","decl":{"start":{"line":47,"column":9},"end":{"line":47,"column":21}},"loc":{"start":{"line":47,"column":38},"end":{"line":58,"column":1}},"line":47}},"branchMap":{"0":{"loc":{"start":{"line":6,"column":2},"end":{"line":18,"column":3}},"type":"if","locations":[{"start":{"line":6,"column":2},"end":{"line":18,"column":3}},{"start":{},"end":{}}],"line":6},"1":{"loc":{"start":{"line":6,"column":6},"end":{"line":6,"column":41}},"type":"binary-expr","locations":[{"start":{"line":6,"column":6},"end":{"line":6,"column":18}},{"start":{"line":6,"column":22},"end":{"line":6,"column":41}}],"line":6},"2":{"loc":{"start":{"line":8,"column":4},"end":{"line":14,"column":5}},"type":"if","locations":[{"start":{"line":8,"column":4},"end":{"line":14,"column":5}},{"start":{},"end":{}}],"line":8},"3":{"loc":{"start":{"line":8,"column":8},"end":{"line":9,"column":36}},"type":"binary-expr","locations":[{"start":{"line":8,"column":8},"end":{"line":8,"column":65}},{"start":{"line":9,"column":8},"end":{"line":9,"column":36}}],"line":8},"4":{"loc":{"start":{"line":32,"column":2},"end":{"line":42,"column":3}},"type":"if","locations":[{"start":{"line":32,"column":2},"end":{"line":42,"column":3}},{"start":{},"end":{}}],"line":32},"5":{"loc":{"start":{"line":32,"column":6},"end":{"line":32,"column":44}},"type":"binary-expr","locations":[{"start":{"line":32,"column":6},"end":{"line":32,"column":15}},{"start":{"line":32,"column":19},"end":{"line":32,"column":44}}],"line":32},"6":{"loc":{"start":{"line":33,"column":4},"end":{"line":39,"column":5}},"type":"if","locations":[{"start":{"line":33,"column":4},"end":{"line":39,"column":5}},{"start":{},"end":{}}],"line":33},"7":{"loc":{"start":{"line":33,"column":8},"end":{"line":34,"column":36}},"type":"binary-expr","locations":[{"start":{"line":33,"column":8},"end":{"line":33,"column":65}},{"start":{"line":34,"column":8},"end":{"line":34,"column":36}}],"line":33},"8":{"loc":{"start":{"line":48,"column":2},"end":{"line":55,"column":3}},"type":"if","locations":[{"start":{"line":48,"column":2},"end":{"line":55,"column":3}},{"start":{},"end":{}}],"line":48},"9":{"loc":{"start":{"line":48,"column":6},"end":{"line":48,"column":39}},"type":"binary-expr","locations":[{"start":{"line":48,"column":6},"end":{"line":48,"column":17}},{"start":{"line":48,"column":21},"end":{"line":48,"column":39}}],"line":48}},"s":{"0":2,"1":2,"2":0,"3":2,"4":0,"5":0,"6":0,"7":0,"8":0,"9":0,"10":0,"11":0,"12":0,"13":0,"14":1},"f":{"0":2,"1":0,"2":0},"b":{"0":[2,0],"1":[2,2],"2":[0,2],"3":[2,2],"4":[0,0],"5":[0,0],"6":[0,0],"7":[0,0],"8":[0,0],"9":[0,0]},"_coverageSchema":"1a1c01bbd47fc00a2c39e90264f33305004495a9","hash":"6b3bc6c50c1f40a2d41b681dd10599f54fcb53bc"}
,"/home/khchoi/external-projects/kita-ax/src/middleware/security.js": {"path":"/home/khchoi/external-projects/kita-ax/src/middleware/security.js","statementMap":{"0":{"start":{"line":6,"column":13},"end":{"line":6,"column":28}},"1":{"start":{"line":7,"column":15},"end":{"line":7,"column":32}},"2":{"start":{"line":8,"column":18},"end":{"line":8,"column":47}},"3":{"start":{"line":9,"column":13},"end":{"line":9,"column":29}},"4":{"start":{"line":10,"column":21},"end":{"line":10,"column":45}},"5":{"start":{"line":13,"column":20},"end":{"line":20,"column":1}},"6":{"start":{"line":23,"column":21},"end":{"line":46,"column":1}},"7":{"start":{"line":49,"column":16},"end":{"line":55,"column":2}},"8":{"start":{"line":58,"column":21},"end":{"line":63,"column":2}},"9":{"start":{"line":66,"column":23},"end":{"line":66,"column":46}},"10":{"start":{"line":68,"column":0},"end":{"line":77,"column":2}}},"fnMap":{},"branchMap":{"0":{"loc":{"start":{"line":14,"column":11},"end":{"line":14,"column":41}},"type":"binary-expr","locations":[{"start":{"line":14,"column":11},"end":{"line":14,"column":35}},{"start":{"line":14,"column":39},"end":{"line":14,"column":41}}],"line":14},"1":{"loc":{"start":{"line":50,"column":12},"end":{"line":50,"column":72}},"type":"binary-expr","locations":[{"start":{"line":50,"column":12},"end":{"line":50,"column":54}},{"start":{"line":50,"column":58},"end":{"line":50,"column":72}}],"line":50},"2":{"loc":{"start":{"line":51,"column":7},"end":{"line":51,"column":59}},"type":"binary-expr","locations":[{"start":{"line":51,"column":7},"end":{"line":51,"column":52}},{"start":{"line":51,"column":56},"end":{"line":51,"column":59}}],"line":51}},"s":{"0":1,"1":1,"2":1,"3":1,"4":1,"5":1,"6":1,"7":1,"8":1,"9":1,"10":1},"f":{},"b":{"0":[1,0],"1":[1,0],"2":[1,0]},"_coverageSchema":"1a1c01bbd47fc00a2c39e90264f33305004495a9","hash":"fb2c0262df933e36f27d2e7d45bbb04006e34735"}
,"/home/khchoi/external-projects/kita-ax/src/middleware/validation.js": {"path":"/home/khchoi/external-projects/kita-ax/src/middleware/validation.js","statementMap":{"0":{"start":{"line":1,"column":30},"end":{"line":1,"column":62}},"1":{"start":{"line":2,"column":20},"end":{"line":2,"column":53}},"2":{"start":{"line":5,"column":2},"end":{"line":18,"column":4}},"3":{"start":{"line":6,"column":4},"end":{"line":8,"column":5}},"4":{"start":{"line":7,"column":6},"end":{"line":7,"column":112}},"5":{"start":{"line":10,"column":19},"end":{"line":10,"column":37}},"6":{"start":{"line":11,"column":23},"end":{"line":11,"column":49}},"7":{"start":{"line":13,"column":4},"end":{"line":15,"column":5}},"8":{"start":{"line":14,"column":6},"end":{"line":14,"column":90}},"9":{"start":{"line":17,"column":4},"end":{"line":17,"column":11}},"10":{"start":{"line":22,"column":2},"end":{"line":30,"column":4}},"11":{"start":{"line":23,"column":23},"end":{"line":23,"column":55}},"12":{"start":{"line":25,"column":4},"end":{"line":27,"column":5}},"13":{"start":{"line":26,"column":6},"end":{"line":26,"column":90}},"14":{"start":{"line":29,"column":4},"end":{"line":29,"column":11}},"15":{"start":{"line":34,"column":29},"end":{"line":34,"column":38}},"16":{"start":{"line":35,"column":17},"end":{"line":35,"column":19}},"17":{"start":{"line":37,"column":2},"end":{"line":42,"column":3}},"18":{"start":{"line":38,"column":20},"end":{"line":38,"column":34}},"19":{"start":{"line":39,"column":4},"end":{"line":41,"column":5}},"20":{"start":{"line":40,"column":6},"end":{"line":40,"column":80}},"21":{"start":{"line":44,"column":2},"end":{"line":49,"column":3}},"22":{"start":{"line":45,"column":17},"end":{"line":45,"column":35}},"23":{"start":{"line":46,"column":4},"end":{"line":48,"column":5}},"24":{"start":{"line":47,"column":6},"end":{"line":47,"column":88}},"25":{"start":{"line":51,"column":2},"end":{"line":53,"column":3}},"26":{"start":{"line":52,"column":4},"end":{"line":52,"column":77}},"27":{"start":{"line":55,"column":2},"end":{"line":55,"column":9}},"28":{"start":{"line":58,"column":0},"end":{"line":62,"column":2}}},"fnMap":{"0":{"name":"validateRequest","decl":{"start":{"line":4,"column":9},"end":{"line":4,"column":24}},"loc":{"start":{"line":4,"column":36},"end":{"line":19,"column":1}},"line":4},"1":{"name":"(anonymous_1)","decl":{"start":{"line":5,"column":9},"end":{"line":5,"column":10}},"loc":{"start":{"line":5,"column":29},"end":{"line":18,"column":3}},"line":5},"2":{"name":"validateQuery","decl":{"start":{"line":21,"column":9},"end":{"line":21,"column":22}},"loc":{"start":{"line":21,"column":36},"end":{"line":31,"column":1}},"line":21},"3":{"name":"(anonymous_3)","decl":{"start":{"line":22,"column":9},"end":{"line":22,"column":10}},"loc":{"start":{"line":22,"column":29},"end":{"line":30,"column":3}},"line":22},"4":{"name":"validatePagination","decl":{"start":{"line":33,"column":9},"end":{"line":33,"column":27}},"loc":{"start":{"line":33,"column":44},"end":{"line":56,"column":1}},"line":33}},"branchMap":{"0":{"loc":{"start":{"line":6,"column":4},"end":{"line":8,"column":5}},"type":"if","locations":[{"start":{"line":6,"column":4},"end":{"line":8,"column":5}},{"start":{},"end":{}}],"line":6},"1":{"loc":{"start":{"line":13,"column":4},"end":{"line":15,"column":5}},"type":"if","locations":[{"start":{"line":13,"column":4},"end":{"line":15,"column":5}},{"start":{},"end":{}}],"line":13},"2":{"loc":{"start":{"line":25,"column":4},"end":{"line":27,"column":5}},"type":"if","locations":[{"start":{"line":25,"column":4},"end":{"line":27,"column":5}},{"start":{},"end":{}}],"line":25},"3":{"loc":{"start":{"line":37,"column":2},"end":{"line":42,"column":3}},"type":"if","locations":[{"start":{"line":37,"column":2},"end":{"line":42,"column":3}},{"start":{},"end":{}}],"line":37},"4":{"loc":{"start":{"line":39,"column":4},"end":{"line":41,"column":5}},"type":"if","locations":[{"start":{"line":39,"column":4},"end":{"line":41,"column":5}},{"start":{},"end":{}}],"line":39},"5":{"loc":{"start":{"line":39,"column":8},"end":{"line":39,"column":37}},"type":"binary-expr","locations":[{"start":{"line":39,"column":8},"end":{"line":39,"column":22}},{"start":{"line":39,"column":26},"end":{"line":39,"column":37}}],"line":39},"6":{"loc":{"start":{"line":44,"column":2},"end":{"line":49,"column":3}},"type":"if","locations":[{"start":{"line":44,"column":2},"end":{"line":49,"column":3}},{"start":{},"end":{}}],"line":44},"7":{"loc":{"start":{"line":46,"column":4},"end":{"line":48,"column":5}},"type":"if","locations":[{"start":{"line":46,"column":4},"end":{"line":48,"column":5}},{"start":{},"end":{}}],"line":46},"8":{"loc":{"start":{"line":46,"column":8},"end":{"line":46,"column":45}},"type":"binary-expr","locations":[{"start":{"line":46,"column":8},"end":{"line":46,"column":19}},{"start":{"line":46,"column":23},"end":{"line":46,"column":31}},{"start":{"line":46,"column":35},"end":{"line":46,"column":45}}],"line":46},"9":{"loc":{"start":{"line":51,"column":2},"end":{"line":53,"column":3}},"type":"if","locations":[{"start":{"line":51,"column":2},"end":{"line":53,"column":3}},{"start":{},"end":{}}],"line":51}},"s":{"0":1,"1":1,"2":8,"3":0,"4":0,"5":0,"6":0,"7":0,"8":0,"9":0,"10":0,"11":0,"12":0,"13":0,"14":0,"15":0,"16":0,"17":0,"18":0,"19":0,"20":0,"21":0,"22":0,"23":0,"24":0,"25":0,"26":0,"27":0,"28":1},"f":{"0":8,"1":0,"2":0,"3":0,"4":0},"b":{"0":[0,0],"1":[0,0],"2":[0,0],"3":[0,0],"4":[0,0],"5":[0,0],"6":[0,0],"7":[0,0],"8":[0,0,0],"9":[0,0]},"_coverageSchema":"1a1c01bbd47fc00a2c39e90264f33305004495a9","hash":"f7881b196b7ebbd5bee22265472ee829f7f0575d"}
,"/home/khchoi/external-projects/kita-ax/src/models/index.js": {"path":"/home/khchoi/external-projects/kita-ax/src/models/index.js","statementMap":{"0":{"start":{"line":6,"column":22},"end":{"line":6,"column":42}},"1":{"start":{"line":7,"column":22},"end":{"line":7,"column":51}},"2":{"start":{"line":10,"column":13},"end":{"line":60,"column":2}},"3":{"start":{"line":63,"column":17},"end":{"line":115,"column":2}},"4":{"start":{"line":118,"column":13},"end":{"line":155,"column":2}},"5":{"start":{"line":158,"column":17},"end":{"line":203,"column":2}},"6":{"start":{"line":206,"column":15},"end":{"line":247,"column":2}},"7":{"start":{"line":250,"column":17},"end":{"line":302,"column":2}},"8":{"start":{"line":305,"column":14},"end":{"line":351,"column":2}},"9":{"start":{"line":355,"column":0},"end":{"line":355,"column":68}},"10":{"start":{"line":356,"column":0},"end":{"line":356,"column":70}},"11":{"start":{"line":359,"column":0},"end":{"line":359,"column":67}},"12":{"start":{"line":360,"column":0},"end":{"line":360,"column":69}},"13":{"start":{"line":362,"column":0},"end":{"line":370,"column":2}}},"fnMap":{},"branchMap":{},"s":{"0":0,"1":0,"2":0,"3":0,"4":0,"5":0,"6":0,"7":0,"8":0,"9":0,"10":0,"11":0,"12":0,"13":0},"f":{},"b":{}}
,"/home/khchoi/external-projects/kita-ax/src/models/mockData.js": {"path":"/home/khchoi/external-projects/kita-ax/src/models/mockData.js","statementMap":{"0":{"start":{"line":4,"column":18},"end":{"line":41,"column":1}},"1":{"start":{"line":43,"column":22},"end":{"line":80,"column":1}},"2":{"start":{"line":82,"column":18},"end":{"line":101,"column":1}},"3":{"start":{"line":103,"column":22},"end":{"line":125,"column":1}},"4":{"start":{"line":127,"column":21},"end":{"line":149,"column":1}},"5":{"start":{"line":151,"column":22},"end":{"line":206,"column":1}},"6":{"start":{"line":208,"column":19},"end":{"line":233,"column":1}},"7":{"start":{"line":235,"column":24},"end":{"line":250,"column":1}},"8":{"start":{"line":252,"column":19},"end":{"line":277,"column":1}},"9":{"start":{"line":279,"column":0},"end":{"line":289,"column":2}}},"fnMap":{},"branchMap":{},"s":{"0":1,"1":1,"2":1,"3":1,"4":1,"5":1,"6":1,"7":1,"8":1,"9":1},"f":{},"b":{},"_coverageSchema":"1a1c01bbd47fc00a2c39e90264f33305004495a9","hash":"4fdcd96e5dfad0fb801b863ebb2bbd9739be622f"}
,"/home/khchoi/external-projects/kita-ax/src/routes/admin.js": {"path":"/home/khchoi/external-projects/kita-ax/src/routes/admin.js","statementMap":{"0":{"start":{"line":1,"column":16},"end":{"line":1,"column":34}},"1":{"start":{"line":2,"column":15},"end":{"line":2,"column":31}},"2":{"start":{"line":3,"column":24},"end":{"line":3,"column":53}},"3":{"start":{"line":4,"column":17},"end":{"line":4,"column":46}},"4":{"start":{"line":7,"column":0},"end":{"line":7,"column":24}},"5":{"start":{"line":10,"column":0},"end":{"line":30,"column":3}},"6":{"start":{"line":11,"column":18},"end":{"line":21,"column":3}},"7":{"start":{"line":13,"column":48},"end":{"line":13,"column":69}},"8":{"start":{"line":16,"column":65},"end":{"line":20,"column":5}},"9":{"start":{"line":23,"column":2},"end":{"line":29,"column":5}},"10":{"start":{"line":33,"column":0},"end":{"line":41,"column":3}},"11":{"start":{"line":34,"column":2},"end":{"line":40,"column":5}},"12":{"start":{"line":44,"column":0},"end":{"line":52,"column":3}},"13":{"start":{"line":45,"column":2},"end":{"line":51,"column":5}},"14":{"start":{"line":55,"column":0},"end":{"line":65,"column":3}},"15":{"start":{"line":56,"column":2},"end":{"line":64,"column":5}},"16":{"start":{"line":68,"column":0},"end":{"line":76,"column":3}},"17":{"start":{"line":69,"column":2},"end":{"line":75,"column":5}},"18":{"start":{"line":79,"column":0},"end":{"line":86,"column":3}},"19":{"start":{"line":80,"column":2},"end":{"line":85,"column":5}},"20":{"start":{"line":89,"column":0},"end":{"line":99,"column":3}},"21":{"start":{"line":90,"column":2},"end":{"line":98,"column":5}},"22":{"start":{"line":101,"column":0},"end":{"line":101,"column":24}}},"fnMap":{"0":{"name":"(anonymous_0)","decl":{"start":{"line":10,"column":25},"end":{"line":10,"column":26}},"loc":{"start":{"line":10,"column":39},"end":{"line":30,"column":1}},"line":10},"1":{"name":"(anonymous_1)","decl":{"start":{"line":13,"column":43},"end":{"line":13,"column":44}},"loc":{"start":{"line":13,"column":48},"end":{"line":13,"column":69}},"line":13},"2":{"name":"(anonymous_2)","decl":{"start":{"line":16,"column":57},"end":{"line":16,"column":58}},"loc":{"start":{"line":16,"column":65},"end":{"line":20,"column":5}},"line":16},"3":{"name":"(anonymous_3)","decl":{"start":{"line":33,"column":21},"end":{"line":33,"column":22}},"loc":{"start":{"line":33,"column":35},"end":{"line":41,"column":1}},"line":33},"4":{"name":"(anonymous_4)","decl":{"start":{"line":44,"column":25},"end":{"line":44,"column":26}},"loc":{"start":{"line":44,"column":39},"end":{"line":52,"column":1}},"line":44},"5":{"name":"(anonymous_5)","decl":{"start":{"line":55,"column":31},"end":{"line":55,"column":32}},"loc":{"start":{"line":55,"column":45},"end":{"line":65,"column":1}},"line":55},"6":{"name":"(anonymous_6)","decl":{"start":{"line":68,"column":26},"end":{"line":68,"column":27}},"loc":{"start":{"line":68,"column":40},"end":{"line":76,"column":1}},"line":68},"7":{"name":"(anonymous_7)","decl":{"start":{"line":79,"column":24},"end":{"line":79,"column":25}},"loc":{"start":{"line":79,"column":38},"end":{"line":86,"column":1}},"line":79},"8":{"name":"(anonymous_8)","decl":{"start":{"line":89,"column":22},"end":{"line":89,"column":23}},"loc":{"start":{"line":89,"column":36},"end":{"line":99,"column":1}},"line":89}},"branchMap":{"0":{"loc":{"start":{"line":28,"column":15},"end":{"line":28,"column":38}},"type":"binary-expr","locations":[{"start":{"line":28,"column":15},"end":{"line":28,"column":32}},{"start":{"line":28,"column":36},"end":{"line":28,"column":38}}],"line":28},"1":{"loc":{"start":{"line":39,"column":15},"end":{"line":39,"column":38}},"type":"binary-expr","locations":[{"start":{"line":39,"column":15},"end":{"line":39,"column":32}},{"start":{"line":39,"column":36},"end":{"line":39,"column":38}}],"line":39},"2":{"loc":{"start":{"line":50,"column":15},"end":{"line":50,"column":38}},"type":"binary-expr","locations":[{"start":{"line":50,"column":15},"end":{"line":50,"column":32}},{"start":{"line":50,"column":36},"end":{"line":50,"column":38}}],"line":50},"3":{"loc":{"start":{"line":63,"column":15},"end":{"line":63,"column":38}},"type":"binary-expr","locations":[{"start":{"line":63,"column":15},"end":{"line":63,"column":32}},{"start":{"line":63,"column":36},"end":{"line":63,"column":38}}],"line":63},"4":{"loc":{"start":{"line":74,"column":15},"end":{"line":74,"column":38}},"type":"binary-expr","locations":[{"start":{"line":74,"column":15},"end":{"line":74,"column":32}},{"start":{"line":74,"column":36},"end":{"line":74,"column":38}}],"line":74},"5":{"loc":{"start":{"line":84,"column":15},"end":{"line":84,"column":38}},"type":"binary-expr","locations":[{"start":{"line":84,"column":15},"end":{"line":84,"column":32}},{"start":{"line":84,"column":36},"end":{"line":84,"column":38}}],"line":84},"6":{"loc":{"start":{"line":97,"column":15},"end":{"line":97,"column":38}},"type":"binary-expr","locations":[{"start":{"line":97,"column":15},"end":{"line":97,"column":32}},{"start":{"line":97,"column":36},"end":{"line":97,"column":38}}],"line":97}},"s":{"0":1,"1":1,"2":1,"3":1,"4":1,"5":1,"6":0,"7":0,"8":0,"9":0,"10":1,"11":0,"12":1,"13":0,"14":1,"15":0,"16":1,"17":0,"18":1,"19":0,"20":1,"21":0,"22":1},"f":{"0":0,"1":0,"2":0,"3":0,"4":0,"5":0,"6":0,"7":0,"8":0},"b":{"0":[0,0],"1":[0,0],"2":[0,0],"3":[0,0],"4":[0,0],"5":[0,0],"6":[0,0]},"_coverageSchema":"1a1c01bbd47fc00a2c39e90264f33305004495a9","hash":"dc1866dc9d956a0738d6499e3765f79f8e11e33a"}
,"/home/khchoi/external-projects/kita-ax/src/routes/api-v1.js": {"path":"/home/khchoi/external-projects/kita-ax/src/routes/api-v1.js","statementMap":{"0":{"start":{"line":1,"column":16},"end":{"line":1,"column":34}},"1":{"start":{"line":2,"column":15},"end":{"line":2,"column":31}},"2":{"start":{"line":3,"column":38},"end":{"line":3,"column":67}},"3":{"start":{"line":4,"column":48},"end":{"line":4,"column":83}},"4":{"start":{"line":5,"column":17},"end":{"line":5,"column":46}},"5":{"start":{"line":6,"column":25},"end":{"line":6,"column":55}},"6":{"start":{"line":7,"column":20},"end":{"line":7,"column":53}},"7":{"start":{"line":10,"column":0},"end":{"line":10,"column":24}},"8":{"start":{"line":11,"column":0},"end":{"line":11,"column":25}},"9":{"start":{"line":15,"column":0},"end":{"line":34,"column":3}},"10":{"start":{"line":16,"column":70},"end":{"line":16,"column":79}},"11":{"start":{"line":18,"column":17},"end":{"line":26,"column":4}},"12":{"start":{"line":28,"column":2},"end":{"line":33,"column":5}},"13":{"start":{"line":36,"column":0},"end":{"line":42,"column":3}},"14":{"start":{"line":37,"column":15},"end":{"line":37,"column":67}},"15":{"start":{"line":37,"column":44},"end":{"line":37,"column":66}},"16":{"start":{"line":38,"column":2},"end":{"line":40,"column":3}},"17":{"start":{"line":39,"column":4},"end":{"line":39,"column":95}},"18":{"start":{"line":41,"column":2},"end":{"line":41,"column":64}},"19":{"start":{"line":44,"column":0},"end":{"line":59,"column":3}},"20":{"start":{"line":45,"column":26},"end":{"line":45,"column":34}},"21":{"start":{"line":47,"column":18},"end":{"line":55,"column":3}},"22":{"start":{"line":57,"column":2},"end":{"line":57,"column":35}},"23":{"start":{"line":58,"column":2},"end":{"line":58,"column":79}},"24":{"start":{"line":61,"column":0},"end":{"line":73,"column":3}},"25":{"start":{"line":62,"column":15},"end":{"line":62,"column":67}},"26":{"start":{"line":62,"column":44},"end":{"line":62,"column":66}},"27":{"start":{"line":63,"column":2},"end":{"line":65,"column":3}},"28":{"start":{"line":64,"column":4},"end":{"line":64,"column":95}},"29":{"start":{"line":67,"column":34},"end":{"line":67,"column":42}},"30":{"start":{"line":68,"column":2},"end":{"line":68,"column":32}},"31":{"start":{"line":68,"column":13},"end":{"line":68,"column":32}},"32":{"start":{"line":69,"column":2},"end":{"line":69,"column":29}},"33":{"start":{"line":69,"column":12},"end":{"line":69,"column":29}},"34":{"start":{"line":70,"column":2},"end":{"line":70,"column":35}},"35":{"start":{"line":70,"column":14},"end":{"line":70,"column":35}},"36":{"start":{"line":72,"column":2},"end":{"line":72,"column":64}},"37":{"start":{"line":75,"column":0},"end":{"line":83,"column":3}},"38":{"start":{"line":76,"column":16},"end":{"line":76,"column":73}},"39":{"start":{"line":76,"column":50},"end":{"line":76,"column":72}},"40":{"start":{"line":77,"column":2},"end":{"line":79,"column":3}},"41":{"start":{"line":78,"column":4},"end":{"line":78,"column":95}},"42":{"start":{"line":81,"column":18},"end":{"line":81,"column":53}},"43":{"start":{"line":82,"column":2},"end":{"line":82,"column":70}},"44":{"start":{"line":87,"column":0},"end":{"line":106,"column":3}},"45":{"start":{"line":88,"column":72},"end":{"line":88,"column":81}},"46":{"start":{"line":90,"column":17},"end":{"line":98,"column":4}},"47":{"start":{"line":100,"column":2},"end":{"line":105,"column":5}},"48":{"start":{"line":108,"column":0},"end":{"line":114,"column":3}},"49":{"start":{"line":109,"column":14},"end":{"line":109,"column":70}},"50":{"start":{"line":109,"column":47},"end":{"line":109,"column":69}},"51":{"start":{"line":110,"column":2},"end":{"line":112,"column":3}},"52":{"start":{"line":111,"column":4},"end":{"line":111,"column":103}},"53":{"start":{"line":113,"column":2},"end":{"line":113,"column":67}},"54":{"start":{"line":116,"column":0},"end":{"line":131,"column":3}},"55":{"start":{"line":117,"column":43},"end":{"line":117,"column":51}},"56":{"start":{"line":119,"column":17},"end":{"line":127,"column":3}},"57":{"start":{"line":129,"column":2},"end":{"line":129,"column":38}},"58":{"start":{"line":130,"column":2},"end":{"line":130,"column":82}},"59":{"start":{"line":133,"column":0},"end":{"line":145,"column":3}},"60":{"start":{"line":134,"column":14},"end":{"line":134,"column":70}},"61":{"start":{"line":134,"column":47},"end":{"line":134,"column":69}},"62":{"start":{"line":135,"column":2},"end":{"line":137,"column":3}},"63":{"start":{"line":136,"column":4},"end":{"line":136,"column":103}},"64":{"start":{"line":139,"column":43},"end":{"line":139,"column":51}},"65":{"start":{"line":140,"column":2},"end":{"line":140,"column":31}},"66":{"start":{"line":140,"column":13},"end":{"line":140,"column":31}},"67":{"start":{"line":141,"column":2},"end":{"line":141,"column":58}},"68":{"start":{"line":141,"column":22},"end":{"line":141,"column":58}},"69":{"start":{"line":142,"column":2},"end":{"line":142,"column":31}},"70":{"start":{"line":142,"column":13},"end":{"line":142,"column":31}},"71":{"start":{"line":144,"column":2},"end":{"line":144,"column":67}},"72":{"start":{"line":147,"column":0},"end":{"line":155,"column":3}},"73":{"start":{"line":148,"column":16},"end":{"line":148,"column":77}},"74":{"start":{"line":148,"column":54},"end":{"line":148,"column":76}},"75":{"start":{"line":149,"column":2},"end":{"line":151,"column":3}},"76":{"start":{"line":150,"column":4},"end":{"line":150,"column":103}},"77":{"start":{"line":153,"column":18},"end":{"line":153,"column":57}},"78":{"start":{"line":154,"column":2},"end":{"line":154,"column":74}},"79":{"start":{"line":159,"column":0},"end":{"line":170,"column":3}},"80":{"start":{"line":160,"column":32},"end":{"line":160,"column":41}},"81":{"start":{"line":162,"column":17},"end":{"line":167,"column":4}},"82":{"start":{"line":169,"column":2},"end":{"line":169,"column":75}},"83":{"start":{"line":172,"column":0},"end":{"line":178,"column":3}},"84":{"start":{"line":173,"column":15},"end":{"line":173,"column":71}},"85":{"start":{"line":173,"column":44},"end":{"line":173,"column":70}},"86":{"start":{"line":174,"column":2},"end":{"line":176,"column":3}},"87":{"start":{"line":175,"column":4},"end":{"line":175,"column":95}},"88":{"start":{"line":177,"column":2},"end":{"line":177,"column":64}},"89":{"start":{"line":180,"column":0},"end":{"line":192,"column":3}},"90":{"start":{"line":181,"column":45},"end":{"line":181,"column":53}},"91":{"start":{"line":183,"column":18},"end":{"line":188,"column":3}},"92":{"start":{"line":190,"column":2},"end":{"line":190,"column":35}},"93":{"start":{"line":191,"column":2},"end":{"line":191,"column":79}},"94":{"start":{"line":196,"column":0},"end":{"line":208,"column":3}},"95":{"start":{"line":197,"column":40},"end":{"line":197,"column":49}},"96":{"start":{"line":199,"column":17},"end":{"line":205,"column":4}},"97":{"start":{"line":207,"column":2},"end":{"line":207,"column":79}},"98":{"start":{"line":210,"column":0},"end":{"line":216,"column":3}},"99":{"start":{"line":211,"column":15},"end":{"line":211,"column":75}},"100":{"start":{"line":211,"column":48},"end":{"line":211,"column":74}},"101":{"start":{"line":212,"column":2},"end":{"line":214,"column":3}},"102":{"start":{"line":213,"column":4},"end":{"line":213,"column":100}},"103":{"start":{"line":215,"column":2},"end":{"line":215,"column":68}},"104":{"start":{"line":218,"column":0},"end":{"line":231,"column":3}},"105":{"start":{"line":219,"column":49},"end":{"line":219,"column":57}},"106":{"start":{"line":221,"column":18},"end":{"line":227,"column":3}},"107":{"start":{"line":229,"column":2},"end":{"line":229,"column":39}},"108":{"start":{"line":230,"column":2},"end":{"line":230,"column":83}},"109":{"start":{"line":235,"column":0},"end":{"line":247,"column":3}},"110":{"start":{"line":236,"column":46},"end":{"line":236,"column":55}},"111":{"start":{"line":238,"column":17},"end":{"line":244,"column":4}},"112":{"start":{"line":246,"column":2},"end":{"line":246,"column":77}},"113":{"start":{"line":249,"column":0},"end":{"line":255,"column":3}},"114":{"start":{"line":250,"column":17},"end":{"line":250,"column":76}},"115":{"start":{"line":250,"column":49},"end":{"line":250,"column":75}},"116":{"start":{"line":251,"column":2},"end":{"line":253,"column":3}},"117":{"start":{"line":252,"column":4},"end":{"line":252,"column":99}},"118":{"start":{"line":254,"column":2},"end":{"line":254,"column":68}},"119":{"start":{"line":257,"column":0},"end":{"line":270,"column":3}},"120":{"start":{"line":258,"column":33},"end":{"line":258,"column":41}},"121":{"start":{"line":260,"column":20},"end":{"line":266,"column":3}},"122":{"start":{"line":268,"column":2},"end":{"line":268,"column":40}},"123":{"start":{"line":269,"column":2},"end":{"line":269,"column":83}},"124":{"start":{"line":274,"column":0},"end":{"line":293,"column":3}},"125":{"start":{"line":275,"column":75},"end":{"line":275,"column":84}},"126":{"start":{"line":277,"column":17},"end":{"line":285,"column":4}},"127":{"start":{"line":287,"column":2},"end":{"line":292,"column":5}},"128":{"start":{"line":297,"column":0},"end":{"line":309,"column":3}},"129":{"start":{"line":298,"column":40},"end":{"line":298,"column":49}},"130":{"start":{"line":300,"column":17},"end":{"line":306,"column":4}},"131":{"start":{"line":308,"column":2},"end":{"line":308,"column":76}},"132":{"start":{"line":311,"column":0},"end":{"line":317,"column":3}},"133":{"start":{"line":312,"column":16},"end":{"line":312,"column":71}},"134":{"start":{"line":312,"column":46},"end":{"line":312,"column":70}},"135":{"start":{"line":313,"column":2},"end":{"line":315,"column":3}},"136":{"start":{"line":314,"column":4},"end":{"line":314,"column":97}},"137":{"start":{"line":316,"column":2},"end":{"line":316,"column":66}},"138":{"start":{"line":319,"column":0},"end":{"line":333,"column":3}},"139":{"start":{"line":320,"column":25},"end":{"line":320,"column":33}},"140":{"start":{"line":322,"column":19},"end":{"line":329,"column":3}},"141":{"start":{"line":331,"column":2},"end":{"line":331,"column":37}},"142":{"start":{"line":332,"column":2},"end":{"line":332,"column":81}},"143":{"start":{"line":337,"column":0},"end":{"line":339,"column":3}},"144":{"start":{"line":338,"column":2},"end":{"line":338,"column":94}},"145":{"start":{"line":343,"column":0},"end":{"line":355,"column":3}},"146":{"start":{"line":344,"column":40},"end":{"line":344,"column":49}},"147":{"start":{"line":346,"column":17},"end":{"line":352,"column":4}},"148":{"start":{"line":354,"column":2},"end":{"line":354,"column":76}},"149":{"start":{"line":359,"column":0},"end":{"line":366,"column":3}},"150":{"start":{"line":360,"column":2},"end":{"line":365,"column":6}},"151":{"start":{"line":362,"column":48},"end":{"line":362,"column":69}},"152":{"start":{"line":368,"column":0},"end":{"line":376,"column":3}},"153":{"start":{"line":369,"column":23},"end":{"line":373,"column":5}},"154":{"start":{"line":369,"column":70},"end":{"line":373,"column":3}},"155":{"start":{"line":375,"column":2},"end":{"line":375,"column":54}},"156":{"start":{"line":380,"column":0},"end":{"line":382,"column":3}},"157":{"start":{"line":381,"column":2},"end":{"line":381,"column":89}},"158":{"start":{"line":384,"column":0},"end":{"line":384,"column":24}}},"fnMap":{"0":{"name":"(anonymous_0)","decl":{"start":{"line":15,"column":41},"end":{"line":15,"column":42}},"loc":{"start":{"line":15,"column":55},"end":{"line":34,"column":1}},"line":15},"1":{"name":"(anonymous_1)","decl":{"start":{"line":36,"column":25},"end":{"line":36,"column":26}},"loc":{"start":{"line":36,"column":39},"end":{"line":42,"column":1}},"line":36},"2":{"name":"(anonymous_2)","decl":{"start":{"line":37,"column":39},"end":{"line":37,"column":40}},"loc":{"start":{"line":37,"column":44},"end":{"line":37,"column":66}},"line":37},"3":{"name":"(anonymous_3)","decl":{"start":{"line":44,"column":54},"end":{"line":44,"column":55}},"loc":{"start":{"line":44,"column":68},"end":{"line":59,"column":1}},"line":44},"4":{"name":"(anonymous_4)","decl":{"start":{"line":61,"column":57},"end":{"line":61,"column":58}},"loc":{"start":{"line":61,"column":71},"end":{"line":73,"column":1}},"line":61},"5":{"name":"(anonymous_5)","decl":{"start":{"line":62,"column":39},"end":{"line":62,"column":40}},"loc":{"start":{"line":62,"column":44},"end":{"line":62,"column":66}},"line":62},"6":{"name":"(anonymous_6)","decl":{"start":{"line":75,"column":28},"end":{"line":75,"column":29}},"loc":{"start":{"line":75,"column":42},"end":{"line":83,"column":1}},"line":75},"7":{"name":"(anonymous_7)","decl":{"start":{"line":76,"column":45},"end":{"line":76,"column":46}},"loc":{"start":{"line":76,"column":50},"end":{"line":76,"column":72}},"line":76},"8":{"name":"(anonymous_8)","decl":{"start":{"line":87,"column":45},"end":{"line":87,"column":46}},"loc":{"start":{"line":87,"column":59},"end":{"line":106,"column":1}},"line":87},"9":{"name":"(anonymous_9)","decl":{"start":{"line":108,"column":29},"end":{"line":108,"column":30}},"loc":{"start":{"line":108,"column":43},"end":{"line":114,"column":1}},"line":108},"10":{"name":"(anonymous_10)","decl":{"start":{"line":109,"column":42},"end":{"line":109,"column":43}},"loc":{"start":{"line":109,"column":47},"end":{"line":109,"column":69}},"line":109},"11":{"name":"(anonymous_11)","decl":{"start":{"line":116,"column":62},"end":{"line":116,"column":63}},"loc":{"start":{"line":116,"column":76},"end":{"line":131,"column":1}},"line":116},"12":{"name":"(anonymous_12)","decl":{"start":{"line":133,"column":65},"end":{"line":133,"column":66}},"loc":{"start":{"line":133,"column":79},"end":{"line":145,"column":1}},"line":133},"13":{"name":"(anonymous_13)","decl":{"start":{"line":134,"column":42},"end":{"line":134,"column":43}},"loc":{"start":{"line":134,"column":47},"end":{"line":134,"column":69}},"line":134},"14":{"name":"(anonymous_14)","decl":{"start":{"line":147,"column":32},"end":{"line":147,"column":33}},"loc":{"start":{"line":147,"column":46},"end":{"line":155,"column":1}},"line":147},"15":{"name":"(anonymous_15)","decl":{"start":{"line":148,"column":49},"end":{"line":148,"column":50}},"loc":{"start":{"line":148,"column":54},"end":{"line":148,"column":76}},"line":148},"16":{"name":"(anonymous_16)","decl":{"start":{"line":159,"column":21},"end":{"line":159,"column":22}},"loc":{"start":{"line":159,"column":35},"end":{"line":170,"column":1}},"line":159},"17":{"name":"(anonymous_17)","decl":{"start":{"line":172,"column":27},"end":{"line":172,"column":28}},"loc":{"start":{"line":172,"column":41},"end":{"line":178,"column":1}},"line":172},"18":{"name":"(anonymous_18)","decl":{"start":{"line":173,"column":39},"end":{"line":173,"column":40}},"loc":{"start":{"line":173,"column":44},"end":{"line":173,"column":70}},"line":173},"19":{"name":"(anonymous_19)","decl":{"start":{"line":180,"column":54},"end":{"line":180,"column":55}},"loc":{"start":{"line":180,"column":68},"end":{"line":192,"column":1}},"line":180},"20":{"name":"(anonymous_20)","decl":{"start":{"line":196,"column":26},"end":{"line":196,"column":27}},"loc":{"start":{"line":196,"column":40},"end":{"line":208,"column":1}},"line":196},"21":{"name":"(anonymous_21)","decl":{"start":{"line":210,"column":32},"end":{"line":210,"column":33}},"loc":{"start":{"line":210,"column":46},"end":{"line":216,"column":1}},"line":210},"22":{"name":"(anonymous_22)","decl":{"start":{"line":211,"column":43},"end":{"line":211,"column":44}},"loc":{"start":{"line":211,"column":48},"end":{"line":211,"column":74}},"line":211},"23":{"name":"(anonymous_23)","decl":{"start":{"line":218,"column":63},"end":{"line":218,"column":64}},"loc":{"start":{"line":218,"column":77},"end":{"line":231,"column":1}},"line":218},"24":{"name":"(anonymous_24)","decl":{"start":{"line":235,"column":24},"end":{"line":235,"column":25}},"loc":{"start":{"line":235,"column":38},"end":{"line":247,"column":1}},"line":235},"25":{"name":"(anonymous_25)","decl":{"start":{"line":249,"column":30},"end":{"line":249,"column":31}},"loc":{"start":{"line":249,"column":44},"end":{"line":255,"column":1}},"line":249},"26":{"name":"(anonymous_26)","decl":{"start":{"line":250,"column":44},"end":{"line":250,"column":45}},"loc":{"start":{"line":250,"column":49},"end":{"line":250,"column":75}},"line":250},"27":{"name":"(anonymous_27)","decl":{"start":{"line":257,"column":59},"end":{"line":257,"column":60}},"loc":{"start":{"line":257,"column":73},"end":{"line":270,"column":1}},"line":257},"28":{"name":"(anonymous_28)","decl":{"start":{"line":274,"column":46},"end":{"line":274,"column":47}},"loc":{"start":{"line":274,"column":60},"end":{"line":293,"column":1}},"line":274},"29":{"name":"(anonymous_29)","decl":{"start":{"line":297,"column":22},"end":{"line":297,"column":23}},"loc":{"start":{"line":297,"column":36},"end":{"line":309,"column":1}},"line":297},"30":{"name":"(anonymous_30)","decl":{"start":{"line":311,"column":26},"end":{"line":311,"column":27}},"loc":{"start":{"line":311,"column":40},"end":{"line":317,"column":1}},"line":311},"31":{"name":"(anonymous_31)","decl":{"start":{"line":312,"column":41},"end":{"line":312,"column":42}},"loc":{"start":{"line":312,"column":46},"end":{"line":312,"column":70}},"line":312},"32":{"name":"(anonymous_32)","decl":{"start":{"line":319,"column":56},"end":{"line":319,"column":57}},"loc":{"start":{"line":319,"column":70},"end":{"line":333,"column":1}},"line":319},"33":{"name":"(anonymous_33)","decl":{"start":{"line":337,"column":28},"end":{"line":337,"column":29}},"loc":{"start":{"line":337,"column":42},"end":{"line":339,"column":1}},"line":337},"34":{"name":"(anonymous_34)","decl":{"start":{"line":343,"column":22},"end":{"line":343,"column":23}},"loc":{"start":{"line":343,"column":36},"end":{"line":355,"column":1}},"line":343},"35":{"name":"(anonymous_35)","decl":{"start":{"line":359,"column":33},"end":{"line":359,"column":34}},"loc":{"start":{"line":359,"column":47},"end":{"line":366,"column":1}},"line":359},"36":{"name":"(anonymous_36)","decl":{"start":{"line":362,"column":43},"end":{"line":362,"column":44}},"loc":{"start":{"line":362,"column":48},"end":{"line":362,"column":69}},"line":362},"37":{"name":"(anonymous_37)","decl":{"start":{"line":368,"column":39},"end":{"line":368,"column":40}},"loc":{"start":{"line":368,"column":53},"end":{"line":376,"column":1}},"line":368},"38":{"name":"(anonymous_38)","decl":{"start":{"line":369,"column":62},"end":{"line":369,"column":63}},"loc":{"start":{"line":369,"column":70},"end":{"line":373,"column":3}},"line":369},"39":{"name":"(anonymous_39)","decl":{"start":{"line":380,"column":11},"end":{"line":380,"column":12}},"loc":{"start":{"line":380,"column":25},"end":{"line":382,"column":1}},"line":380}},"branchMap":{"0":{"loc":{"start":{"line":22,"column":12},"end":{"line":22,"column":29}},"type":"binary-expr","locations":[{"start":{"line":22,"column":12},"end":{"line":22,"column":18}},{"start":{"line":22,"column":22},"end":{"line":22,"column":29}}],"line":22},"1":{"loc":{"start":{"line":23,"column":15},"end":{"line":23,"column":33}},"type":"binary-expr","locations":[{"start":{"line":23,"column":15},"end":{"line":23,"column":24}},{"start":{"line":23,"column":28},"end":{"line":23,"column":33}}],"line":23},"2":{"loc":{"start":{"line":24,"column":10},"end":{"line":24,"column":19}},"type":"binary-expr","locations":[{"start":{"line":24,"column":10},"end":{"line":24,"column":14}},{"start":{"line":24,"column":18},"end":{"line":24,"column":19}}],"line":24},"3":{"loc":{"start":{"line":25,"column":14},"end":{"line":25,"column":28}},"type":"binary-expr","locations":[{"start":{"line":25,"column":14},"end":{"line":25,"column":22}},{"start":{"line":25,"column":26},"end":{"line":25,"column":28}}],"line":25},"4":{"loc":{"start":{"line":38,"column":2},"end":{"line":40,"column":3}},"type":"if","locations":[{"start":{"line":38,"column":2},"end":{"line":40,"column":3}},{"start":{},"end":{}}],"line":38},"5":{"loc":{"start":{"line":63,"column":2},"end":{"line":65,"column":3}},"type":"if","locations":[{"start":{"line":63,"column":2},"end":{"line":65,"column":3}},{"start":{},"end":{}}],"line":63},"6":{"loc":{"start":{"line":68,"column":2},"end":{"line":68,"column":32}},"type":"if","locations":[{"start":{"line":68,"column":2},"end":{"line":68,"column":32}},{"start":{},"end":{}}],"line":68},"7":{"loc":{"start":{"line":69,"column":2},"end":{"line":69,"column":29}},"type":"if","locations":[{"start":{"line":69,"column":2},"end":{"line":69,"column":29}},{"start":{},"end":{}}],"line":69},"8":{"loc":{"start":{"line":70,"column":2},"end":{"line":70,"column":35}},"type":"if","locations":[{"start":{"line":70,"column":2},"end":{"line":70,"column":35}},{"start":{},"end":{}}],"line":70},"9":{"loc":{"start":{"line":77,"column":2},"end":{"line":79,"column":3}},"type":"if","locations":[{"start":{"line":77,"column":2},"end":{"line":79,"column":3}},{"start":{},"end":{}}],"line":77},"10":{"loc":{"start":{"line":94,"column":12},"end":{"line":94,"column":34}},"type":"binary-expr","locations":[{"start":{"line":94,"column":12},"end":{"line":94,"column":18}},{"start":{"line":94,"column":22},"end":{"line":94,"column":34}}],"line":94},"11":{"loc":{"start":{"line":95,"column":15},"end":{"line":95,"column":34}},"type":"binary-expr","locations":[{"start":{"line":95,"column":15},"end":{"line":95,"column":24}},{"start":{"line":95,"column":28},"end":{"line":95,"column":34}}],"line":95},"12":{"loc":{"start":{"line":96,"column":10},"end":{"line":96,"column":19}},"type":"binary-expr","locations":[{"start":{"line":96,"column":10},"end":{"line":96,"column":14}},{"start":{"line":96,"column":18},"end":{"line":96,"column":19}}],"line":96},"13":{"loc":{"start":{"line":97,"column":14},"end":{"line":97,"column":28}},"type":"binary-expr","locations":[{"start":{"line":97,"column":14},"end":{"line":97,"column":22}},{"start":{"line":97,"column":26},"end":{"line":97,"column":28}}],"line":97},"14":{"loc":{"start":{"line":110,"column":2},"end":{"line":112,"column":3}},"type":"if","locations":[{"start":{"line":110,"column":2},"end":{"line":112,"column":3}},{"start":{},"end":{}}],"line":110},"15":{"loc":{"start":{"line":135,"column":2},"end":{"line":137,"column":3}},"type":"if","locations":[{"start":{"line":135,"column":2},"end":{"line":137,"column":3}},{"start":{},"end":{}}],"line":135},"16":{"loc":{"start":{"line":140,"column":2},"end":{"line":140,"column":31}},"type":"if","locations":[{"start":{"line":140,"column":2},"end":{"line":140,"column":31}},{"start":{},"end":{}}],"line":140},"17":{"loc":{"start":{"line":141,"column":2},"end":{"line":141,"column":58}},"type":"if","locations":[{"start":{"line":141,"column":2},"end":{"line":141,"column":58}},{"start":{},"end":{}}],"line":141},"18":{"loc":{"start":{"line":142,"column":2},"end":{"line":142,"column":31}},"type":"if","locations":[{"start":{"line":142,"column":2},"end":{"line":142,"column":31}},{"start":{},"end":{}}],"line":142},"19":{"loc":{"start":{"line":149,"column":2},"end":{"line":151,"column":3}},"type":"if","locations":[{"start":{"line":149,"column":2},"end":{"line":151,"column":3}},{"start":{},"end":{}}],"line":149},"20":{"loc":{"start":{"line":163,"column":12},"end":{"line":163,"column":28}},"type":"binary-expr","locations":[{"start":{"line":163,"column":12},"end":{"line":163,"column":18}},{"start":{"line":163,"column":22},"end":{"line":163,"column":28}}],"line":163},"21":{"loc":{"start":{"line":164,"column":15},"end":{"line":164,"column":33}},"type":"binary-expr","locations":[{"start":{"line":164,"column":15},"end":{"line":164,"column":24}},{"start":{"line":164,"column":28},"end":{"line":164,"column":33}}],"line":164},"22":{"loc":{"start":{"line":174,"column":2},"end":{"line":176,"column":3}},"type":"if","locations":[{"start":{"line":174,"column":2},"end":{"line":176,"column":3}},{"start":{},"end":{}}],"line":174},"23":{"loc":{"start":{"line":201,"column":12},"end":{"line":201,"column":28}},"type":"binary-expr","locations":[{"start":{"line":201,"column":12},"end":{"line":201,"column":18}},{"start":{"line":201,"column":22},"end":{"line":201,"column":28}}],"line":201},"24":{"loc":{"start":{"line":202,"column":15},"end":{"line":202,"column":33}},"type":"binary-expr","locations":[{"start":{"line":202,"column":15},"end":{"line":202,"column":24}},{"start":{"line":202,"column":28},"end":{"line":202,"column":33}}],"line":202},"25":{"loc":{"start":{"line":212,"column":2},"end":{"line":214,"column":3}},"type":"if","locations":[{"start":{"line":212,"column":2},"end":{"line":214,"column":3}},{"start":{},"end":{}}],"line":212},"26":{"loc":{"start":{"line":240,"column":12},"end":{"line":240,"column":33}},"type":"binary-expr","locations":[{"start":{"line":240,"column":12},"end":{"line":240,"column":18}},{"start":{"line":240,"column":22},"end":{"line":240,"column":33}}],"line":240},"27":{"loc":{"start":{"line":241,"column":15},"end":{"line":241,"column":34}},"type":"binary-expr","locations":[{"start":{"line":241,"column":15},"end":{"line":241,"column":24}},{"start":{"line":241,"column":28},"end":{"line":241,"column":34}}],"line":241},"28":{"loc":{"start":{"line":251,"column":2},"end":{"line":253,"column":3}},"type":"if","locations":[{"start":{"line":251,"column":2},"end":{"line":253,"column":3}},{"start":{},"end":{}}],"line":251},"29":{"loc":{"start":{"line":281,"column":12},"end":{"line":281,"column":33}},"type":"binary-expr","locations":[{"start":{"line":281,"column":12},"end":{"line":281,"column":18}},{"start":{"line":281,"column":22},"end":{"line":281,"column":33}}],"line":281},"30":{"loc":{"start":{"line":282,"column":15},"end":{"line":282,"column":34}},"type":"binary-expr","locations":[{"start":{"line":282,"column":15},"end":{"line":282,"column":24}},{"start":{"line":282,"column":28},"end":{"line":282,"column":34}}],"line":282},"31":{"loc":{"start":{"line":283,"column":10},"end":{"line":283,"column":19}},"type":"binary-expr","locations":[{"start":{"line":283,"column":10},"end":{"line":283,"column":14}},{"start":{"line":283,"column":18},"end":{"line":283,"column":19}}],"line":283},"32":{"loc":{"start":{"line":284,"column":14},"end":{"line":284,"column":28}},"type":"binary-expr","locations":[{"start":{"line":284,"column":14},"end":{"line":284,"column":22}},{"start":{"line":284,"column":26},"end":{"line":284,"column":28}}],"line":284},"33":{"loc":{"start":{"line":302,"column":12},"end":{"line":302,"column":28}},"type":"binary-expr","locations":[{"start":{"line":302,"column":12},"end":{"line":302,"column":18}},{"start":{"line":302,"column":22},"end":{"line":302,"column":28}}],"line":302},"34":{"loc":{"start":{"line":303,"column":15},"end":{"line":303,"column":33}},"type":"binary-expr","locations":[{"start":{"line":303,"column":15},"end":{"line":303,"column":24}},{"start":{"line":303,"column":28},"end":{"line":303,"column":33}}],"line":303},"35":{"loc":{"start":{"line":313,"column":2},"end":{"line":315,"column":3}},"type":"if","locations":[{"start":{"line":313,"column":2},"end":{"line":315,"column":3}},{"start":{},"end":{}}],"line":313},"36":{"loc":{"start":{"line":348,"column":12},"end":{"line":348,"column":28}},"type":"binary-expr","locations":[{"start":{"line":348,"column":12},"end":{"line":348,"column":18}},{"start":{"line":348,"column":22},"end":{"line":348,"column":28}}],"line":348},"37":{"loc":{"start":{"line":349,"column":15},"end":{"line":349,"column":33}},"type":"binary-expr","locations":[{"start":{"line":349,"column":15},"end":{"line":349,"column":24}},{"start":{"line":349,"column":28},"end":{"line":349,"column":33}}],"line":349}},"s":{"0":1,"1":1,"2":1,"3":1,"4":1,"5":1,"6":1,"7":1,"8":1,"9":1,"10":0,"11":0,"12":0,"13":1,"14":0,"15":0,"16":0,"17":0,"18":0,"19":1,"20":0,"21":0,"22":0,"23":0,"24":1,"25":0,"26":0,"27":0,"28":0,"29":0,"30":0,"31":0,"32":0,"33":0,"34":0,"35":0,"36":0,"37":1,"38":0,"39":0,"40":0,"41":0,"42":0,"43":0,"44":1,"45":0,"46":0,"47":0,"48":1,"49":0,"50":0,"51":0,"52":0,"53":0,"54":1,"55":0,"56":0,"57":0,"58":0,"59":1,"60":0,"61":0,"62":0,"63":0,"64":0,"65":0,"66":0,"67":0,"68":0,"69":0,"70":0,"71":0,"72":1,"73":0,"74":0,"75":0,"76":0,"77":0,"78":0,"79":1,"80":0,"81":0,"82":0,"83":1,"84":0,"85":0,"86":0,"87":0,"88":0,"89":1,"90":0,"91":0,"92":0,"93":0,"94":1,"95":0,"96":0,"97":0,"98":1,"99":0,"100":0,"101":0,"102":0,"103":0,"104":1,"105":0,"106":0,"107":0,"108":0,"109":1,"110":0,"111":0,"112":0,"113":1,"114":0,"115":0,"116":0,"117":0,"118":0,"119":1,"120":0,"121":0,"122":0,"123":0,"124":1,"125":0,"126":0,"127":0,"128":1,"129":0,"130":0,"131":0,"132":1,"133":0,"134":0,"135":0,"136":0,"137":0,"138":1,"139":0,"140":0,"141":0,"142":0,"143":1,"144":0,"145":1,"146":0,"147":0,"148":0,"149":1,"150":0,"151":0,"152":1,"153":0,"154":0,"155":0,"156":1,"157":0,"158":1},"f":{"0":0,"1":0,"2":0,"3":0,"4":0,"5":0,"6":0,"7":0,"8":0,"9":0,"10":0,"11":0,"12":0,"13":0,"14":0,"15":0,"16":0,"17":0,"18":0,"19":0,"20":0,"21":0,"22":0,"23":0,"24":0,"25":0,"26":0,"27":0,"28":0,"29":0,"30":0,"31":0,"32":0,"33":0,"34":0,"35":0,"36":0,"37":0,"38":0,"39":0},"b":{"0":[0,0],"1":[0,0],"2":[0,0],"3":[0,0],"4":[0,0],"5":[0,0],"6":[0,0],"7":[0,0],"8":[0,0],"9":[0,0],"10":[0,0],"11":[0,0],"12":[0,0],"13":[0,0],"14":[0,0],"15":[0,0],"16":[0,0],"17":[0,0],"18":[0,0],"19":[0,0],"20":[0,0],"21":[0,0],"22":[0,0],"23":[0,0],"24":[0,0],"25":[0,0],"26":[0,0],"27":[0,0],"28":[0,0],"29":[0,0],"30":[0,0],"31":[0,0],"32":[0,0],"33":[0,0],"34":[0,0],"35":[0,0],"36":[0,0],"37":[0,0]},"_coverageSchema":"1a1c01bbd47fc00a2c39e90264f33305004495a9","hash":"155f03340a08c20a24cc1ce1ad113886d623a534"}
,"/home/khchoi/external-projects/kita-ax/src/routes/api.js": {"path":"/home/khchoi/external-projects/kita-ax/src/routes/api.js","statementMap":{"0":{"start":{"line":1,"column":16},"end":{"line":1,"column":34}},"1":{"start":{"line":2,"column":15},"end":{"line":2,"column":31}},"2":{"start":{"line":3,"column":38},"end":{"line":3,"column":67}},"3":{"start":{"line":4,"column":17},"end":{"line":4,"column":46}},"4":{"start":{"line":5,"column":25},"end":{"line":5,"column":55}},"5":{"start":{"line":8,"column":0},"end":{"line":8,"column":24}},"6":{"start":{"line":9,"column":0},"end":{"line":9,"column":25}},"7":{"start":{"line":13,"column":0},"end":{"line":31,"column":3}},"8":{"start":{"line":14,"column":70},"end":{"line":14,"column":79}},"9":{"start":{"line":16,"column":17},"end":{"line":24,"column":4}},"10":{"start":{"line":26,"column":2},"end":{"line":30,"column":5}},"11":{"start":{"line":33,"column":0},"end":{"line":39,"column":3}},"12":{"start":{"line":34,"column":15},"end":{"line":34,"column":67}},"13":{"start":{"line":34,"column":44},"end":{"line":34,"column":66}},"14":{"start":{"line":35,"column":2},"end":{"line":37,"column":3}},"15":{"start":{"line":36,"column":4},"end":{"line":36,"column":77}},"16":{"start":{"line":38,"column":2},"end":{"line":38,"column":42}},"17":{"start":{"line":41,"column":0},"end":{"line":59,"column":3}},"18":{"start":{"line":42,"column":26},"end":{"line":42,"column":34}},"19":{"start":{"line":43,"column":2},"end":{"line":45,"column":3}},"20":{"start":{"line":44,"column":4},"end":{"line":44,"column":86}},"21":{"start":{"line":47,"column":18},"end":{"line":55,"column":3}},"22":{"start":{"line":57,"column":2},"end":{"line":57,"column":35}},"23":{"start":{"line":58,"column":2},"end":{"line":58,"column":57}},"24":{"start":{"line":61,"column":0},"end":{"line":73,"column":3}},"25":{"start":{"line":62,"column":15},"end":{"line":62,"column":67}},"26":{"start":{"line":62,"column":44},"end":{"line":62,"column":66}},"27":{"start":{"line":63,"column":2},"end":{"line":65,"column":3}},"28":{"start":{"line":64,"column":4},"end":{"line":64,"column":77}},"29":{"start":{"line":67,"column":34},"end":{"line":67,"column":42}},"30":{"start":{"line":68,"column":2},"end":{"line":68,"column":32}},"31":{"start":{"line":68,"column":13},"end":{"line":68,"column":32}},"32":{"start":{"line":69,"column":2},"end":{"line":69,"column":29}},"33":{"start":{"line":69,"column":12},"end":{"line":69,"column":29}},"34":{"start":{"line":70,"column":2},"end":{"line":70,"column":35}},"35":{"start":{"line":70,"column":14},"end":{"line":70,"column":35}},"36":{"start":{"line":72,"column":2},"end":{"line":72,"column":42}},"37":{"start":{"line":75,"column":0},"end":{"line":83,"column":3}},"38":{"start":{"line":76,"column":16},"end":{"line":76,"column":73}},"39":{"start":{"line":76,"column":50},"end":{"line":76,"column":72}},"40":{"start":{"line":77,"column":2},"end":{"line":79,"column":3}},"41":{"start":{"line":78,"column":4},"end":{"line":78,"column":77}},"42":{"start":{"line":81,"column":18},"end":{"line":81,"column":53}},"43":{"start":{"line":82,"column":2},"end":{"line":82,"column":73}},"44":{"start":{"line":87,"column":0},"end":{"line":105,"column":3}},"45":{"start":{"line":88,"column":72},"end":{"line":88,"column":81}},"46":{"start":{"line":90,"column":17},"end":{"line":98,"column":4}},"47":{"start":{"line":100,"column":2},"end":{"line":104,"column":5}},"48":{"start":{"line":107,"column":0},"end":{"line":113,"column":3}},"49":{"start":{"line":108,"column":14},"end":{"line":108,"column":70}},"50":{"start":{"line":108,"column":47},"end":{"line":108,"column":69}},"51":{"start":{"line":109,"column":2},"end":{"line":111,"column":3}},"52":{"start":{"line":110,"column":4},"end":{"line":110,"column":81}},"53":{"start":{"line":112,"column":2},"end":{"line":112,"column":41}},"54":{"start":{"line":115,"column":0},"end":{"line":133,"column":3}},"55":{"start":{"line":116,"column":43},"end":{"line":116,"column":51}},"56":{"start":{"line":117,"column":2},"end":{"line":119,"column":3}},"57":{"start":{"line":118,"column":4},"end":{"line":118,"column":104}},"58":{"start":{"line":121,"column":17},"end":{"line":129,"column":3}},"59":{"start":{"line":131,"column":2},"end":{"line":131,"column":38}},"60":{"start":{"line":132,"column":2},"end":{"line":132,"column":56}},"61":{"start":{"line":135,"column":0},"end":{"line":147,"column":3}},"62":{"start":{"line":136,"column":14},"end":{"line":136,"column":70}},"63":{"start":{"line":136,"column":47},"end":{"line":136,"column":69}},"64":{"start":{"line":137,"column":2},"end":{"line":139,"column":3}},"65":{"start":{"line":138,"column":4},"end":{"line":138,"column":81}},"66":{"start":{"line":141,"column":43},"end":{"line":141,"column":51}},"67":{"start":{"line":142,"column":2},"end":{"line":142,"column":31}},"68":{"start":{"line":142,"column":13},"end":{"line":142,"column":31}},"69":{"start":{"line":143,"column":2},"end":{"line":143,"column":58}},"70":{"start":{"line":143,"column":22},"end":{"line":143,"column":58}},"71":{"start":{"line":144,"column":2},"end":{"line":144,"column":31}},"72":{"start":{"line":144,"column":13},"end":{"line":144,"column":31}},"73":{"start":{"line":146,"column":2},"end":{"line":146,"column":41}},"74":{"start":{"line":149,"column":0},"end":{"line":157,"column":3}},"75":{"start":{"line":150,"column":16},"end":{"line":150,"column":77}},"76":{"start":{"line":150,"column":54},"end":{"line":150,"column":76}},"77":{"start":{"line":151,"column":2},"end":{"line":153,"column":3}},"78":{"start":{"line":152,"column":4},"end":{"line":152,"column":81}},"79":{"start":{"line":155,"column":18},"end":{"line":155,"column":57}},"80":{"start":{"line":156,"column":2},"end":{"line":156,"column":77}},"81":{"start":{"line":161,"column":0},"end":{"line":175,"column":3}},"82":{"start":{"line":162,"column":32},"end":{"line":162,"column":41}},"83":{"start":{"line":164,"column":17},"end":{"line":169,"column":4}},"84":{"start":{"line":171,"column":2},"end":{"line":174,"column":5}},"85":{"start":{"line":177,"column":0},"end":{"line":183,"column":3}},"86":{"start":{"line":178,"column":15},"end":{"line":178,"column":71}},"87":{"start":{"line":178,"column":44},"end":{"line":178,"column":70}},"88":{"start":{"line":179,"column":2},"end":{"line":181,"column":3}},"89":{"start":{"line":180,"column":4},"end":{"line":180,"column":77}},"90":{"start":{"line":182,"column":2},"end":{"line":182,"column":42}},"91":{"start":{"line":185,"column":0},"end":{"line":200,"column":3}},"92":{"start":{"line":186,"column":45},"end":{"line":186,"column":53}},"93":{"start":{"line":187,"column":2},"end":{"line":189,"column":3}},"94":{"start":{"line":188,"column":4},"end":{"line":188,"column":106}},"95":{"start":{"line":191,"column":18},"end":{"line":196,"column":3}},"96":{"start":{"line":198,"column":2},"end":{"line":198,"column":35}},"97":{"start":{"line":199,"column":2},"end":{"line":199,"column":57}},"98":{"start":{"line":204,"column":0},"end":{"line":219,"column":3}},"99":{"start":{"line":205,"column":40},"end":{"line":205,"column":49}},"100":{"start":{"line":207,"column":17},"end":{"line":213,"column":4}},"101":{"start":{"line":215,"column":2},"end":{"line":218,"column":5}},"102":{"start":{"line":221,"column":0},"end":{"line":227,"column":3}},"103":{"start":{"line":222,"column":15},"end":{"line":222,"column":75}},"104":{"start":{"line":222,"column":48},"end":{"line":222,"column":74}},"105":{"start":{"line":223,"column":2},"end":{"line":225,"column":3}},"106":{"start":{"line":224,"column":4},"end":{"line":224,"column":82}},"107":{"start":{"line":226,"column":2},"end":{"line":226,"column":42}},"108":{"start":{"line":229,"column":0},"end":{"line":245,"column":3}},"109":{"start":{"line":230,"column":49},"end":{"line":230,"column":57}},"110":{"start":{"line":231,"column":2},"end":{"line":233,"column":3}},"111":{"start":{"line":232,"column":4},"end":{"line":232,"column":82}},"112":{"start":{"line":235,"column":18},"end":{"line":241,"column":3}},"113":{"start":{"line":243,"column":2},"end":{"line":243,"column":39}},"114":{"start":{"line":244,"column":2},"end":{"line":244,"column":57}},"115":{"start":{"line":249,"column":0},"end":{"line":264,"column":3}},"116":{"start":{"line":250,"column":46},"end":{"line":250,"column":55}},"117":{"start":{"line":252,"column":17},"end":{"line":258,"column":4}},"118":{"start":{"line":260,"column":2},"end":{"line":263,"column":5}},"119":{"start":{"line":266,"column":0},"end":{"line":272,"column":3}},"120":{"start":{"line":267,"column":17},"end":{"line":267,"column":76}},"121":{"start":{"line":267,"column":49},"end":{"line":267,"column":75}},"122":{"start":{"line":268,"column":2},"end":{"line":270,"column":3}},"123":{"start":{"line":269,"column":4},"end":{"line":269,"column":79}},"124":{"start":{"line":271,"column":2},"end":{"line":271,"column":44}},"125":{"start":{"line":274,"column":0},"end":{"line":290,"column":3}},"126":{"start":{"line":275,"column":33},"end":{"line":275,"column":41}},"127":{"start":{"line":276,"column":2},"end":{"line":278,"column":3}},"128":{"start":{"line":277,"column":4},"end":{"line":277,"column":94}},"129":{"start":{"line":280,"column":20},"end":{"line":286,"column":3}},"130":{"start":{"line":288,"column":2},"end":{"line":288,"column":40}},"131":{"start":{"line":289,"column":2},"end":{"line":289,"column":59}},"132":{"start":{"line":294,"column":0},"end":{"line":312,"column":3}},"133":{"start":{"line":295,"column":75},"end":{"line":295,"column":84}},"134":{"start":{"line":297,"column":17},"end":{"line":305,"column":4}},"135":{"start":{"line":307,"column":2},"end":{"line":311,"column":5}},"136":{"start":{"line":316,"column":0},"end":{"line":331,"column":3}},"137":{"start":{"line":317,"column":40},"end":{"line":317,"column":49}},"138":{"start":{"line":319,"column":17},"end":{"line":325,"column":4}},"139":{"start":{"line":327,"column":2},"end":{"line":330,"column":5}},"140":{"start":{"line":333,"column":0},"end":{"line":339,"column":3}},"141":{"start":{"line":334,"column":16},"end":{"line":334,"column":71}},"142":{"start":{"line":334,"column":46},"end":{"line":334,"column":70}},"143":{"start":{"line":335,"column":2},"end":{"line":337,"column":3}},"144":{"start":{"line":336,"column":4},"end":{"line":336,"column":78}},"145":{"start":{"line":338,"column":2},"end":{"line":338,"column":43}},"146":{"start":{"line":341,"column":0},"end":{"line":358,"column":3}},"147":{"start":{"line":342,"column":25},"end":{"line":342,"column":33}},"148":{"start":{"line":343,"column":2},"end":{"line":345,"column":3}},"149":{"start":{"line":344,"column":4},"end":{"line":344,"column":85}},"150":{"start":{"line":347,"column":19},"end":{"line":354,"column":3}},"151":{"start":{"line":356,"column":2},"end":{"line":356,"column":37}},"152":{"start":{"line":357,"column":2},"end":{"line":357,"column":58}},"153":{"start":{"line":362,"column":0},"end":{"line":367,"column":3}},"154":{"start":{"line":363,"column":2},"end":{"line":366,"column":5}},"155":{"start":{"line":371,"column":0},"end":{"line":386,"column":3}},"156":{"start":{"line":372,"column":40},"end":{"line":372,"column":49}},"157":{"start":{"line":374,"column":17},"end":{"line":380,"column":4}},"158":{"start":{"line":382,"column":2},"end":{"line":385,"column":5}},"159":{"start":{"line":390,"column":0},"end":{"line":400,"column":3}},"160":{"start":{"line":391,"column":2},"end":{"line":399,"column":5}},"161":{"start":{"line":395,"column":50},"end":{"line":395,"column":71}},"162":{"start":{"line":402,"column":0},"end":{"line":413,"column":3}},"163":{"start":{"line":403,"column":23},"end":{"line":407,"column":5}},"164":{"start":{"line":403,"column":70},"end":{"line":407,"column":3}},"165":{"start":{"line":409,"column":2},"end":{"line":412,"column":5}},"166":{"start":{"line":417,"column":0},"end":{"line":423,"column":3}},"167":{"start":{"line":418,"column":2},"end":{"line":422,"column":5}},"168":{"start":{"line":425,"column":0},"end":{"line":425,"column":24}}},"fnMap":{"0":{"name":"(anonymous_0)","decl":{"start":{"line":13,"column":21},"end":{"line":13,"column":22}},"loc":{"start":{"line":13,"column":35},"end":{"line":31,"column":1}},"line":13},"1":{"name":"(anonymous_1)","decl":{"start":{"line":33,"column":25},"end":{"line":33,"column":26}},"loc":{"start":{"line":33,"column":39},"end":{"line":39,"column":1}},"line":33},"2":{"name":"(anonymous_2)","decl":{"start":{"line":34,"column":39},"end":{"line":34,"column":40}},"loc":{"start":{"line":34,"column":44},"end":{"line":34,"column":66}},"line":34},"3":{"name":"(anonymous_3)","decl":{"start":{"line":41,"column":22},"end":{"line":41,"column":23}},"loc":{"start":{"line":41,"column":36},"end":{"line":59,"column":1}},"line":41},"4":{"name":"(anonymous_4)","decl":{"start":{"line":61,"column":25},"end":{"line":61,"column":26}},"loc":{"start":{"line":61,"column":39},"end":{"line":73,"column":1}},"line":61},"5":{"name":"(anonymous_5)","decl":{"start":{"line":62,"column":39},"end":{"line":62,"column":40}},"loc":{"start":{"line":62,"column":44},"end":{"line":62,"column":66}},"line":62},"6":{"name":"(anonymous_6)","decl":{"start":{"line":75,"column":28},"end":{"line":75,"column":29}},"loc":{"start":{"line":75,"column":42},"end":{"line":83,"column":1}},"line":75},"7":{"name":"(anonymous_7)","decl":{"start":{"line":76,"column":45},"end":{"line":76,"column":46}},"loc":{"start":{"line":76,"column":50},"end":{"line":76,"column":72}},"line":76},"8":{"name":"(anonymous_8)","decl":{"start":{"line":87,"column":25},"end":{"line":87,"column":26}},"loc":{"start":{"line":87,"column":39},"end":{"line":105,"column":1}},"line":87},"9":{"name":"(anonymous_9)","decl":{"start":{"line":107,"column":29},"end":{"line":107,"column":30}},"loc":{"start":{"line":107,"column":43},"end":{"line":113,"column":1}},"line":107},"10":{"name":"(anonymous_10)","decl":{"start":{"line":108,"column":42},"end":{"line":108,"column":43}},"loc":{"start":{"line":108,"column":47},"end":{"line":108,"column":69}},"line":108},"11":{"name":"(anonymous_11)","decl":{"start":{"line":115,"column":26},"end":{"line":115,"column":27}},"loc":{"start":{"line":115,"column":40},"end":{"line":133,"column":1}},"line":115},"12":{"name":"(anonymous_12)","decl":{"start":{"line":135,"column":29},"end":{"line":135,"column":30}},"loc":{"start":{"line":135,"column":43},"end":{"line":147,"column":1}},"line":135},"13":{"name":"(anonymous_13)","decl":{"start":{"line":136,"column":42},"end":{"line":136,"column":43}},"loc":{"start":{"line":136,"column":47},"end":{"line":136,"column":69}},"line":136},"14":{"name":"(anonymous_14)","decl":{"start":{"line":149,"column":32},"end":{"line":149,"column":33}},"loc":{"start":{"line":149,"column":46},"end":{"line":157,"column":1}},"line":149},"15":{"name":"(anonymous_15)","decl":{"start":{"line":150,"column":49},"end":{"line":150,"column":50}},"loc":{"start":{"line":150,"column":54},"end":{"line":150,"column":76}},"line":150},"16":{"name":"(anonymous_16)","decl":{"start":{"line":161,"column":21},"end":{"line":161,"column":22}},"loc":{"start":{"line":161,"column":35},"end":{"line":175,"column":1}},"line":161},"17":{"name":"(anonymous_17)","decl":{"start":{"line":177,"column":27},"end":{"line":177,"column":28}},"loc":{"start":{"line":177,"column":41},"end":{"line":183,"column":1}},"line":177},"18":{"name":"(anonymous_18)","decl":{"start":{"line":178,"column":39},"end":{"line":178,"column":40}},"loc":{"start":{"line":178,"column":44},"end":{"line":178,"column":70}},"line":178},"19":{"name":"(anonymous_19)","decl":{"start":{"line":185,"column":22},"end":{"line":185,"column":23}},"loc":{"start":{"line":185,"column":36},"end":{"line":200,"column":1}},"line":185},"20":{"name":"(anonymous_20)","decl":{"start":{"line":204,"column":26},"end":{"line":204,"column":27}},"loc":{"start":{"line":204,"column":40},"end":{"line":219,"column":1}},"line":204},"21":{"name":"(anonymous_21)","decl":{"start":{"line":221,"column":32},"end":{"line":221,"column":33}},"loc":{"start":{"line":221,"column":46},"end":{"line":227,"column":1}},"line":221},"22":{"name":"(anonymous_22)","decl":{"start":{"line":222,"column":43},"end":{"line":222,"column":44}},"loc":{"start":{"line":222,"column":48},"end":{"line":222,"column":74}},"line":222},"23":{"name":"(anonymous_23)","decl":{"start":{"line":229,"column":27},"end":{"line":229,"column":28}},"loc":{"start":{"line":229,"column":41},"end":{"line":245,"column":1}},"line":229},"24":{"name":"(anonymous_24)","decl":{"start":{"line":249,"column":24},"end":{"line":249,"column":25}},"loc":{"start":{"line":249,"column":38},"end":{"line":264,"column":1}},"line":249},"25":{"name":"(anonymous_25)","decl":{"start":{"line":266,"column":30},"end":{"line":266,"column":31}},"loc":{"start":{"line":266,"column":44},"end":{"line":272,"column":1}},"line":266},"26":{"name":"(anonymous_26)","decl":{"start":{"line":267,"column":44},"end":{"line":267,"column":45}},"loc":{"start":{"line":267,"column":49},"end":{"line":267,"column":75}},"line":267},"27":{"name":"(anonymous_27)","decl":{"start":{"line":274,"column":25},"end":{"line":274,"column":26}},"loc":{"start":{"line":274,"column":39},"end":{"line":290,"column":1}},"line":274},"28":{"name":"(anonymous_28)","decl":{"start":{"line":294,"column":26},"end":{"line":294,"column":27}},"loc":{"start":{"line":294,"column":40},"end":{"line":312,"column":1}},"line":294},"29":{"name":"(anonymous_29)","decl":{"start":{"line":316,"column":22},"end":{"line":316,"column":23}},"loc":{"start":{"line":316,"column":36},"end":{"line":331,"column":1}},"line":316},"30":{"name":"(anonymous_30)","decl":{"start":{"line":333,"column":26},"end":{"line":333,"column":27}},"loc":{"start":{"line":333,"column":40},"end":{"line":339,"column":1}},"line":333},"31":{"name":"(anonymous_31)","decl":{"start":{"line":334,"column":41},"end":{"line":334,"column":42}},"loc":{"start":{"line":334,"column":46},"end":{"line":334,"column":70}},"line":334},"32":{"name":"(anonymous_32)","decl":{"start":{"line":341,"column":23},"end":{"line":341,"column":24}},"loc":{"start":{"line":341,"column":37},"end":{"line":358,"column":1}},"line":341},"33":{"name":"(anonymous_33)","decl":{"start":{"line":362,"column":28},"end":{"line":362,"column":29}},"loc":{"start":{"line":362,"column":42},"end":{"line":367,"column":1}},"line":362},"34":{"name":"(anonymous_34)","decl":{"start":{"line":371,"column":22},"end":{"line":371,"column":23}},"loc":{"start":{"line":371,"column":36},"end":{"line":386,"column":1}},"line":371},"35":{"name":"(anonymous_35)","decl":{"start":{"line":390,"column":33},"end":{"line":390,"column":34}},"loc":{"start":{"line":390,"column":47},"end":{"line":400,"column":1}},"line":390},"36":{"name":"(anonymous_36)","decl":{"start":{"line":395,"column":45},"end":{"line":395,"column":46}},"loc":{"start":{"line":395,"column":50},"end":{"line":395,"column":71}},"line":395},"37":{"name":"(anonymous_37)","decl":{"start":{"line":402,"column":39},"end":{"line":402,"column":40}},"loc":{"start":{"line":402,"column":53},"end":{"line":413,"column":1}},"line":402},"38":{"name":"(anonymous_38)","decl":{"start":{"line":403,"column":62},"end":{"line":403,"column":63}},"loc":{"start":{"line":403,"column":70},"end":{"line":407,"column":3}},"line":403},"39":{"name":"(anonymous_39)","decl":{"start":{"line":417,"column":11},"end":{"line":417,"column":12}},"loc":{"start":{"line":417,"column":25},"end":{"line":423,"column":1}},"line":417}},"branchMap":{"0":{"loc":{"start":{"line":20,"column":12},"end":{"line":20,"column":29}},"type":"binary-expr","locations":[{"start":{"line":20,"column":12},"end":{"line":20,"column":18}},{"start":{"line":20,"column":22},"end":{"line":20,"column":29}}],"line":20},"1":{"loc":{"start":{"line":21,"column":15},"end":{"line":21,"column":33}},"type":"binary-expr","locations":[{"start":{"line":21,"column":15},"end":{"line":21,"column":24}},{"start":{"line":21,"column":28},"end":{"line":21,"column":33}}],"line":21},"2":{"loc":{"start":{"line":22,"column":10},"end":{"line":22,"column":19}},"type":"binary-expr","locations":[{"start":{"line":22,"column":10},"end":{"line":22,"column":14}},{"start":{"line":22,"column":18},"end":{"line":22,"column":19}}],"line":22},"3":{"loc":{"start":{"line":23,"column":14},"end":{"line":23,"column":28}},"type":"binary-expr","locations":[{"start":{"line":23,"column":14},"end":{"line":23,"column":22}},{"start":{"line":23,"column":26},"end":{"line":23,"column":28}}],"line":23},"4":{"loc":{"start":{"line":35,"column":2},"end":{"line":37,"column":3}},"type":"if","locations":[{"start":{"line":35,"column":2},"end":{"line":37,"column":3}},{"start":{},"end":{}}],"line":35},"5":{"loc":{"start":{"line":43,"column":2},"end":{"line":45,"column":3}},"type":"if","locations":[{"start":{"line":43,"column":2},"end":{"line":45,"column":3}},{"start":{},"end":{}}],"line":43},"6":{"loc":{"start":{"line":43,"column":6},"end":{"line":43,"column":21}},"type":"binary-expr","locations":[{"start":{"line":43,"column":6},"end":{"line":43,"column":12}},{"start":{"line":43,"column":16},"end":{"line":43,"column":21}}],"line":43},"7":{"loc":{"start":{"line":63,"column":2},"end":{"line":65,"column":3}},"type":"if","locations":[{"start":{"line":63,"column":2},"end":{"line":65,"column":3}},{"start":{},"end":{}}],"line":63},"8":{"loc":{"start":{"line":68,"column":2},"end":{"line":68,"column":32}},"type":"if","locations":[{"start":{"line":68,"column":2},"end":{"line":68,"column":32}},{"start":{},"end":{}}],"line":68},"9":{"loc":{"start":{"line":69,"column":2},"end":{"line":69,"column":29}},"type":"if","locations":[{"start":{"line":69,"column":2},"end":{"line":69,"column":29}},{"start":{},"end":{}}],"line":69},"10":{"loc":{"start":{"line":70,"column":2},"end":{"line":70,"colu
[...]
rt":{"line":187,"column":43},"end":{"line":191,"column":3}},"line":187}},"branchMap":{"0":{"loc":{"start":{"line":13,"column":29},"end":{"line":13,"column":37}},"type":"default-arg","locations":[{"start":{"line":13,"column":36},"end":{"line":13,"column":37}}],"line":13},"1":{"loc":{"start":{"line":13,"column":39},"end":{"line":13,"column":52}},"type":"default-arg","locations":[{"start":{"line":13,"column":50},"end":{"line":13,"column":52}}],"line":13},"2":{"loc":{"start":{"line":13,"column":76},"end":{"line":13,"column":92}},"type":"default-arg","locations":[{"start":{"line":13,"column":85},"end":{"line":13,"column":92}}],"line":13},"3":{"loc":{"start":{"line":13,"column":94},"end":{"line":13,"column":111}},"type":"default-arg","locations":[{"start":{"line":13,"column":106},"end":{"line":13,"column":111}}],"line":13},"4":{"loc":{"start":{"line":19,"column":4},"end":{"line":19,"column":38}},"type":"if","locations":[{"start":{"line":19,"column":4},"end":{"line":19,"column":38}},{"start":{},"end":{}}],"line":19},"5":{"loc":{"start":{"line":20,"column":4},"end":{"line":20,"column":32}},"type":"if","locations":[{"start":{"line":20,"column":4},"end":{"line":20,"column":32}},{"start":{},"end":{}}],"line":20},"6":{"loc":{"start":{"line":22,"column":4},"end":{"line":27,"column":5}},"type":"if","locations":[{"start":{"line":22,"column":4},"end":{"line":27,"column":5}},{"start":{},"end":{}}],"line":22},"7":{"loc":{"start":{"line":29,"column":20},"end":{"line":29,"column":37}},"type":"binary-expr","locations":[{"start":{"line":29,"column":20},"end":{"line":29,"column":26}},{"start":{"line":29,"column":30},"end":{"line":29,"column":37}}],"line":29},"8":{"loc":{"start":{"line":29,"column":39},"end":{"line":29,"column":76}},"type":"cond-expr","locations":[{"start":{"line":29,"column":62},"end":{"line":29,"column":68}},{"start":{"line":29,"column":71},"end":{"line":29,"column":76}}],"line":29},"9":{"loc":{"start":{"line":61,"column":4},"end":{"line":63,"column":5}},"type":"if","locations":[{"start":{"line":61,"column":4},"end":{"line":63,"column":5}},{"start":{},"end":{}}],"line":61},"10":{"loc":{"start":{"line":76,"column":4},"end":{"line":78,"column":5}},"type":"if","locations":[{"start":{"line":76,"column":4},"end":{"line":78,"column":5}},{"start":{},"end":{}}],"line":76},"11":{"loc":{"start":{"line":86,"column":45},"end":{"line":86,"column":60}},"type":"default-arg","locations":[{"start":{"line":86,"column":52},"end":{"line":86,"column":60}}],"line":86},"12":{"loc":{"start":{"line":86,"column":72},"end":{"line":86,"column":89}},"type":"default-arg","locations":[{"start":{"line":86,"column":81},"end":{"line":86,"column":89}}],"line":86},"13":{"loc":{"start":{"line":89,"column":4},"end":{"line":91,"column":5}},"type":"if","locations":[{"start":{"line":89,"column":4},"end":{"line":91,"column":5}},{"start":{},"end":{}}],"line":89},"14":{"loc":{"start":{"line":113,"column":4},"end":{"line":115,"column":5}},"type":"if","locations":[{"start":{"line":113,"column":4},"end":{"line":115,"column":5}},{"start":{},"end":{}}],"line":113},"15":{"loc":{"start":{"line":117,"column":4},"end":{"line":117,"column":34}},"type":"if","locations":[{"start":{"line":117,"column":4},"end":{"line":117,"column":34}},{"start":{},"end":{}}],"line":117},"16":{"loc":{"start":{"line":118,"column":4},"end":{"line":118,"column":31}},"type":"if","locations":[{"start":{"line":118,"column":4},"end":{"line":118,"column":31}},{"start":{},"end":{}}],"line":118},"17":{"loc":{"start":{"line":119,"column":4},"end":{"line":119,"column":37}},"type":"if","locations":[{"start":{"line":119,"column":4},"end":{"line":119,"column":37}},{"start":{},"end":{}}],"line":119},"18":{"loc":{"start":{"line":131,"column":4},"end":{"line":133,"column":5}},"type":"if","locations":[{"start":{"line":131,"column":4},"end":{"line":133,"column":5}},{"start":{},"end":{}}],"line":131},"19":{"loc":{"start":{"line":137,"column":4},"end":{"line":139,"column":5}},"type":"if","locations":[{"start":{"line":137,"column":4},"end":{"line":139,"column":5}},{"start":{},"end":{}}],"line":137},"20":{"loc":{"start":{"line":153,"column":4},"end":{"line":155,"column":5}},"type":"if","locations":[{"start":{"line":153,"column":4},"end":{"line":155,"column":5}},{"start":{},"end":{}}],"line":153},"21":{"loc":{"start":{"line":165,"column":4},"end":{"line":167,"column":5}},"type":"if","locations":[{"start":{"line":165,"column":4},"end":{"line":167,"column":5}},{"start":{},"end":{}}],"line":165},"22":{"loc":{"start":{"line":178,"column":4},"end":{"line":181,"column":5}},"type":"if","locations":[{"start":{"line":178,"column":4},"end":{"line":181,"column":5}},{"start":{},"end":{}}],"line":178}},"s":{"0":0,"1":0,"2":0,"3":0,"4":0,"5":0,"6":0,"7":0,"8":0,"9":0,"10":0,"11":0,"12":0,"13":0,"14":0,"15":0,"16":0,"17":0,"18":0,"19":0,"20":0,"21":0,"22":0,"23":0,"24":0,"25":0,"26":0,"27":0,"28":0,"29":0,"30":0,"31":0,"32":0,"33":0,"34":0,"35":0,"36":0,"37":0,"38":0,"39":0,"40":0,"41":0,"42":0,"43":0,"44":0,"45":0,"46":0,"47":0,"48":0,"49":0,"50":0,"51":0,"52":0,"53":0,"54":0,"55":0,"56":0,"57":0,"58":0,"59":0,"60":0,"61":0,"62":0,"63":0},"f":{"0":0,"1":0,"2":0,"3":0,"4":0,"5":0,"6":0,"7":0,"8":0,"9":0},"b":{"0":[0],"1":[0],"2":[0],"3":[0],"4":[0,0],"5":[0,0],"6":[0,0],"7":[0,0],"8":[0,0],"9":[0,0],"10":[0,0],"11":[0],"12":[0],"13":[0,0],"14":[0,0],"15":[0,0],"16":[0,0],"17":[0,0],"18":[0,0],"19":[0,0],"20":[0,0],"21":[0,0],"22":[0,0]}}
,"/home/khchoi/external-projects/kita-ax/src/utils/pagination.js": {"path":"/home/khchoi/external-projects/kita-ax/src/utils/pagination.js","statementMap":{"0":{"start":{"line":4,"column":18},"end":{"line":4,"column":50}},"1":{"start":{"line":5,"column":15},"end":{"line":5,"column":67}},"2":{"start":{"line":7,"column":16},"end":{"line":7,"column":28}},"3":{"start":{"line":8,"column":21},"end":{"line":8,"column":44}},"4":{"start":{"line":9,"column":21},"end":{"line":9,"column":41}},"5":{"start":{"line":10,"column":19},"end":{"line":10,"column":53}},"6":{"start":{"line":12,"column":2},"end":{"line":22,"column":4}},"7":{"start":{"line":26,"column":2},"end":{"line":41,"column":5}},"8":{"start":{"line":27,"column":4},"end":{"line":39,"column":5}},"9":{"start":{"line":28,"column":6},"end":{"line":28,"column":74}},"10":{"start":{"line":28,"column":65},"end":{"line":28,"column":74}},"11":{"start":{"line":30,"column":24},"end":{"line":30,"column":33}},"12":{"start":{"line":32,"column":6},"end":{"line":38,"column":7}},"13":{"start":{"line":33,"column":8},"end":{"line":35,"column":9}},"14":{"start":{"line":34,"column":10},"end":{"line":34,"column":23}},"15":{"start":{"line":36,"column":13},"end":{"line":38,"column":7}},"16":{"start":{"line":37,"column":8},"end":{"line":37,"column":21}},"17":{"start":{"line":40,"column":4},"end":{"line":40,"column":16}},"18":{"start":{"line":45,"column":2},"end":{"line":45,"column":51}},"19":{"start":{"line":45,"column":38},"end":{"line":45,"column":51}},"20":{"start":{"line":47,"column":21},"end":{"line":47,"column":40}},"21":{"start":{"line":48,"column":2},"end":{"line":54,"column":5}},"22":{"start":{"line":49,"column":4},"end":{"line":53,"column":7}},"23":{"start":{"line":50,"column":20},"end":{"line":50,"column":31}},"24":{"start":{"line":51,"column":6},"end":{"line":51,"column":62}},"25":{"start":{"line":51,"column":49},"end":{"line":51,"column":62}},"26":{"start":{"line":52,"column":6},"end":{"line":52,"column":62}},"27":{"start":{"line":58,"column":2},"end":{"line":58,"column":28}},"28":{"start":{"line":58,"column":15},"end":{"line":58,"column":28}},"29":{"start":{"line":60,"column":17},"end":{"line":76,"column":4}},"30":{"start":{"line":61,"column":19},"end":{"line":61,"column":28}},"31":{"start":{"line":62,"column":19},"end":{"line":62,"column":28}},"32":{"start":{"line":64,"column":4},"end":{"line":64,"column":58}},"33":{"start":{"line":64,"column":49},"end":{"line":64,"column":58}},"34":{"start":{"line":65,"column":4},"end":{"line":65,"column":59}},"35":{"start":{"line":65,"column":49},"end":{"line":65,"column":59}},"36":{"start":{"line":67,"column":4},"end":{"line":71,"column":5}},"37":{"start":{"line":68,"column":6},"end":{"line":70,"column":39}},"38":{"start":{"line":73,"column":4},"end":{"line":73,"column":61}},"39":{"start":{"line":73,"column":25},"end":{"line":73,"column":61}},"40":{"start":{"line":74,"column":4},"end":{"line":74,"column":61}},"41":{"start":{"line":74,"column":25},"end":{"line":74,"column":61}},"42":{"start":{"line":75,"column":4},"end":{"line":75,"column":13}},"43":{"start":{"line":78,"column":2},"end":{"line":78,"column":16}},"44":{"start":{"line":90,"column":6},"end":{"line":90,"column":13}},"45":{"start":{"line":92,"column":15},"end":{"line":92,"column":20}},"46":{"start":{"line":94,"column":2},"end":{"line":96,"column":3}},"47":{"start":{"line":95,"column":4},"end":{"line":95,"column":37}},"48":{"start":{"line":98,"column":2},"end":{"line":100,"column":3}},"49":{"start":{"line":99,"column":4},"end":{"line":99,"column":49}},"50":{"start":{"line":102,"column":2},"end":{"line":104,"column":3}},"51":{"start":{"line":103,"column":4},"end":{"line":103,"column":45}},"52":{"start":{"line":106,"column":2},"end":{"line":106,"column":42}},"53":{"start":{"line":109,"column":0},"end":{"line":115,"column":2}}},"fnMap":{"0":{"name":"paginate","decl":{"start":{"line":3,"column":9},"end":{"line":3,"column":17}},"loc":{"start":{"line":3,"column":50},"end":{"line":23,"column":1}},"line":3},"1":{"name":"filter","decl":{"start":{"line":25,"column":9},"end":{"line":25,"column":15}},"loc":{"start":{"line":25,"column":37},"end":{"line":42,"column":1}},"line":25},"2":{"name":"(anonymous_2)","decl":{"start":{"line":26,"column":22},"end":{"line":26,"column":23}},"loc":{"start":{"line":26,"column":30},"end":{"line":41,"column":3}},"line":26},"3":{"name":"search","decl":{"start":{"line":44,"column":9},"end":{"line":44,"column":15}},"loc":{"start":{"line":44,"column":49},"end":{"line":55,"column":1}},"line":44},"4":{"name":"(anonymous_4)","decl":{"start":{"line":48,"column":22},"end":{"line":48,"column":23}},"loc":{"start":{"line":48,"column":30},"end":{"line":54,"column":3}},"line":48},"5":{"name":"(anonymous_5)","decl":{"start":{"line":49,"column":29},"end":{"line":49,"column":30}},"loc":{"start":{"line":49,"column":38},"end":{"line":53,"column":5}},"line":49},"6":{"name":"sort","decl":{"start":{"line":57,"column":9},"end":{"line":57,"column":13}},"loc":{"start":{"line":57,"column":48},"end":{"line":79,"column":1}},"line":57},"7":{"name":"(anonymous_7)","decl":{"start":{"line":60,"column":33},"end":{"line":60,"column":34}},"loc":{"start":{"line":60,"column":43},"end":{"line":76,"column":3}},"line":60},"8":{"name":"applyFilters","decl":{"start":{"line":81,"column":9},"end":{"line":81,"column":21}},"loc":{"start":{"line":81,"column":43},"end":{"line":107,"column":1}},"line":81}},"branchMap":{"0":{"loc":{"start":{"line":3,"column":25},"end":{"line":3,"column":33}},"type":"default-arg","locations":[{"start":{"line":3,"column":32},"end":{"line":3,"column":33}}],"line":3},"1":{"loc":{"start":{"line":3,"column":35},"end":{"line":3,"column":48}},"type":"default-arg","locations":[{"start":{"line":3,"column":46},"end":{"line":3,"column":48}}],"line":3},"2":{"loc":{"start":{"line":4,"column":30},"end":{"line":4,"column":49}},"type":"binary-expr","locations":[{"start":{"line":4,"column":30},"end":{"line":4,"column":44}},{"start":{"line":4,"column":48},"end":{"line":4,"column":49}}],"line":4},"3":{"loc":{"start":{"line":5,"column":41},"end":{"line":5,"column":65}},"type":"binary-expr","locations":[{"start":{"line":5,"column":41},"end":{"line":5,"column":59}},{"start":{"line":5,"column":63},"end":{"line":5,"column":65}}],"line":5},"4":{"loc":{"start":{"line":25,"column":23},"end":{"line":25,"column":35}},"type":"default-arg","locations":[{"start":{"line":25,"column":33},"end":{"line":25,"column":35}}],"line":25},"5":{"loc":{"start":{"line":28,"column":6},"end":{"line":28,"column":74}},"type":"if","locations":[{"start":{"line":28,"column":6},"end":{"line":28,"column":74}},{"start":{},"end":{}}],"line":28},"6":{"loc":{"start":{"line":28,"column":10},"end":{"line":28,"column":63}},"type":"binary-expr","locations":[{"start":{"line":28,"column":10},"end":{"line":28,"column":29}},{"start":{"line":28,"column":33},"end":{"line":28,"column":47}},{"start":{"line":28,"column":51},"end":{"line":28,"column":63}}],"line":28},"7":{"loc":{"start":{"line":32,"column":6},"end":{"line":38,"column":7}},"type":"if","locations":[{"start":{"line":32,"column":6},"end":{"line":38,"column":7}},{"start":{"line":36,"column":13},"end":{"line":38,"column":7}}],"line":32},"8":{"loc":{"start":{"line":33,"column":8},"end":{"line":35,"column":9}},"type":"if","locations":[{"start":{"line":33,"column":8},"end":{"line":35,"column":9}},{"start":{},"end":{}}],"line":33},"9":{"loc":{"start":{"line":36,"column":13},"end":{"line":38,"column":7}},"type":"if","locations":[{"start":{"line":36,"column":13},"end":{"line":38,"column":7}},{"start":{},"end":{}}],"line":36},"10":{"loc":{"start":{"line":44,"column":30},"end":{"line":44,"column":47}},"type":"default-arg","locations":[{"start":{"line":44,"column":45},"end":{"line":44,"column":47}}],"line":44},"11":{"loc":{"start":{"line":45,"column":2},"end":{"line":45,"column":51}},"type":"if","locations":[{"start":{"line":45,"column":2},"end":{"line":45,"column":51}},{"start":{},"end":{}}],"line":45},"12":{"loc":{"start":{"line":45,"column":6},"end":{"line":45,"column":36}},"type":"binary-expr","locations":[{"start":{"line":45,"column":6},"end":{"line":45,"column":12}},{"start":{"line":45,"column":16},"end":{"line":45,"column":36}}],"line":45},"13":{"loc":{"start":{"line":51,"column":6},"end":{"line":51,"column":62}},"type":"if","locations":[{"start":{"line":51,"column":6},"end":{"line":51,"column":62}},{"start":{},"end":{}}],"line":51},"14":{"loc":{"start":{"line":51,"column":10},"end":{"line":51,"column":47}},"type":"binary-expr","locations":[{"start":{"line":51,"column":10},"end":{"line":51,"column":24}},{"start":{"line":51,"column":28},"end":{"line":51,"column":47}}],"line":51},"15":{"loc":{"start":{"line":57,"column":29},"end":{"line":57,"column":46}},"type":"default-arg","locations":[{"start":{"line":57,"column":41},"end":{"line":57,"column":46}}],"line":57},"16":{"loc":{"start":{"line":58,"column":2},"end":{"line":58,"column":28}},"type":"if","locations":[{"start":{"line":58,"column":2},"end":{"line":58,"column":28}},{"start":{},"end":{}}],"line":58},"17":{"loc":{"start":{"line":64,"column":4},"end":{"line":64,"column":58}},"type":"if","locations":[{"start":{"line":64,"column":4},"end":{"line":64,"column":58}},{"start":{},"end":{}}],"line":64},"18":{"loc":{"start":{"line":64,"column":8},"end":{"line":64,"column":47}},"type":"binary-expr","locations":[{"start":{"line":64,"column":8},"end":{"line":64,"column":23}},{"start":{"line":64,"column":27},"end":{"line":64,"column":47}}],"line":64},"19":{"loc":{"start":{"line":65,"column":4},"end":{"line":65,"column":59}},"type":"if","locations":[{"start":{"line":65,"column":4},"end":{"line":65,"column":59}},{"start":{},"end":{}}],"line":65},"20":{"loc":{"start":{"line":65,"column":8},"end":{"line":65,"column":47}},"type":"binary-expr","locations":[{"start":{"line":65,"column":8},"end":{"line":65,"column":23}},{"start":{"line":65,"column":27},"end":{"line":65,"column":47}}],"line":65},"21":{"loc":{"start":{"line":67,"column":4},"end":{"line":71,"column":5}},"type":"if","locations":[{"start":{"line":67,"column":4},"end":{"line":71,"column":5}},{"start":{},"end":{}}],"line":67},"22":{"loc":{"start":{"line":68,"column":13},"end":{"line":70,"column":38}},"type":"cond-expr","locations":[{"start":{"line":69,"column":10},"end":{"line":69,"column":38}},{"start":{"line":70,"column":10},"end":{"line":70,"column":38}}],"line":68},"23":{"loc":{"start":{"line":73,"column":4},"end":{"line":73,"column":61}},"type":"if","locations":[{"start":{"line":73,"column":4},"end":{"line":73,"column":61}},{"start":{},"end":{}}],"line":73},"24":{"loc":{"start":{"line":73,"column":32},"end":{"line":73,"column":60}},"type":"cond-expr","locations":[{"start":{"line":73,"column":54},"end":{"line":73,"column":56}},{"start":{"line":73,"column":59},"end":{"line":73,"column":60}}],"line":73},"25":{"loc":{"start":{"line":74,"column":4},"end":{"line":74,"column":61}},"type":"if","locations":[{"start":{"line":74,"column":4},"end":{"line":74,"column":61}},{"start":{},"end":{}}],"line":74},"26":{"loc":{"start":{"line":74,"column":32},"end":{"line":74,"column":60}},"type":"cond-expr","locations":[{"start":{"line":74,"column":54},"end":{"line":74,"column":55}},{"start":{"line":74,"column":58},"end":{"line":74,"column":60}}],"line":74},"27":{"loc":{"start":{"line":81,"column":29},"end":{"line":81,"column":41}},"type":"default-arg","locations":[{"start":{"line":81,"column":39},"end":{"line":81,"column":41}}],"line":81},"28":{"loc":{"start":{"line":83,"column":4},"end":{"line":83,"column":16}},"type":"default-arg","locations":[{"start":{"line":83,"column":14},"end":{"line":83,"column":16}}],"line":83},"29":{"loc":{"start":{"line":84,"column":4},"end":{"line":84,"column":14}},"type":"default-arg","locations":[{"start":{"line":84,"column":12},"end":{"line":84,"column":14}}],"line":84},"30":{"loc":{"start":{"line":85,"column":4},"end":{"line":85,"column":21}},"type":"default-arg","locations":[{"start":{"line":85,"column":19},"end":{"line":85,"column":21}}],"line":85},"31":{"loc":{"start":{"line":86,"column":4},"end":{"line":86,"column":15}},"type":"default-arg","locations":[{"start":{"line":86,"column":13},"end":{"line":86,"column":15}}],"line":86},"32":{"loc":{"start":{"line":87,"column":4},"end":{"line":87,"column":21}},"type":"default-arg","locations":[{"start":{"line":87,"column":16},"end":{"line":87,"column":21}}],"line":87},"33":{"loc":{"start":{"line":88,"column":4},"end":{"line":88,"column":12}},"type":"default-arg","locations":[{"start":{"line":88,"column":11},"end":{"line":88,"column":12}}],"line":88},"34":{"loc":{"start":{"line":89,"column":4},"end":{"line":89,"column":17}},"type":"default-arg","locations":[{"start":{"line":89,"column":15},"end":{"line":89,"column":17}}],"line":89},"35":{"loc":{"start":{"line":94,"column":2},"end":{"line":96,"column":3}},"type":"if","locations":[{"start":{"line":94,"column":2},"end":{"line":96,"column":3}},{"start":{},"end":{}}],"line":94},"36":{"loc":{"start":{"line":98,"column":2},"end":{"line":100,"column":3}},"type":"if","locations":[{"start":{"line":98,"column":2},"end":{"line":100,"column":3}},{"start":{},"end":{}}],"line":98},"37":{"loc":{"start":{"line":98,"column":6},"end":{"line":98,"column":38}},"type":"binary-expr","locations":[{"start":{"line":98,"column":6},"end":{"line":98,"column":11}},{"start":{"line":98,"column":15},"end":{"line":98,"column":38}}],"line":98},"38":{"loc":{"start":{"line":102,"column":2},"end":{"line":104,"column":3}},"type":"if","locations":[{"start":{"line":102,"column":2},"end":{"line":104,"column":3}},{"start":{},"end":{}}],"line":102}},"s":{"0":7,"1":7,"2":7,"3":7,"4":7,"5":7,"6":7,"7":6,"8":30,"9":27,"10":0,"11":27,"12":27,"13":27,"14":17,"15":0,"16":0,"17":13,"18":5,"19":1,"20":4,"21":4,"22":17,"23":22,"24":22,"25":0,"26":22,"27":5,"28":1,"29":4,"30":13,"31":13,"32":13,"33":0,"34":13,"35":0,"36":13,"37":9,"38":4,"39":0,"40":4,"41":4,"42":0,"43":4,"44":3,"45":3,"46":3,"47":3,"48":3,"49":1,"50":3,"51":1,"52":3,"53":2},"f":{"0":7,"1":6,"2":30,"3":5,"4":17,"5":22,"6":5,"7":13,"8":3},"b":{"0":[0],"1":[0],"2":[7,1],"3":[7,0],"4":[0],"5":[0,27],"6":[27,27,27],"7":[27,0],"8":[17,10],"9":[0,0],"10":[0],"11":[1,4],"12":[5,4],"13":[0,22],"14":[22,22],"15":[0],"16":[1,4],"17":[0,13],"18":[13,13],"19":[0,13],"20":[13,13],"21":[9,4],"22":[5,4],"23":[0,4],"24":[0,0],"25":[4,0],"26":[4,0],"27":[0],"28":[0],"29":[2],"30":[2],"31":[2],"32":[2],"33":[0],"34":[0],"35":[3,0],"36":[1,2],"37":[3,1],"38":[1,2]},"_coverageSchema":"1a1c01bbd47fc00a2c39e90264f33305004495a9","hash":"2b339f714b15482036adfe0713902ebbd8b32cc3"}
}
