TN:
SF:src/config/database.js
FN:78,testConnection
FN:90,syncDatabase
FN:102,closeConnection
FNF:3
FNH:0
FNDA:0,testConnection
FNDA:0,syncDatabase
FNDA:0,closeConnection
DA:6,0
DA:9,0
DA:66,0
DA:67,0
DA:70,0
DA:79,0
DA:80,0
DA:81,0
DA:82,0
DA:84,0
DA:85,0
DA:91,0
DA:92,0
DA:93,0
DA:94,0
DA:96,0
DA:97,0
DA:103,0
DA:104,0
DA:105,0
DA:107,0
DA:111,0
LF:22
LH:0
BRDA:11,0,0,0
BRDA:11,0,1,0
BRDA:12,1,0,0
BRDA:12,1,1,0
BRDA:13,2,0,0
BRDA:13,2,1,0
BRDA:14,3,0,0
BRDA:14,3,1,0
BRDA:15,4,0,0
BRDA:15,4,1,0
BRDA:17,5,0,0
BRDA:17,5,1,0
BRDA:30,6,0,0
BRDA:30,6,1,0
BRDA:31,7,0,0
BRDA:31,7,1,0
BRDA:32,8,0,0
BRDA:32,8,1,0
BRDA:33,9,0,0
BRDA:33,9,1,0
BRDA:34,10,0,0
BRDA:34,10,1,0
BRDA:49,11,0,0
BRDA:49,11,1,0
BRDA:62,12,0,0
BRDA:62,12,1,0
BRDA:66,13,0,0
BRDA:66,13,1,0
BRDA:90,14,0,0
BRF:29
BRH:0
end_of_record
TN:
SF:src/config/session.js
FN:29,(anonymous_0)
FN:33,(anonymous_1)
FNF:2
FNH:0
FNDA:0,(anonymous_0)
FNDA:0,(anonymous_1)
DA:1,1
DA:2,1
DA:3,1
DA:6,1
DA:21,1
DA:22,0
DA:29,0
DA:33,0
DA:34,0
DA:37,0
DA:40,1
LF:11
LH:6
BRDA:7,0,0,1
BRDA:7,0,1,0
BRDA:15,1,0,1
BRDA:15,1,1,0
BRDA:21,2,0,0
BRDA:21,2,1,1
BRDA:21,3,0,1
BRDA:21,3,1,1
BRDA:21,3,2,1
BRDA:23,4,0,0
BRDA:23,4,1,0
BRDA:24,5,0,0
BRDA:24,5,1,0
BRDA:26,6,0,0
BRDA:26,6,1,0
BRF:15
BRH:6
end_of_record
TN:
SF:src/middleware/auth.js
FN:5,requireAuth
FN:31,requireAdmin
FN:47,optionalAuth
FNF:3
FNH:1
FNDA:2,requireAuth
FNDA:0,requireAdmin
FNDA:0,optionalAuth
DA:6,2
DA:8,2
DA:10,0
DA:17,2
DA:21,0
DA:28,0
DA:32,0
DA:33,0
DA:35,0
DA:41,0
DA:44,0
DA:48,0
DA:49,0
DA:57,0
DA:60,1
LF:15
LH:4
BRDA:6,0,0,2
BRDA:6,0,1,0
BRDA:6,1,0,2
BRDA:6,1,1,2
BRDA:8,2,0,0
BRDA:8,2,1,2
BRDA:8,3,0,2
BRDA:8,3,1,2
BRDA:32,4,0,0
BRDA:32,4,1,0
BRDA:32,5,0,0
BRDA:32,5,1,0
BRDA:33,6,0,0
BRDA:33,6,1,0
BRDA:33,7,0,0
BRDA:33,7,1,0
BRDA:48,8,0,0
BRDA:48,8,1,0
BRDA:48,9,0,0
BRDA:48,9,1,0
BRF:20
BRH:6
end_of_record
TN:
SF:src/middleware/security.js
FNF:0
FNH:0
DA:6,1
DA:7,1
DA:8,1
DA:9,1
DA:10,1
DA:13,1
DA:23,1
DA:49,1
DA:58,1
DA:66,1
DA:68,1
LF:11
LH:11
BRDA:14,0,0,1
BRDA:14,0,1,0
BRDA:50,1,0,1
BRDA:50,1,1,0
BRDA:51,2,0,1
BRDA:51,2,1,0
BRF:6
BRH:3
end_of_record
TN:
SF:src/middleware/validation.js
FN:4,validateRequest
FN:5,(anonymous_1)
FN:21,validateQuery
FN:22,(anonymous_3)
FN:33,validatePagination
FNF:5
FNH:1
FNDA:8,validateRequest
FNDA:0,(anonymous_1)
FNDA:0,validateQuery
FNDA:0,(anonymous_3)
FNDA:0,validatePagination
DA:1,1
DA:2,1
DA:5,8
DA:6,0
DA:7,0
DA:10,0
DA:11,0
DA:13,0
DA:14,0
DA:17,0
DA:22,0
DA:23,0
DA:25,0
DA:26,0
DA:29,0
DA:34,0
DA:35,0
DA:37,0
DA:38,0
DA:39,0
DA:40,0
DA:44,0
DA:45,0
DA:46,0
DA:47,0
DA:51,0
DA:52,0
DA:55,0
DA:58,1
LF:29
LH:4
BRDA:6,0,0,0
BRDA:6,0,1,0
BRDA:13,1,0,0
BRDA:13,1,1,0
BRDA:25,2,0,0
BRDA:25,2,1,0
BRDA:37,3,0,0
BRDA:37,3,1,0
BRDA:39,4,0,0
BRDA:39,4,1,0
BRDA:39,5,0,0
BRDA:39,5,1,0
BRDA:44,6,0,0
BRDA:44,6,1,0
BRDA:46,7,0,0
BRDA:46,7,1,0
BRDA:46,8,0,0
BRDA:46,8,1,0
BRDA:46,8,2,0
BRDA:51,9,0,0
BRDA:51,9,1,0
BRF:21
BRH:0
end_of_record
TN:
SF:src/models/index.js
FNF:0
FNH:0
DA:6,0
DA:7,0
DA:10,0
DA:63,0
DA:118,0
DA:158,0
DA:206,0
DA:250,0
DA:305,0
DA:355,0
DA:356,0
DA:359,0
DA:360,0
DA:362,0
LF:14
LH:0
BRF:0
BRH:0
end_of_record
TN:
SF:src/models/mockData.js
FNF:0
FNH:0
DA:4,1
DA:43,1
DA:82,1
DA:103,1
DA:127,1
DA:151,1
DA:208,1
DA:235,1
DA:252,1
DA:279,1
LF:10
LH:10
BRF:0
BRH:0
end_of_record
TN:
SF:src/routes/admin.js
FN:10,(anonymous_0)
FN:13,(anonymous_1)
FN:16,(anonymous_2)
FN:33,(anonymous_3)
FN:44,(anonymous_4)
FN:55,(anonymous_5)
FN:68,(anonymous_6)
FN:79,(anonymous_7)
FN:89,(anonymous_8)
FNF:9
FNH:0
FNDA:0,(anonymous_0)
FNDA:0,(anonymous_1)
FNDA:0,(anonymous_2)
FNDA:0,(anonymous_3)
FNDA:0,(anonymous_4)
FNDA:0,(anonymous_5)
FNDA:0,(anonymous_6)
FNDA:0,(anonymous_7)
FNDA:0,(anonymous_8)
DA:1,1
DA:2,1
DA:3,1
DA:4,1
DA:7,1
DA:10,1
DA:11,0
DA:13,0
DA:16,0
DA:23,0
DA:33,1
DA:34,0
DA:44,1
DA:45,0
DA:55,1
DA:56,0
DA:68,1
DA:69,0
DA:79,1
DA:80,0
DA:89,1
DA:90,0
DA:101,1
LF:23
LH:13
BRDA:28,0,0,0
BRDA:28,0,1,0
BRDA:39,1,0,0
BRDA:39,1,1,0
BRDA:50,2,0,0
BRDA:50,2,1,0
BRDA:63,3,0,0
BRDA:63,3,1,0
BRDA:74,4,0,0
BRDA:74,4,1,0
BRDA:84,5,0,0
BRDA:84,5,1,0
BRDA:97,6,0,0
BRDA:97,6,1,0
BRF:14
BRH:0
end_of_record
TN:
SF:src/routes/api-v1.js
FN:15,(anonymous_0)
FN:36,(anonymous_1)
FN:37,(anonymous_2)
FN:44,(anonymous_3)
FN:61,(anonymous_4)
FN:62,(anonymous_5)
FN:75,(anonymous_6)
FN:76,(anonymous_7)
FN:87,(anonymous_8)
FN:108,(anonymous_9)
FN:109,(anonymous_10)
FN:116,(anonymous_11)
FN:133,(anonymous_12)
FN:134,(anonymous_13)
FN:147,(anonymous_14)
FN:148,(anonymous_15)
FN:159,(anonymous_16)
FN:172,(anonymous_17)
FN:173,(anonymous_18)
FN:180,(anonymous_19)
FN:196,(anonymous_20)
FN:210,(anonymous_21)
FN:211,(anonymous_22)
FN:218,(anonymous_23)
FN:235,(anonymous_24)
FN:249,(anonymous_25)
FN:250,(anonymous_26)
FN:257,(anonymous_27)
FN:274,(anonymous_28)
FN:297,(anonymous_29)
FN:311,(anonymous_30)
FN:312,(anonymous_31)
FN:319,(anonymous_32)
FN:337,(anonymous_33)
FN:343,(anonymous_34)
FN:359,(anonymous_35)
FN:362,(anonymous_36)
FN:368,(anonymous_37)
FN:369,(anonymous_38)
FN:380,(anonymous_39)
FNF:40
FNH:0
FNDA:0,(anonymous_0)
FNDA:0,(anonymous_1)
FNDA:0,(anonymous_2)
FNDA:0,(anonymous_3)
FNDA:0,(anonymous_4)
FNDA:0,(anonymous_5)
FNDA:0,(anonymous_6)
FNDA:0,(anonymous_7)
FNDA:0,(anonymous_8)
FNDA:0,(anonymous_9)
FNDA:0,(anonymous_10)
FNDA:0,(anonymous_11)
FNDA:0,(anonymous_12)
FNDA:0,(anonymous_13)
FNDA:0,(anonymous_14)
FNDA:0,(anonymous_15)
FNDA:0,(anonymous_16)
FNDA:0,(anonymous_17)
FNDA:0,(anonymous_18)
FNDA:0,(anonymous_19)
FNDA:0,(anonymous_20)
FNDA:0,(anonymous_21)
FNDA:0,(anonymous_22)
FNDA:0,(anonymous_23)
FNDA:0,(anonymous_24)
FNDA:0,(anonymous_25)
FNDA:0,(anonymous_26)
FNDA:0,(anonymous_27)
FNDA:0,(anonymous_28)
FNDA:0,(anonymous_29)
FNDA:0,(anonymous_30)
FNDA:0,(anonymous_31)
FNDA:0,(anonymous_32)
FNDA:0,(anonymous_33)
FNDA:0,(anonymous_34)
FNDA:0,(anonymous_35)
FNDA:0,(anonymous_36)
FNDA:0,(anonymous_37)
FNDA:0,(anonymous_38)
FNDA:0,(anonymous_39)
DA:1,1
DA:2,1
DA:3,1
DA:4,1
DA:5,1
DA:6,1
DA:7,1
DA:10,1
DA:11,1
DA:15,1
DA:16,0
DA:18,0
DA:28,0
DA:36,1
DA:37,0
DA:38,0
DA:39,0
DA:41,0
DA:44,1
DA:45,0
DA:47,0
DA:57,0
DA:58,0
DA:61,1
DA:62,0
DA:63,0
DA:64,0
DA:67,0
DA:68,0
DA:69,0
DA:70,0
DA:72,0
DA:75,1
DA:76,0
DA:77,0
DA:78,0
DA:81,0
DA:82,0
DA:87,1
DA:88,0
DA:90,0
DA:100,0
DA:108,1
DA:109,0
DA:110,0
DA:111,0
DA:113,0
DA:116,1
DA:117,0
DA:119,0
DA:129,0
DA:130,0
DA:133,1
DA:134,0
DA:135,0
DA:136,0
DA:139,0
DA:140,0
DA:141,0
DA:142,0
DA:144,0
DA:147,1
DA:148,0
DA:149,0
DA:150,0
DA:153,0
DA:154,0
DA:159,1
DA:160,0
DA:162,0
DA:169,0
DA:172,1
DA:173,0
DA:174,0
DA:175,0
DA:177,0
DA:180,1
DA:181,0
DA:183,0
DA:190,0
DA:191,0
DA:196,1
DA:197,0
DA:199,0
DA:207,0
DA:210,1
DA:211,0
DA:212,0
DA:213,0
DA:215,0
DA:218,1
DA:219,0
DA:221,0
DA:229,0
DA:230,0
DA:235,1
DA:236,0
DA:238,0
DA:246,0
DA:249,1
DA:250,0
DA:251,0
DA:252,0
DA:254,0
DA:257,1
DA:258,0
DA:260,0
DA:268,0
DA:269,0
DA:274,1
DA:275,0
DA:277,0
DA:287,0
DA:297,1
DA:298,0
DA:300,0
DA:308,0
DA:311,1
DA:312,0
DA:313,0
DA:314,0
DA:316,0
DA:319,1
DA:320,0
DA:322,0
DA:331,0
DA:332,0
DA:337,1
DA:338,0
DA:343,1
DA:344,0
DA:346,0
DA:354,0
DA:359,1
DA:360,0
DA:362,0
DA:368,1
DA:369,0
DA:375,0
DA:380,1
DA:381,0
DA:384,1
LF:142
LH:38
BRDA:22,0,0,0
BRDA:22,0,1,0
BRDA:23,1,0,0
BRDA:23,1,1,0
BRDA:24,2,0,0
BRDA:24,2,1,0
BRDA:25,3,0,0
BRDA:25,3,1,0
BRDA:38,4,0,0
BRDA:38,4,1,0
BRDA:63,5,0,0
BRDA:63,5,1,0
BRDA:68,6,0,0
BRDA:68,6,1,0
BRDA:69,7,0,0
BRDA:69,7,1,0
BRDA:70,8,0,0
BRDA:70,8,1,0
BRDA:77,9,0,0
BRDA:77,9,1,0
BRDA:94,10,0,0
BRDA:94,10,1,0
BRDA:95,11,0,0
BRDA:95,11,1,0
BRDA:96,12,0,0
BRDA:96,12,1,0
BRDA:97,13,0,0
BRDA:97,13,1,0
BRDA:110,14,0,0
BRDA:110,14,1,0
BRDA:135,15,0,0
BRDA:135,15,1,0
BRDA:140,16,0,0
BRDA:140,16,1,0
BRDA:141,17,0,0
BRDA:141,17,1,0
BRDA:142,18,0,0
BRDA:142,18,1,0
BRDA:149,19,0,0
BRDA:149,19,1,0
BRDA:163,20,0,0
BRDA:163,20,1,0
BRDA:164,21,0,0
BRDA:164,21,1,0
BRDA:174,22,0,0
BRDA:174,22,1,0
BRDA:201,23,0,0
BRDA:201,23,1,0
BRDA:202,24,0,0
BRDA:202,24,1,0
BRDA:212,25,0,0
BRDA:212,25,1,0
BRDA:240,26,0,0
BRDA:240,26,1,0
BRDA:241,27,0,0
BRDA:241,27,1,0
BRDA:251,28,0,0
BRDA:251,28,1,0
BRDA:281,29,0,0
BRDA:281,29,1,0
BRDA:282,30,0,0
BRDA:282,30,1,0
BRDA:283,31,0,0
BRDA:283,31,1,0
BRDA:284,32,0,0
BRDA:284,32,1,0
BRDA:302,33,0,0
BRDA:302,33,1,0
BRDA:303,34,0,0
BRDA:303,34,1,0
BRDA:313,35,0,0
BRDA:313,35,1,0
BRDA:348,36,0,0
BRDA:348,36,1,0
BRDA:349,37,0,0
BRDA:349,37,1,0
BRF:76
BRH:0
end_of_record
TN:
SF:src/routes/api.js
FN:13,(anonymous_0)
FN:33,(anonymous_1)
FN:34,(anonymous_2)
FN:41,(anonymous_3)
FN:61,(anonymous_4)
FN:62,(anonymous_5)
FN:75,(anonymous_6)
FN:76,(anonymous_7)
FN:87,(anonymous_8)
FN:107,(anonymous_9)
FN:108,(anonymous_10)
FN:115,(anonymous_11)
FN:135,(anonymous_12)
FN:136,(anonymous_13)
FN:149,(anonymous_14)
FN:150,(anonymous_15)
FN:161,(anonymous_16)
FN:177,(anonymous_17)
FN:178,(anonymous_18)
FN:185,(anonymous_19)
FN:204,(anonymous_20)
FN:221,(anonymous_21)
FN:222,(anonymous_22)
FN:229,(anonymous_23)
FN:249,(anonymous_24)
FN:266,(anonymous_25)
FN:267,(anonymous_26)
FN:274,(anonymous_27)
FN:294,(anonymous_28)
FN:316,(anonymous_29)
FN:333,(anonymous_30)
FN:334,(anonymous_31)
FN:341,(anonymous_32)
FN:362,(anonymous_33)
FN:371,(anonymous_34)
FN:390,(anonymous_35)
FN:395,(anonymous_36)
FN:402,(anonymous_37)
FN:403,(anonymous_38)
FN:417,(anonymous_39)
FNF:40
FNH:0
FNDA:0,(anonymous_0)
FNDA:0,(anonymous_1)
FNDA:0,(anonymous_2)
FNDA:0,(anonymous_3)
FNDA:0,(anonymous_4)
FNDA:0,(anonymous_5)
FNDA:0,(anonymous_6)
FNDA:0,(anonymous_7)
FNDA:0,(anonymous_8)
FNDA:0,(anonymous_9)
FNDA:0,(anonymous_10)
FNDA:0,(anonymous_11)
FNDA:0,(anonymous_12)
FNDA:0,(anonymous_13)
FNDA:0,(anonymous_14)
FNDA:0,(anonymous_15)
FNDA:0,(anonymous_16)
FNDA:0,(anonymous_17)
FNDA:0,(anonymous_18)
FNDA:0,(anonymous_19)
FNDA:0,(anonymous_20)
FNDA:0,(anonymous_21)
FNDA:0,(anonymous_22)
FNDA:0,(anonymous_23)
FNDA:0,(anonymous_24)
FNDA:0,(anonymous_25)
FNDA:0,(anonymous_26)
FNDA:0,(anonymous_27)
FNDA:0,(anonymous_28)
FNDA:0,(anonymous_29)
FNDA:0,(anonymous_30)
FNDA:0,(anonymous_31)
FNDA:0,(anonymous_32)
FNDA:0,(anonymous_33)
FNDA:0,(anonymous_34)
FNDA:0,(anonymous_35)
FNDA:0,(anonymous_36)
FNDA:0,(anonymous_37)
FNDA:0,(anonymous_38)
FNDA:0,(anonymous_39)
DA:1,0
DA:2,0
DA:3,0
DA:4,0
DA:5,0
DA:8,0
DA:9,0
DA:13,0
DA:14,0
DA:16,0
DA:26,0
DA:33,0
DA:34,0
DA:35,0
DA:36,0
DA:38,0
DA:41,0
DA:42,0
DA:43,0
DA:44,0
DA:47,0
DA:57,0
DA:58,0
DA:61,0
DA:62,0
DA:63,0
DA:64,0
DA:67,0
DA:68,0
DA:69,0
DA:70,0
DA:72,0
DA:75,0
DA:76,0
DA:77,0
DA:78,0
DA:81,0
DA:82,0
DA:87,0
DA:88,0
DA:90,0
DA:100,0
DA:107,0
DA:108,0
DA:109,0
DA:110,0
DA:112,0
DA:115,0
DA:116,0
DA:117,0
DA:118,0
DA:121,0
DA:131,0
DA:132,0
DA:135,0
DA:136,0
DA:137,0
DA:138,0
DA:141,0
DA:142,0
DA:143,0
DA:144,0
DA:146,0
DA:149,0
DA:150,0
DA:151,0
DA:152,0
DA:155,0
DA:156,0
DA:161,0
DA:162,0
DA:164,0
DA:171,0
DA:177,0
DA:178,0
DA:179,0
DA:180,0
DA:182,0
DA:185,0
DA:186,0
DA:187,0
DA:188,0
DA:191,0
DA:198,0
DA:199,0
DA:204,0
DA:205,0
DA:207,0
DA:215,0
DA:221,0
DA:222,0
DA:223,0
DA:224,0
DA:226,0
DA:229,0
DA:230,0
DA:231,0
DA:232,0
DA:235,0
DA:243,0
DA:244,0
DA:249,0
DA:250,0
DA:252,0
DA:260,0
DA:266,0
DA:267,0
DA:268,0
DA:269,0
DA:271,0
DA:274,0
DA:275,0
DA:276,0
DA:277,0
DA:280,0
DA:288,0
DA:289,0
DA:294,0
DA:295,0
DA:297,0
DA:307,0
DA:316,0
DA:317,0
DA:319,0
DA:327,0
DA:333,0
DA:334,0
DA:335,0
DA:336,0
DA:338,0
DA:341,0
DA:342,0
DA:343,0
DA:344,0
DA:347,0
DA:356,0
DA:357,0
DA:362,0
DA:363,0
DA:371,0
DA:372,0
DA:374,0
DA:382,0
DA:390,0
DA:391,0
DA:395,0
DA:402,0
DA:403,0
DA:409,0
DA:417,0
DA:418,0
DA:425,0
LF:152
LH:0
BRDA:20,0,0,0
BRDA:20,0,1,0
BRDA:21,1,0,0
BRDA:21,1,1,0
BRDA:22,2,0,0
BRDA:22,2,1,0
BRDA:23,3,0,0
BRDA:23,3,1,0
BRDA:35,4,0,0
BRDA:35,4,1,0
BRDA:43,5,0,0
BRDA:43,5,1,0
BRDA:43,6,0,0
BRDA:43,6,1,0
BRDA:63,7,0,0
BRDA:63,7,1,0
BRDA:68,8,0,0
BRDA:68,8,1,0
BRDA:69,9,0,0
BRDA:69,9,1,0
BRDA:70,10,0,0
BRDA:70,10,1,0
BRDA:77,11,0,0
BRDA:77,11,1,0
BRDA:94,12,0,0
BRDA:94,12,1,0
BRDA:95,13,0,0
BRDA:95,13,1,0
BRDA:96,14,0,0
BRDA:96,14,1,0
BRDA:97,15,0,0
BRDA:97,15,1,0
BRDA:109,16,0,0
BRDA:109,16,1,0
BRDA:117,17,0,0
BRDA:117,17,1,0
BRDA:117,18,0,0
BRDA:117,18,1,0
BRDA:117,18,2,0
BRDA:137,19,0,0
BRDA:137,19,1,0
BRDA:142,20,0,0
BRDA:142,20,1,0
BRDA:143,21,0,0
BRDA:143,21,1,0
BRDA:144,22,0,0
BRDA:144,22,1,0
BRDA:151,23,0,0
BRDA:151,23,1,0
BRDA:165,24,0,0
BRDA:165,24,1,0
BRDA:166,25,0,0
BRDA:166,25,1,0
BRDA:179,26,0,0
BRDA:179,26,1,0
BRDA:187,27,0,0
BRDA:187,27,1,0
BRDA:187,28,0,0
BRDA:187,28,1,0
BRDA:187,28,2,0
BRDA:209,29,0,0
BRDA:209,29,1,0
BRDA:210,30,0,0
BRDA:210,30,1,0
BRDA:223,31,0,0
BRDA:223,31,1,0
BRDA:231,32,0,0
BRDA:231,32,1,0
BRDA:231,33,0,0
BRDA:231,33,1,0
BRDA:231,33,2,0
BRDA:231,33,3,0
BRDA:254,34,0,0
BRDA:254,34,1,0
BRDA:255,35,0,0
BRDA:255,35,1,0
BRDA:268,36,0,0
BRDA:268,36,1,0
BRDA:276,37,0,0
BRDA:276,37,1,0
BRDA:276,38,0,0
BRDA:276,38,1,0
BRDA:276,38,2,0
BRDA:301,39,0,0
BRDA:301,39,1,0
BRDA:302,40,0,0
BRDA:302,40,1,0
BRDA:303,41,0,0
BRDA:303,41,1,0
BRDA:304,42,0,0
BRDA:304,42,1,0
BRDA:321,43,0,0
BRDA:321,43,1,0
BRDA:322,44,0,0
BRDA:322,44,1,0
BRDA:335,45,0,0
BRDA:335,45,1,0
BRDA:343,46,0,0
BRDA:343,46,1,0
BRDA:343,47,0,0
BRDA:343,47,1,0
BRDA:376,48,0,0
BRDA:376,48,1,0
BRDA:377,49,0,0
BRDA:377,49,1,0
BRF:105
BRH:0
end_of_record
TN:
SF:src/routes/auth.js
FN:23,(anonymous_0)
FN:31,(anonymous_1)
FN:68,(anonymous_2)
FN:100,(anonymous_3)
FN:101,(anonymous_4)
FN:124,(anonymous_5)
FNF:6
FNH:0
FNDA:0,(anonymous_0)
FNDA:0,(anonymous_1)
FNDA:0,(anonymous_2)
FNDA:0,(anonymous_3)
FNDA:0,(anonymous_4)
FNDA:0,(anonymous_5)
DA:5,1
DA:6,1
DA:7,1
DA:10,1
DA:23,1
DA:24,0
DA:31,1
DA:32,0
DA:33,0
DA:36,0
DA:37,0
DA:44,0
DA:46,0
DA:47,0
DA:54,0
DA:55,0
DA:62,0
DA:63,0
DA:64,0
DA:65,0
DA:66,0
DA:68,0
DA:69,0
DA:70,0
DA:71,0
DA:78,0
DA:79,0
DA:86,0
DA:87,0
DA:91,0
DA:92,0
DA:100,1
DA:101,0
DA:102,0
DA:103,0
DA:104,0
DA:110,0
DA:112,0
DA:113,0
DA:118,0
DA:124,1
DA:125,0
DA:133,1
LF:43
LH:9
BRDA:26,0,0,0
BRDA:26,0,1,0
BRDA:36,1,0,0
BRDA:36,1,1,0
BRDA:36,2,0,0
BRDA:36,2,1,0
BRDA:46,3,0,0
BRDA:46,3,1,0
BRDA:46,4,0,0
BRDA:46,4,1,0
BRDA:54,5,0,0
BRDA:54,5,1,0
BRDA:69,6,0,0
BRDA:69,6,1,0
BRDA:78,7,0,0
BRDA:78,7,1,0
BRDA:86,8,0,0
BRDA:86,8,1,0
BRDA:102,9,0,0
BRDA:102,9,1,0
BRDA:112,10,0,0
BRDA:112,10,1,0
BRF:22
BRH:0
end_of_record
TN:
SF:src/schemas/serializers.js
FN:4,(anonymous_0)
FN:14,(anonymous_1)
FN:24,(anonymous_2)
FN:31,(anonymous_3)
FN:39,(anonymous_4)
FN:47,(anonymous_5)
FN:57,(anonymous_6)
FN:66,(anonymous_7)
FN:74,(anonymous_8)
FN:83,(anonymous_9)
FN:95,(anonymous_10)
FN:101,(anonymous_11)
FN:110,(anonymous_12)
FNF:13
FNH:0
FNDA:0,(anonymous_0)
FNDA:0,(anonymous_1)
FNDA:0,(anonymous_2)
FNDA:0,(anonymous_3)
FNDA:0,(anonymous_4)
FNDA:0,(anonymous_5)
FNDA:0,(anonymous_6)
FNDA:0,(anonymous_7)
FNDA:0,(anonymous_8)
FNDA:0,(anonymous_9)
FNDA:0,(anonymous_10)
FNDA:0,(anonymous_11)
FNDA:0,(anonymous_12)
DA:3,1
DA:4,0
DA:14,0
DA:24,0
DA:31,0
DA:39,0
DA:47,0
DA:57,0
DA:66,0
DA:74,0
DA:83,0
DA:95,0
DA:101,0
DA:110,0
DA:121,1
LF:15
LH:2
BRDA:84,0,0,0
BRDA:84,0,1,0
BRDA:95,1,0,0
BRDA:97,2,0,0
BRDA:97,2,1,0
BRDA:97,3,0,0
BRDA:97,3,1,0
BRDA:101,4,0,0
BRDA:104,5,0,0
BRDA:104,5,1,0
BRF:10
BRH:0
end_of_record
TN:
SF:src/schemas/validation.js
FN:74,validate
FNF:1
FNH:0
FNDA:0,validate
DA:3,1
DA:75,0
DA:77,0
DA:78,0
DA:80,0
DA:81,0
DA:82,0
DA:85,0
DA:87,0
DA:88,0
DA:89,0
DA:92,0
DA:93,0
DA:94,0
DA:97,0
DA:98,0
DA:99,0
DA:102,0
DA:103,0
DA:106,0
DA:107,0
DA:110,0
DA:111,0
DA:114,0
DA:115,0
DA:118,0
DA:119,0
DA:122,0
DA:123,0
DA:126,0
DA:127,0
DA:131,0
DA:137,1
LF:33
LH:2
BRDA:80,0,0,0
BRDA:80,0,1,0
BRDA:80,1,0,0
BRDA:80,1,1,0
BRDA:80,1,2,0
BRDA:80,1,3,0
BRDA:85,2,0,0
BRDA:85,2,1,0
BRDA:85,3,0,0
BRDA:85,3,1,0
BRDA:87,4,0,0
BRDA:87,4,1,0
BRDA:87,5,0,0
BRDA:87,5,1,0
BRDA:92,6,0,0
BRDA:92,6,1,0
BRDA:92,7,0,0
BRDA:92,7,1,0
BRDA:97,8,0,0
BRDA:97,8,1,0
BRDA:97,9,0,0
BRDA:97,9,1,0
BRDA:102,10,0,0
BRDA:102,10,1,0
BRDA:102,11,0,0
BRDA:102,11,1,0
BRDA:106,12,0,0
BRDA:106,12,1,0
BRDA:106,13,0,0
BRDA:106,13,1,0
BRDA:110,14,0,0
BRDA:110,14,1,0
BRDA:110,15,0,0
BRDA:110,15,1,0
BRDA:114,16,0,0
BRDA:114,16,1,0
BRDA:114,17,0,0
BRDA:114,17,1,0
BRDA:118,18,0,0
BRDA:118,18,1,0
BRDA:118,19,0,0
BRDA:118,19,1,0
BRDA:122,20,0,0
BRDA:122,20,1,0
BRDA:122,21,0,0
BRDA:122,21,1,0
BRDA:126,22,0,0
BRDA:126,22,1,0
BRDA:126,23,0,0
BRDA:126,23,1,0
BRDA:126,23,2,0
BRF:51
BRH:0
end_of_record
TN:
SF:src/services/agentService.js
FN:12,(anonymous_0)
FN:19,(anonymous_1)
FN:33,(anonymous_2)
FN:49,(anonymous_3)
FN:65,(anonymous_4)
FN:84,(anonymous_5)
FN:100,(anonymous_6)
FN:118,(anonymous_7)
FN:131,(anonymous_8)
FN:151,(anonymous_9)
FN:166,(anonymous_10)
FN:181,(anonymous_11)
FN:192,(anonymous_12)
FN:203,(anonymous_13)
FNF:14
FNH:0
FNDA:0,(anonymous_0)
FNDA:0,(anonymous_1)
FNDA:0,(anonymous_2)
FNDA:0,(anonymous_3)
FNDA:0,(anonymous_4)
FNDA:0,(anonymous_5)
FNDA:0,(anonymous_6)
FNDA:0,(anonymous_7)
FNDA:0,(anonymous_8)
FNDA:0,(anonymous_9)
FNDA:0,(anonymous_10)
FNDA:0,(anonymous_11)
FNDA:0,(anonymous_12)
FNDA:0,(anonymous_13)
DA:5,0
DA:6,0
DA:13,0
DA:20,0
DA:21,0
DA:23,0
DA:34,0
DA:39,0
DA:40,0
DA:43,0
DA:50,0
DA:55,0
DA:56,0
DA:59,0
DA:66,0
DA:70,0
DA:71,0
DA:75,0
DA:76,0
DA:78,0
DA:85,0
DA:87,0
DA:101,0
DA:102,0
DA:103,0
DA:106,0
DA:107,0
DA:108,0
DA:110,0
DA:112,0
DA:119,0
DA:120,0
DA:121,0
DA:124,0
DA:125,0
DA:132,0
DA:133,0
DA:134,0
DA:137,0
DA:138,0
DA:140,0
DA:152,0
DA:153,0
DA:154,0
DA:157,0
DA:158,0
DA:160,0
DA:167,0
DA:168,0
DA:169,0
DA:172,0
DA:173,0
DA:175,0
DA:182,0
DA:193,0
DA:204,0
DA:205,0
DA:206,0
DA:207,0
DA:212,0
LF:60
LH:0
BRDA:21,0,0,0
BRDA:21,0,1,0
BRDA:39,1,0,0
BRDA:39,1,1,0
BRDA:55,2,0,0
BRDA:55,2,1,0
BRDA:70,3,0,0
BRDA:70,3,1,0
BRDA:84,4,0,0
BRDA:102,5,0,0
BRDA:102,5,1,0
BRDA:106,6,0,0
BRDA:106,6,1,0
BRDA:107,7,0,0
BRDA:107,7,1,0
BRDA:108,8,0,0
BRDA:108,8,1,0
BRDA:120,9,0,0
BRDA:120,9,1,0
BRDA:133,10,0,0
BRDA:133,10,1,0
BRDA:153,11,0,0
BRDA:153,11,1,0
BRDA:168,12,0,0
BRDA:168,12,1,0
BRDA:205,13,0,0
BRDA:205,13,1,0
BRF:27
BRH:0
end_of_record
TN:
SF:src/services/auditLogService.js
FN:12,(anonymous_0)
FN:28,(anonymous_1)
FN:70,(anonymous_2)
FN:81,(anonymous_3)
FN:92,(anonymous_4)
FN:109,(anonymous_5)
FN:127,(anonymous_6)
FN:142,(anonymous_7)
FN:157,(anonymous_8)
FNF:9
FNH:0
FNDA:0,(anonymous_0)
FNDA:0,(anonymous_1)
FNDA:0,(anonymous_2)
FNDA:0,(anonymous_3)
FNDA:0,(anonymous_4)
FNDA:0,(anonymous_5)
FNDA:0,(anonymous_6)
FNDA:0,(anonymous_7)
FNDA:0,(anonymous_8)
DA:5,0
DA:6,0
DA:13,0
DA:29,0
DA:30,0
DA:32,0
DA:34,0
DA:35,0
DA:37,0
DA:38,0
DA:45,0
DA:47,0
DA:54,0
DA:71,0
DA:82,0
DA:93,0
DA:94,0
DA:96,0
DA:110,0
DA:111,0
DA:113,0
DA:128,0
DA:143,0
DA:158,0
DA:159,0
DA:161,0
DA:170,0
LF:27
LH:0
BRDA:20,0,0,0
BRDA:20,0,1,0
BRDA:28,1,0,0
BRDA:28,2,0,0
BRDA:28,3,0,0
BRDA:28,4,0,0
BRDA:34,5,0,0
BRDA:34,5,1,0
BRDA:35,6,0,0
BRDA:35,6,1,0
BRDA:37,7,0,0
BRDA:37,7,1,0
BRDA:45,8,0,0
BRDA:45,8,1,0
BRDA:45,9,0,0
BRDA:45,9,1,0
BRDA:70,10,0,0
BRDA:81,11,0,0
BRDA:92,12,0,0
BRDA:92,13,0,0
BRDA:109,14,0,0
BRDA:109,15,0,0
BRDA:157,16,0,0
BRF:23
BRH:0
end_of_record
TN:
SF:src/services/documentService.js
FN:12,(anonymous_0)
FN:53,(anonymous_1)
FN:68,(anonymous_2)
FN:85,(anonymous_3)
FN:104,(anonymous_4)
FN:117,(anonymous_5)
FN:128,(anonymous_6)
FN:138,(anonymous_7)
FN:148,(anonymous_8)
FNF:9
FNH:0
FNDA:0,(anonymous_0)
FNDA:0,(anonymous_1)
FNDA:0,(anonymous_2)
FNDA:0,(anonymous_3)
FNDA:0,(anonymous_4)
FNDA:0,(anonymous_5)
FNDA:0,(anonymous_6)
FNDA:0,(anonymous_7)
FNDA:0,(anonymous_8)
DA:5,0
DA:6,0
DA:13,0
DA:14,0
DA:16,0
DA:18,0
DA:20,0
DA:21,0
DA:28,0
DA:30,0
DA:37,0
DA:54,0
DA:58,0
DA:59,0
DA:62,0
DA:69,0
DA:79,0
DA:86,0
DA:87,0
DA:88,0
DA:91,0
DA:92,0
DA:93,0
DA:94,0
DA:96,0
DA:98,0
DA:105,0
DA:106,0
DA:107,0
DA:110,0
DA:111,0
DA:118,0
DA:119,0
DA:120,0
DA:121,0
DA:129,0
DA:139,0
DA:149,0
DA:159,0
DA:163,0
LF:40
LH:0
BRDA:12,0,0,0
BRDA:12,1,0,0
BRDA:12,2,0,0
BRDA:12,3,0,0
BRDA:18,4,0,0
BRDA:18,4,1,0
BRDA:20,5,0,0
BRDA:20,5,1,0
BRDA:28,6,0,0
BRDA:28,6,1,0
BRDA:28,7,0,0
BRDA:28,7,1,0
BRDA:58,8,0,0
BRDA:58,8,1,0
BRDA:87,9,0,0
BRDA:87,9,1,0
BRDA:91,10,0,0
BRDA:91,10,1,0
BRDA:92,11,0,0
BRDA:92,11,1,0
BRDA:93,12,0,0
BRDA:93,12,1,0
BRDA:94,13,0,0
BRDA:94,13,1,0
BRDA:106,14,0,0
BRDA:106,14,1,0
BRDA:119,15,0,0
BRDA:119,15,1,0
BRDA:120,16,0,0
BRDA:120,16,1,0
BRF:30
BRH:0
end_of_record
TN:
SF:src/services/policyService.js
FN:12,(anonymous_0)
FN:26,(anonymous_1)
FN:41,(anonymous_2)
FN:56,(anonymous_3)
FN:69,(anonymous_4)
FN:88,(anonymous_5)
FN:101,(anonymous_6)
FN:111,(anonymous_7)
FN:126,(anonymous_8)
FN:141,(anonymous_9)
FNF:10
FNH:0
FNDA:0,(anonymous_0)
FNDA:0,(anonymous_1)
FNDA:0,(anonymous_2)
FNDA:0,(anonymous_3)
FNDA:0,(anonymous_4)
FNDA:0,(anonymous_5)
FNDA:0,(anonymous_6)
FNDA:0,(anonymous_7)
FNDA:0,(anonymous_8)
FNDA:0,(anonymous_9)
DA:5,0
DA:6,0
DA:13,0
DA:14,0
DA:15,0
DA:17,0
DA:27,0
DA:31,0
DA:32,0
DA:35,0
DA:42,0
DA:46,0
DA:47,0
DA:50,0
DA:57,0
DA:70,0
DA:71,0
DA:72,0
DA:75,0
DA:76,0
DA:77,0
DA:78,0
DA:80,0
DA:82,0
DA:89,0
DA:90,0
DA:91,0
DA:94,0
DA:95,0
DA:102,0
DA:112,0
DA:113,0
DA:114,0
DA:117,0
DA:118,0
DA:120,0
DA:127,0
DA:128,0
DA:129,0
DA:132,0
DA:133,0
DA:135,0
DA:142,0
DA:149,0
LF:44
LH:0
BRDA:14,0,0,0
BRDA:14,0,1,0
BRDA:15,1,0,0
BRDA:15,1,1,0
BRDA:31,2,0,0
BRDA:31,2,1,0
BRDA:46,3,0,0
BRDA:46,3,1,0
BRDA:56,4,0,0
BRDA:71,5,0,0
BRDA:71,5,1,0
BRDA:75,6,0,0
BRDA:75,6,1,0
BRDA:76,7,0,0
BRDA:76,7,1,0
BRDA:77,8,0,0
BRDA:77,8,1,0
BRDA:78,9,0,0
BRDA:78,9,1,0
BRDA:90,10,0,0
BRDA:90,10,1,0
BRDA:113,11,0,0
BRDA:113,11,1,0
BRDA:128,12,0,0
BRDA:128,12,1,0
BRF:25
BRH:0
end_of_record
TN:
SF:src/services/roleService.js
FN:12,(anonymous_0)
FN:22,(anonymous_1)
FN:37,(anonymous_2)
FN:52,(anonymous_3)
FN:70,(anonymous_4)
FN:87,(anonymous_5)
FN:100,(anonymous_6)
FN:115,(anonymous_7)
FN:132,(anonymous_8)
FN:138,(anonymous_9)
FNF:10
FNH:0
FNDA:0,(anonymous_0)
FNDA:0,(anonymous_1)
FNDA:0,(anonymous_2)
FNDA:0,(anonymous_3)
FNDA:0,(anonymous_4)
FNDA:0,(anonymous_5)
FNDA:0,(anonymous_6)
FNDA:0,(anonymous_7)
FNDA:0,(anonymous_8)
FNDA:0,(anonymous_9)
DA:5,0
DA:6,0
DA:13,0
DA:23,0
DA:27,0
DA:28,0
DA:31,0
DA:38,0
DA:42,0
DA:43,0
DA:46,0
DA:54,0
DA:55,0
DA:56,0
DA:59,0
DA:71,0
DA:72,0
DA:73,0
DA:76,0
DA:77,0
DA:79,0
DA:81,0
DA:88,0
DA:89,0
DA:90,0
DA:93,0
DA:94,0
DA:101,0
DA:105,0
DA:106,0
DA:109,0
DA:116,0
DA:117,0
DA:118,0
DA:121,0
DA:122,0
DA:123,0
DA:126,0
DA:133,0
DA:134,0
DA:135,0
DA:138,0
DA:139,0
DA:141,0
DA:145,0
LF:45
LH:0
BRDA:27,0,0,0
BRDA:27,0,1,0
BRDA:42,1,0,0
BRDA:42,1,1,0
BRDA:52,2,0,0
BRDA:55,3,0,0
BRDA:55,3,1,0
BRDA:72,4,0,0
BRDA:72,4,1,0
BRDA:76,5,0,0
BRDA:76,5,1,0
BRDA:77,6,0,0
BRDA:77,6,1,0
BRDA:89,7,0,0
BRDA:89,7,1,0
BRDA:105,8,0,0
BRDA:105,8,1,0
BRDA:109,9,0,0
BRDA:109,9,1,0
BRDA:117,10,0,0
BRDA:117,10,1,0
BRDA:121,11,0,0
BRDA:121,11,1,0
BRDA:134,12,0,0
BRDA:134,12,1,0
BRF:25
BRH:0
end_of_record
TN:
SF:src/services/userService.js
FN:13,(anonymous_0)
FN:55,(anonymous_1)
FN:71,(anonymous_2)
FN:86,(anonymous_3)
FN:111,(anonymous_4)
FN:129,(anonymous_5)
FN:151,(anonymous_6)
FN:163,(anonymous_7)
FN:176,(anonymous_8)
FN:187,(anonymous_9)
FNF:10
FNH:0
FNDA:0,(anonymous_0)
FNDA:0,(anonymous_1)
FNDA:0,(anonymous_2)
FNDA:0,(anonymous_3)
FNDA:0,(anonymous_4)
FNDA:0,(anonymous_5)
FNDA:0,(anonymous_6)
FNDA:0,(anonymous_7)
FNDA:0,(anonymous_8)
FNDA:0,(anonymous_9)
DA:5,0
DA:6,0
DA:7,0
DA:14,0
DA:15,0
DA:17,0
DA:19,0
DA:20,0
DA:22,0
DA:23,0
DA:29,0
DA:31,0
DA:39,0
DA:56,0
DA:61,0
DA:62,0
DA:65,0
DA:72,0
DA:76,0
DA:77,0
DA:80,0
DA:88,0
DA:89,0
DA:90,0
DA:94,0
DA:96,0
DA:105,0
DA:112,0
DA:113,0
DA:114,0
DA:117,0
DA:118,0
DA:119,0
DA:121,0
DA:123,0
DA:130,0
DA:131,0
DA:132,0
DA:136,0
DA:137,0
DA:138,0
DA:142,0
DA:143,0
DA:145,0
DA:152,0
DA:153,0
DA:154,0
DA:157,0
DA:164,0
DA:165,0
DA:166,0
DA:169,0
DA:170,0
DA:177,0
DA:178,0
DA:179,0
DA:180,0
DA:188,0
DA:194,0
LF:59
LH:0
BRDA:13,0,0,0
BRDA:13,1,0,0
BRDA:13,2,0,0
BRDA:13,3,0,0
BRDA:19,4,0,0
BRDA:19,4,1,0
BRDA:20,5,0,0
BRDA:20,5,1,0
BRDA:22,6,0,0
BRDA:22,6,1,0
BRDA:29,7,0,0
BRDA:29,7,1,0
BRDA:29,8,0,0
BRDA:29,8,1,0
BRDA:61,9,0,0
BRDA:61,9,1,0
BRDA:76,10,0,0
BRDA:76,10,1,0
BRDA:86,11,0,0
BRDA:86,12,0,0
BRDA:89,13,0,0
BRDA:89,13,1,0
BRDA:113,14,0,0
BRDA:113,14,1,0
BRDA:117,15,0,0
BRDA:117,15,1,0
BRDA:118,16,0,0
BRDA:118,16,1,0
BRDA:119,17,0,0
BRDA:119,17,1,0
BRDA:131,18,0,0
BRDA:131,18,1,0
BRDA:137,19,0,0
BRDA:137,19,1,0
BRDA:153,20,0,0
BRDA:153,20,1,0
BRDA:165,21,0,0
BRDA:165,21,1,0
BRDA:178,22,0,0
BRDA:178,22,1,0
BRF:40
BRH:0
end_of_record
TN:
SF:src/utils/pagination.js
FN:3,paginate
FN:25,filter
FN:26,(anonymous_2)
FN:44,search
FN:48,(anonymous_4)
FN:49,(anonymous_5)
FN:57,sort
FN:60,(anonymous_7)
FN:81,applyFilters
FNF:9
FNH:9
FNDA:7,paginate
FNDA:6,filter
FNDA:30,(anonymous_2)
FNDA:5,search
FNDA:17,(anonymous_4)
FNDA:22,(anonymous_5)
FNDA:5,sort
FNDA:13,(anonymous_7)
FNDA:3,applyFilters
DA:4,7
DA:5,7
DA:7,7
DA:8,7
DA:9,7
DA:10,7
DA:12,7
DA:26,6
DA:27,30
DA:28,27
DA:30,27
DA:32,27
DA:33,27
DA:34,17
DA:36,0
DA:37,0
DA:40,13
DA:45,5
DA:47,4
DA:48,4
DA:49,17
DA:50,22
DA:51,22
DA:52,22
DA:58,5
DA:60,4
DA:61,13
DA:62,13
DA:64,13
DA:65,13
DA:67,13
DA:68,9
DA:73,4
DA:74,4
DA:75,0
DA:78,4
DA:90,3
DA:92,3
DA:94,3
DA:95,3
DA:98,3
DA:99,1
DA:102,3
DA:103,1
DA:106,3
DA:109,2
LF:46
LH:43
BRDA:3,0,0,0
BRDA:3,1,0,0
BRDA:4,2,0,7
BRDA:4,2,1,1
BRDA:5,3,0,7
BRDA:5,3,1,0
BRDA:25,4,0,0
BRDA:28,5,0,0
BRDA:28,5,1,27
BRDA:28,6,0,27
BRDA:28,6,1,27
BRDA:28,6,2,27
BRDA:32,7,0,27
BRDA:32,7,1,0
BRDA:33,8,0,17
BRDA:33,8,1,10
BRDA:36,9,0,0
BRDA:36,9,1,0
BRDA:44,10,0,0
BRDA:45,11,0,1
BRDA:45,11,1,4
BRDA:45,12,0,5
BRDA:45,12,1,4
BRDA:51,13,0,0
BRDA:51,13,1,22
BRDA:51,14,0,22
BRDA:51,14,1,22
BRDA:57,15,0,0
BRDA:58,16,0,1
BRDA:58,16,1,4
BRDA:64,17,0,0
BRDA:64,17,1,13
BRDA:64,18,0,13
BRDA:64,18,1,13
BRDA:65,19,0,0
BRDA:65,19,1,13
BRDA:65,20,0,13
BRDA:65,20,1,13
BRDA:67,21,0,9
BRDA:67,21,1,4
BRDA:68,22,0,5
BRDA:68,22,1,4
BRDA:73,23,0,0
BRDA:73,23,1,4
BRDA:73,24,0,0
BRDA:73,24,1,0
BRDA:74,25,0,4
BRDA:74,25,1,0
BRDA:74,26,0,4
BRDA:74,26,1,0
BRDA:81,27,0,0
BRDA:83,28,0,0
BRDA:84,29,0,2
BRDA:85,30,0,2
BRDA:86,31,0,2
BRDA:87,32,0,2
BRDA:88,33,0,0
BRDA:89,34,0,0
BRDA:94,35,0,3
BRDA:94,35,1,0
BRDA:98,36,0,1
BRDA:98,36,1,2
BRDA:98,37,0,3
BRDA:98,37,1,1
BRDA:102,38,0,1
BRDA:102,38,1,2
BRF:66
BRH:43
end_of_record
