TN:
SF:src/config/database.js
FN:97,testConnection
FN:109,syncDatabase
FN:121,closeConnection
FNF:3
FNH:0
FNDA:0,testConnection
FNDA:0,syncDatabase
FNDA:0,closeConnection
DA:6,1
DA:9,1
DA:85,1
DA:86,1
DA:89,1
DA:98,0
DA:99,0
DA:100,0
DA:101,0
DA:103,0
DA:104,0
DA:110,0
DA:111,0
DA:112,0
DA:113,0
DA:115,0
DA:116,0
DA:122,0
DA:123,0
DA:124,0
DA:126,0
DA:130,1
LF:22
LH:6
BRDA:11,0,0,1
BRDA:11,0,1,1
BRDA:12,1,0,1
BRDA:12,1,1,1
BRDA:13,2,0,1
BRDA:13,2,1,1
BRDA:14,3,0,1
BRDA:14,3,1,1
BRDA:15,4,0,1
BRDA:15,4,1,1
BRDA:17,5,0,0
BRDA:17,5,1,1
BRDA:30,6,0,1
BRDA:30,6,1,1
BRDA:31,7,0,1
BRDA:31,7,1,1
BRDA:32,8,0,1
BRDA:32,8,1,1
BRDA:33,9,0,1
BRDA:33,9,1,1
BRDA:34,10,0,1
BRDA:34,10,1,1
BRDA:45,11,0,1
BRDA:45,11,1,1
BRDA:46,12,0,1
BRDA:46,12,1,1
BRDA:47,13,0,1
BRDA:47,13,1,1
BRDA:48,14,0,1
BRDA:48,14,1,1
BRDA:49,15,0,1
BRDA:49,15,1,1
BRDA:51,16,0,0
BRDA:51,16,1,1
BRDA:68,17,0,1
BRDA:68,17,1,1
BRDA:81,18,0,0
BRDA:81,18,1,1
BRDA:85,19,0,1
BRDA:85,19,1,0
BRDA:109,20,0,0
BRF:41
BRH:36
end_of_record
TN:
SF:src/config/logger.js
FN:36,(anonymous_0)
FNF:1
FNH:0
FNDA:0,(anonymous_0)
DA:1,2
DA:2,2
DA:3,2
DA:5,2
DA:7,2
DA:15,2
DA:23,2
DA:25,2
DA:32,2
DA:37,0
DA:38,0
DA:62,2
DA:87,2
LF:13
LH:11
BRDA:39,0,0,0
BRDA:39,0,1,0
BRDA:63,1,0,2
BRDA:63,1,1,2
BRF:4
BRH:2
end_of_record
TN:
SF:src/config/passport.js
FN:15,(anonymous_0)
FN:20,(anonymous_1)
FN:39,(anonymous_2)
FN:83,(anonymous_3)
FNF:4
FNH:0
FNDA:0,(anonymous_0)
FNDA:0,(anonymous_1)
FNDA:0,(anonymous_2)
FNDA:0,(anonymous_3)
DA:6,0
DA:7,0
DA:8,0
DA:9,0
DA:10,0
DA:12,0
DA:15,0
DA:16,0
DA:20,0
DA:21,0
DA:22,0
DA:23,0
DA:25,0
DA:30,0
DA:31,0
DA:40,0
DA:41,0
DA:53,0
DA:64,0
DA:66,0
DA:74,0
DA:75,0
DA:84,0
DA:86,0
DA:87,0
DA:88,0
DA:91,0
DA:92,0
DA:95,0
DA:107,0
DA:118,0
DA:120,0
DA:127,0
LF:33
LH:0
BRDA:12,0,0,0
BRDA:12,0,1,0
BRDA:30,1,0,0
BRDA:30,1,1,0
BRDA:30,2,0,0
BRDA:30,2,1,0
BRDA:36,3,0,0
BRDA:36,3,1,0
BRDA:74,4,0,0
BRDA:74,4,1,0
BRDA:74,5,0,0
BRDA:74,5,1,0
BRDA:80,6,0,0
BRDA:80,6,1,0
BRDA:87,7,0,0
BRDA:87,7,1,0
BRDA:87,8,0,0
BRDA:87,8,1,0
BRDA:91,9,0,0
BRDA:91,9,1,0
BRDA:100,10,0,0
BRDA:100,10,1,0
BRDA:111,11,0,0
BRDA:111,11,1,0
BRF:24
BRH:0
end_of_record
TN:
SF:src/config/sentry.js
FN:4,initializeSentry
FN:31,(anonymous_1)
FN:55,(anonymous_2)
FN:59,(anonymous_3)
FNF:4
FNH:1
FNDA:23,initializeSentry
FNDA:0,(anonymous_1)
FNDA:0,(anonymous_2)
FNDA:0,(anonymous_3)
DA:1,23
DA:2,23
DA:5,23
DA:7,23
DA:8,0
DA:9,0
DA:12,23
DA:13,23
DA:16,0
DA:32,0
DA:33,0
DA:36,0
DA:37,0
DA:38,0
DA:39,0
DA:43,0
DA:47,0
DA:50,23
DA:52,23
DA:55,0
DA:59,0
LF:21
LH:8
BRDA:7,0,0,0
BRDA:7,0,1,23
BRDA:7,1,0,23
BRDA:7,1,1,23
BRDA:12,2,0,23
BRDA:12,2,1,0
BRDA:18,3,0,0
BRDA:18,3,1,0
BRDA:25,4,0,0
BRDA:25,4,1,0
BRDA:25,5,0,0
BRDA:25,5,1,0
BRDA:26,6,0,0
BRDA:26,6,1,0
BRDA:29,7,0,0
BRDA:29,7,1,0
BRDA:30,8,0,0
BRDA:30,8,1,0
BRDA:32,9,0,0
BRDA:32,9,1,0
BRDA:36,10,0,0
BRDA:36,10,1,0
BRDA:38,11,0,0
BRDA:38,11,1,0
BRDA:38,12,0,0
BRDA:38,12,1,0
BRF:26
BRH:4
end_of_record
TN:
SF:src/config/session.js
FN:21,(anonymous_0)
FN:27,(anonymous_1)
FN:34,(anonymous_2)
FNF:3
FNH:0
FNDA:0,(anonymous_0)
FNDA:0,(anonymous_1)
FNDA:0,(anonymous_2)
DA:1,0
DA:2,0
DA:3,0
DA:5,0
DA:20,0
DA:21,0
DA:22,0
DA:23,0
DA:27,0
DA:34,0
DA:35,0
DA:38,0
DA:39,0
DA:40,0
DA:42,0
DA:47,0
LF:16
LH:0
BRDA:6,0,0,0
BRDA:6,0,1,0
BRDA:14,1,0,0
BRDA:14,1,1,0
BRDA:20,2,0,0
BRDA:20,2,1,0
BRDA:20,3,0,0
BRDA:20,3,1,0
BRDA:20,3,2,0
BRDA:25,4,0,0
BRDA:25,4,1,0
BRDA:26,5,0,0
BRDA:26,5,1,0
BRDA:30,6,0,0
BRDA:30,6,1,0
BRF:15
BRH:0
end_of_record
TN:
SF:src/database/create-migration.js
FN:17,generateTimestamp
FN:29,createMigrationFile
FNF:2
FNH:0
FNDA:0,generateTimestamp
FNDA:0,createMigrationFile
DA:14,0
DA:15,0
DA:18,0
DA:19,0
DA:20,0
DA:21,0
DA:22,0
DA:23,0
DA:24,0
DA:26,0
DA:30,0
DA:31,0
DA:32,0
DA:34,0
DA:35,0
DA:37,0
DA:48,0
DA:58,0
DA:59,0
DA:60,0
DA:64,0
DA:65,0
DA:66,0
DA:70,0
DA:71,0
DA:73,0
DA:74,0
DA:75,0
DA:76,0
DA:79,0
DA:81,0
DA:82,0
DA:83,0
DA:84,0
DA:88,0
DA:89,0
DA:90,0
DA:93,0
DA:94,0
DA:96,0
DA:97,0
LF:41
LH:0
BRDA:59,0,0,0
BRDA:59,0,1,0
BRDA:65,1,0,0
BRDA:65,1,1,0
BRDA:81,2,0,0
BRDA:81,2,1,0
BRDA:88,3,0,0
BRDA:88,3,1,0
BRF:8
BRH:0
end_of_record
TN:
SF:src/database/migrate.js
FN:29,createConnection
FN:41,getMigrator
FN:45,(anonymous_2)
FN:48,(anonymous_3)
FN:52,(anonymous_4)
FN:69,runMigrations
FN:87,(anonymous_6)
FN:96,(anonymous_7)
FN:107,(anonymous_8)
FN:113,(anonymous_9)
FNF:10
FNH:0
FNDA:0,createConnection
FNDA:0,getMigrator
FNDA:0,(anonymous_2)
FNDA:0,(anonymous_3)
FNDA:0,(anonymous_4)
FNDA:0,runMigrations
FNDA:0,(anonymous_6)
FNDA:0,(anonymous_7)
FNDA:0,(anonymous_8)
FNDA:0,(anonymous_9)
DA:13,0
DA:14,0
DA:15,0
DA:16,0
DA:17,0
DA:19,0
DA:30,0
DA:37,0
DA:38,0
DA:42,0
DA:46,0
DA:49,0
DA:50,0
DA:53,0
DA:54,0
DA:55,0
DA:57,0
DA:58,0
DA:70,0
DA:73,0
DA:74,0
DA:75,0
DA:76,0
DA:78,0
DA:80,0
DA:81,0
DA:82,0
DA:83,0
DA:84,0
DA:86,0
DA:87,0
DA:89,0
DA:90,0
DA:91,0
DA:92,0
DA:93,0
DA:95,0
DA:96,0
DA:98,0
DA:99,0
DA:100,0
DA:102,0
DA:103,0
DA:105,0
DA:106,0
DA:107,0
DA:108,0
DA:111,0
DA:112,0
DA:113,0
DA:114,0
DA:115,0
DA:117,0
DA:120,0
DA:121,0
DA:122,0
DA:125,0
DA:126,0
DA:128,0
DA:129,0
DA:130,0
DA:134,0
LF:62
LH:0
BRDA:20,0,0,0
BRDA:20,0,1,0
BRDA:21,1,0,0
BRDA:21,1,1,0
BRDA:22,2,0,0
BRDA:22,2,1,0
BRDA:23,3,0,0
BRDA:23,3,1,0
BRDA:24,4,0,0
BRDA:24,4,1,0
BRDA:54,5,0,0
BRDA:54,5,1,0
BRDA:70,6,0,0
BRDA:70,6,1,0
BRDA:80,7,0,0
BRDA:80,7,1,0
BRDA:83,8,0,0
BRDA:83,8,1,0
BRDA:89,9,0,0
BRDA:89,9,1,0
BRDA:92,10,0,0
BRDA:92,10,1,0
BRDA:98,11,0,0
BRDA:98,11,1,0
BRDA:105,12,0,0
BRDA:105,12,1,0
BRDA:111,13,0,0
BRDA:111,13,1,0
BRDA:114,14,0,0
BRDA:114,14,1,0
BRDA:129,15,0,0
BRDA:129,15,1,0
BRF:32
BRH:0
end_of_record
TN:
SF:src/middleware/auth.js
FN:5,requireAuth
FN:31,requireAdmin
FN:47,optionalAuth
FN:60,requireTwoFactor
FNF:4
FNH:4
FNDA:6,requireAuth
FNDA:4,requireAdmin
FNDA:3,optionalAuth
FNDA:4,requireTwoFactor
DA:6,6
DA:8,5
DA:10,4
DA:17,1
DA:21,1
DA:28,1
DA:32,4
DA:33,3
DA:35,2
DA:41,1
DA:44,1
DA:48,3
DA:49,1
DA:57,3
DA:62,4
DA:63,2
DA:64,1
DA:69,1
DA:72,2
DA:75,1
LF:20
LH:20
BRDA:6,0,0,5
BRDA:6,0,1,1
BRDA:6,1,0,6
BRDA:6,1,1,2
BRDA:8,2,0,4
BRDA:8,2,1,1
BRDA:8,3,0,5
BRDA:8,3,1,2
BRDA:32,4,0,3
BRDA:32,4,1,1
BRDA:32,5,0,4
BRDA:32,5,1,3
BRDA:33,6,0,2
BRDA:33,6,1,1
BRDA:33,7,0,3
BRDA:33,7,1,1
BRDA:48,8,0,1
BRDA:48,8,1,2
BRDA:48,9,0,3
BRDA:48,9,1,2
BRDA:62,10,0,2
BRDA:62,10,1,2
BRDA:63,11,0,1
BRDA:63,11,1,1
BRDA:63,12,0,2
BRDA:63,12,1,1
BRF:26
BRH:26
end_of_record
TN:
SF:src/middleware/correlationId.js
FN:3,correlationIdMiddleware
FNF:1
FNH:0
FNDA:0,correlationIdMiddleware
DA:1,0
DA:4,0
DA:5,0
DA:6,0
DA:7,0
DA:10,0
LF:6
LH:0
BRDA:4,0,0,0
BRDA:4,0,1,0
BRF:2
BRH:0
end_of_record
TN:
SF:src/middleware/oauth.js
FN:17,oauthCallback
FN:29,(anonymous_1)
FNF:2
FNH:0
FNDA:0,oauthCallback
FNDA:0,(anonymous_1)
DA:5,0
DA:6,0
DA:9,0
DA:10,0
DA:13,0
DA:14,0
DA:18,0
DA:19,0
DA:23,0
DA:24,0
DA:25,0
DA:26,0
DA:27,0
DA:29,0
DA:30,0
DA:31,0
DA:32,0
DA:36,0
DA:37,0
DA:41,0
LF:20
LH:0
BRDA:18,0,0,0
BRDA:18,0,1,0
BRDA:30,1,0,0
BRDA:30,1,1,0
BRDA:36,2,0,0
BRDA:36,2,1,0
BRF:6
BRH:0
end_of_record
TN:
SF:src/middleware/performanceLogger.js
FN:3,performanceLoggerMiddleware
FN:6,(anonymous_1)
FNF:2
FNH:0
FNDA:0,performanceLoggerMiddleware
FNDA:0,(anonymous_1)
DA:1,0
DA:4,0
DA:6,0
DA:7,0
DA:8,0
DA:9,0
DA:11,0
DA:20,0
DA:21,0
DA:22,0
DA:23,0
DA:27,0
DA:30,0
LF:13
LH:0
BRDA:20,0,0,0
BRDA:20,0,1,0
BRDA:22,1,0,0
BRDA:22,1,1,0
BRF:4
BRH:0
end_of_record
TN:
SF:src/middleware/preferences.js
FN:8,(anonymous_0)
FNF:1
FNH:0
FNDA:0,(anonymous_0)
DA:6,0
DA:8,0
DA:10,0
DA:11,0
DA:12,0
DA:15,0
DA:18,0
DA:19,0
DA:20,0
DA:21,0
DA:23,0
DA:28,0
DA:31,0
LF:13
LH:0
BRDA:10,0,0,0
BRDA:10,0,1,0
BRDA:10,1,0,0
BRDA:10,1,1,0
BRDA:15,2,0,0
BRDA:15,2,1,0
BRF:6
BRH:0
end_of_record
TN:
SF:src/middleware/requestLogger.js
FN:3,requestLoggerMiddleware
FN:11,(anonymous_1)
FN:17,(anonymous_2)
FN:24,(anonymous_3)
FNF:4
FNH:0
FNDA:0,requestLoggerMiddleware
FNDA:0,(anonymous_1)
FNDA:0,(anonymous_2)
FNDA:0,(anonymous_3)
DA:1,0
DA:4,0
DA:6,0
DA:8,0
DA:9,0
DA:11,0
DA:12,0
DA:13,0
DA:14,0
DA:17,0
DA:18,0
DA:19,0
DA:20,0
DA:21,0
DA:24,0
DA:25,0
DA:26,0
DA:27,0
DA:31,0
DA:34,0
LF:20
LH:0
BRDA:19,0,0,0
BRDA:19,0,1,0
BRDA:26,1,0,0
BRDA:26,1,1,0
BRF:4
BRH:0
end_of_record
TN:
SF:src/middleware/security.js
FN:52,(anonymous_0)
FN:63,(anonymous_1)
FNF:2
FNH:0
FNDA:0,(anonymous_0)
FNDA:0,(anonymous_1)
DA:6,0
DA:7,0
DA:8,0
DA:9,0
DA:10,0
DA:13,0
DA:23,0
DA:49,0
DA:51,0
DA:52,0
DA:62,0
DA:63,0
DA:72,0
DA:80,0
LF:14
LH:0
BRDA:14,0,0,0
BRDA:14,0,1,0
BRDA:49,1,0,0
BRDA:49,1,1,0
BRDA:51,2,0,0
BRDA:51,2,1,0
BRDA:54,3,0,0
BRDA:54,3,1,0
BRDA:55,4,0,0
BRDA:55,4,1,0
BRDA:62,5,0,0
BRDA:62,5,1,0
BRF:12
BRH:0
end_of_record
TN:
SF:src/middleware/upload.js
FN:18,(anonymous_0)
FN:21,(anonymous_1)
FN:31,(anonymous_2)
FNF:3
FNH:0
FNDA:0,(anonymous_0)
FNDA:0,(anonymous_1)
FNDA:0,(anonymous_2)
DA:6,0
DA:7,0
DA:8,0
DA:11,0
DA:12,0
DA:13,0
DA:17,0
DA:19,0
DA:23,0
DA:24,0
DA:25,0
DA:26,0
DA:31,0
DA:32,0
DA:43,0
DA:45,0
DA:46,0
DA:47,0
DA:49,0
DA:50,0
DA:52,0
DA:57,0
DA:65,0
LF:23
LH:0
BRDA:12,0,0,0
BRDA:12,0,1,0
BRDA:49,1,0,0
BRDA:49,1,1,0
BRDA:49,2,0,0
BRDA:49,2,1,0
BRF:6
BRH:0
end_of_record
TN:
SF:src/middleware/validation.js
FN:6,formatValidationErrors
FN:10,(anonymous_1)
FN:22,validateRequest
FN:23,(anonymous_3)
FN:74,validateBody
FN:79,validateQuery
FN:84,validateParams
FN:89,validateAll
FN:95,(anonymous_8)
FN:100,(anonymous_9)
FN:109,(anonymous_10)
FN:114,(anonymous_11)
FN:119,(anonymous_12)
FNF:13
FNH:11
FNDA:8,formatValidationErrors
FNDA:13,(anonymous_1)
FNDA:2,validateRequest
FNDA:5,(anonymous_3)
FNDA:1,validateBody
FNDA:1,validateQuery
FNDA:0,validateParams
FNDA:0,validateAll
FNDA:5,(anonymous_8)
FNDA:6,(anonymous_9)
FNDA:4,(anonymous_10)
FNDA:4,(anonymous_11)
FNDA:4,(anonymous_12)
DA:1,1
DA:2,1
DA:3,1
DA:7,8
DA:8,8
DA:10,8
DA:11,13
DA:12,13
DA:14,13
DA:15,13
DA:18,8
DA:23,2
DA:24,5
DA:27,5
DA:28,5
DA:29,3
DA:31,5
DA:32,2
DA:34,5
DA:35,0
DA:39,5
DA:44,5
DA:45,3
DA:47,3
DA:54,3
DA:60,3
DA:68,2
DA:69,2
DA:75,1
DA:80,1
DA:85,0
DA:90,0
DA:94,1
DA:96,5
DA:97,5
DA:101,6
DA:102,6
DA:103,4
DA:105,2
DA:110,4
DA:111,4
DA:115,4
DA:116,4
DA:120,4
DA:121,4
DA:122,4
DA:126,1
LF:47
LH:44
BRDA:22,0,0,0
BRDA:24,1,0,5
BRDA:24,2,0,5
BRDA:28,3,0,3
BRDA:28,3,1,2
BRDA:31,4,0,2
BRDA:31,4,1,3
BRDA:34,5,0,0
BRDA:34,5,1,5
BRDA:44,6,0,3
BRDA:44,6,1,2
BRDA:122,7,0,4
BRDA:122,7,1,2
BRF:13
BRH:11
end_of_record
TN:
SF:src/models/index.js
FNF:0
FNH:0
DA:6,0
DA:7,0
DA:10,0
DA:76,0
DA:151,0
DA:191,0
DA:239,0
DA:283,0
DA:338,0
DA:387,0
DA:442,0
DA:525,0
DA:526,0
DA:529,0
DA:530,0
DA:533,0
DA:534,0
DA:537,0
DA:538,0
DA:540,0
LF:20
LH:0
BRF:0
BRH:0
end_of_record
TN:
SF:src/models/mockData.js
FNF:0
FNH:0
DA:4,0
DA:43,0
DA:82,0
DA:103,0
DA:127,0
DA:151,0
DA:208,0
DA:235,0
DA:252,0
DA:279,0
LF:10
LH:0
BRF:0
BRH:0
end_of_record
TN:
SF:src/routes/admin.js
FN:21,(anonymous_0)
FN:21,(anonymous_1)
FN:24,flash
FN:30,getPaginationParams
FN:46,(anonymous_4)
FN:61,(anonymous_5)
FN:84,(anonymous_6)
FN:116,(anonymous_7)
FN:128,(anonymous_8)
FN:172,(anonymous_9)
FN:186,(anonymous_10)
FN:212,(anonymous_11)
FN:238,(anonymous_12)
FN:269,(anonymous_13)
FN:281,(anonymous_14)
FN:314,(anonymous_15)
FN:328,(anonymous_16)
FN:354,(anonymous_17)
FN:381,(anonymous_18)
FN:426,(anonymous_19)
FN:462,(anonymous_20)
FN:489,(anonymous_21)
FN:501,(anonymous_22)
FN:510,(anonymous_23)
FN:536,(anonymous_24)
FN:550,(anonymous_25)
FN:555,(anonymous_26)
FN:580,(anonymous_27)
FN:602,(anonymous_28)
FN:614,(anonymous_29)
FN:646,(anonymous_30)
FN:660,(anonymous_31)
FN:686,(anonymous_32)
FN:706,(anonymous_33)
FN:715,(anonymous_34)
FN:726,(anonymous_35)
FN:758,(anonymous_36)
FN:783,(anonymous_37)
FN:795,(anonymous_38)
FN:826,(anonymous_39)
FN:840,(anonymous_40)
FN:856,(anonymous_41)
FN:876,(anonymous_42)
FN:885,(anonymous_43)
FN:894,(anonymous_44)
FN:916,(anonymous_45)
FN:938,(anonymous_46)
FN:969,(anonymous_47)
FN:1005,(anonymous_48)
FNF:49
FNH:0
FNDA:0,(anonymous_0)
FNDA:0,(anonymous_1)
FNDA:0,flash
FNDA:0,getPaginationParams
FNDA:0,(anonymous_4)
FNDA:0,(anonymous_5)
FNDA:0,(anonymous_6)
FNDA:0,(anonymous_7)
FNDA:0,(anonymous_8)
FNDA:0,(anonymous_9)
FNDA:0,(anonymous_10)
FNDA:0,(anonymous_11)
FNDA:0,(anonymous_12)
FNDA:0,(anonymous_13)
FNDA:0,(anonymous_14)
FNDA:0,(anonymous_15)
FNDA:0,(anonymous_16)
FNDA:0,(anonymous_17)
FNDA:0,(anonymous_18)
FNDA:0,(anonymous_19)
FNDA:0,(anonymous_20)
FNDA:0,(anonymous_21)
FNDA:0,(anonymous_22)
FNDA:0,(anonymous_23)
FNDA:0,(anonymous_24)
FNDA:0,(anonymous_25)
FNDA:0,(anonymous_26)
FNDA:0,(anonymous_27)
FNDA:0,(anonymous_28)
FNDA:0,(anonymous_29)
FNDA:0,(anonymous_30)
FNDA:0,(anonymous_31)
FNDA:0,(anonymous_32)
FNDA:0,(anonymous_33)
FNDA:0,(anonymous_34)
FNDA:0,(anonymous_35)
FNDA:0,(anonymous_36)
FNDA:0,(anonymous_37)
FNDA:0,(anonymous_38)
FNDA:0,(anonymous_39)
FNDA:0,(anonymous_40)
FNDA:0,(anonymous_41)
FNDA:0,(anonymous_42)
FNDA:0,(anonymous_43)
FNDA:0,(anonymous_44)
FNDA:0,(anonymous_45)
FNDA:0,(anonymous_46)
FNDA:0,(anonymous_47)
FNDA:0,(anonymous_48)
DA:1,0
DA:2,0
DA:3,0
DA:4,0
DA:5,0
DA:6,0
DA:9,0
DA:10,0
DA:11,0
DA:12,0
DA:13,0
DA:14,0
DA:17,0
DA:18,0
DA:21,0
DA:25,0
DA:26,0
DA:31,0
DA:46,0
DA:47,0
DA:49,0
DA:56,0
DA:61,0
DA:68,0
DA:69,0
DA:71,0
DA:84,0
DA:85,0
DA:86,0
DA:88,0
DA:99,0
DA:100,0
DA:101,0
DA:103,0
DA:116,0
DA:117,0
DA:119,0
DA:128,0
DA:129,0
DA:130,0
DA:132,0
DA:133,0
DA:136,0
DA:144,0
DA:155,0
DA:157,0
DA:168,0
DA:172,0
DA:173,0
DA:174,0
DA:176,0
DA:186,0
DA:187,0
DA:188,0
DA:190,0
DA:196,0
DA:206,0
DA:208,0
DA:212,0
DA:213,0
DA:214,0
DA:215,0
DA:218,0
DA:220,0
DA:230,0
DA:232,0
DA:238,0
DA:239,0
DA:240,0
DA:242,0
DA:252,0
DA:253,0
DA:254,0
DA:256,0
DA:269,0
DA:270,0
DA:272,0
DA:281,0
DA:282,0
DA:283,0
DA:285,0
DA:286,0
DA:289,0
DA:297,0
DA:308,0
DA:310,0
DA:314,0
DA:315,0
DA:316,0
DA:318,0
DA:328,0
DA:329,0
DA:330,0
DA:332,0
DA:338,0
DA:348,0
DA:350,0
DA:354,0
DA:355,0
DA:356,0
DA:359,0
DA:360,0
DA:363,0
DA:365,0
DA:375,0
DA:377,0
DA:381,0
DA:382,0
DA:383,0
DA:384,0
DA:387,0
DA:390,0
DA:391,0
DA:395,0
DA:406,0
DA:417,0
DA:419,0
DA:420,0
DA:422,0
DA:426,0
DA:427,0
DA:428,0
DA:430,0
DA:431,0
DA:435,0
DA:437,0
DA:448,0
DA:449,0
DA:450,0
DA:453,0
DA:454,0
DA:456,0
DA:462,0
DA:463,0
DA:464,0
DA:466,0
DA:471,0
DA:472,0
DA:474,0
DA:489,0
DA:490,0
DA:492,0
DA:501,0
DA:502,0
DA:503,0
DA:505,0
DA:506,0
DA:509,0
DA:510,0
DA:513,0
DA:520,0
DA:530,0
DA:532,0
DA:536,0
DA:537,0
DA:538,0
DA:540,0
DA:550,0
DA:551,0
DA:552,0
DA:554,0
DA:555,0
DA:558,0
DA:564,0
DA:574,0
DA:576,0
DA:580,0
DA:581,0
DA:582,0
DA:584,0
DA:594,0
DA:596,0
DA:602,0
DA:603,0
DA:605,0
DA:614,0
DA:615,0
DA:616,0
DA:618,0
DA:619,0
DA:622,0
DA:630,0
DA:640,0
DA:642,0
DA:646,0
DA:647,0
DA:648,0
DA:650,0
DA:660,0
DA:661,0
DA:662,0
DA:664,0
DA:670,0
DA:680,0
DA:682,0
DA:686,0
DA:687,0
DA:688,0
DA:690,0
DA:700,0
DA:702,0
DA:706,0
DA:707,0
DA:708,0
DA:709,0
DA:711,0
DA:715,0
DA:716,0
DA:717,0
DA:718,0
DA:720,0
DA:726,0
DA:727,0
DA:728,0
DA:730,0
DA:741,0
DA:742,0
DA:744,0
DA:758,0
DA:759,0
DA:760,0
DA:761,0
DA:763,0
DA:768,0
DA:769,0
DA:771,0
DA:783,0
DA:784,0
DA:786,0
DA:795,0
DA:796,0
DA:797,0
DA:799,0
DA:800,0
DA:803,0
DA:810,0
DA:820,0
DA:822,0
DA:826,0
DA:827,0
DA:828,0
DA:830,0
DA:840,0
DA:841,0
DA:842,0
DA:844,0
DA:850,0
DA:852,0
DA:856,0
DA:857,0
DA:858,0
DA:860,0
DA:870,0
DA:872,0
DA:876,0
DA:877,0
DA:878,0
DA:879,0
DA:881,0
DA:885,0
DA:886,0
DA:887,0
DA:888,0
DA:890,0
DA:894,0
DA:895,0
DA:896,0
DA:898,0
DA:908,0
DA:910,0
DA:916,0
DA:917,0
DA:918,0
DA:919,0
DA:920,0
DA:922,0
DA:923,0
DA:925,0
DA:938,0
DA:939,0
DA:940,0
DA:941,0
DA:943,0
DA:944,0
DA:945,0
DA:946,0
DA:947,0
DA:948,0
DA:950,0
DA:952,0
DA:963,0
DA:965,0
DA:969,0
DA:970,0
DA:971,0
DA:978,0
DA:980,0
DA:981,0
DA:982,0
DA:983,0
DA:984,0
DA:985,0
DA:987,0
DA:989,0
DA:999,0
DA:1001,0
DA:1005,0
DA:1006,0
DA:1007,0
DA:1008,0
DA:1010,0
DA:1020,0
DA:1022,0
DA:1026,0
LF:314
LH:0
BRDA:25,0,0,0
BRDA:25,0,1,0
BRDA:32,1,0,0
BRDA:32,1,1,0
BRDA:33,2,0,0
BRDA:33,2,1,0
BRDA:34,3,0,0
BRDA:34,3,1,0
BRDA:35,4,0,0
BRDA:35,4,1,0
BRDA:36,5,0,0
BRDA:36,5,1,0
BRDA:37,6,0,0
BRDA:37,6,1,0
BRDA:38,7,0,0
BRDA:38,7,1,0
BRDA:39,8,0,0
BRDA:39,8,1,0
BRDA:40,9,0,0
BRDA:40,9,1,0
BRDA:68,10,0,0
BRDA:68,10,1,0
BRDA:69,11,0,0
BRDA:69,11,1,0
BRDA:78,12,0,0
BRDA:78,12,1,0
BRDA:100,13,0,0
BRDA:100,13,1,0
BRDA:101,14,0,0
BRDA:101,14,1,0
BRDA:112,15,0,0
BRDA:112,15,1,0
BRDA:117,16,0,0
BRDA:117,16,1,0
BRDA:124,17,0,0
BRDA:124,17,1,0
BRDA:132,18,0,0
BRDA:132,18,1,0
BRDA:132,19,0,0
BRDA:132,19,1,0
BRDA:132,19,2,0
BRDA:141,20,0,0
BRDA:141,20,1,0
BRDA:174,21,0,0
BRDA:174,21,1,0
BRDA:182,22,0,0
BRDA:182,22,1,0
BRDA:214,23,0,0
BRDA:214,23,1,0
BRDA:253,24,0,0
BRDA:253,24,1,0
BRDA:254,25,0,0
BRDA:254,25,1,0
BRDA:265,26,0,0
BRDA:265,26,1,0
BRDA:270,27,0,0
BRDA:270,27,1,0
BRDA:277,28,0,0
BRDA:277,28,1,0
BRDA:285,29,0,0
BRDA:285,29,1,0
BRDA:285,30,0,0
BRDA:285,30,1,0
BRDA:285,30,2,0
BRDA:293,31,0,0
BRDA:293,31,1,0
BRDA:316,32,0,0
BRDA:316,32,1,0
BRDA:324,33,0,0
BRDA:324,33,1,0
BRDA:359,34,0,0
BRDA:359,34,1,0
BRDA:359,35,0,0
BRDA:359,35,1,0
BRDA:383,36,0,0
BRDA:383,36,1,0
BRDA:390,37,0,0
BRDA:390,37,1,0
BRDA:390,38,0,0
BRDA:390,38,1,0
BRDA:419,39,0,0
BRDA:419,39,1,0
BRDA:419,40,0,0
BRDA:419,40,1,0
BRDA:430,41,0,0
BRDA:430,41,1,0
BRDA:430,42,0,0
BRDA:430,42,1,0
BRDA:449,43,0,0
BRDA:449,43,1,0
BRDA:464,44,0,0
BRDA:464,44,1,0
BRDA:471,45,0,0
BRDA:471,45,1,0
BRDA:472,46,0,0
BRDA:472,46,1,0
BRDA:483,47,0,0
BRDA:483,47,1,0
BRDA:490,48,0,0
BRDA:490,48,1,0
BRDA:497,49,0,0
BRDA:497,49,1,0
BRDA:505,50,0,0
BRDA:505,50,1,0
BRDA:505,51,0,0
BRDA:505,51,1,0
BRDA:509,52,0,0
BRDA:509,52,1,0
BRDA:538,53,0,0
BRDA:538,53,1,0
BRDA:546,54,0,0
BRDA:546,54,1,0
BRDA:554,55,0,0
BRDA:554,55,1,0
BRDA:603,56,0,0
BRDA:603,56,1,0
BRDA:610,57,0,0
BRDA:610,57,1,0
BRDA:618,58,0,0
BRDA:618,58,1,0
BRDA:618,59,0,0
BRDA:618,59,1,0
BRDA:618,59,2,0
BRDA:626,60,0,0
BRDA:626,60,1,0
BRDA:648,61,0,0
BRDA:648,61,1,0
BRDA:656,62,0,0
BRDA:656,62,1,0
BRDA:742,63,0,0
BRDA:742,63,1,0
BRDA:752,64,0,0
BRDA:752,64,1,0
BRDA:761,65,0,0
BRDA:761,65,1,0
BRDA:768,66,0,0
BRDA:768,66,1,0
BRDA:769,67,0,0
BRDA:769,67,1,0
BRDA:779,68,0,0
BRDA:779,68,1,0
BRDA:784,69,0,0
BRDA:784,69,1,0
BRDA:791,70,0,0
BRDA:791,70,1,0
BRDA:799,71,0,0
BRDA:799,71,1,0
BRDA:799,72,0,0
BRDA:799,72,1,0
BRDA:828,73,0,0
BRDA:828,73,1,0
BRDA:836,74,0,0
BRDA:836,74,1,0
BRDA:919,75,0,0
BRDA:919,75,1,0
BRDA:920,76,0,0
BRDA:920,76,1,0
BRDA:930,77,0,0
BRDA:930,77,1,0
BRDA:931,78,0,0
BRDA:931,78,1,0
BRDA:934,79,0,0
BRDA:934,79,1,0
BRDA:944,80,0,0
BRDA:944,80,1,0
BRDA:945,81,0,0
BRDA:945,81,1,0
BRDA:946,82,0,0
BRDA:946,82,1,0
BRDA:947,83,0,0
BRDA:947,83,1,0
BRDA:948,84,0,0
BRDA:948,84,1,0
BRDA:981,85,0,0
BRDA:981,85,1,0
BRDA:981,86,0,0
BRDA:981,86,1,0
BRDA:982,87,0,0
BRDA:982,87,1,0
BRDA:982,88,0,0
BRDA:982,88,1,0
BRDA:983,89,0,0
BRDA:983,89,1,0
BRDA:983,90,0,0
BRDA:983,90,1,0
BRDA:984,91,0,0
BRDA:984,91,1,0
BRDA:984,92,0,0
BRDA:984,92,1,0
BRDA:985,93,0,0
BRDA:985,93,1,0
BRF:191
BRH:0
end_of_record
TN:
SF:src/routes/api-v1.js
FN:20,(anonymous_0)
FN:20,(anonymous_1)
FN:26,(anonymous_2)
FN:43,(anonymous_3)
FN:59,(anonymous_4)
FN:75,(anonymous_5)
FN:99,(anonymous_6)
FN:121,(anonymous_7)
FN:132,(anonymous_8)
FN:148,(anonymous_9)
FN:165,(anonymous_10)
FN:183,(anonymous_11)
FN:207,(anonymous_12)
FN:228,(anonymous_13)
FN:239,(anonymous_14)
FN:245,(anonymous_15)
FN:257,(anonymous_16)
FN:272,(anonymous_17)
FN:295,(anonymous_18)
FN:317,(anonymous_19)
FN:328,(anonymous_20)
FN:338,(anonymous_21)
FN:351,(anonymous_22)
FN:367,(anonymous_23)
FN:392,(anonymous_24)
FN:415,(anonymous_25)
FN:424,(anonymous_26)
FN:433,(anonymous_27)
FN:444,(anonymous_28)
FN:461,(anonymous_29)
FN:482,(anonymous_30)
FN:491,(anonymous_31)
FN:504,(anonymous_32)
FN:520,(anonymous_33)
FN:544,(anonymous_34)
FN:566,(anonymous_35)
FN:575,(anonymous_36)
FN:584,(anonymous_37)
FN:593,(anonymous_38)
FN:604,(anonymous_39)
FN:634,(anonymous_40)
FN:638,(anonymous_41)
FN:651,(anonymous_42)
FN:662,(anonymous_43)
FN:686,(anonymous_44)
FN:699,(anonymous_45)
FN:704,(anonymous_46)
FNF:47
FNH:0
FNDA:0,(anonymous_0)
FNDA:0,(anonymous_1)
FNDA:0,(anonymous_2)
FNDA:0,(anonymous_3)
FNDA:0,(anonymous_4)
FNDA:0,(anonymous_5)
FNDA:0,(anonymous_6)
FNDA:0,(anonymous_7)
FNDA:0,(anonymous_8)
FNDA:0,(anonymous_9)
FNDA:0,(anonymous_10)
FNDA:0,(anonymous_11)
FNDA:0,(anonymous_12)
FNDA:0,(anonymous_13)
FNDA:0,(anonymous_14)
FNDA:0,(anonymous_15)
FNDA:0,(anonymous_16)
FNDA:0,(anonymous_17)
FNDA:0,(anonymous_18)
FNDA:0,(anonymous_19)
FNDA:0,(anonymous_20)
FNDA:0,(anonymous_21)
FNDA:0,(anonymous_22)
FNDA:0,(anonymous_23)
FNDA:0,(anonymous_24)
FNDA:0,(anonymous_25)
FNDA:0,(anonymous_26)
FNDA:0,(anonymous_27)
FNDA:0,(anonymous_28)
FNDA:0,(anonymous_29)
FNDA:0,(anonymous_30)
FNDA:0,(anonymous_31)
FNDA:0,(anonymous_32)
FNDA:0,(anonymous_33)
FNDA:0,(anonymous_34)
FNDA:0,(anonymous_35)
FNDA:0,(anonymous_36)
FNDA:0,(anonymous_37)
FNDA:0,(anonymous_38)
FNDA:0,(anonymous_39)
FNDA:0,(anonymous_40)
FNDA:0,(anonymous_41)
FNDA:0,(anonymous_42)
FNDA:0,(anonymous_43)
FNDA:0,(anonymous_44)
FNDA:0,(anonymous_45)
FNDA:0,(anonymous_46)
DA:1,0
DA:2,0
DA:3,0
DA:4,0
DA:5,0
DA:8,0
DA:9,0
DA:10,0
DA:11,0
DA:12,0
DA:13,0
DA:16,0
DA:17,0
DA:20,0
DA:21,0
DA:26,0
DA:27,0
DA:28,0
DA:30,0
DA:41,0
DA:43,0
DA:55,0
DA:59,0
DA:60,0
DA:61,0
DA:62,0
DA:71,0
DA:75,0
DA:76,0
DA:77,0
DA:79,0
DA:87,0
DA:95,0
DA:99,0
DA:100,0
DA:101,0
DA:103,0
DA:109,0
DA:117,0
DA:121,0
DA:122,0
DA:123,0
DA:124,0
DA:126,0
DA:132,0
DA:133,0
DA:134,0
DA:136,0
DA:146,0
DA:148,0
DA:161,0
DA:165,0
DA:166,0
DA:167,0
DA:168,0
DA:179,0
DA:183,0
DA:184,0
DA:185,0
DA:187,0
DA:195,0
DA:203,0
DA:207,0
DA:208,0
DA:209,0
DA:211,0
DA:217,0
DA:224,0
DA:228,0
DA:229,0
DA:230,0
DA:231,0
DA:233,0
DA:239,0
DA:240,0
DA:241,0
DA:243,0
DA:245,0
DA:253,0
DA:257,0
DA:258,0
DA:259,0
DA:260,0
DA:268,0
DA:272,0
DA:273,0
DA:274,0
DA:276,0
DA:283,0
DA:291,0
DA:295,0
DA:296,0
DA:297,0
DA:299,0
DA:305,0
DA:313,0
DA:317,0
DA:318,0
DA:319,0
DA:320,0
DA:322,0
DA:328,0
DA:329,0
DA:330,0
DA:332,0
DA:338,0
DA:347,0
DA:351,0
DA:352,0
DA:353,0
DA:354,0
DA:363,0
DA:367,0
DA:368,0
DA:369,0
DA:371,0
DA:379,0
DA:388,0
DA:392,0
DA:393,0
DA:394,0
DA:396,0
DA:402,0
DA:411,0
DA:415,0
DA:416,0
DA:417,0
DA:418,0
DA:420,0
DA:424,0
DA:425,0
DA:426,0
DA:427,0
DA:429,0
DA:433,0
DA:434,0
DA:435,0
DA:436,0
DA:438,0
DA:444,0
DA:445,0
DA:446,0
DA:448,0
DA:459,0
DA:461,0
DA:476,0
DA:482,0
DA:483,0
DA:484,0
DA:486,0
DA:491,0
DA:500,0
DA:504,0
DA:505,0
DA:506,0
DA:507,0
DA:516,0
DA:520,0
DA:521,0
DA:522,0
DA:524,0
DA:531,0
DA:540,0
DA:544,0
DA:545,0
DA:546,0
DA:548,0
DA:554,0
DA:562,0
DA:566,0
DA:567,0
DA:568,0
DA:569,0
DA:571,0
DA:575,0
DA:576,0
DA:577,0
DA:578,0
DA:580,0
DA:584,0
DA:585,0
DA:586,0
DA:587,0
DA:589,0
DA:593,0
DA:594,0
DA:595,0
DA:596,0
DA:598,0
DA:604,0
DA:605,0
DA:606,0
DA:611,0
DA:614,0
DA:617,0
DA:623,0
DA:630,0
DA:634,0
DA:635,0
DA:636,0
DA:638,0
DA:645,0
DA:651,0
DA:652,0
DA:653,0
DA:654,0
DA:656,0
DA:658,0
DA:662,0
DA:663,0
DA:664,0
DA:665,0
DA:667,0
DA:668,0
DA:669,0
DA:670,0
DA:671,0
DA:672,0
DA:673,0
DA:674,0
DA:675,0
DA:676,0
DA:678,0
DA:680,0
DA:682,0
DA:686,0
DA:687,0
DA:688,0
DA:689,0
DA:691,0
DA:693,0
DA:699,0
DA:700,0
DA:704,0
DA:705,0
DA:706,0
DA:711,0
LF:237
LH:0
BRDA:31,0,0,0
BRDA:31,0,1,0
BRDA:32,1,0,0
BRDA:32,1,1,0
BRDA:36,2,0,0
BRDA:36,2,1,0
BRDA:37,3,0,0
BRDA:37,3,1,0
BRDA:137,4,0,0
BRDA:137,4,1,0
BRDA:138,5,0,0
BRDA:138,5,1,0
BRDA:141,6,0,0
BRDA:141,6,1,0
BRDA:142,7,0,0
BRDA:142,7,1,0
BRDA:279,8,0,0
BRDA:279,8,1,0
BRDA:449,9,0,0
BRDA:449,9,1,0
BRDA:450,10,0,0
BRDA:450,10,1,0
BRDA:454,11,0,0
BRDA:454,11,1,0
BRDA:455,12,0,0
BRDA:455,12,1,0
BRDA:668,13,0,0
BRDA:668,13,1,0
BRDA:669,14,0,0
BRDA:669,14,1,0
BRDA:670,15,0,0
BRDA:670,15,1,0
BRDA:671,16,0,0
BRDA:671,16,1,0
BRDA:672,17,0,0
BRDA:672,17,1,0
BRDA:673,18,0,0
BRDA:673,18,1,0
BRDA:674,19,0,0
BRDA:674,19,1,0
BRDA:675,20,0,0
BRDA:675,20,1,0
BRDA:676,21,0,0
BRDA:676,21,1,0
BRDA:706,22,0,0
BRDA:706,22,1,0
BRDA:707,23,0,0
BRDA:707,23,1,0
BRF:48
BRH:0
end_of_record
TN:
SF:src/routes/api.js
FN:13,(anonymous_0)
FN:33,(anonymous_1)
FN:34,(anonymous_2)
FN:41,(anonymous_3)
FN:61,(anonymous_4)
FN:62,(anonymous_5)
FN:75,(anonymous_6)
FN:76,(anonymous_7)
FN:87,(anonymous_8)
FN:107,(anonymous_9)
FN:108,(anonymous_10)
FN:115,(anonymous_11)
FN:135,(anonymous_12)
FN:136,(anonymous_13)
FN:149,(anonymous_14)
FN:150,(anonymous_15)
FN:161,(anonymous_16)
FN:177,(anonymous_17)
FN:178,(anonymous_18)
FN:185,(anonymous_19)
FN:204,(anonymous_20)
FN:221,(anonymous_21)
FN:222,(anonymous_22)
FN:229,(anonymous_23)
FN:249,(anonymous_24)
FN:266,(anonymous_25)
FN:267,(anonymous_26)
FN:274,(anonymous_27)
FN:294,(anonymous_28)
FN:316,(anonymous_29)
FN:333,(anonymous_30)
FN:334,(anonymous_31)
FN:341,(anonymous_32)
FN:362,(anonymous_33)
FN:371,(anonymous_34)
FN:390,(anonymous_35)
FN:395,(anonymous_36)
FN:402,(anonymous_37)
FN:403,(anonymous_38)
FN:417,(anonymous_39)
FNF:40
FNH:0
FNDA:0,(anonymous_0)
FNDA:0,(anonymous_1)
FNDA:0,(anonymous_2)
FNDA:0,(anonymous_3)
FNDA:0,(anonymous_4)
FNDA:0,(anonymous_5)
FNDA:0,(anonymous_6)
FNDA:0,(anonymous_7)
FNDA:0,(anonymous_8)
FNDA:0,(anonymous_9)
FNDA:0,(anonymous_10)
FNDA:0,(anonymous_11)
FNDA:0,(anonymous_12)
FNDA:0,(anonymous_13)
FNDA:0,(anonymous_14)
FNDA:0,(anonymous_15)
FNDA:0,(anonymous_16)
FNDA:0,(anonymous_17)
FNDA:0,(anonymous_18)
FNDA:0,(anonymous_19)
FNDA:0,(anonymous_20)
FNDA:0,(anonymous_21)
FNDA:0,(anonymous_22)
FNDA:0,(anonymous_23)
FNDA:0,(anonymous_24)
FNDA:0,(anonymous_25)
FNDA:0,(anonymous_26)
FNDA:0,(anonymous_27)
FNDA:0,(anonymous_28)
FNDA:0,(anonymous_29)
FNDA:0,(anonymous_30)
FNDA:0,(anonymous_31)
FNDA:0,(anonymous_32)
FNDA:0,(anonymous_33)
FNDA:0,(anonymous_34)
FNDA:0,(anonymous_35)
FNDA:0,(anonymous_36)
FNDA:0,(anonymous_37)
FNDA:0,(anonymous_38)
FNDA:0,(anonymous_39)
DA:1,0
DA:2,0
DA:3,0
DA:4,0
DA:5,0
DA:8,0
DA:9,0
DA:13,0
DA:14,0
DA:16,0
DA:26,0
DA:33,0
DA:34,0
DA:35,0
DA:36,0
DA:38,0
DA:41,0
DA:42,0
DA:43,0
DA:44,0
DA:47,0
DA:57,0
DA:58,0
DA:61,0
DA:62,0
DA:63,0
DA:64,0
DA:67,0
DA:68,0
DA:69,0
DA:70,0
DA:72,0
DA:75,0
DA:76,0
DA:77,0
DA:78,0
DA:81,0
DA:82,0
DA:87,0
DA:88,0
DA:90,0
DA:100,0
DA:107,0
DA:108,0
DA:109,0
DA:110,0
DA:112,0
DA:115,0
DA:116,0
DA:117,0
DA:118,0
DA:121,0
DA:131,0
DA:132,0
DA:135,0
DA:136,0
DA:137,0
DA:138,0
DA:141,0
DA:142,0
DA:143,0
DA:144,0
DA:146,0
DA:149,0
DA:150,0
DA:151,0
DA:152,0
DA:155,0
DA:156,0
DA:161,0
DA:162,0
DA:164,0
DA:171,0
DA:177,0
DA:178,0
DA:179,0
DA:180,0
DA:182,0
DA:185,0
DA:186,0
DA:187,0
DA:188,0
DA:191,0
DA:198,0
DA:199,0
DA:204,0
DA:205,0
DA:207,0
DA:215,0
DA:221,0
DA:222,0
DA:223,0
DA:224,0
DA:226,0
DA:229,0
DA:230,0
DA:231,0
DA:232,0
DA:235,0
DA:243,0
DA:244,0
DA:249,0
DA:250,0
DA:252,0
DA:260,0
DA:266,0
DA:267,0
DA:268,0
DA:269,0
DA:271,0
DA:274,0
DA:275,0
DA:276,0
DA:277,0
DA:280,0
DA:288,0
DA:289,0
DA:294,0
DA:295,0
DA:297,0
DA:307,0
DA:316,0
DA:317,0
DA:319,0
DA:327,0
DA:333,0
DA:334,0
DA:335,0
DA:336,0
DA:338,0
DA:341,0
DA:342,0
DA:343,0
DA:344,0
DA:347,0
DA:356,0
DA:357,0
DA:362,0
DA:363,0
DA:371,0
DA:372,0
DA:374,0
DA:382,0
DA:390,0
DA:391,0
DA:395,0
DA:402,0
DA:403,0
DA:409,0
DA:417,0
DA:418,0
DA:425,0
LF:152
LH:0
BRDA:20,0,0,0
BRDA:20,0,1,0
BRDA:21,1,0,0
BRDA:21,1,1,0
BRDA:22,2,0,0
BRDA:22,2,1,0
BRDA:23,3,0,0
BRDA:23,3,1,0
BRDA:35,4,0,0
BRDA:35,4,1,0
BRDA:43,5,0,0
BRDA:43,5,1,0
BRDA:43,6,0,0
BRDA:43,6,1,0
BRDA:63,7,0,0
BRDA:63,7,1,0
BRDA:68,8,0,0
BRDA:68,8,1,0
BRDA:69,9,0,0
BRDA:69,9,1,0
BRDA:70,10,0,0
BRDA:70,10,1,0
BRDA:77,11,0,0
BRDA:77,11,1,0
BRDA:94,12,0,0
BRDA:94,12,1,0
BRDA:95,13,0,0
BRDA:95,13,1,0
BRDA:96,14,0,0
BRDA:96,14,1,0
BRDA:97,15,0,0
BRDA:97,15,1,0
BRDA:109,16,0,0
BRDA:109,16,1,0
BRDA:117,17,0,0
BRDA:117,17,1,0
BRDA:117,18,0,0
BRDA:117,18,1,0
BRDA:117,18,2,0
BRDA:137,19,0,0
BRDA:137,19,1,0
BRDA:142,20,0,0
BRDA:142,20,1,0
BRDA:143,21,0,0
BRDA:143,21,1,0
BRDA:144,22,0,0
BRDA:144,22,1,0
BRDA:151,23,0,0
BRDA:151,23,1,0
BRDA:165,24,0,0
BRDA:165,24,1,0
BRDA:166,25,0,0
BRDA:166,25,1,0
BRDA:179,26,0,0
BRDA:179,26,1,0
BRDA:187,27,0,0
BRDA:187,27,1,0
BRDA:187,28,0,0
BRDA:187,28,1,0
BRDA:187,28,2,0
BRDA:209,29,0,0
BRDA:209,29,1,0
BRDA:210,30,0,0
BRDA:210,30,1,0
BRDA:223,31,0,0
BRDA:223,31,1,0
BRDA:231,32,0,0
BRDA:231,32,1,0
BRDA:231,33,0,0
BRDA:231,33,1,0
BRDA:231,33,2,0
BRDA:231,33,3,0
BRDA:254,34,0,0
BRDA:254,34,1,0
BRDA:255,35,0,0
BRDA:255,35,1,0
BRDA:268,36,0,0
BRDA:268,36,1,0
BRDA:276,37,0,0
BRDA:276,37,1,0
BRDA:276,38,0,0
BRDA:276,38,1,0
BRDA:276,38,2,0
BRDA:301,39,0,0
BRDA:301,39,1,0
BRDA:302,40,0,0
BRDA:302,40,1,0
BRDA:303,41,0,0
BRDA:303,41,1,0
BRDA:304,42,0,0
BRDA:304,42,1,0
BRDA:321,43,0,0
BRDA:321,43,1,0
BRDA:322,44,0,0
BRDA:322,44,1,0
BRDA:335,45,0,0
BRDA:335,45,1,0
BRDA:343,46,0,0
BRDA:343,46,1,0
BRDA:343,47,0,0
BRDA:343,47,1,0
BRDA:376,48,0,0
BRDA:376,48,1,0
BRDA:377,49,0,0
BRDA:377,49,1,0
BRF:105
BRH:0
end_of_record
TN:
SF:src/routes/auth.js
FN:21,(anonymous_0)
FN:33,(anonymous_1)
FN:117,(anonymous_2)
FN:145,(anonymous_3)
FN:200,(anonymous_4)
FN:202,(anonymous_5)
FN:236,(anonymous_6)
FN:258,(anonymous_7)
FN:278,(anonymous_8)
FN:310,(anonymous_9)
FN:323,(anonymous_10)
FN:387,(anonymous_11)
FN:410,(anonymous_12)
FN:428,(anonymous_13)
FN:480,(anonymous_14)
FNF:15
FNH:0
FNDA:0,(anonymous_0)
FNDA:0,(anonymous_1)
FNDA:0,(anonymous_2)
FNDA:0,(anonymous_3)
FNDA:0,(anonymous_4)
FNDA:0,(anonymous_5)
FNDA:0,(anonymous_6)
FNDA:0,(anonymous_7)
FNDA:0,(anonymous_8)
FNDA:0,(anonymous_9)
FNDA:0,(anonymous_10)
FNDA:0,(anonymous_11)
FNDA:0,(anonymous_12)
FNDA:0,(anonymous_13)
FNDA:0,(anonymous_14)
DA:5,0
DA:6,0
DA:7,0
DA:8,0
DA:9,0
DA:10,0
DA:11,0
DA:12,0
DA:13,0
DA:14,0
DA:15,0
DA:18,0
DA:21,0
DA:22,0
DA:23,0
DA:33,0
DA:34,0
DA:35,0
DA:38,0
DA:39,0
DA:46,0
DA:48,0
DA:49,0
DA:55,0
DA:61,0
DA:69,0
DA:70,0
DA:72,0
DA:79,0
DA:80,0
DA:87,0
DA:94,0
DA:101,0
DA:102,0
DA:104,0
DA:108,0
DA:110,0
DA:111,0
DA:112,0
DA:113,0
DA:114,0
DA:115,0
DA:117,0
DA:118,0
DA:119,0
DA:120,0
DA:126,0
DA:127,0
DA:133,0
DA:139,0
DA:140,0
DA:141,0
DA:142,0
DA:143,0
DA:145,0
DA:146,0
DA:147,0
DA:152,0
DA:158,0
DA:163,0
DA:168,0
DA:175,0
DA:176,0
DA:183,0
DA:184,0
DA:188,0
DA:192,0
DA:200,0
DA:201,0
DA:202,0
DA:203,0
DA:204,0
DA:208,0
DA:214,0
DA:217,0
DA:220,0
DA:222,0
DA:224,0
DA:225,0
DA:230,0
DA:236,0
DA:237,0
DA:248,0
DA:250,0
DA:253,0
DA:255,0
DA:258,0
DA:259,0
DA:260,0
DA:263,0
DA:265,0
DA:266,0
DA:267,0
DA:268,0
DA:271,0
DA:273,0
DA:278,0
DA:279,0
DA:280,0
DA:283,0
DA:284,0
DA:285,0
DA:287,0
DA:288,0
DA:298,0
DA:301,0
DA:303,0
DA:310,0
DA:311,0
DA:312,0
DA:315,0
DA:323,0
DA:324,0
DA:325,0
DA:326,0
DA:329,0
DA:331,0
DA:332,0
DA:336,0
DA:338,0
DA:339,0
DA:342,0
DA:343,0
DA:346,0
DA:347,0
DA:348,0
DA:349,0
DA:350,0
DA:353,0
DA:354,0
DA:363,0
DA:370,0
DA:371,0
DA:372,0
DA:373,0
DA:374,0
DA:375,0
DA:378,0
DA:387,0
DA:388,0
DA:389,0
DA:390,0
DA:393,0
DA:394,0
DA:400,0
DA:404,0
DA:405,0
DA:410,0
DA:411,0
DA:412,0
DA:414,0
DA:422,0
DA:423,0
DA:428,0
DA:429,0
DA:430,0
DA:432,0
DA:433,0
DA:440,0
DA:441,0
DA:448,0
DA:449,0
DA:452,0
DA:453,0
DA:456,0
DA:464,0
DA:465,0
DA:471,0
DA:474,0
DA:475,0
DA:480,0
DA:481,0
DA:483,0
DA:486,0
DA:494,0
DA:495,0
DA:501,0
DA:504,0
DA:505,0
DA:509,0
LF:180
LH:0
BRDA:18,0,0,0
BRDA:18,0,1,0
BRDA:25,1,0,0
BRDA:25,1,1,0
BRDA:26,2,0,0
BRDA:26,2,1,0
BRDA:38,3,0,0
BRDA:38,3,1,0
BRDA:38,4,0,0
BRDA:38,4,1,0
BRDA:48,5,0,0
BRDA:48,5,1,0
BRDA:79,6,0,0
BRDA:79,6,1,0
BRDA:108,7,0,0
BRDA:108,7,1,0
BRDA:115,8,0,0
BRDA:115,8,1,0
BRDA:118,9,0,0
BRDA:118,9,1,0
BRDA:126,10,0,0
BRDA:126,10,1,0
BRDA:143,11,0,0
BRDA:143,11,1,0
BRDA:146,12,0,0
BRDA:146,12,1,0
BRDA:175,13,0,0
BRDA:175,13,1,0
BRDA:183,14,0,0
BRDA:183,14,1,0
BRDA:203,15,0,0
BRDA:203,15,1,0
BRDA:224,16,0,0
BRDA:224,16,1,0
BRDA:259,17,0,0
BRDA:259,17,1,0
BRDA:265,18,0,0
BRDA:265,18,1,0
BRDA:267,19,0,0
BRDA:267,19,1,0
BRDA:279,20,0,0
BRDA:279,20,1,0
BRDA:287,21,0,0
BRDA:287,21,1,0
BRDA:311,22,0,0
BRDA:311,22,1,0
BRDA:317,23,0,0
BRDA:317,23,1,0
BRDA:318,24,0,0
BRDA:318,24,1,0
BRDA:325,25,0,0
BRDA:325,25,1,0
BRDA:331,26,0,0
BRDA:331,26,1,0
BRDA:338,27,0,0
BRDA:338,27,1,0
BRDA:346,28,0,0
BRDA:346,28,1,0
BRDA:348,29,0,0
BRDA:348,29,1,0
BRDA:353,30,0,0
BRDA:353,30,1,0
BRDA:380,31,0,0
BRDA:380,31,1,0
BRDA:388,32,0,0
BRDA:388,32,1,0
BRDA:393,33,0,0
BRDA:393,33,1,0
BRDA:416,34,0,0
BRDA:416,34,1,0
BRDA:432,35,0,0
BRDA:432,35,1,0
BRDA:432,36,0,0
BRDA:432,36,1,0
BRDA:432,36,2,0
BRDA:440,37,0,0
BRDA:440,37,1,0
BRDA:464,38,0,0
BRDA:464,38,1,0
BRDA:494,39,0,0
BRDA:494,39,1,0
BRF:81
BRH:0
end_of_record
TN:
SF:src/schemas/serializers.js
FN:4,(anonymous_0)
FN:14,(anonymous_1)
FN:24,(anonymous_2)
FN:31,(anonymous_3)
FN:39,(anonymous_4)
FN:47,(anonymous_5)
FN:57,(anonymous_6)
FN:66,(anonymous_7)
FN:74,(anonymous_8)
FN:83,(anonymous_9)
FN:95,(anonymous_10)
FN:101,(anonymous_11)
FN:110,(anonymous_12)
FNF:13
FNH:0
FNDA:0,(anonymous_0)
FNDA:0,(anonymous_1)
FNDA:0,(anonymous_2)
FNDA:0,(anonymous_3)
FNDA:0,(anonymous_4)
FNDA:0,(anonymous_5)
FNDA:0,(anonymous_6)
FNDA:0,(anonymous_7)
FNDA:0,(anonymous_8)
FNDA:0,(anonymous_9)
FNDA:0,(anonymous_10)
FNDA:0,(anonymous_11)
FNDA:0,(anonymous_12)
DA:3,0
DA:4,0
DA:14,0
DA:24,0
DA:31,0
DA:39,0
DA:47,0
DA:57,0
DA:66,0
DA:74,0
DA:83,0
DA:95,0
DA:101,0
DA:110,0
DA:121,0
LF:15
LH:0
BRDA:84,0,0,0
BRDA:84,0,1,0
BRDA:95,1,0,0
BRDA:97,2,0,0
BRDA:97,2,1,0
BRDA:97,3,0,0
BRDA:97,3,1,0
BRDA:101,4,0,0
BRDA:104,5,0,0
BRDA:104,5,1,0
BRF:10
BRH:0
end_of_record
TN:
SF:src/schemas/validation.js
FN:89,validate
FNF:1
FNH:0
FNDA:0,validate
DA:3,0
DA:90,0
DA:92,0
DA:93,0
DA:95,0
DA:96,0
DA:97,0
DA:100,0
DA:102,0
DA:103,0
DA:104,0
DA:107,0
DA:108,0
DA:109,0
DA:112,0
DA:113,0
DA:114,0
DA:117,0
DA:118,0
DA:121,0
DA:122,0
DA:125,0
DA:126,0
DA:129,0
DA:130,0
DA:133,0
DA:134,0
DA:137,0
DA:138,0
DA:141,0
DA:142,0
DA:146,0
DA:152,0
LF:33
LH:0
BRDA:95,0,0,0
BRDA:95,0,1,0
BRDA:95,1,0,0
BRDA:95,1,1,0
BRDA:95,1,2,0
BRDA:95,1,3,0
BRDA:100,2,0,0
BRDA:100,2,1,0
BRDA:100,3,0,0
BRDA:100,3,1,0
BRDA:102,4,0,0
BRDA:102,4,1,0
BRDA:102,5,0,0
BRDA:102,5,1,0
BRDA:107,6,0,0
BRDA:107,6,1,0
BRDA:107,7,0,0
BRDA:107,7,1,0
BRDA:112,8,0,0
BRDA:112,8,1,0
BRDA:112,9,0,0
BRDA:112,9,1,0
BRDA:117,10,0,0
BRDA:117,10,1,0
BRDA:117,11,0,0
BRDA:117,11,1,0
BRDA:121,12,0,0
BRDA:121,12,1,0
BRDA:121,13,0,0
BRDA:121,13,1,0
BRDA:125,14,0,0
BRDA:125,14,1,0
BRDA:125,15,0,0
BRDA:125,15,1,0
BRDA:129,16,0,0
BRDA:129,16,1,0
BRDA:129,17,0,0
BRDA:129,17,1,0
BRDA:133,18,0,0
BRDA:133,18,1,0
BRDA:133,19,0,0
BRDA:133,19,1,0
BRDA:137,20,0,0
BRDA:137,20,1,0
BRDA:137,21,0,0
BRDA:137,21,1,0
BRDA:141,22,0,0
BRDA:141,22,1,0
BRDA:141,23,0,0
BRDA:141,23,1,0
BRDA:141,23,2,0
BRF:51
BRH:0
end_of_record
TN:
SF:src/schemas/validationSchemas.js
FNF:0
FNH:0
DA:1,2
DA:4,2
DA:23,2
DA:34,2
DA:44,2
DA:59,2
DA:82,2
DA:101,2
DA:126,2
DA:150,2
DA:176,2
DA:195,2
DA:205,2
DA:227,2
DA:236,2
LF:15
LH:15
BRF:0
BRH:0
end_of_record
TN:
SF:src/scripts/seed-database.js
FN:21,seedDatabase
FN:70,seedRoles
FN:123,seedUsers
FN:169,seedDocuments
FN:217,seedPolicies
FN:257,seedAgents
FN:292,seedAuditLogs
FNF:7
FNH:0
FNDA:0,seedDatabase
FNDA:0,seedRoles
FNDA:0,seedUsers
FNDA:0,seedDocuments
FNDA:0,seedPolicies
FNDA:0,seedAgents
FNDA:0,seedAuditLogs
DA:8,0
DA:9,0
DA:10,0
DA:11,0
DA:12,0
DA:13,0
DA:14,0
DA:15,0
DA:16,0
DA:19,0
DA:22,0
DA:23,0
DA:26,0
DA:27,0
DA:29,0
DA:30,0
DA:33,0
DA:34,0
DA:35,0
DA:38,0
DA:39,0
DA:40,0
DA:43,0
DA:44,0
DA:45,0
DA:48,0
DA:49,0
DA:50,0
DA:53,0
DA:54,0
DA:55,0
DA:58,0
DA:59,0
DA:60,0
DA:62,0
DA:63,0
DA:65,0
DA:66,0
DA:71,0
DA:105,0
DA:106,0
DA:107,0
DA:108,0
DA:112,0
DA:114,0
DA:115,0
DA:120,0
DA:124,0
DA:151,0
DA:152,0
DA:153,0
DA:154,0
DA:158,0
DA:160,0
DA:161,0
DA:166,0
DA:170,0
DA:201,0
DA:202,0
DA:203,0
DA:204,0
DA:208,0
DA:210,0
DA:214,0
DA:218,0
DA:239,0
DA:240,0
DA:241,0
DA:242,0
DA:246,0
DA:248,0
DA:249,0
DA:254,0
DA:258,0
DA:276,0
DA:277,0
DA:278,0
DA:279,0
DA:283,0
DA:285,0
DA:289,0
DA:293,0
DA:332,0
DA:333,0
DA:334,0
DA:335,0
DA:339,0
DA:341,0
DA:345,0
DA:349,0
LF:90
LH:0
BRDA:114,0,0,0
BRDA:114,0,1,0
BRDA:160,1,0,0
BRDA:160,1,1,0
BRDA:248,2,0,0
BRDA:248,2,1,0
BRF:6
BRH:0
end_of_record
TN:
SF:src/services/agentService.js
FN:12,(anonymous_0)
FN:19,(anonymous_1)
FN:33,(anonymous_2)
FN:49,(anonymous_3)
FN:65,(anonymous_4)
FN:84,(anonymous_5)
FN:100,(anonymous_6)
FN:118,(anonymous_7)
FN:131,(anonymous_8)
FN:151,(anonymous_9)
FN:166,(anonymous_10)
FN:181,(anonymous_11)
FN:192,(anonymous_12)
FN:203,(anonymous_13)
FNF:14
FNH:0
FNDA:0,(anonymous_0)
FNDA:0,(anonymous_1)
FNDA:0,(anonymous_2)
FNDA:0,(anonymous_3)
FNDA:0,(anonymous_4)
FNDA:0,(anonymous_5)
FNDA:0,(anonymous_6)
FNDA:0,(anonymous_7)
FNDA:0,(anonymous_8)
FNDA:0,(anonymous_9)
FNDA:0,(anonymous_10)
FNDA:0,(anonymous_11)
FNDA:0,(anonymous_12)
FNDA:0,(anonymous_13)
DA:5,0
DA:6,0
DA:13,0
DA:20,0
DA:21,0
DA:23,0
DA:34,0
DA:39,0
DA:40,0
DA:43,0
DA:50,0
DA:55,0
DA:56,0
DA:59,0
DA:66,0
DA:70,0
DA:71,0
DA:75,0
DA:76,0
DA:78,0
DA:85,0
DA:87,0
DA:101,0
DA:102,0
DA:103,0
DA:106,0
DA:107,0
DA:108,0
DA:110,0
DA:112,0
DA:119,0
DA:120,0
DA:121,0
DA:124,0
DA:125,0
DA:132,0
DA:133,0
DA:134,0
DA:137,0
DA:138,0
DA:140,0
DA:152,0
DA:153,0
DA:154,0
DA:157,0
DA:158,0
DA:160,0
DA:167,0
DA:168,0
DA:169,0
DA:172,0
DA:173,0
DA:175,0
DA:182,0
DA:193,0
DA:204,0
DA:205,0
DA:206,0
DA:207,0
DA:212,0
LF:60
LH:0
BRDA:21,0,0,0
BRDA:21,0,1,0
BRDA:39,1,0,0
BRDA:39,1,1,0
BRDA:55,2,0,0
BRDA:55,2,1,0
BRDA:70,3,0,0
BRDA:70,3,1,0
BRDA:84,4,0,0
BRDA:102,5,0,0
BRDA:102,5,1,0
BRDA:106,6,0,0
BRDA:106,6,1,0
BRDA:107,7,0,0
BRDA:107,7,1,0
BRDA:108,8,0,0
BRDA:108,8,1,0
BRDA:120,9,0,0
BRDA:120,9,1,0
BRDA:133,10,0,0
BRDA:133,10,1,0
BRDA:153,11,0,0
BRDA:153,11,1,0
BRDA:168,12,0,0
BRDA:168,12,1,0
BRDA:205,13,0,0
BRDA:205,13,1,0
BRF:27
BRH:0
end_of_record
TN:
SF:src/services/auditLogService.js
FN:12,(anonymous_0)
FN:28,(anonymous_1)
FN:70,(anonymous_2)
FN:81,(anonymous_3)
FN:92,(anonymous_4)
FN:109,(anonymous_5)
FN:127,(anonymous_6)
FN:142,(anonymous_7)
FN:157,(anonymous_8)
FNF:9
FNH:9
FNDA:4,(anonymous_0)
FNDA:5,(anonymous_1)
FNDA:3,(anonymous_2)
FNDA:2,(anonymous_3)
FNDA:2,(anonymous_4)
FNDA:3,(anonymous_5)
FNDA:2,(anonymous_6)
FNDA:1,(anonymous_7)
FNDA:3,(anonymous_8)
DA:5,1
DA:6,1
DA:13,4
DA:29,5
DA:30,5
DA:32,5
DA:34,5
DA:35,5
DA:37,5
DA:38,1
DA:45,5
DA:47,5
DA:54,5
DA:71,3
DA:82,2
DA:93,2
DA:94,2
DA:96,2
DA:110,3
DA:111,3
DA:113,3
DA:128,2
DA:143,1
DA:158,3
DA:159,3
DA:161,3
DA:170,1
LF:27
LH:27
BRDA:20,0,0,4
BRDA:20,0,1,3
BRDA:28,1,0,0
BRDA:28,2,0,0
BRDA:28,3,0,5
BRDA:28,4,0,5
BRDA:34,5,0,1
BRDA:34,5,1,4
BRDA:35,6,0,1
BRDA:35,6,1,4
BRDA:37,7,0,1
BRDA:37,7,1,4
BRDA:45,8,0,5
BRDA:45,8,1,0
BRDA:45,9,0,0
BRDA:45,9,1,5
BRDA:70,10,0,1
BRDA:81,11,0,1
BRDA:92,12,0,0
BRDA:92,13,0,0
BRDA:109,14,0,0
BRDA:109,15,0,0
BRDA:157,16,0,0
BRF:23
BRH:14
end_of_record
TN:
SF:src/services/documentService.js
FN:12,(anonymous_0)
FN:53,(anonymous_1)
FN:68,(anonymous_2)
FN:85,(anonymous_3)
FN:104,(anonymous_4)
FN:117,(anonymous_5)
FN:128,(anonymous_6)
FN:138,(anonymous_7)
FN:148,(anonymous_8)
FN:165,(anonymous_9)
FN:184,(anonymous_10)
FN:200,(anonymous_11)
FNF:12
FNH:0
FNDA:0,(anonymous_0)
FNDA:0,(anonymous_1)
FNDA:0,(anonymous_2)
FNDA:0,(anonymous_3)
FNDA:0,(anonymous_4)
FNDA:0,(anonymous_5)
FNDA:0,(anonymous_6)
FNDA:0,(anonymous_7)
FNDA:0,(anonymous_8)
FNDA:0,(anonymous_9)
FNDA:0,(anonymous_10)
FNDA:0,(anonymous_11)
DA:5,0
DA:6,0
DA:13,0
DA:14,0
DA:16,0
DA:18,0
DA:20,0
DA:21,0
DA:28,0
DA:30,0
DA:37,0
DA:54,0
DA:58,0
DA:59,0
DA:62,0
DA:69,0
DA:79,0
DA:86,0
DA:87,0
DA:88,0
DA:91,0
DA:92,0
DA:93,0
DA:94,0
DA:96,0
DA:98,0
DA:105,0
DA:106,0
DA:107,0
DA:110,0
DA:111,0
DA:118,0
DA:119,0
DA:120,0
DA:121,0
DA:129,0
DA:139,0
DA:149,0
DA:159,0
DA:166,0
DA:167,0
DA:168,0
DA:171,0
DA:172,0
DA:173,0
DA:174,0
DA:175,0
DA:177,0
DA:178,0
DA:185,0
DA:190,0
DA:191,0
DA:194,0
DA:201,0
DA:202,0
DA:203,0
DA:206,0
DA:207,0
DA:208,0
DA:209,0
DA:210,0
DA:212,0
DA:213,0
DA:217,0
LF:64
LH:0
BRDA:12,0,0,0
BRDA:12,1,0,0
BRDA:12,2,0,0
BRDA:12,3,0,0
BRDA:18,4,0,0
BRDA:18,4,1,0
BRDA:20,5,0,0
BRDA:20,5,1,0
BRDA:28,6,0,0
BRDA:28,6,1,0
BRDA:28,7,0,0
BRDA:28,7,1,0
BRDA:58,8,0,0
BRDA:58,8,1,0
BRDA:87,9,0,0
BRDA:87,9,1,0
BRDA:91,10,0,0
BRDA:91,10,1,0
BRDA:92,11,0,0
BRDA:92,11,1,0
BRDA:93,12,0,0
BRDA:93,12,1,0
BRDA:94,13,0,0
BRDA:94,13,1,0
BRDA:106,14,0,0
BRDA:106,14,1,0
BRDA:119,15,0,0
BRDA:119,15,1,0
BRDA:120,16,0,0
BRDA:120,16,1,0
BRDA:167,17,0,0
BRDA:167,17,1,0
BRDA:190,18,0,0
BRDA:190,18,1,0
BRDA:202,19,0,0
BRDA:202,19,1,0
BRF:36
BRH:0
end_of_record
TN:
SF:src/services/errorTrackingService.js
FN:5,(anonymous_0)
FN:23,(anonymous_1)
FN:33,(anonymous_2)
FN:42,(anonymous_3)
FN:47,(anonymous_4)
FN:52,(anonymous_5)
FN:57,(anonymous_6)
FN:69,(anonymous_7)
FN:78,(anonymous_8)
FN:101,(anonymous_9)
FN:118,(anonymous_10)
FN:130,(anonymous_11)
FN:141,(anonymous_12)
FN:152,(anonymous_13)
FN:169,(anonymous_14)
FN:174,(anonymous_15)
FN:179,(anonymous_16)
FNF:17
FNH:17
FNDA:3,(anonymous_0)
FNDA:1,(anonymous_1)
FNDA:1,(anonymous_2)
FNDA:1,(anonymous_3)
FNDA:1,(anonymous_4)
FNDA:1,(anonymous_5)
FNDA:1,(anonymous_6)
FNDA:1,(anonymous_7)
FNDA:3,(anonymous_8)
FNDA:1,(anonymous_9)
FNDA:1,(anonymous_10)
FNDA:1,(anonymous_11)
FNDA:1,(anonymous_12)
FNDA:1,(anonymous_13)
FNDA:1,(anonymous_14)
FNDA:2,(anonymous_15)
FNDA:1,(anonymous_16)
DA:1,23
DA:2,23
DA:6,3
DA:7,3
DA:8,3
DA:11,0
DA:20,0
DA:24,1
DA:25,1
DA:26,1
DA:29,0
DA:30,0
DA:34,1
DA:36,0
DA:43,1
DA:44,0
DA:48,1
DA:49,0
DA:53,1
DA:54,0
DA:58,1
DA:60,0
DA:70,1
DA:72,0
DA:79,3
DA:81,0
DA:82,0
DA:83,0
DA:88,0
DA:91,0
DA:92,0
DA:102,1
DA:104,0
DA:119,1
DA:121,0
DA:122,0
DA:131,1
DA:133,0
DA:142,1
DA:144,0
DA:153,1
DA:155,0
DA:162,0
DA:170,1
DA:171,0
DA:175,2
DA:176,0
DA:180,1
DA:184,23
LF:49
LH:24
BRDA:5,0,0,0
BRDA:6,1,0,3
BRDA:6,1,1,0
BRDA:23,2,0,0
BRDA:23,3,0,0
BRDA:24,4,0,1
BRDA:24,4,1,0
BRDA:33,5,0,0
BRDA:34,6,0,1
BRDA:34,6,1,0
BRDA:43,7,0,1
BRDA:43,7,1,0
BRDA:48,8,0,1
BRDA:48,8,1,0
BRDA:53,9,0,1
BRDA:53,9,1,0
BRDA:57,10,0,0
BRDA:57,11,0,0
BRDA:58,12,0,1
BRDA:58,12,1,0
BRDA:69,13,0,0
BRDA:70,14,0,1
BRDA:70,14,1,0
BRDA:78,15,0,0
BRDA:79,16,0,3
BRDA:79,16,1,0
BRDA:82,17,0,0
BRDA:82,17,1,0
BRDA:91,18,0,0
BRDA:91,18,1,0
BRDA:102,19,0,1
BRDA:102,19,1,0
BRDA:107,20,0,0
BRDA:107,20,1,0
BRDA:118,21,0,0
BRDA:119,22,0,1
BRDA:119,22,1,0
BRDA:130,23,0,0
BRDA:131,24,0,1
BRDA:131,24,1,0
BRDA:141,25,0,0
BRDA:142,26,0,1
BRDA:142,26,1,0
BRDA:152,27,0,0
BRDA:153,28,0,1
BRDA:153,28,1,0
BRDA:170,29,0,1
BRDA:170,29,1,0
BRDA:174,30,0,0
BRDA:175,31,0,2
BRDA:175,31,1,0
BRF:51
BRH:16
end_of_record
TN:
SF:src/services/loggingService.js
FN:4,(anonymous_0)
FN:13,(anonymous_1)
FN:17,(anonymous_2)
FN:21,(anonymous_3)
FN:40,(anonymous_4)
FN:44,(anonymous_5)
FN:48,(anonymous_6)
FN:63,(anonymous_7)
FN:79,(anonymous_8)
FN:90,(anonymous_9)
FN:103,(anonymous_10)
FN:113,(anonymous_11)
FNF:12
FNH:9
FNDA:2,(anonymous_0)
FNDA:4,(anonymous_1)
FNDA:3,(anonymous_2)
FNDA:3,(anonymous_3)
FNDA:1,(anonymous_4)
FNDA:1,(anonymous_5)
FNDA:0,(anonymous_6)
FNDA:7,(anonymous_7)
FNDA:0,(anonymous_8)
FNDA:0,(anonymous_9)
FNDA:2,(anonymous_10)
FNDA:2,(anonymous_11)
DA:1,3
DA:5,2
DA:14,4
DA:18,3
DA:22,3
DA:27,3
DA:28,2
DA:33,1
DA:34,1
DA:37,3
DA:41,1
DA:45,1
DA:49,0
DA:60,0
DA:64,7
DA:75,7
DA:76,7
DA:80,0
DA:85,0
DA:86,0
DA:91,0
DA:98,0
DA:99,0
DA:104,2
DA:110,2
DA:114,2
DA:121,2
DA:125,3
LF:28
LH:20
BRDA:4,0,0,1
BRDA:4,1,0,0
BRDA:13,2,0,1
BRDA:17,3,0,0
BRDA:21,4,0,0
BRDA:21,5,0,2
BRDA:27,6,0,2
BRDA:27,6,1,1
BRDA:33,7,0,1
BRDA:33,7,1,0
BRDA:40,8,0,0
BRDA:44,9,0,0
BRDA:48,10,0,0
BRDA:53,11,0,0
BRDA:53,11,1,0
BRDA:55,12,0,0
BRDA:55,12,1,0
BRDA:56,13,0,0
BRDA:56,13,1,0
BRDA:63,14,0,7
BRDA:70,15,0,7
BRDA:70,15,1,7
BRDA:71,16,0,7
BRDA:71,16,1,7
BRDA:75,17,0,4
BRDA:75,17,1,3
BRDA:79,18,0,0
BRDA:85,19,0,0
BRDA:85,19,1,0
BRDA:90,20,0,0
BRDA:98,21,0,0
BRDA:98,21,1,0
BRDA:103,22,0,0
BRDA:113,23,0,1
BRF:34
BRH:14
end_of_record
TN:
SF:src/services/oauthService.js
FN:11,(anonymous_0)
FN:41,(anonymous_1)
FN:50,(anonymous_2)
FN:60,(anonymous_3)
FN:86,(anonymous_4)
FN:97,(anonymous_5)
FNF:6
FNH:0
FNDA:0,(anonymous_0)
FNDA:0,(anonymous_1)
FNDA:0,(anonymous_2)
FNDA:0,(anonymous_3)
FNDA:0,(anonymous_4)
FNDA:0,(anonymous_5)
DA:5,0
DA:12,0
DA:16,0
DA:17,0
DA:18,0
DA:19,0
DA:20,0
DA:21,0
DA:22,0
DA:23,0
DA:26,0
DA:42,0
DA:51,0
DA:62,0
DA:66,0
DA:67,0
DA:71,0
DA:87,0
DA:91,0
DA:99,0
DA:101,0
DA:103,0
DA:107,0
DA:108,0
DA:112,0
DA:114,0
DA:122,0
DA:126,0
DA:128,0
DA:135,0
DA:137,0
DA:145,0
DA:146,0
DA:156,0
DA:167,0
DA:174,0
DA:178,0
LF:37
LH:0
BRDA:16,0,0,0
BRDA:16,0,1,0
BRDA:20,1,0,0
BRDA:20,1,1,0
BRDA:21,2,0,0
BRDA:21,2,1,0
BRDA:66,3,0,0
BRDA:66,3,1,0
BRDA:66,4,0,0
BRDA:66,4,1,0
BRDA:101,5,0,0
BRDA:101,5,1,0
BRDA:107,6,0,0
BRDA:107,6,1,0
BRDA:126,7,0,0
BRDA:126,7,1,0
BRDA:145,8,0,0
BRDA:145,8,1,0
BRF:18
BRH:0
end_of_record
TN:
SF:src/services/policyService.js
FN:12,(anonymous_0)
FN:26,(anonymous_1)
FN:41,(anonymous_2)
FN:56,(anonymous_3)
FN:69,(anonymous_4)
FN:88,(anonymous_5)
FN:101,(anonymous_6)
FN:111,(anonymous_7)
FN:126,(anonymous_8)
FN:141,(anonymous_9)
FNF:10
FNH:0
FNDA:0,(anonymous_0)
FNDA:0,(anonymous_1)
FNDA:0,(anonymous_2)
FNDA:0,(anonymous_3)
FNDA:0,(anonymous_4)
FNDA:0,(anonymous_5)
FNDA:0,(anonymous_6)
FNDA:0,(anonymous_7)
FNDA:0,(anonymous_8)
FNDA:0,(anonymous_9)
DA:5,0
DA:6,0
DA:13,0
DA:14,0
DA:15,0
DA:17,0
DA:27,0
DA:31,0
DA:32,0
DA:35,0
DA:42,0
DA:46,0
DA:47,0
DA:50,0
DA:57,0
DA:70,0
DA:71,0
DA:72,0
DA:75,0
DA:76,0
DA:77,0
DA:78,0
DA:80,0
DA:82,0
DA:89,0
DA:90,0
DA:91,0
DA:94,0
DA:95,0
DA:102,0
DA:112,0
DA:113,0
DA:114,0
DA:117,0
DA:118,0
DA:120,0
DA:127,0
DA:128,0
DA:129,0
DA:132,0
DA:133,0
DA:135,0
DA:142,0
DA:149,0
LF:44
LH:0
BRDA:14,0,0,0
BRDA:14,0,1,0
BRDA:15,1,0,0
BRDA:15,1,1,0
BRDA:31,2,0,0
BRDA:31,2,1,0
BRDA:46,3,0,0
BRDA:46,3,1,0
BRDA:56,4,0,0
BRDA:71,5,0,0
BRDA:71,5,1,0
BRDA:75,6,0,0
BRDA:75,6,1,0
BRDA:76,7,0,0
BRDA:76,7,1,0
BRDA:77,8,0,0
BRDA:77,8,1,0
BRDA:78,9,0,0
BRDA:78,9,1,0
BRDA:90,10,0,0
BRDA:90,10,1,0
BRDA:113,11,0,0
BRDA:113,11,1,0
BRDA:128,12,0,0
BRDA:128,12,1,0
BRF:25
BRH:0
end_of_record
TN:
SF:src/services/preferencesService.js
FN:11,(anonymous_0)
FN:41,(anonymous_1)
FN:88,(anonymous_2)
FN:101,(anonymous_3)
FN:108,(anonymous_4)
FN:136,(anonymous_5)
FN:144,(anonymous_6)
FN:150,(anonymous_7)
FN:163,(anonymous_8)
FN:177,(anonymous_9)
FNF:10
FNH:0
FNDA:0,(anonymous_0)
FNDA:0,(anonymous_1)
FNDA:0,(anonymous_2)
FNDA:0,(anonymous_3)
FNDA:0,(anonymous_4)
FNDA:0,(anonymous_5)
FNDA:0,(anonymous_6)
FNDA:0,(anonymous_7)
FNDA:0,(anonymous_8)
FNDA:0,(anonymous_9)
DA:5,0
DA:12,0
DA:16,0
DA:17,0
DA:35,0
DA:42,0
DA:46,0
DA:47,0
DA:55,0
DA:56,0
DA:60,0
DA:61,0
DA:65,0
DA:66,0
DA:70,0
DA:71,0
DA:75,0
DA:88,0
DA:89,0
DA:90,0
DA:94,0
DA:95,0
DA:102,0
DA:109,0
DA:113,0
DA:114,0
DA:130,0
DA:137,0
DA:138,0
DA:145,0
DA:146,0
DA:149,0
DA:150,0
DA:151,0
DA:152,0
DA:155,0
DA:164,0
DA:165,0
DA:178,0
DA:180,0
DA:181,0
DA:183,0
DA:184,0
DA:186,0
DA:187,0
DA:189,0
DA:190,0
DA:192,0
DA:193,0
DA:196,0
DA:200,0
LF:51
LH:0
BRDA:16,0,0,0
BRDA:16,0,1,0
BRDA:46,1,0,0
BRDA:46,1,1,0
BRDA:55,2,0,0
BRDA:55,2,1,0
BRDA:55,3,0,0
BRDA:55,3,1,0
BRDA:60,4,0,0
BRDA:60,4,1,0
BRDA:60,5,0,0
BRDA:60,5,1,0
BRDA:65,6,0,0
BRDA:65,6,1,0
BRDA:65,7,0,0
BRDA:65,7,1,0
BRDA:65,7,2,0
BRDA:70,8,0,0
BRDA:70,8,1,0
BRDA:70,9,0,0
BRDA:70,9,1,0
BRDA:89,10,0,0
BRDA:89,10,1,0
BRDA:113,11,0,0
BRDA:113,11,1,0
BRDA:138,12,0,0
BRDA:138,12,1,0
BRDA:145,13,0,0
BRDA:145,13,1,0
BRDA:145,14,0,0
BRDA:145,14,1,0
BRDA:151,15,0,0
BRDA:151,15,1,0
BRDA:180,16,0,0
BRDA:180,16,1,0
BRDA:183,17,0,0
BRDA:183,17,1,0
BRDA:186,18,0,0
BRDA:186,18,1,0
BRDA:189,19,0,0
BRDA:189,19,1,0
BRDA:192,20,0,0
BRDA:192,20,1,0
BRF:43
BRH:0
end_of_record
TN:
SF:src/services/roleService.js
FN:12,(anonymous_0)
FN:22,(anonymous_1)
FN:37,(anonymous_2)
FN:52,(anonymous_3)
FN:70,(anonymous_4)
FN:87,(anonymous_5)
FN:100,(anonymous_6)
FN:115,(anonymous_7)
FN:132,(anonymous_8)
FN:138,(anonymous_9)
FNF:10
FNH:0
FNDA:0,(anonymous_0)
FNDA:0,(anonymous_1)
FNDA:0,(anonymous_2)
FNDA:0,(anonymous_3)
FNDA:0,(anonymous_4)
FNDA:0,(anonymous_5)
FNDA:0,(anonymous_6)
FNDA:0,(anonymous_7)
FNDA:0,(anonymous_8)
FNDA:0,(anonymous_9)
DA:5,0
DA:6,0
DA:13,0
DA:23,0
DA:27,0
DA:28,0
DA:31,0
DA:38,0
DA:42,0
DA:43,0
DA:46,0
DA:54,0
DA:55,0
DA:56,0
DA:59,0
DA:71,0
DA:72,0
DA:73,0
DA:76,0
DA:77,0
DA:79,0
DA:81,0
DA:88,0
DA:89,0
DA:90,0
DA:93,0
DA:94,0
DA:101,0
DA:105,0
DA:106,0
DA:109,0
DA:116,0
DA:117,0
DA:118,0
DA:121,0
DA:122,0
DA:123,0
DA:126,0
DA:133,0
DA:134,0
DA:135,0
DA:138,0
DA:139,0
DA:141,0
DA:145,0
LF:45
LH:0
BRDA:27,0,0,0
BRDA:27,0,1,0
BRDA:42,1,0,0
BRDA:42,1,1,0
BRDA:52,2,0,0
BRDA:55,3,0,0
BRDA:55,3,1,0
BRDA:72,4,0,0
BRDA:72,4,1,0
BRDA:76,5,0,0
BRDA:76,5,1,0
BRDA:77,6,0,0
BRDA:77,6,1,0
BRDA:89,7,0,0
BRDA:89,7,1,0
BRDA:105,8,0,0
BRDA:105,8,1,0
BRDA:109,9,0,0
BRDA:109,9,1,0
BRDA:117,10,0,0
BRDA:117,10,1,0
BRDA:121,11,0,0
BRDA:121,11,1,0
BRDA:134,12,0,0
BRDA:134,12,1,0
BRF:25
BRH:0
end_of_record
TN:
SF:src/services/twoFactorService.js
FN:18,(anonymous_0)
FN:49,(anonymous_1)
FN:70,(anonymous_2)
FN:85,(anonymous_3)
FN:96,(anonymous_4)
FN:112,(anonymous_5)
FN:128,(anonymous_6)
FN:144,(anonymous_7)
FNF:8
FNH:5
FNDA:4,(anonymous_0)
FNDA:6,(anonymous_1)
FNDA:4,(anonymous_2)
FNDA:4,(anonymous_3)
FNDA:3,(anonymous_4)
FNDA:0,(anonymous_5)
FNDA:0,(anonymous_6)
FNDA:0,(anonymous_7)
DA:6,1
DA:7,1
DA:8,1
DA:9,1
DA:10,1
DA:20,4
DA:27,4
DA:28,4
DA:29,32
DA:33,4
DA:35,4
DA:50,6
DA:52,2
DA:53,2
DA:60,0
DA:61,0
DA:71,4
DA:72,4
DA:73,5
DA:74,5
DA:76,4
DA:86,4
DA:87,1
DA:90,3
DA:91,3
DA:92,3
DA:94,3
DA:96,3
DA:97,2
DA:98,2
DA:102,1
DA:113,0
DA:114,0
DA:116,0
DA:129,0
DA:130,0
DA:132,0
DA:145,0
DA:146,0
DA:150,1
LF:40
LH:30
BRDA:50,0,0,4
BRDA:50,0,1,2
BRDA:50,1,0,6
BRDA:50,1,1,4
BRDA:86,2,0,1
BRDA:86,2,1,3
BRDA:86,3,0,4
BRDA:86,3,1,3
BRDA:94,4,0,2
BRDA:94,4,1,1
BRDA:114,5,0,0
BRDA:114,5,1,0
BRDA:130,6,0,0
BRDA:130,6,1,0
BRDA:146,7,0,0
BRDA:146,7,1,0
BRF:16
BRH:10
end_of_record
TN:
SF:src/services/userService.js
FN:13,(anonymous_0)
FN:55,(anonymous_1)
FN:71,(anonymous_2)
FN:86,(anonymous_3)
FN:111,(anonymous_4)
FN:129,(anonymous_5)
FN:151,(anonymous_6)
FN:163,(anonymous_7)
FN:176,(anonymous_8)
FN:187,(anonymous_9)
FNF:10
FNH:9
FNDA:4,(anonymous_0)
FNDA:7,(anonymous_1)
FNDA:3,(anonymous_2)
FNDA:3,(anonymous_3)
FNDA:2,(anonymous_4)
FNDA:0,(anonymous_5)
FNDA:3,(anonymous_6)
FNDA:2,(anonymous_7)
FNDA:2,(anonymous_8)
FNDA:2,(anonymous_9)
DA:5,1
DA:6,1
DA:7,1
DA:14,4
DA:15,4
DA:17,4
DA:19,4
DA:20,4
DA:22,4
DA:23,1
DA:29,4
DA:31,4
DA:39,4
DA:56,7
DA:61,7
DA:62,1
DA:65,6
DA:72,3
DA:76,3
DA:77,1
DA:80,2
DA:88,3
DA:89,3
DA:90,0
DA:94,3
DA:96,3
DA:105,3
DA:112,2
DA:113,2
DA:114,1
DA:117,1
DA:118,1
DA:119,1
DA:121,1
DA:123,1
DA:130,0
DA:131,0
DA:132,0
DA:136,0
DA:137,0
DA:138,0
DA:142,0
DA:143,0
DA:145,0
DA:152,3
DA:153,3
DA:154,1
DA:157,2
DA:164,2
DA:165,2
DA:166,1
DA:169,1
DA:170,1
DA:177,2
DA:178,2
DA:179,1
DA:180,1
DA:188,2
DA:194,1
LF:59
LH:49
BRDA:13,0,0,0
BRDA:13,1,0,0
BRDA:13,2,0,4
BRDA:13,3,0,4
BRDA:19,4,0,1
BRDA:19,4,1,3
BRDA:20,5,0,0
BRDA:20,5,1,4
BRDA:22,6,0,1
BRDA:22,6,1,3
BRDA:29,7,0,4
BRDA:29,7,1,0
BRDA:29,8,0,0
BRDA:29,8,1,4
BRDA:61,9,0,1
BRDA:61,9,1,6
BRDA:76,10,0,1
BRDA:76,10,1,2
BRDA:86,11,0,2
BRDA:86,12,0,3
BRDA:89,13,0,0
BRDA:89,13,1,3
BRDA:113,14,0,1
BRDA:113,14,1,1
BRDA:117,15,0,0
BRDA:117,15,1,1
BRDA:118,16,0,1
BRDA:118,16,1,0
BRDA:119,17,0,1
BRDA:119,17,1,0
BRDA:131,18,0,0
BRDA:131,18,1,0
BRDA:137,19,0,0
BRDA:137,19,1,0
BRDA:153,20,0,1
BRDA:153,20,1,2
BRDA:165,21,0,1
BRDA:165,21,1,1
BRDA:178,22,0,1
BRDA:178,22,1,1
BRF:40
BRH:27
end_of_record
TN:
SF:src/utils/pagination.js
FN:3,paginate
FN:25,filter
FN:26,(anonymous_2)
FN:44,search
FN:48,(anonymous_4)
FN:49,(anonymous_5)
FN:57,sort
FN:60,(anonymous_7)
FN:81,applyFilters
FNF:9
FNH:9
FNDA:7,paginate
FNDA:6,filter
FNDA:30,(anonymous_2)
FNDA:5,search
FNDA:17,(anonymous_4)
FNDA:22,(anonymous_5)
FNDA:5,sort
FNDA:13,(anonymous_7)
FNDA:3,applyFilters
DA:4,7
DA:5,7
DA:7,7
DA:8,7
DA:9,7
DA:10,7
DA:12,7
DA:26,6
DA:27,30
DA:28,27
DA:30,27
DA:32,27
DA:33,27
DA:34,17
DA:36,0
DA:37,0
DA:40,13
DA:45,5
DA:47,4
DA:48,4
DA:49,17
DA:50,22
DA:51,22
DA:52,22
DA:58,5
DA:60,4
DA:61,13
DA:62,13
DA:64,13
DA:65,13
DA:67,13
DA:68,9
DA:73,4
DA:74,4
DA:75,0
DA:78,4
DA:90,3
DA:92,3
DA:94,3
DA:95,3
DA:98,3
DA:99,1
DA:102,3
DA:103,1
DA:106,3
DA:109,1
LF:46
LH:43
BRDA:3,0,0,0
BRDA:3,1,0,0
BRDA:4,2,0,7
BRDA:4,2,1,1
BRDA:5,3,0,7
BRDA:5,3,1,0
BRDA:25,4,0,0
BRDA:28,5,0,0
BRDA:28,5,1,27
BRDA:28,6,0,27
BRDA:28,6,1,27
BRDA:28,6,2,27
BRDA:32,7,0,27
BRDA:32,7,1,0
BRDA:33,8,0,17
BRDA:33,8,1,10
BRDA:36,9,0,0
BRDA:36,9,1,0
BRDA:44,10,0,0
BRDA:45,11,0,1
BRDA:45,11,1,4
BRDA:45,12,0,5
BRDA:45,12,1,4
BRDA:51,13,0,0
BRDA:51,13,1,22
BRDA:51,14,0,22
BRDA:51,14,1,22
BRDA:57,15,0,0
BRDA:58,16,0,1
BRDA:58,16,1,4
BRDA:64,17,0,0
BRDA:64,17,1,13
BRDA:64,18,0,13
BRDA:64,18,1,13
BRDA:65,19,0,0
BRDA:65,19,1,13
BRDA:65,20,0,13
BRDA:65,20,1,13
BRDA:67,21,0,9
BRDA:67,21,1,4
BRDA:68,22,0,5
BRDA:68,22,1,4
BRDA:73,23,0,0
BRDA:73,23,1,4
BRDA:73,24,0,0
BRDA:73,24,1,0
BRDA:74,25,0,4
BRDA:74,25,1,0
BRDA:74,26,0,4
BRDA:74,26,1,0
BRDA:81,27,0,0
BRDA:83,28,0,0
BRDA:84,29,0,2
BRDA:85,30,0,2
BRDA:86,31,0,2
BRDA:87,32,0,2
BRDA:88,33,0,0
BRDA:89,34,0,0
BRDA:94,35,0,3
BRDA:94,35,1,0
BRDA:98,36,0,1
BRDA:98,36,1,2
BRDA:98,37,0,3
BRDA:98,37,1,1
BRDA:102,38,0,1
BRDA:102,38,1,2
BRF:66
BRH:43
end_of_record
